[0.630s] Invoking command in '/home/ffons/ros2_companion_ws/build/actions_py': PYTHONPATH=/home/ffons/ros2_companion_ws/build/actions_py/prefix_override:/usr/lib/python3/dist-packages/colcon_core/task/python/colcon_distutils_commands:/home/ffons/ros2_companion_ws/install/actions_py/lib/python3.10/site-packages:${PYTHONPATH} /usr/bin/python3 -W ignore:setup.py install is deprecated -W ignore:easy_install command is deprecated setup.py develop --editable --build-directory /home/ffons/ros2_companion_ws/build/actions_py/build --no-deps symlink_data --force
[0.863s] running develop
[1.006s] running egg_info
[1.006s] writing actions_py.egg-info/PKG-INFO
[1.006s] writing dependency_links to actions_py.egg-info/dependency_links.txt
[1.006s] writing entry points to actions_py.egg-info/entry_points.txt
[1.006s] writing requirements to actions_py.egg-info/requires.txt
[1.007s] writing top-level names to actions_py.egg-info/top_level.txt
[1.008s] reading manifest file 'actions_py.egg-info/SOURCES.txt'
[1.009s] writing manifest file 'actions_py.egg-info/SOURCES.txt'
[1.011s] running build_ext
[1.011s] Creating /home/ffons/ros2_companion_ws/install/actions_py/lib/python3.10/site-packages/actions-py.egg-link (link to .)
[1.011s] Installing count_until_client script to /home/ffons/ros2_companion_ws/install/actions_py/lib/actions_py
[1.012s] Installing count_until_server script to /home/ffons/ros2_companion_ws/install/actions_py/lib/actions_py
[1.012s] 
[1.012s] Installed /home/ffons/ros2_companion_ws/build/actions_py
[1.012s] running symlink_data
[1.012s] symbolically linking /home/ffons/ros2_companion_ws/build/actions_py/resource/actions_py -> /home/ffons/ros2_companion_ws/install/actions_py/share/ament_index/resource_index/packages
[1.013s] symbolically linking /home/ffons/ros2_companion_ws/build/actions_py/package.xml -> /home/ffons/ros2_companion_ws/install/actions_py/share/actions_py
[1.042s] Invoked command in '/home/ffons/ros2_companion_ws/build/actions_py' returned '0': PYTHONPATH=/home/ffons/ros2_companion_ws/build/actions_py/prefix_override:/usr/lib/python3/dist-packages/colcon_core/task/python/colcon_distutils_commands:/home/ffons/ros2_companion_ws/install/actions_py/lib/python3.10/site-packages:${PYTHONPATH} /usr/bin/python3 -W ignore:setup.py install is deprecated -W ignore:easy_install command is deprecated setup.py develop --editable --build-directory /home/ffons/ros2_companion_ws/build/actions_py/build --no-deps symlink_data --force
