[0.827s] Invoking command in '/home/ffons/ros2_companion_ws/build/my_robot_interfaces': CMAKE_PREFIX_PATH=${CMAKE_PREFIX_PATH}:/home/ffons/ros2_companion_ws/install/actions_py:/home/ffons/ros2_companion_ws/install/py_package_example:/home/ffons/ros2_companion_ws/install/my_robot_description:/home/ffons/ros2_companion_ws/install/first_package_x:/opt/ros/humble /usr/bin/cmake --build /home/ffons/ros2_companion_ws/build/my_robot_interfaces -- -j8 -l8
[0.906s] [35m[1mConsolidate compiler generated dependencies of target my_robot_interfaces__rosidl_generator_c[0m
[0.913s] [  2%] Built target my_robot_interfaces__cpp
[0.935s] [  2%] Built target ament_cmake_python_copy_my_robot_interfaces
[0.938s] [35m[1mConsolidate compiler generated dependencies of target my_robot_interfaces__rosidl_typesupport_introspection_cpp[0m
[0.938s] [35m[1mConsolidate compiler generated dependencies of target my_robot_interfaces__rosidl_typesupport_cpp[0m
[0.938s] [35m[1mConsolidate compiler generated dependencies of target my_robot_interfaces__rosidl_typesupport_fastrtps_cpp[0m
[0.939s] [ 12%] Built target my_robot_interfaces__rosidl_generator_c
[0.966s] [35m[1mConsolidate compiler generated dependencies of target my_robot_interfaces__rosidl_typesupport_introspection_c[0m
[0.968s] [35m[1mConsolidate compiler generated dependencies of target my_robot_interfaces__rosidl_typesupport_c[0m
[0.975s] [35m[1mConsolidate compiler generated dependencies of target my_robot_interfaces__rosidl_typesupport_fastrtps_c[0m
[0.985s] [ 23%] Built target my_robot_interfaces__rosidl_typesupport_introspection_cpp
[0.985s] [ 34%] Built target my_robot_interfaces__rosidl_typesupport_cpp
[1.029s] [ 44%] Built target my_robot_interfaces__rosidl_typesupport_fastrtps_cpp
[1.042s] [ 55%] Built target my_robot_interfaces__rosidl_typesupport_c
[1.042s] [ 65%] Built target my_robot_interfaces__rosidl_typesupport_introspection_c
[1.060s] [ 76%] Built target my_robot_interfaces__rosidl_typesupport_fastrtps_c
[1.093s] [ 76%] Built target my_robot_interfaces
[1.133s] [ 78%] Built target my_robot_interfaces__py
[1.158s] [35m[1mConsolidate compiler generated dependencies of target my_robot_interfaces__rosidl_generator_py[0m
[1.192s] [ 87%] Built target my_robot_interfaces__rosidl_generator_py
[1.220s] [35m[1mConsolidate compiler generated dependencies of target my_robot_interfaces__rosidl_typesupport_fastrtps_c__pyext[0m
[1.221s] [35m[1mConsolidate compiler generated dependencies of target my_robot_interfaces__rosidl_typesupport_introspection_c__pyext[0m
[1.223s] [35m[1mConsolidate compiler generated dependencies of target my_robot_interfaces__rosidl_typesupport_c__pyext[0m
[1.239s] [ 91%] Built target my_robot_interfaces__rosidl_typesupport_c__pyext
[1.240s] [ 95%] Built target my_robot_interfaces__rosidl_typesupport_fastrtps_c__pyext
[1.241s] [100%] Built target my_robot_interfaces__rosidl_typesupport_introspection_c__pyext
[1.485s] running egg_info
[1.488s] writing my_robot_interfaces.egg-info/PKG-INFO
[1.489s] writing dependency_links to my_robot_interfaces.egg-info/dependency_links.txt
[1.493s] writing top-level names to my_robot_interfaces.egg-info/top_level.txt
[1.495s] reading manifest file 'my_robot_interfaces.egg-info/SOURCES.txt'
[1.503s] writing manifest file 'my_robot_interfaces.egg-info/SOURCES.txt'
[1.568s] [100%] Built target ament_cmake_python_build_my_robot_interfaces_egg
[1.602s] Invoked command in '/home/ffons/ros2_companion_ws/build/my_robot_interfaces' returned '0': CMAKE_PREFIX_PATH=${CMAKE_PREFIX_PATH}:/home/ffons/ros2_companion_ws/install/actions_py:/home/ffons/ros2_companion_ws/install/py_package_example:/home/ffons/ros2_companion_ws/install/my_robot_description:/home/ffons/ros2_companion_ws/install/first_package_x:/opt/ros/humble /usr/bin/cmake --build /home/ffons/ros2_companion_ws/build/my_robot_interfaces -- -j8 -l8
[1.605s] Invoking command in '/home/ffons/ros2_companion_ws/build/my_robot_interfaces': CMAKE_PREFIX_PATH=${CMAKE_PREFIX_PATH}:/home/ffons/ros2_companion_ws/install/actions_py:/home/ffons/ros2_companion_ws/install/py_package_example:/home/ffons/ros2_companion_ws/install/my_robot_description:/home/ffons/ros2_companion_ws/install/first_package_x:/opt/ros/humble /usr/bin/cmake --install /home/ffons/ros2_companion_ws/build/my_robot_interfaces
[1.637s] -- Install configuration: ""
[1.637s] -- Up-to-date: /home/ffons/ros2_companion_ws/install/my_robot_interfaces/share/ament_index/resource_index/rosidl_interfaces/my_robot_interfaces
[1.638s] -- Up-to-date: /home/ffons/ros2_companion_ws/install/my_robot_interfaces/include/my_robot_interfaces/my_robot_interfaces
[1.638s] -- Up-to-date: /home/ffons/ros2_companion_ws/install/my_robot_interfaces/include/my_robot_interfaces/my_robot_interfaces/action
[1.638s] -- Up-to-date: /home/ffons/ros2_companion_ws/install/my_robot_interfaces/include/my_robot_interfaces/my_robot_interfaces/action/count_until.h
[1.638s] -- Up-to-date: /home/ffons/ros2_companion_ws/install/my_robot_interfaces/include/my_robot_interfaces/my_robot_interfaces/action/detail
[1.638s] -- Up-to-date: /home/ffons/ros2_companion_ws/install/my_robot_interfaces/include/my_robot_interfaces/my_robot_interfaces/action/detail/count_until__type_support.h
[1.638s] -- Up-to-date: /home/ffons/ros2_companion_ws/install/my_robot_interfaces/include/my_robot_interfaces/my_robot_interfaces/action/detail/count_until__functions.c
[1.639s] -- Up-to-date: /home/ffons/ros2_companion_ws/install/my_robot_interfaces/include/my_robot_interfaces/my_robot_interfaces/action/detail/count_until__struct.h
[1.639s] -- Up-to-date: /home/ffons/ros2_companion_ws/install/my_robot_interfaces/include/my_robot_interfaces/my_robot_interfaces/action/detail/count_until__functions.h
[1.639s] -- Up-to-date: /home/ffons/ros2_companion_ws/install/my_robot_interfaces/include/my_robot_interfaces/my_robot_interfaces/msg
[1.639s] -- Up-to-date: /home/ffons/ros2_companion_ws/install/my_robot_interfaces/include/my_robot_interfaces/my_robot_interfaces/msg/rosidl_generator_c__visibility_control.h
[1.639s] -- Up-to-date: /home/ffons/ros2_companion_ws/install/my_robot_interfaces/include/my_robot_interfaces/my_robot_interfaces/msg/target_coordinates.h
[1.639s] -- Up-to-date: /home/ffons/ros2_companion_ws/install/my_robot_interfaces/include/my_robot_interfaces/my_robot_interfaces/msg/detail
[1.640s] -- Up-to-date: /home/ffons/ros2_companion_ws/install/my_robot_interfaces/include/my_robot_interfaces/my_robot_interfaces/msg/detail/target_coordinates__functions.h
[1.640s] -- Up-to-date: /home/ffons/ros2_companion_ws/install/my_robot_interfaces/include/my_robot_interfaces/my_robot_interfaces/msg/detail/target_coordinates__struct.h
[1.640s] -- Up-to-date: /home/ffons/ros2_companion_ws/install/my_robot_interfaces/include/my_robot_interfaces/my_robot_interfaces/msg/detail/target_coordinates__type_support.h
[1.640s] -- Up-to-date: /home/ffons/ros2_companion_ws/install/my_robot_interfaces/include/my_robot_interfaces/my_robot_interfaces/msg/detail/target_coordinates__functions.c
[1.640s] -- Up-to-date: /home/ffons/ros2_companion_ws/install/my_robot_interfaces/include/my_robot_interfaces/my_robot_interfaces/srv
[1.640s] -- Up-to-date: /home/ffons/ros2_companion_ws/install/my_robot_interfaces/include/my_robot_interfaces/my_robot_interfaces/srv/set_led.h
[1.640s] -- Up-to-date: /home/ffons/ros2_companion_ws/install/my_robot_interfaces/include/my_robot_interfaces/my_robot_interfaces/srv/detail
[1.640s] -- Up-to-date: /home/ffons/ros2_companion_ws/install/my_robot_interfaces/include/my_robot_interfaces/my_robot_interfaces/srv/detail/set_led__functions.c
[1.641s] -- Up-to-date: /home/ffons/ros2_companion_ws/install/my_robot_interfaces/include/my_robot_interfaces/my_robot_interfaces/srv/detail/set_led__functions.h
[1.641s] -- Up-to-date: /home/ffons/ros2_companion_ws/install/my_robot_interfaces/include/my_robot_interfaces/my_robot_interfaces/srv/detail/set_led__type_support.h
[1.641s] -- Up-to-date: /home/ffons/ros2_companion_ws/install/my_robot_interfaces/include/my_robot_interfaces/my_robot_interfaces/srv/detail/set_led__struct.h
[1.641s] -- Up-to-date: /home/ffons/ros2_companion_ws/install/my_robot_interfaces/share/my_robot_interfaces/environment/library_path.sh
[1.642s] -- Up-to-date: /home/ffons/ros2_companion_ws/install/my_robot_interfaces/share/my_robot_interfaces/environment/library_path.dsv
[1.647s] -- Up-to-date: /home/ffons/ros2_companion_ws/install/my_robot_interfaces/lib/libmy_robot_interfaces__rosidl_generator_c.so
[1.648s] -- Up-to-date: /home/ffons/ros2_companion_ws/install/my_robot_interfaces/include/my_robot_interfaces/my_robot_interfaces
[1.648s] -- Up-to-date: /home/ffons/ros2_companion_ws/install/my_robot_interfaces/include/my_robot_interfaces/my_robot_interfaces/action
[1.649s] -- Up-to-date: /home/ffons/ros2_companion_ws/install/my_robot_interfaces/include/my_robot_interfaces/my_robot_interfaces/action/detail
[1.649s] -- Up-to-date: /home/ffons/ros2_companion_ws/install/my_robot_interfaces/include/my_robot_interfaces/my_robot_interfaces/action/detail/count_until__rosidl_typesupport_fastrtps_c.h
[1.649s] -- Up-to-date: /home/ffons/ros2_companion_ws/install/my_robot_interfaces/include/my_robot_interfaces/my_robot_interfaces/msg
[1.650s] -- Up-to-date: /home/ffons/ros2_companion_ws/install/my_robot_interfaces/include/my_robot_interfaces/my_robot_interfaces/msg/rosidl_typesupport_fastrtps_c__visibility_control.h
[1.650s] -- Up-to-date: /home/ffons/ros2_companion_ws/install/my_robot_interfaces/include/my_robot_interfaces/my_robot_interfaces/msg/detail
[1.650s] -- Up-to-date: /home/ffons/ros2_companion_ws/install/my_robot_interfaces/include/my_robot_interfaces/my_robot_interfaces/msg/detail/target_coordinates__rosidl_typesupport_fastrtps_c.h
[1.651s] -- Up-to-date: /home/ffons/ros2_companion_ws/install/my_robot_interfaces/include/my_robot_interfaces/my_robot_interfaces/srv
[1.651s] -- Up-to-date: /home/ffons/ros2_companion_ws/install/my_robot_interfaces/include/my_robot_interfaces/my_robot_interfaces/srv/detail
[1.651s] -- Up-to-date: /home/ffons/ros2_companion_ws/install/my_robot_interfaces/include/my_robot_interfaces/my_robot_interfaces/srv/detail/set_led__rosidl_typesupport_fastrtps_c.h
[1.655s] -- Up-to-date: /home/ffons/ros2_companion_ws/install/my_robot_interfaces/lib/libmy_robot_interfaces__rosidl_typesupport_fastrtps_c.so
[1.655s] -- Up-to-date: /home/ffons/ros2_companion_ws/install/my_robot_interfaces/include/my_robot_interfaces/my_robot_interfaces
[1.656s] -- Up-to-date: /home/ffons/ros2_companion_ws/install/my_robot_interfaces/include/my_robot_interfaces/my_robot_interfaces/action
[1.656s] -- Up-to-date: /home/ffons/ros2_companion_ws/install/my_robot_interfaces/include/my_robot_interfaces/my_robot_interfaces/action/count_until.hpp
[1.656s] -- Up-to-date: /home/ffons/ros2_companion_ws/install/my_robot_interfaces/include/my_robot_interfaces/my_robot_interfaces/action/detail
[1.656s] -- Up-to-date: /home/ffons/ros2_companion_ws/install/my_robot_interfaces/include/my_robot_interfaces/my_robot_interfaces/action/detail/count_until__traits.hpp
[1.656s] -- Up-to-date: /home/ffons/ros2_companion_ws/install/my_robot_interfaces/include/my_robot_interfaces/my_robot_interfaces/action/detail/count_until__builder.hpp
[1.657s] -- Up-to-date: /home/ffons/ros2_companion_ws/install/my_robot_interfaces/include/my_robot_interfaces/my_robot_interfaces/action/detail/count_until__type_support.hpp
[1.657s] -- Up-to-date: /home/ffons/ros2_companion_ws/install/my_robot_interfaces/include/my_robot_interfaces/my_robot_interfaces/action/detail/count_until__struct.hpp
[1.657s] -- Up-to-date: /home/ffons/ros2_companion_ws/install/my_robot_interfaces/include/my_robot_interfaces/my_robot_interfaces/msg
[1.657s] -- Up-to-date: /home/ffons/ros2_companion_ws/install/my_robot_interfaces/include/my_robot_interfaces/my_robot_interfaces/msg/rosidl_generator_cpp__visibility_control.hpp
[1.657s] -- Up-to-date: /home/ffons/ros2_companion_ws/install/my_robot_interfaces/include/my_robot_interfaces/my_robot_interfaces/msg/target_coordinates.hpp
[1.657s] -- Up-to-date: /home/ffons/ros2_companion_ws/install/my_robot_interfaces/include/my_robot_interfaces/my_robot_interfaces/msg/detail
[1.657s] -- Up-to-date: /home/ffons/ros2_companion_ws/install/my_robot_interfaces/include/my_robot_interfaces/my_robot_interfaces/msg/detail/target_coordinates__builder.hpp
[1.658s] -- Up-to-date: /home/ffons/ros2_companion_ws/install/my_robot_interfaces/include/my_robot_interfaces/my_robot_interfaces/msg/detail/target_coordinates__type_support.hpp
[1.658s] -- Up-to-date: /home/ffons/ros2_companion_ws/install/my_robot_interfaces/include/my_robot_interfaces/my_robot_interfaces/msg/detail/target_coordinates__struct.hpp
[1.658s] -- Up-to-date: /home/ffons/ros2_companion_ws/install/my_robot_interfaces/include/my_robot_interfaces/my_robot_interfaces/msg/detail/target_coordinates__traits.hpp
[1.658s] -- Up-to-date: /home/ffons/ros2_companion_ws/install/my_robot_interfaces/include/my_robot_interfaces/my_robot_interfaces/srv
[1.658s] -- Up-to-date: /home/ffons/ros2_companion_ws/install/my_robot_interfaces/include/my_robot_interfaces/my_robot_interfaces/srv/set_led.hpp
[1.658s] -- Up-to-date: /home/ffons/ros2_companion_ws/install/my_robot_interfaces/include/my_robot_interfaces/my_robot_interfaces/srv/detail
[1.658s] -- Up-to-date: /home/ffons/ros2_companion_ws/install/my_robot_interfaces/include/my_robot_interfaces/my_robot_interfaces/srv/detail/set_led__builder.hpp
[1.659s] -- Up-to-date: /home/ffons/ros2_companion_ws/install/my_robot_interfaces/include/my_robot_interfaces/my_robot_interfaces/srv/detail/set_led__struct.hpp
[1.659s] -- Up-to-date: /home/ffons/ros2_companion_ws/install/my_robot_interfaces/include/my_robot_interfaces/my_robot_interfaces/srv/detail/set_led__type_support.hpp
[1.664s] -- Up-to-date: /home/ffons/ros2_companion_ws/install/my_robot_interfaces/include/my_robot_interfaces/my_robot_interfaces/srv/detail/set_led__traits.hpp
[1.664s] -- Up-to-date: /home/ffons/ros2_companion_ws/install/my_robot_interfaces/include/my_robot_interfaces/my_robot_interfaces
[1.664s] -- Up-to-date: /home/ffons/ros2_companion_ws/install/my_robot_interfaces/include/my_robot_interfaces/my_robot_interfaces/action
[1.664s] -- Up-to-date: /home/ffons/ros2_companion_ws/install/my_robot_interfaces/include/my_robot_interfaces/my_robot_interfaces/action/detail
[1.664s] -- Up-to-date: /home/ffons/ros2_companion_ws/install/my_robot_interfaces/include/my_robot_interfaces/my_robot_interfaces/action/detail/count_until__rosidl_typesupport_fastrtps_cpp.hpp
[1.664s] -- Up-to-date: /home/ffons/ros2_companion_ws/install/my_robot_interfaces/include/my_robot_interfaces/my_robot_interfaces/action/detail/dds_fastrtps
[1.665s] -- Up-to-date: /home/ffons/ros2_companion_ws/install/my_robot_interfaces/include/my_robot_interfaces/my_robot_interfaces/msg
[1.665s] -- Up-to-date: /home/ffons/ros2_companion_ws/install/my_robot_interfaces/include/my_robot_interfaces/my_robot_interfaces/msg/rosidl_typesupport_fastrtps_cpp__visibility_control.h
[1.665s] -- Up-to-date: /home/ffons/ros2_companion_ws/install/my_robot_interfaces/include/my_robot_interfaces/my_robot_interfaces/msg/detail
[1.665s] -- Up-to-date: /home/ffons/ros2_companion_ws/install/my_robot_interfaces/include/my_robot_interfaces/my_robot_interfaces/msg/detail/target_coordinates__rosidl_typesupport_fastrtps_cpp.hpp
[1.665s] -- Up-to-date: /home/ffons/ros2_companion_ws/install/my_robot_interfaces/include/my_robot_interfaces/my_robot_interfaces/msg/detail/dds_fastrtps
[1.665s] -- Up-to-date: /home/ffons/ros2_companion_ws/install/my_robot_interfaces/include/my_robot_interfaces/my_robot_interfaces/srv
[1.665s] -- Up-to-date: /home/ffons/ros2_companion_ws/install/my_robot_interfaces/include/my_robot_interfaces/my_robot_interfaces/srv/detail
[1.667s] -- Up-to-date: /home/ffons/ros2_companion_ws/install/my_robot_interfaces/include/my_robot_interfaces/my_robot_interfaces/srv/detail/set_led__rosidl_typesupport_fastrtps_cpp.hpp
[1.668s] -- Up-to-date: /home/ffons/ros2_companion_ws/install/my_robot_interfaces/include/my_robot_interfaces/my_robot_interfaces/srv/detail/dds_fastrtps
[1.668s] -- Up-to-date: /home/ffons/ros2_companion_ws/install/my_robot_interfaces/lib/libmy_robot_interfaces__rosidl_typesupport_fastrtps_cpp.so
[1.668s] -- Up-to-date: /home/ffons/ros2_companion_ws/install/my_robot_interfaces/include/my_robot_interfaces/my_robot_interfaces
[1.668s] -- Up-to-date: /home/ffons/ros2_companion_ws/install/my_robot_interfaces/include/my_robot_interfaces/my_robot_interfaces/action
[1.669s] -- Up-to-date: /home/ffons/ros2_companion_ws/install/my_robot_interfaces/include/my_robot_interfaces/my_robot_interfaces/action/detail
[1.669s] -- Up-to-date: /home/ffons/ros2_companion_ws/install/my_robot_interfaces/include/my_robot_interfaces/my_robot_interfaces/action/detail/count_until__type_support.c
[1.669s] -- Up-to-date: /home/ffons/ros2_companion_ws/install/my_robot_interfaces/include/my_robot_interfaces/my_robot_interfaces/action/detail/count_until__rosidl_typesupport_introspection_c.h
[1.669s] -- Up-to-date: /home/ffons/ros2_companion_ws/install/my_robot_interfaces/include/my_robot_interfaces/my_robot_interfaces/msg
[1.670s] -- Up-to-date: /home/ffons/ros2_companion_ws/install/my_robot_interfaces/include/my_robot_interfaces/my_robot_interfaces/msg/rosidl_typesupport_introspection_c__visibility_control.h
[1.670s] -- Up-to-date: /home/ffons/ros2_companion_ws/install/my_robot_interfaces/include/my_robot_interfaces/my_robot_interfaces/msg/detail
[1.670s] -- Up-to-date: /home/ffons/ros2_companion_ws/install/my_robot_interfaces/include/my_robot_interfaces/my_robot_interfaces/msg/detail/target_coordinates__rosidl_typesupport_introspection_c.h
[1.670s] -- Up-to-date: /home/ffons/ros2_companion_ws/install/my_robot_interfaces/include/my_robot_interfaces/my_robot_interfaces/msg/detail/target_coordinates__type_support.c
[1.670s] -- Up-to-date: /home/ffons/ros2_companion_ws/install/my_robot_interfaces/include/my_robot_interfaces/my_robot_interfaces/srv
[1.671s] -- Up-to-date: /home/ffons/ros2_companion_ws/install/my_robot_interfaces/include/my_robot_interfaces/my_robot_interfaces/srv/detail
[1.671s] -- Up-to-date: /home/ffons/ros2_companion_ws/install/my_robot_interfaces/include/my_robot_interfaces/my_robot_interfaces/srv/detail/set_led__rosidl_typesupport_introspection_c.h
[1.671s] -- Up-to-date: /home/ffons/ros2_companion_ws/install/my_robot_interfaces/include/my_robot_interfaces/my_robot_interfaces/srv/detail/set_led__type_support.c
[1.671s] -- Up-to-date: /home/ffons/ros2_companion_ws/install/my_robot_interfaces/lib/libmy_robot_interfaces__rosidl_typesupport_introspection_c.so
[1.673s] -- Up-to-date: /home/ffons/ros2_companion_ws/install/my_robot_interfaces/lib/libmy_robot_interfaces__rosidl_typesupport_c.so
[1.674s] -- Up-to-date: /home/ffons/ros2_companion_ws/install/my_robot_interfaces/include/my_robot_interfaces/my_robot_interfaces
[1.674s] -- Up-to-date: /home/ffons/ros2_companion_ws/install/my_robot_interfaces/include/my_robot_interfaces/my_robot_interfaces/action
[1.675s] -- Up-to-date: /home/ffons/ros2_companion_ws/install/my_robot_interfaces/include/my_robot_interfaces/my_robot_interfaces/action/detail
[1.675s] -- Up-to-date: /home/ffons/ros2_companion_ws/install/my_robot_interfaces/include/my_robot_interfaces/my_robot_interfaces/action/detail/count_until__type_support.cpp
[1.675s] -- Up-to-date: /home/ffons/ros2_companion_ws/install/my_robot_interfaces/include/my_robot_interfaces/my_robot_interfaces/action/detail/count_until__rosidl_typesupport_introspection_cpp.hpp
[1.675s] -- Up-to-date: /home/ffons/ros2_companion_ws/install/my_robot_interfaces/include/my_robot_interfaces/my_robot_interfaces/msg
[1.676s] -- Up-to-date: /home/ffons/ros2_companion_ws/install/my_robot_interfaces/include/my_robot_interfaces/my_robot_interfaces/msg/detail
[1.676s] -- Up-to-date: /home/ffons/ros2_companion_ws/install/my_robot_interfaces/include/my_robot_interfaces/my_robot_interfaces/msg/detail/target_coordinates__rosidl_typesupport_introspection_cpp.hpp
[1.677s] -- Up-to-date: /home/ffons/ros2_companion_ws/install/my_robot_interfaces/include/my_robot_interfaces/my_robot_interfaces/msg/detail/target_coordinates__type_support.cpp
[1.678s] -- Up-to-date: /home/ffons/ros2_companion_ws/install/my_robot_interfaces/include/my_robot_interfaces/my_robot_interfaces/srv
[1.678s] -- Up-to-date: /home/ffons/ros2_companion_ws/install/my_robot_interfaces/include/my_robot_interfaces/my_robot_interfaces/srv/detail
[1.678s] -- Up-to-date: /home/ffons/ros2_companion_ws/install/my_robot_interfaces/include/my_robot_interfaces/my_robot_interfaces/srv/detail/set_led__type_support.cpp
[1.678s] -- Up-to-date: /home/ffons/ros2_companion_ws/install/my_robot_interfaces/include/my_robot_interfaces/my_robot_interfaces/srv/detail/set_led__rosidl_typesupport_introspection_cpp.hpp
[1.685s] -- Up-to-date: /home/ffons/ros2_companion_ws/install/my_robot_interfaces/lib/libmy_robot_interfaces__rosidl_typesupport_introspection_cpp.so
[1.687s] -- Up-to-date: /home/ffons/ros2_companion_ws/install/my_robot_interfaces/lib/libmy_robot_interfaces__rosidl_typesupport_cpp.so
[1.692s] -- Up-to-date: /home/ffons/ros2_companion_ws/install/my_robot_interfaces/share/my_robot_interfaces/environment/pythonpath.sh
[1.692s] -- Up-to-date: /home/ffons/ros2_companion_ws/install/my_robot_interfaces/share/my_robot_interfaces/environment/pythonpath.dsv
[1.692s] -- Up-to-date: /home/ffons/ros2_companion_ws/install/my_robot_interfaces/local/lib/python3.10/dist-packages/my_robot_interfaces-0.0.0-py3.10.egg-info
[1.692s] -- Installing: /home/ffons/ros2_companion_ws/install/my_robot_interfaces/local/lib/python3.10/dist-packages/my_robot_interfaces-0.0.0-py3.10.egg-info/PKG-INFO
[1.692s] -- Installing: /home/ffons/ros2_companion_ws/install/my_robot_interfaces/local/lib/python3.10/dist-packages/my_robot_interfaces-0.0.0-py3.10.egg-info/top_level.txt
[1.692s] -- Installing: /home/ffons/ros2_companion_ws/install/my_robot_interfaces/local/lib/python3.10/dist-packages/my_robot_interfaces-0.0.0-py3.10.egg-info/dependency_links.txt
[1.692s] -- Installing: /home/ffons/ros2_companion_ws/install/my_robot_interfaces/local/lib/python3.10/dist-packages/my_robot_interfaces-0.0.0-py3.10.egg-info/SOURCES.txt
[1.693s] -- Up-to-date: /home/ffons/ros2_companion_ws/install/my_robot_interfaces/local/lib/python3.10/dist-packages/my_robot_interfaces
[1.693s] -- Up-to-date: /home/ffons/ros2_companion_ws/install/my_robot_interfaces/local/lib/python3.10/dist-packages/my_robot_interfaces/my_robot_interfaces_s__rosidl_typesupport_c.cpython-310-x86_64-linux-gnu.so
[1.693s] -- Up-to-date: /home/ffons/ros2_companion_ws/install/my_robot_interfaces/local/lib/python3.10/dist-packages/my_robot_interfaces/my_robot_interfaces_s__rosidl_typesupport_fastrtps_c.cpython-310-x86_64-linux-gnu.so
[1.693s] -- Up-to-date: /home/ffons/ros2_companion_ws/install/my_robot_interfaces/local/lib/python3.10/dist-packages/my_robot_interfaces/_my_robot_interfaces_s.ep.rosidl_typesupport_introspection_c.c
[1.693s] -- Up-to-date: /home/ffons/ros2_companion_ws/install/my_robot_interfaces/local/lib/python3.10/dist-packages/my_robot_interfaces/action
[1.693s] -- Up-to-date: /home/ffons/ros2_companion_ws/install/my_robot_interfaces/local/lib/python3.10/dist-packages/my_robot_interfaces/action/_count_until_s.c
[1.693s] -- Up-to-date: /home/ffons/ros2_companion_ws/install/my_robot_interfaces/local/lib/python3.10/dist-packages/my_robot_interfaces/action/_count_until.py
[1.693s] -- Up-to-date: /home/ffons/ros2_companion_ws/install/my_robot_interfaces/local/lib/python3.10/dist-packages/my_robot_interfaces/action/__init__.py
[1.694s] -- Up-to-date: /home/ffons/ros2_companion_ws/install/my_robot_interfaces/local/lib/python3.10/dist-packages/my_robot_interfaces/my_robot_interfaces_s__rosidl_typesupport_introspection_c.cpython-310-x86_64-linux-gnu.so
[1.694s] -- Up-to-date: /home/ffons/ros2_companion_ws/install/my_robot_interfaces/local/lib/python3.10/dist-packages/my_robot_interfaces/msg
[1.694s] -- Up-to-date: /home/ffons/ros2_companion_ws/install/my_robot_interfaces/local/lib/python3.10/dist-packages/my_robot_interfaces/msg/_target_coordinates_s.c
[1.694s] -- Up-to-date: /home/ffons/ros2_companion_ws/install/my_robot_interfaces/local/lib/python3.10/dist-packages/my_robot_interfaces/msg/__init__.py
[1.694s] -- Up-to-date: /home/ffons/ros2_companion_ws/install/my_robot_interfaces/local/lib/python3.10/dist-packages/my_robot_interfaces/msg/_target_coordinates.py
[1.694s] -- Up-to-date: /home/ffons/ros2_companion_ws/install/my_robot_interfaces/local/lib/python3.10/dist-packages/my_robot_interfaces/_my_robot_interfaces_s.ep.rosidl_typesupport_fastrtps_c.c
[1.695s] -- Up-to-date: /home/ffons/ros2_companion_ws/install/my_robot_interfaces/local/lib/python3.10/dist-packages/my_robot_interfaces/_my_robot_interfaces_s.ep.rosidl_typesupport_c.c
[1.695s] -- Up-to-date: /home/ffons/ros2_companion_ws/install/my_robot_interfaces/local/lib/python3.10/dist-packages/my_robot_interfaces/srv
[1.695s] -- Up-to-date: /home/ffons/ros2_companion_ws/install/my_robot_interfaces/local/lib/python3.10/dist-packages/my_robot_interfaces/srv/_set_led.py
[1.695s] -- Up-to-date: /home/ffons/ros2_companion_ws/install/my_robot_interfaces/local/lib/python3.10/dist-packages/my_robot_interfaces/srv/_set_led_s.c
[1.695s] -- Up-to-date: /home/ffons/ros2_companion_ws/install/my_robot_interfaces/local/lib/python3.10/dist-packages/my_robot_interfaces/srv/__init__.py
[1.696s] -- Up-to-date: /home/ffons/ros2_companion_ws/install/my_robot_interfaces/local/lib/python3.10/dist-packages/my_robot_interfaces/libmy_robot_interfaces__rosidl_generator_py.so
[1.696s] -- Up-to-date: /home/ffons/ros2_companion_ws/install/my_robot_interfaces/local/lib/python3.10/dist-packages/my_robot_interfaces/__init__.py
[1.782s] Listing '/home/ffons/ros2_companion_ws/install/my_robot_interfaces/local/lib/python3.10/dist-packages/my_robot_interfaces'...
[1.782s] Listing '/home/ffons/ros2_companion_ws/install/my_robot_interfaces/local/lib/python3.10/dist-packages/my_robot_interfaces/action'...
[1.782s] Listing '/home/ffons/ros2_companion_ws/install/my_robot_interfaces/local/lib/python3.10/dist-packages/my_robot_interfaces/msg'...
[1.782s] Listing '/home/ffons/ros2_companion_ws/install/my_robot_interfaces/local/lib/python3.10/dist-packages/my_robot_interfaces/srv'...
[1.804s] -- Up-to-date: /home/ffons/ros2_companion_ws/install/my_robot_interfaces/local/lib/python3.10/dist-packages/my_robot_interfaces/my_robot_interfaces_s__rosidl_typesupport_fastrtps_c.cpython-310-x86_64-linux-gnu.so
[1.806s] -- Up-to-date: /home/ffons/ros2_companion_ws/install/my_robot_interfaces/local/lib/python3.10/dist-packages/my_robot_interfaces/my_robot_interfaces_s__rosidl_typesupport_introspection_c.cpython-310-x86_64-linux-gnu.so
[1.807s] -- Up-to-date: /home/ffons/ros2_companion_ws/install/my_robot_interfaces/local/lib/python3.10/dist-packages/my_robot_interfaces/my_robot_interfaces_s__rosidl_typesupport_c.cpython-310-x86_64-linux-gnu.so
[1.812s] -- Up-to-date: /home/ffons/ros2_companion_ws/install/my_robot_interfaces/lib/libmy_robot_interfaces__rosidl_generator_py.so
[1.812s] -- Up-to-date: /home/ffons/ros2_companion_ws/install/my_robot_interfaces/share/my_robot_interfaces/msg/TargetCoordinates.idl
[1.816s] -- Up-to-date: /home/ffons/ros2_companion_ws/install/my_robot_interfaces/share/my_robot_interfaces/srv/SetLed.idl
[1.816s] -- Up-to-date: /home/ffons/ros2_companion_ws/install/my_robot_interfaces/share/my_robot_interfaces/action/CountUntil.idl
[1.816s] -- Up-to-date: /home/ffons/ros2_companion_ws/install/my_robot_interfaces/share/my_robot_interfaces/msg/TargetCoordinates.msg
[1.816s] -- Up-to-date: /home/ffons/ros2_companion_ws/install/my_robot_interfaces/share/my_robot_interfaces/srv/SetLed.srv
[1.816s] -- Up-to-date: /home/ffons/ros2_companion_ws/install/my_robot_interfaces/share/my_robot_interfaces/srv/SetLed_Request.msg
[1.816s] -- Up-to-date: /home/ffons/ros2_companion_ws/install/my_robot_interfaces/share/my_robot_interfaces/srv/SetLed_Response.msg
[1.816s] -- Up-to-date: /home/ffons/ros2_companion_ws/install/my_robot_interfaces/share/my_robot_interfaces/action/CountUntil.action
[1.816s] -- Up-to-date: /home/ffons/ros2_companion_ws/install/my_robot_interfaces/share/ament_index/resource_index/package_run_dependencies/my_robot_interfaces
[1.817s] -- Up-to-date: /home/ffons/ros2_companion_ws/install/my_robot_interfaces/share/ament_index/resource_index/parent_prefix_path/my_robot_interfaces
[1.817s] -- Up-to-date: /home/ffons/ros2_companion_ws/install/my_robot_interfaces/share/my_robot_interfaces/environment/ament_prefix_path.sh
[1.817s] -- Up-to-date: /home/ffons/ros2_companion_ws/install/my_robot_interfaces/share/my_robot_interfaces/environment/ament_prefix_path.dsv
[1.817s] -- Up-to-date: /home/ffons/ros2_companion_ws/install/my_robot_interfaces/share/my_robot_interfaces/environment/path.sh
[1.817s] -- Up-to-date: /home/ffons/ros2_companion_ws/install/my_robot_interfaces/share/my_robot_interfaces/environment/path.dsv
[1.817s] -- Up-to-date: /home/ffons/ros2_companion_ws/install/my_robot_interfaces/share/my_robot_interfaces/local_setup.bash
[1.817s] -- Up-to-date: /home/ffons/ros2_companion_ws/install/my_robot_interfaces/share/my_robot_interfaces/local_setup.sh
[1.817s] -- Up-to-date: /home/ffons/ros2_companion_ws/install/my_robot_interfaces/share/my_robot_interfaces/local_setup.zsh
[1.817s] -- Up-to-date: /home/ffons/ros2_companion_ws/install/my_robot_interfaces/share/my_robot_interfaces/local_setup.dsv
[1.817s] -- Installing: /home/ffons/ros2_companion_ws/install/my_robot_interfaces/share/my_robot_interfaces/package.dsv
[1.818s] -- Up-to-date: /home/ffons/ros2_companion_ws/install/my_robot_interfaces/share/ament_index/resource_index/packages/my_robot_interfaces
[1.818s] -- Up-to-date: /home/ffons/ros2_companion_ws/install/my_robot_interfaces/share/my_robot_interfaces/cmake/export_my_robot_interfaces__rosidl_generator_cExport.cmake
[1.818s] -- Up-to-date: /home/ffons/ros2_companion_ws/install/my_robot_interfaces/share/my_robot_interfaces/cmake/export_my_robot_interfaces__rosidl_generator_cExport-noconfig.cmake
[1.818s] -- Up-to-date: /home/ffons/ros2_companion_ws/install/my_robot_interfaces/share/my_robot_interfaces/cmake/export_my_robot_interfaces__rosidl_typesupport_fastrtps_cExport.cmake
[1.818s] -- Up-to-date: /home/ffons/ros2_companion_ws/install/my_robot_interfaces/share/my_robot_interfaces/cmake/export_my_robot_interfaces__rosidl_typesupport_fastrtps_cExport-noconfig.cmake
[1.819s] -- Up-to-date: /home/ffons/ros2_companion_ws/install/my_robot_interfaces/share/my_robot_interfaces/cmake/export_my_robot_interfaces__rosidl_generator_cppExport.cmake
[1.819s] -- Up-to-date: /home/ffons/ros2_companion_ws/install/my_robot_interfaces/share/my_robot_interfaces/cmake/export_my_robot_interfaces__rosidl_typesupport_fastrtps_cppExport.cmake
[1.819s] -- Up-to-date: /home/ffons/ros2_companion_ws/install/my_robot_interfaces/share/my_robot_interfaces/cmake/export_my_robot_interfaces__rosidl_typesupport_fastrtps_cppExport-noconfig.cmake
[1.820s] -- Up-to-date: /home/ffons/ros2_companion_ws/install/my_robot_interfaces/share/my_robot_interfaces/cmake/my_robot_interfaces__rosidl_typesupport_introspection_cExport.cmake
[1.820s] -- Up-to-date: /home/ffons/ros2_companion_ws/install/my_robot_interfaces/share/my_robot_interfaces/cmake/my_robot_interfaces__rosidl_typesupport_introspection_cExport-noconfig.cmake
[1.821s] -- Up-to-date: /home/ffons/ros2_companion_ws/install/my_robot_interfaces/share/my_robot_interfaces/cmake/my_robot_interfaces__rosidl_typesupport_cExport.cmake
[1.821s] -- Up-to-date: /home/ffons/ros2_companion_ws/install/my_robot_interfaces/share/my_robot_interfaces/cmake/my_robot_interfaces__rosidl_typesupport_cExport-noconfig.cmake
[1.823s] -- Up-to-date: /home/ffons/ros2_companion_ws/install/my_robot_interfaces/share/my_robot_interfaces/cmake/my_robot_interfaces__rosidl_typesupport_introspection_cppExport.cmake
[1.823s] -- Up-to-date: /home/ffons/ros2_companion_ws/install/my_robot_interfaces/share/my_robot_interfaces/cmake/my_robot_interfaces__rosidl_typesupport_introspection_cppExport-noconfig.cmake
[1.823s] -- Up-to-date: /home/ffons/ros2_companion_ws/install/my_robot_interfaces/share/my_robot_interfaces/cmake/my_robot_interfaces__rosidl_typesupport_cppExport.cmake
[1.823s] -- Up-to-date: /home/ffons/ros2_companion_ws/install/my_robot_interfaces/share/my_robot_interfaces/cmake/my_robot_interfaces__rosidl_typesupport_cppExport-noconfig.cmake
[1.824s] -- Up-to-date: /home/ffons/ros2_companion_ws/install/my_robot_interfaces/share/my_robot_interfaces/cmake/export_my_robot_interfaces__rosidl_generator_pyExport.cmake
[1.824s] -- Up-to-date: /home/ffons/ros2_companion_ws/install/my_robot_interfaces/share/my_robot_interfaces/cmake/export_my_robot_interfaces__rosidl_generator_pyExport-noconfig.cmake
[1.824s] -- Up-to-date: /home/ffons/ros2_companion_ws/install/my_robot_interfaces/share/my_robot_interfaces/cmake/rosidl_cmake-extras.cmake
[1.824s] -- Up-to-date: /home/ffons/ros2_companion_ws/install/my_robot_interfaces/share/my_robot_interfaces/cmake/ament_cmake_export_dependencies-extras.cmake
[1.824s] -- Up-to-date: /home/ffons/ros2_companion_ws/install/my_robot_interfaces/share/my_robot_interfaces/cmake/ament_cmake_export_include_directories-extras.cmake
[1.825s] -- Up-to-date: /home/ffons/ros2_companion_ws/install/my_robot_interfaces/share/my_robot_interfaces/cmake/ament_cmake_export_libraries-extras.cmake
[1.825s] -- Up-to-date: /home/ffons/ros2_companion_ws/install/my_robot_interfaces/share/my_robot_interfaces/cmake/ament_cmake_export_targets-extras.cmake
[1.825s] -- Up-to-date: /home/ffons/ros2_companion_ws/install/my_robot_interfaces/share/my_robot_interfaces/cmake/rosidl_cmake_export_typesupport_targets-extras.cmake
[1.825s] -- Up-to-date: /home/ffons/ros2_companion_ws/install/my_robot_interfaces/share/my_robot_interfaces/cmake/rosidl_cmake_export_typesupport_libraries-extras.cmake
[1.825s] -- Up-to-date: /home/ffons/ros2_companion_ws/install/my_robot_interfaces/share/my_robot_interfaces/cmake/my_robot_interfacesConfig.cmake
[1.825s] -- Up-to-date: /home/ffons/ros2_companion_ws/install/my_robot_interfaces/share/my_robot_interfaces/cmake/my_robot_interfacesConfig-version.cmake
[1.825s] -- Up-to-date: /home/ffons/ros2_companion_ws/install/my_robot_interfaces/share/my_robot_interfaces/package.xml
[1.833s] Invoked command in '/home/ffons/ros2_companion_ws/build/my_robot_interfaces' returned '0': CMAKE_PREFIX_PATH=${CMAKE_PREFIX_PATH}:/home/ffons/ros2_companion_ws/install/actions_py:/home/ffons/ros2_companion_ws/install/py_package_example:/home/ffons/ros2_companion_ws/install/my_robot_description:/home/ffons/ros2_companion_ws/install/first_package_x:/opt/ros/humble /usr/bin/cmake --install /home/ffons/ros2_companion_ws/build/my_robot_interfaces
