[1.644s] Invoking command in '/home/ffons/ros2_companion_ws/scr/my_robot_description': PYTHONPATH=/home/ffons/ros2_companion_ws/build/my_robot_description/prefix_override:/usr/lib/python3/dist-packages/colcon_core/task/python/colcon_distutils_commands:/home/ffons/ros2_companion_ws/install/my_robot_description/lib/python3.10/site-packages:${PYTHONPATH} /usr/bin/python3 -W ignore:setup.py install is deprecated -W ignore:easy_install command is deprecated setup.py egg_info --egg-base ../../build/my_robot_description build --build-base /home/ffons/ros2_companion_ws/build/my_robot_description/build install --record /home/ffons/ros2_companion_ws/build/my_robot_description/install.log --single-version-externally-managed install_data
[2.039s] running egg_info
[2.041s] writing ../../build/my_robot_description/my_robot_description.egg-info/PKG-INFO
[2.042s] writing dependency_links to ../../build/my_robot_description/my_robot_description.egg-info/dependency_links.txt
[2.042s] writing entry points to ../../build/my_robot_description/my_robot_description.egg-info/entry_points.txt
[2.042s] writing requirements to ../../build/my_robot_description/my_robot_description.egg-info/requires.txt
[2.043s] writing top-level names to ../../build/my_robot_description/my_robot_description.egg-info/top_level.txt
[2.046s] reading manifest file '../../build/my_robot_description/my_robot_description.egg-info/SOURCES.txt'
[2.049s] writing manifest file '../../build/my_robot_description/my_robot_description.egg-info/SOURCES.txt'
[2.049s] running build
[2.050s] running build_py
[2.050s] running install
[2.051s] running install_lib
[2.053s] running install_data
[2.053s] running install_egg_info
[2.057s] removing '/home/ffons/ros2_companion_ws/install/my_robot_description/lib/python3.10/site-packages/my_robot_description-0.0.0-py3.10.egg-info' (and everything under it)
[2.058s] Copying ../../build/my_robot_description/my_robot_description.egg-info to /home/ffons/ros2_companion_ws/install/my_robot_description/lib/python3.10/site-packages/my_robot_description-0.0.0-py3.10.egg-info
[2.060s] running install_scripts
[2.101s] writing list of installed files to '/home/ffons/ros2_companion_ws/build/my_robot_description/install.log'
[2.150s] Invoked command in '/home/ffons/ros2_companion_ws/scr/my_robot_description' returned '0': PYTHONPATH=/home/ffons/ros2_companion_ws/build/my_robot_description/prefix_override:/usr/lib/python3/dist-packages/colcon_core/task/python/colcon_distutils_commands:/home/ffons/ros2_companion_ws/install/my_robot_description/lib/python3.10/site-packages:${PYTHONPATH} /usr/bin/python3 -W ignore:setup.py install is deprecated -W ignore:easy_install command is deprecated setup.py egg_info --egg-base ../../build/my_robot_description build --build-base /home/ffons/ros2_companion_ws/build/my_robot_description/build install --record /home/ffons/ros2_companion_ws/build/my_robot_description/install.log --single-version-externally-managed install_data
