/home/ffons/ros2_companion_ws/install/first_package_x/lib/python3.10/site-packages/first_package_x/pose_suscriber.py
/home/ffons/ros2_companion_ws/install/first_package_x/lib/python3.10/site-packages/first_package_x/turtle_controller_node.py
/home/ffons/ros2_companion_ws/install/first_package_x/lib/python3.10/site-packages/first_package_x/first_talker_node.py
/home/ffons/ros2_companion_ws/install/first_package_x/lib/python3.10/site-packages/first_package_x/draw_circles_node.py
/home/ffons/ros2_companion_ws/install/first_package_x/lib/python3.10/site-packages/first_package_x/__init__.py
/home/ffons/ros2_companion_ws/install/first_package_x/lib/python3.10/site-packages/first_package_x/__pycache__/pose_suscriber.cpython-310.pyc
/home/ffons/ros2_companion_ws/install/first_package_x/lib/python3.10/site-packages/first_package_x/__pycache__/turtle_controller_node.cpython-310.pyc
/home/ffons/ros2_companion_ws/install/first_package_x/lib/python3.10/site-packages/first_package_x/__pycache__/first_talker_node.cpython-310.pyc
/home/ffons/ros2_companion_ws/install/first_package_x/lib/python3.10/site-packages/first_package_x/__pycache__/draw_circles_node.cpython-310.pyc
/home/ffons/ros2_companion_ws/install/first_package_x/lib/python3.10/site-packages/first_package_x/__pycache__/__init__.cpython-310.pyc
/home/ffons/ros2_companion_ws/install/first_package_x/share/ament_index/resource_index/packages/first_package_x
/home/ffons/ros2_companion_ws/install/first_package_x/share/first_package_x/package.xml
/home/ffons/ros2_companion_ws/install/first_package_x/lib/python3.10/site-packages/first_package_x-0.0.0-py3.10.egg-info/entry_points.txt
/home/ffons/ros2_companion_ws/install/first_package_x/lib/python3.10/site-packages/first_package_x-0.0.0-py3.10.egg-info/PKG-INFO
/home/ffons/ros2_companion_ws/install/first_package_x/lib/python3.10/site-packages/first_package_x-0.0.0-py3.10.egg-info/zip-safe
/home/ffons/ros2_companion_ws/install/first_package_x/lib/python3.10/site-packages/first_package_x-0.0.0-py3.10.egg-info/top_level.txt
/home/ffons/ros2_companion_ws/install/first_package_x/lib/python3.10/site-packages/first_package_x-0.0.0-py3.10.egg-info/dependency_links.txt
/home/ffons/ros2_companion_ws/install/first_package_x/lib/python3.10/site-packages/first_package_x-0.0.0-py3.10.egg-info/SOURCES.txt
/home/ffons/ros2_companion_ws/install/first_package_x/lib/python3.10/site-packages/first_package_x-0.0.0-py3.10.egg-info/requires.txt
/home/ffons/ros2_companion_ws/install/first_package_x/lib/first_package_x/draw_circle_turtle
/home/ffons/ros2_companion_ws/install/first_package_x/lib/first_package_x/pose_suscriber
/home/ffons/ros2_companion_ws/install/first_package_x/lib/first_package_x/test_node_1
/home/ffons/ros2_companion_ws/install/first_package_x/lib/first_package_x/turtle_controller
