[0.246s] DEBUG:colcon:Command line arguments: ['/usr/bin/colcon', 'build']
[0.246s] DEBUG:colcon:Parsed command line arguments: Namespace(log_base=None, log_level=None, verb_name='build', build_base='build', install_base='install', merge_install=False, symlink_install=False, test_result_base=None, continue_on_error=False, executor='parallel', parallel_workers=8, event_handlers=None, ignore_user_meta=False, metas=['./colcon.meta'], base_paths=['.'], packages_ignore=None, packages_ignore_regex=None, paths=None, packages_up_to=None, packages_up_to_regex=None, packages_above=None, packages_above_and_dependencies=None, packages_above_depth=None, packages_select_by_dep=None, packages_skip_by_dep=None, packages_skip_up_to=None, packages_select_build_failed=False, packages_skip_build_finished=False, packages_select_test_failures=False, packages_skip_test_passed=False, packages_select=None, packages_skip=None, packages_select_regex=None, packages_skip_regex=None, packages_start=None, packages_end=None, allow_overriding=[], cmake_args=None, cmake_target=None, cmake_target_skip_unavailable=False, cmake_clean_cache=False, cmake_clean_first=False, cmake_force_configure=False, ament_cmake_args=None, catkin_cmake_args=None, catkin_skip_building_tests=False, verb_parser=<colcon_defaults.argument_parser.defaults.DefaultArgumentsDecorator object at 0x7a3637217f40>, verb_extension=<colcon_core.verb.build.BuildVerb object at 0x7a36373c4d60>, main=<bound method BuildVerb.main of <colcon_core.verb.build.BuildVerb object at 0x7a36373c4d60>>)
[0.413s] Level 1:colcon.colcon_core.package_discovery:discover_packages(colcon_meta) check parameters
[0.413s] Level 1:colcon.colcon_core.package_discovery:discover_packages(recursive) check parameters
[0.414s] Level 1:colcon.colcon_core.package_discovery:discover_packages(ignore) check parameters
[0.414s] Level 1:colcon.colcon_core.package_discovery:discover_packages(path) check parameters
[0.414s] Level 1:colcon.colcon_core.package_discovery:discover_packages(colcon_meta) discover
[0.414s] Level 1:colcon.colcon_core.package_discovery:discover_packages(recursive) discover
[0.414s] INFO:colcon.colcon_core.package_discovery:Crawling recursively for packages in '/home/ffons/ros2_companion_ws'
[0.414s] Level 1:colcon.colcon_core.package_identification:_identify(.) by extensions ['ignore', 'ignore_ament_install']
[0.414s] Level 1:colcon.colcon_core.package_identification:_identify(.) by extension 'ignore'
[0.414s] Level 1:colcon.colcon_core.package_identification:_identify(.) by extension 'ignore_ament_install'
[0.414s] Level 1:colcon.colcon_core.package_identification:_identify(.) by extensions ['colcon_pkg']
[0.414s] Level 1:colcon.colcon_core.package_identification:_identify(.) by extension 'colcon_pkg'
[0.414s] Level 1:colcon.colcon_core.package_identification:_identify(.) by extensions ['colcon_meta']
[0.415s] Level 1:colcon.colcon_core.package_identification:_identify(.) by extension 'colcon_meta'
[0.415s] Level 1:colcon.colcon_core.package_identification:_identify(.) by extensions ['ros']
[0.415s] Level 1:colcon.colcon_core.package_identification:_identify(.) by extension 'ros'
[0.425s] Level 1:colcon.colcon_core.package_identification:_identify(.) by extensions ['cmake', 'python']
[0.425s] Level 1:colcon.colcon_core.package_identification:_identify(.) by extension 'cmake'
[0.425s] Level 1:colcon.colcon_core.package_identification:_identify(.) by extension 'python'
[0.425s] Level 1:colcon.colcon_core.package_identification:_identify(.) by extensions ['python_setup_py']
[0.425s] Level 1:colcon.colcon_core.package_identification:_identify(.) by extension 'python_setup_py'
[0.425s] Level 1:colcon.colcon_core.package_identification:_identify(build) by extensions ['ignore', 'ignore_ament_install']
[0.425s] Level 1:colcon.colcon_core.package_identification:_identify(build) by extension 'ignore'
[0.425s] Level 1:colcon.colcon_core.package_identification:_identify(build) ignored
[0.426s] Level 1:colcon.colcon_core.package_identification:_identify(install) by extensions ['ignore', 'ignore_ament_install']
[0.426s] Level 1:colcon.colcon_core.package_identification:_identify(install) by extension 'ignore'
[0.426s] Level 1:colcon.colcon_core.package_identification:_identify(install) ignored
[0.426s] Level 1:colcon.colcon_core.package_identification:_identify(log) by extensions ['ignore', 'ignore_ament_install']
[0.426s] Level 1:colcon.colcon_core.package_identification:_identify(log) by extension 'ignore'
[0.426s] Level 1:colcon.colcon_core.package_identification:_identify(log) ignored
[0.427s] Level 1:colcon.colcon_core.package_identification:_identify(scr) by extensions ['ignore', 'ignore_ament_install']
[0.427s] Level 1:colcon.colcon_core.package_identification:_identify(scr) by extension 'ignore'
[0.427s] Level 1:colcon.colcon_core.package_identification:_identify(scr) by extension 'ignore_ament_install'
[0.427s] Level 1:colcon.colcon_core.package_identification:_identify(scr) by extensions ['colcon_pkg']
[0.427s] Level 1:colcon.colcon_core.package_identification:_identify(scr) by extension 'colcon_pkg'
[0.427s] Level 1:colcon.colcon_core.package_identification:_identify(scr) by extensions ['colcon_meta']
[0.427s] Level 1:colcon.colcon_core.package_identification:_identify(scr) by extension 'colcon_meta'
[0.427s] Level 1:colcon.colcon_core.package_identification:_identify(scr) by extensions ['ros']
[0.427s] Level 1:colcon.colcon_core.package_identification:_identify(scr) by extension 'ros'
[0.427s] Level 1:colcon.colcon_core.package_identification:_identify(scr) by extensions ['cmake', 'python']
[0.427s] Level 1:colcon.colcon_core.package_identification:_identify(scr) by extension 'cmake'
[0.427s] Level 1:colcon.colcon_core.package_identification:_identify(scr) by extension 'python'
[0.427s] Level 1:colcon.colcon_core.package_identification:_identify(scr) by extensions ['python_setup_py']
[0.428s] Level 1:colcon.colcon_core.package_identification:_identify(scr) by extension 'python_setup_py'
[0.428s] Level 1:colcon.colcon_core.package_identification:_identify(scr/first_package_x) by extensions ['ignore', 'ignore_ament_install']
[0.428s] Level 1:colcon.colcon_core.package_identification:_identify(scr/first_package_x) by extension 'ignore'
[0.428s] Level 1:colcon.colcon_core.package_identification:_identify(scr/first_package_x) by extension 'ignore_ament_install'
[0.428s] Level 1:colcon.colcon_core.package_identification:_identify(scr/first_package_x) by extensions ['colcon_pkg']
[0.428s] Level 1:colcon.colcon_core.package_identification:_identify(scr/first_package_x) by extension 'colcon_pkg'
[0.428s] Level 1:colcon.colcon_core.package_identification:_identify(scr/first_package_x) by extensions ['colcon_meta']
[0.428s] Level 1:colcon.colcon_core.package_identification:_identify(scr/first_package_x) by extension 'colcon_meta'
[0.428s] Level 1:colcon.colcon_core.package_identification:_identify(scr/first_package_x) by extensions ['ros']
[0.428s] Level 1:colcon.colcon_core.package_identification:_identify(scr/first_package_x) by extension 'ros'
[0.431s] DEBUG:colcon.colcon_core.package_identification:Package 'scr/first_package_x' with type 'ros.ament_python' and name 'first_package_x'
[0.431s] Level 1:colcon.colcon_core.package_identification:_identify(scr/my_robot_bringup) by extensions ['ignore', 'ignore_ament_install']
[0.432s] Level 1:colcon.colcon_core.package_identification:_identify(scr/my_robot_bringup) by extension 'ignore'
[0.432s] Level 1:colcon.colcon_core.package_identification:_identify(scr/my_robot_bringup) by extension 'ignore_ament_install'
[0.432s] Level 1:colcon.colcon_core.package_identification:_identify(scr/my_robot_bringup) by extensions ['colcon_pkg']
[0.432s] Level 1:colcon.colcon_core.package_identification:_identify(scr/my_robot_bringup) by extension 'colcon_pkg'
[0.432s] Level 1:colcon.colcon_core.package_identification:_identify(scr/my_robot_bringup) by extensions ['colcon_meta']
[0.432s] Level 1:colcon.colcon_core.package_identification:_identify(scr/my_robot_bringup) by extension 'colcon_meta'
[0.432s] Level 1:colcon.colcon_core.package_identification:_identify(scr/my_robot_bringup) by extensions ['ros']
[0.432s] Level 1:colcon.colcon_core.package_identification:_identify(scr/my_robot_bringup) by extension 'ros'
[0.433s] DEBUG:colcon.colcon_core.package_identification:Package 'scr/my_robot_bringup' with type 'ros.ament_cmake' and name 'my_robot_bringup'
[0.433s] Level 1:colcon.colcon_core.package_identification:_identify(scr/my_robot_description) by extensions ['ignore', 'ignore_ament_install']
[0.433s] Level 1:colcon.colcon_core.package_identification:_identify(scr/my_robot_description) by extension 'ignore'
[0.433s] Level 1:colcon.colcon_core.package_identification:_identify(scr/my_robot_description) by extension 'ignore_ament_install'
[0.433s] Level 1:colcon.colcon_core.package_identification:_identify(scr/my_robot_description) by extensions ['colcon_pkg']
[0.433s] Level 1:colcon.colcon_core.package_identification:_identify(scr/my_robot_description) by extension 'colcon_pkg'
[0.433s] Level 1:colcon.colcon_core.package_identification:_identify(scr/my_robot_description) by extensions ['colcon_meta']
[0.433s] Level 1:colcon.colcon_core.package_identification:_identify(scr/my_robot_description) by extension 'colcon_meta'
[0.433s] Level 1:colcon.colcon_core.package_identification:_identify(scr/my_robot_description) by extensions ['ros']
[0.434s] Level 1:colcon.colcon_core.package_identification:_identify(scr/my_robot_description) by extension 'ros'
[0.434s] DEBUG:colcon.colcon_core.package_identification:Package 'scr/my_robot_description' with type 'ros.ament_python' and name 'my_robot_description'
[0.434s] Level 1:colcon.colcon_core.package_identification:_identify(scr/py_package_example) by extensions ['ignore', 'ignore_ament_install']
[0.434s] Level 1:colcon.colcon_core.package_identification:_identify(scr/py_package_example) by extension 'ignore'
[0.434s] Level 1:colcon.colcon_core.package_identification:_identify(scr/py_package_example) by extension 'ignore_ament_install'
[0.435s] Level 1:colcon.colcon_core.package_identification:_identify(scr/py_package_example) by extensions ['colcon_pkg']
[0.435s] Level 1:colcon.colcon_core.package_identification:_identify(scr/py_package_example) by extension 'colcon_pkg'
[0.435s] Level 1:colcon.colcon_core.package_identification:_identify(scr/py_package_example) by extensions ['colcon_meta']
[0.435s] Level 1:colcon.colcon_core.package_identification:_identify(scr/py_package_example) by extension 'colcon_meta'
[0.435s] Level 1:colcon.colcon_core.package_identification:_identify(scr/py_package_example) by extensions ['ros']
[0.435s] Level 1:colcon.colcon_core.package_identification:_identify(scr/py_package_example) by extension 'ros'
[0.436s] DEBUG:colcon.colcon_core.package_identification:Package 'scr/py_package_example' with type 'ros.ament_python' and name 'py_package_example'
[0.436s] Level 1:colcon.colcon_core.package_discovery:discover_packages(recursive) using defaults
[0.436s] Level 1:colcon.colcon_core.package_discovery:discover_packages(ignore) discover
[0.437s] Level 1:colcon.colcon_core.package_discovery:discover_packages(ignore) using defaults
[0.437s] Level 1:colcon.colcon_core.package_discovery:discover_packages(path) discover
[0.437s] Level 1:colcon.colcon_core.package_discovery:discover_packages(path) using defaults
[0.457s] Level 1:colcon.colcon_core.package_discovery:discover_packages(prefix_path) check parameters
[0.457s] Level 1:colcon.colcon_core.package_discovery:discover_packages(prefix_path) discover
[0.459s] DEBUG:colcon.colcon_installed_package_information.package_discovery:Found 4 installed packages in /home/ffons/ros2_companion_ws/install
[0.460s] DEBUG:colcon.colcon_installed_package_information.package_discovery:Found 276 installed packages in /opt/ros/humble
[0.462s] Level 1:colcon.colcon_core.package_discovery:discover_packages(prefix_path) using defaults
[0.505s] Level 5:colcon.colcon_core.verb:set package 'first_package_x' build argument 'cmake_args' from command line to 'None'
[0.505s] Level 5:colcon.colcon_core.verb:set package 'first_package_x' build argument 'cmake_target' from command line to 'None'
[0.505s] Level 5:colcon.colcon_core.verb:set package 'first_package_x' build argument 'cmake_target_skip_unavailable' from command line to 'False'
[0.505s] Level 5:colcon.colcon_core.verb:set package 'first_package_x' build argument 'cmake_clean_cache' from command line to 'False'
[0.505s] Level 5:colcon.colcon_core.verb:set package 'first_package_x' build argument 'cmake_clean_first' from command line to 'False'
[0.505s] Level 5:colcon.colcon_core.verb:set package 'first_package_x' build argument 'cmake_force_configure' from command line to 'False'
[0.505s] Level 5:colcon.colcon_core.verb:set package 'first_package_x' build argument 'ament_cmake_args' from command line to 'None'
[0.505s] Level 5:colcon.colcon_core.verb:set package 'first_package_x' build argument 'catkin_cmake_args' from command line to 'None'
[0.505s] Level 5:colcon.colcon_core.verb:set package 'first_package_x' build argument 'catkin_skip_building_tests' from command line to 'False'
[0.505s] DEBUG:colcon.colcon_core.verb:Building package 'first_package_x' with the following arguments: {'ament_cmake_args': None, 'build_base': '/home/ffons/ros2_companion_ws/build/first_package_x', 'catkin_cmake_args': None, 'catkin_skip_building_tests': False, 'cmake_args': None, 'cmake_clean_cache': False, 'cmake_clean_first': False, 'cmake_force_configure': False, 'cmake_target': None, 'cmake_target_skip_unavailable': False, 'install_base': '/home/ffons/ros2_companion_ws/install/first_package_x', 'merge_install': False, 'path': '/home/ffons/ros2_companion_ws/scr/first_package_x', 'symlink_install': False, 'test_result_base': None}
[0.505s] Level 5:colcon.colcon_core.verb:set package 'my_robot_bringup' build argument 'cmake_args' from command line to 'None'
[0.505s] Level 5:colcon.colcon_core.verb:set package 'my_robot_bringup' build argument 'cmake_target' from command line to 'None'
[0.505s] Level 5:colcon.colcon_core.verb:set package 'my_robot_bringup' build argument 'cmake_target_skip_unavailable' from command line to 'False'
[0.506s] Level 5:colcon.colcon_core.verb:set package 'my_robot_bringup' build argument 'cmake_clean_cache' from command line to 'False'
[0.506s] Level 5:colcon.colcon_core.verb:set package 'my_robot_bringup' build argument 'cmake_clean_first' from command line to 'False'
[0.506s] Level 5:colcon.colcon_core.verb:set package 'my_robot_bringup' build argument 'cmake_force_configure' from command line to 'False'
[0.506s] Level 5:colcon.colcon_core.verb:set package 'my_robot_bringup' build argument 'ament_cmake_args' from command line to 'None'
[0.506s] Level 5:colcon.colcon_core.verb:set package 'my_robot_bringup' build argument 'catkin_cmake_args' from command line to 'None'
[0.506s] Level 5:colcon.colcon_core.verb:set package 'my_robot_bringup' build argument 'catkin_skip_building_tests' from command line to 'False'
[0.506s] DEBUG:colcon.colcon_core.verb:Building package 'my_robot_bringup' with the following arguments: {'ament_cmake_args': None, 'build_base': '/home/ffons/ros2_companion_ws/build/my_robot_bringup', 'catkin_cmake_args': None, 'catkin_skip_building_tests': False, 'cmake_args': None, 'cmake_clean_cache': False, 'cmake_clean_first': False, 'cmake_force_configure': False, 'cmake_target': None, 'cmake_target_skip_unavailable': False, 'install_base': '/home/ffons/ros2_companion_ws/install/my_robot_bringup', 'merge_install': False, 'path': '/home/ffons/ros2_companion_ws/scr/my_robot_bringup', 'symlink_install': False, 'test_result_base': None}
[0.506s] Level 5:colcon.colcon_core.verb:set package 'my_robot_description' build argument 'cmake_args' from command line to 'None'
[0.506s] Level 5:colcon.colcon_core.verb:set package 'my_robot_description' build argument 'cmake_target' from command line to 'None'
[0.506s] Level 5:colcon.colcon_core.verb:set package 'my_robot_description' build argument 'cmake_target_skip_unavailable' from command line to 'False'
[0.506s] Level 5:colcon.colcon_core.verb:set package 'my_robot_description' build argument 'cmake_clean_cache' from command line to 'False'
[0.506s] Level 5:colcon.colcon_core.verb:set package 'my_robot_description' build argument 'cmake_clean_first' from command line to 'False'
[0.506s] Level 5:colcon.colcon_core.verb:set package 'my_robot_description' build argument 'cmake_force_configure' from command line to 'False'
[0.506s] Level 5:colcon.colcon_core.verb:set package 'my_robot_description' build argument 'ament_cmake_args' from command line to 'None'
[0.506s] Level 5:colcon.colcon_core.verb:set package 'my_robot_description' build argument 'catkin_cmake_args' from command line to 'None'
[0.506s] Level 5:colcon.colcon_core.verb:set package 'my_robot_description' build argument 'catkin_skip_building_tests' from command line to 'False'
[0.506s] DEBUG:colcon.colcon_core.verb:Building package 'my_robot_description' with the following arguments: {'ament_cmake_args': None, 'build_base': '/home/ffons/ros2_companion_ws/build/my_robot_description', 'catkin_cmake_args': None, 'catkin_skip_building_tests': False, 'cmake_args': None, 'cmake_clean_cache': False, 'cmake_clean_first': False, 'cmake_force_configure': False, 'cmake_target': None, 'cmake_target_skip_unavailable': False, 'install_base': '/home/ffons/ros2_companion_ws/install/my_robot_description', 'merge_install': False, 'path': '/home/ffons/ros2_companion_ws/scr/my_robot_description', 'symlink_install': False, 'test_result_base': None}
[0.507s] Level 5:colcon.colcon_core.verb:set package 'py_package_example' build argument 'cmake_args' from command line to 'None'
[0.507s] Level 5:colcon.colcon_core.verb:set package 'py_package_example' build argument 'cmake_target' from command line to 'None'
[0.507s] Level 5:colcon.colcon_core.verb:set package 'py_package_example' build argument 'cmake_target_skip_unavailable' from command line to 'False'
[0.507s] Level 5:colcon.colcon_core.verb:set package 'py_package_example' build argument 'cmake_clean_cache' from command line to 'False'
[0.507s] Level 5:colcon.colcon_core.verb:set package 'py_package_example' build argument 'cmake_clean_first' from command line to 'False'
[0.507s] Level 5:colcon.colcon_core.verb:set package 'py_package_example' build argument 'cmake_force_configure' from command line to 'False'
[0.507s] Level 5:colcon.colcon_core.verb:set package 'py_package_example' build argument 'ament_cmake_args' from command line to 'None'
[0.507s] Level 5:colcon.colcon_core.verb:set package 'py_package_example' build argument 'catkin_cmake_args' from command line to 'None'
[0.507s] Level 5:colcon.colcon_core.verb:set package 'py_package_example' build argument 'catkin_skip_building_tests' from command line to 'False'
[0.507s] DEBUG:colcon.colcon_core.verb:Building package 'py_package_example' with the following arguments: {'ament_cmake_args': None, 'build_base': '/home/ffons/ros2_companion_ws/build/py_package_example', 'catkin_cmake_args': None, 'catkin_skip_building_tests': False, 'cmake_args': None, 'cmake_clean_cache': False, 'cmake_clean_first': False, 'cmake_force_configure': False, 'cmake_target': None, 'cmake_target_skip_unavailable': False, 'install_base': '/home/ffons/ros2_companion_ws/install/py_package_example', 'merge_install': False, 'path': '/home/ffons/ros2_companion_ws/scr/py_package_example', 'symlink_install': False, 'test_result_base': None}
[0.507s] INFO:colcon.colcon_core.executor:Executing jobs using 'parallel' executor
[0.509s] DEBUG:colcon.colcon_parallel_executor.executor.parallel:run_until_complete
[0.510s] INFO:colcon.colcon_ros.task.ament_python.build:Building ROS package in '/home/ffons/ros2_companion_ws/scr/first_package_x' with build type 'ament_python'
[0.510s] Level 1:colcon.colcon_core.shell:create_environment_hook('first_package_x', 'ament_prefix_path')
[0.515s] INFO:colcon.colcon_core.plugin_system:Skipping extension 'colcon_core.shell.bat': Not used on non-Windows systems
[0.515s] INFO:colcon.colcon_core.shell:Creating environment hook '/home/ffons/ros2_companion_ws/install/first_package_x/share/first_package_x/hook/ament_prefix_path.ps1'
[0.516s] INFO:colcon.colcon_core.shell:Creating environment descriptor '/home/ffons/ros2_companion_ws/install/first_package_x/share/first_package_x/hook/ament_prefix_path.dsv'
[0.517s] INFO:colcon.colcon_core.shell:Creating environment hook '/home/ffons/ros2_companion_ws/install/first_package_x/share/first_package_x/hook/ament_prefix_path.sh'
[0.518s] INFO:colcon.colcon_core.shell:Skip shell extension 'powershell' for command environment: Not usable outside of PowerShell
[0.519s] DEBUG:colcon.colcon_core.shell:Skip shell extension 'dsv' for command environment
[0.524s] INFO:colcon.colcon_ros.task.ament_cmake.build:Building ROS package in '/home/ffons/ros2_companion_ws/scr/my_robot_bringup' with build type 'ament_cmake'
[0.525s] INFO:colcon.colcon_cmake.task.cmake.build:Building CMake package in '/home/ffons/ros2_companion_ws/scr/my_robot_bringup'
[0.526s] INFO:colcon.colcon_core.shell:Skip shell extension 'powershell' for command environment: Not usable outside of PowerShell
[0.526s] DEBUG:colcon.colcon_core.shell:Skip shell extension 'dsv' for command environment
[0.534s] INFO:colcon.colcon_ros.task.ament_python.build:Building ROS package in '/home/ffons/ros2_companion_ws/scr/my_robot_description' with build type 'ament_python'
[0.535s] Level 1:colcon.colcon_core.shell:create_environment_hook('my_robot_description', 'ament_prefix_path')
[0.536s] INFO:colcon.colcon_core.shell:Creating environment hook '/home/ffons/ros2_companion_ws/install/my_robot_description/share/my_robot_description/hook/ament_prefix_path.ps1'
[0.537s] INFO:colcon.colcon_core.shell:Creating environment descriptor '/home/ffons/ros2_companion_ws/install/my_robot_description/share/my_robot_description/hook/ament_prefix_path.dsv'
[0.538s] INFO:colcon.colcon_core.shell:Creating environment hook '/home/ffons/ros2_companion_ws/install/my_robot_description/share/my_robot_description/hook/ament_prefix_path.sh'
[0.539s] INFO:colcon.colcon_core.shell:Skip shell extension 'powershell' for command environment: Not usable outside of PowerShell
[0.539s] DEBUG:colcon.colcon_core.shell:Skip shell extension 'dsv' for command environment
[0.546s] INFO:colcon.colcon_ros.task.ament_python.build:Building ROS package in '/home/ffons/ros2_companion_ws/scr/py_package_example' with build type 'ament_python'
[0.546s] Level 1:colcon.colcon_core.shell:create_environment_hook('py_package_example', 'ament_prefix_path')
[0.547s] INFO:colcon.colcon_core.shell:Creating environment hook '/home/ffons/ros2_companion_ws/install/py_package_example/share/py_package_example/hook/ament_prefix_path.ps1'
[0.548s] INFO:colcon.colcon_core.shell:Creating environment descriptor '/home/ffons/ros2_companion_ws/install/py_package_example/share/py_package_example/hook/ament_prefix_path.dsv'
[0.550s] INFO:colcon.colcon_core.shell:Creating environment hook '/home/ffons/ros2_companion_ws/install/py_package_example/share/py_package_example/hook/ament_prefix_path.sh'
[0.551s] INFO:colcon.colcon_core.shell:Skip shell extension 'powershell' for command environment: Not usable outside of PowerShell
[0.552s] DEBUG:colcon.colcon_core.shell:Skip shell extension 'dsv' for command environment
[0.927s] INFO:colcon.colcon_core.task.python.build:Building Python package in '/home/ffons/ros2_companion_ws/scr/first_package_x'
[0.928s] INFO:colcon.colcon_core.shell:Skip shell extension 'powershell' for command environment: Not usable outside of PowerShell
[0.928s] DEBUG:colcon.colcon_core.shell:Skip shell extension 'dsv' for command environment
[0.946s] DEBUG:colcon.colcon_core.event_handler.log_command:Invoking command in '/home/ffons/ros2_companion_ws/build/my_robot_bringup': CMAKE_PREFIX_PATH=${CMAKE_PREFIX_PATH}:/home/ffons/ros2_companion_ws/install/py_package_example:/home/ffons/ros2_companion_ws/install/my_robot_description:/home/ffons/ros2_companion_ws/install/first_package_x:/opt/ros/humble /usr/bin/cmake --build /home/ffons/ros2_companion_ws/build/my_robot_bringup -- -j8 -l8
[1.240s] INFO:colcon.colcon_core.task.python.build:Building Python package in '/home/ffons/ros2_companion_ws/scr/my_robot_description'
[1.241s] INFO:colcon.colcon_core.shell:Skip shell extension 'powershell' for command environment: Not usable outside of PowerShell
[1.241s] DEBUG:colcon.colcon_core.shell:Skip shell extension 'dsv' for command environment
[1.517s] INFO:colcon.colcon_core.task.python.build:Building Python package in '/home/ffons/ros2_companion_ws/scr/py_package_example'
[1.517s] INFO:colcon.colcon_core.shell:Skip shell extension 'powershell' for command environment: Not usable outside of PowerShell
[1.517s] DEBUG:colcon.colcon_core.shell:Skip shell extension 'dsv' for command environment
[1.526s] DEBUG:colcon.colcon_core.event_handler.log_command:Invoked command in '/home/ffons/ros2_companion_ws/build/my_robot_bringup' returned '0': CMAKE_PREFIX_PATH=${CMAKE_PREFIX_PATH}:/home/ffons/ros2_companion_ws/install/py_package_example:/home/ffons/ros2_companion_ws/install/my_robot_description:/home/ffons/ros2_companion_ws/install/first_package_x:/opt/ros/humble /usr/bin/cmake --build /home/ffons/ros2_companion_ws/build/my_robot_bringup -- -j8 -l8
[1.546s] DEBUG:colcon.colcon_core.event_handler.log_command:Invoking command in '/home/ffons/ros2_companion_ws/build/my_robot_bringup': CMAKE_PREFIX_PATH=${CMAKE_PREFIX_PATH}:/home/ffons/ros2_companion_ws/install/py_package_example:/home/ffons/ros2_companion_ws/install/my_robot_description:/home/ffons/ros2_companion_ws/install/first_package_x:/opt/ros/humble /usr/bin/cmake --install /home/ffons/ros2_companion_ws/build/my_robot_bringup
[1.568s] Level 1:colcon.colcon_core.environment:create_environment_scripts_only(my_robot_bringup)
[1.570s] DEBUG:colcon.colcon_core.event_handler.log_command:Invoked command in '/home/ffons/ros2_companion_ws/build/my_robot_bringup' returned '0': CMAKE_PREFIX_PATH=${CMAKE_PREFIX_PATH}:/home/ffons/ros2_companion_ws/install/py_package_example:/home/ffons/ros2_companion_ws/install/my_robot_description:/home/ffons/ros2_companion_ws/install/first_package_x:/opt/ros/humble /usr/bin/cmake --install /home/ffons/ros2_companion_ws/build/my_robot_bringup
[1.574s] Level 1:colcon.colcon_core.environment:checking '/home/ffons/ros2_companion_ws/install/my_robot_bringup' for CMake module files
[1.575s] Level 1:colcon.colcon_core.environment:checking '/home/ffons/ros2_companion_ws/install/my_robot_bringup' for CMake config files
[1.576s] Level 1:colcon.colcon_core.shell:create_environment_hook('my_robot_bringup', 'cmake_prefix_path')
[1.577s] INFO:colcon.colcon_core.shell:Creating environment hook '/home/ffons/ros2_companion_ws/install/my_robot_bringup/share/my_robot_bringup/hook/cmake_prefix_path.ps1'
[1.578s] INFO:colcon.colcon_core.shell:Creating environment descriptor '/home/ffons/ros2_companion_ws/install/my_robot_bringup/share/my_robot_bringup/hook/cmake_prefix_path.dsv'
[1.579s] INFO:colcon.colcon_core.shell:Creating environment hook '/home/ffons/ros2_companion_ws/install/my_robot_bringup/share/my_robot_bringup/hook/cmake_prefix_path.sh'
[1.580s] Level 1:colcon.colcon_core.environment:checking '/home/ffons/ros2_companion_ws/install/my_robot_bringup/bin'
[1.581s] Level 1:colcon.colcon_core.environment:checking '/home/ffons/ros2_companion_ws/install/my_robot_bringup/lib/pkgconfig/my_robot_bringup.pc'
[1.581s] Level 1:colcon.colcon_core.environment:checking '/home/ffons/ros2_companion_ws/install/my_robot_bringup/lib/python3.10/site-packages'
[1.582s] Level 1:colcon.colcon_core.environment:checking '/home/ffons/ros2_companion_ws/install/my_robot_bringup/bin'
[1.583s] INFO:colcon.colcon_core.shell:Creating package script '/home/ffons/ros2_companion_ws/install/my_robot_bringup/share/my_robot_bringup/package.ps1'
[1.584s] INFO:colcon.colcon_core.shell:Creating package descriptor '/home/ffons/ros2_companion_ws/install/my_robot_bringup/share/my_robot_bringup/package.dsv'
[1.585s] INFO:colcon.colcon_core.shell:Creating package script '/home/ffons/ros2_companion_ws/install/my_robot_bringup/share/my_robot_bringup/package.sh'
[1.586s] INFO:colcon.colcon_core.shell:Creating package script '/home/ffons/ros2_companion_ws/install/my_robot_bringup/share/my_robot_bringup/package.bash'
[1.587s] INFO:colcon.colcon_core.shell:Creating package script '/home/ffons/ros2_companion_ws/install/my_robot_bringup/share/my_robot_bringup/package.zsh'
[1.588s] Level 1:colcon.colcon_core.environment:create_file_with_runtime_dependencies(/home/ffons/ros2_companion_ws/install/my_robot_bringup/share/colcon-core/packages/my_robot_bringup)
[1.589s] Level 1:colcon.colcon_core.environment:create_environment_scripts_only(my_robot_bringup)
[1.590s] Level 1:colcon.colcon_core.environment:checking '/home/ffons/ros2_companion_ws/install/my_robot_bringup' for CMake module files
[1.590s] Level 1:colcon.colcon_core.environment:checking '/home/ffons/ros2_companion_ws/install/my_robot_bringup' for CMake config files
[1.591s] Level 1:colcon.colcon_core.shell:create_environment_hook('my_robot_bringup', 'cmake_prefix_path')
[1.591s] INFO:colcon.colcon_core.shell:Creating environment hook '/home/ffons/ros2_companion_ws/install/my_robot_bringup/share/my_robot_bringup/hook/cmake_prefix_path.ps1'
[1.592s] INFO:colcon.colcon_core.shell:Creating environment descriptor '/home/ffons/ros2_companion_ws/install/my_robot_bringup/share/my_robot_bringup/hook/cmake_prefix_path.dsv'
[1.593s] INFO:colcon.colcon_core.shell:Creating environment hook '/home/ffons/ros2_companion_ws/install/my_robot_bringup/share/my_robot_bringup/hook/cmake_prefix_path.sh'
[1.595s] Level 1:colcon.colcon_core.environment:checking '/home/ffons/ros2_companion_ws/install/my_robot_bringup/bin'
[1.595s] Level 1:colcon.colcon_core.environment:checking '/home/ffons/ros2_companion_ws/install/my_robot_bringup/lib/pkgconfig/my_robot_bringup.pc'
[1.596s] Level 1:colcon.colcon_core.environment:checking '/home/ffons/ros2_companion_ws/install/my_robot_bringup/lib/python3.10/site-packages'
[1.596s] Level 1:colcon.colcon_core.environment:checking '/home/ffons/ros2_companion_ws/install/my_robot_bringup/bin'
[1.597s] INFO:colcon.colcon_core.shell:Creating package script '/home/ffons/ros2_companion_ws/install/my_robot_bringup/share/my_robot_bringup/package.ps1'
[1.597s] INFO:colcon.colcon_core.shell:Creating package descriptor '/home/ffons/ros2_companion_ws/install/my_robot_bringup/share/my_robot_bringup/package.dsv'
[1.598s] INFO:colcon.colcon_core.shell:Creating package script '/home/ffons/ros2_companion_ws/install/my_robot_bringup/share/my_robot_bringup/package.sh'
[1.599s] INFO:colcon.colcon_core.shell:Creating package script '/home/ffons/ros2_companion_ws/install/my_robot_bringup/share/my_robot_bringup/package.bash'
[1.600s] INFO:colcon.colcon_core.shell:Creating package script '/home/ffons/ros2_companion_ws/install/my_robot_bringup/share/my_robot_bringup/package.zsh'
[1.601s] Level 1:colcon.colcon_core.environment:create_file_with_runtime_dependencies(/home/ffons/ros2_companion_ws/install/my_robot_bringup/share/colcon-core/packages/my_robot_bringup)
[2.170s] DEBUG:colcon.colcon_core.event_handler.log_command:Invoking command in '/home/ffons/ros2_companion_ws/scr/first_package_x': PYTHONPATH=/home/ffons/ros2_companion_ws/build/first_package_x/prefix_override:/usr/lib/python3/dist-packages/colcon_core/task/python/colcon_distutils_commands:/home/ffons/ros2_companion_ws/install/first_package_x/lib/python3.10/site-packages:${PYTHONPATH} /usr/bin/python3 -W ignore:setup.py install is deprecated -W ignore:easy_install command is deprecated setup.py egg_info --egg-base ../../build/first_package_x build --build-base /home/ffons/ros2_companion_ws/build/first_package_x/build install --record /home/ffons/ros2_companion_ws/build/first_package_x/install.log --single-version-externally-managed install_data
[2.179s] DEBUG:colcon.colcon_core.event_handler.log_command:Invoking command in '/home/ffons/ros2_companion_ws/scr/my_robot_description': PYTHONPATH=/home/ffons/ros2_companion_ws/build/my_robot_description/prefix_override:/usr/lib/python3/dist-packages/colcon_core/task/python/colcon_distutils_commands:/home/ffons/ros2_companion_ws/install/my_robot_description/lib/python3.10/site-packages:${PYTHONPATH} /usr/bin/python3 -W ignore:setup.py install is deprecated -W ignore:easy_install command is deprecated setup.py egg_info --egg-base ../../build/my_robot_description build --build-base /home/ffons/ros2_companion_ws/build/my_robot_description/build install --record /home/ffons/ros2_companion_ws/build/my_robot_description/install.log --single-version-externally-managed install_data
[2.206s] DEBUG:colcon.colcon_core.event_handler.log_command:Invoking command in '/home/ffons/ros2_companion_ws/scr/py_package_example': PYTHONPATH=/home/ffons/ros2_companion_ws/build/py_package_example/prefix_override:/usr/lib/python3/dist-packages/colcon_core/task/python/colcon_distutils_commands:/home/ffons/ros2_companion_ws/install/py_package_example/lib/python3.10/site-packages:${PYTHONPATH} /usr/bin/python3 -W ignore:setup.py install is deprecated -W ignore:easy_install command is deprecated setup.py egg_info --egg-base ../../build/py_package_example build --build-base /home/ffons/ros2_companion_ws/build/py_package_example/build install --record /home/ffons/ros2_companion_ws/build/py_package_example/install.log --single-version-externally-managed install_data
[2.684s] Level 1:colcon.colcon_core.environment:checking '/home/ffons/ros2_companion_ws/install/my_robot_description' for CMake module files
[2.685s] DEBUG:colcon.colcon_core.event_handler.log_command:Invoked command in '/home/ffons/ros2_companion_ws/scr/my_robot_description' returned '0': PYTHONPATH=/home/ffons/ros2_companion_ws/build/my_robot_description/prefix_override:/usr/lib/python3/dist-packages/colcon_core/task/python/colcon_distutils_commands:/home/ffons/ros2_companion_ws/install/my_robot_description/lib/python3.10/site-packages:${PYTHONPATH} /usr/bin/python3 -W ignore:setup.py install is deprecated -W ignore:easy_install command is deprecated setup.py egg_info --egg-base ../../build/my_robot_description build --build-base /home/ffons/ros2_companion_ws/build/my_robot_description/build install --record /home/ffons/ros2_companion_ws/build/my_robot_description/install.log --single-version-externally-managed install_data
[2.687s] Level 1:colcon.colcon_core.environment:checking '/home/ffons/ros2_companion_ws/install/my_robot_description' for CMake config files
[2.688s] Level 1:colcon.colcon_core.environment:checking '/home/ffons/ros2_companion_ws/install/my_robot_description/lib'
[2.688s] Level 1:colcon.colcon_core.environment:checking '/home/ffons/ros2_companion_ws/install/my_robot_description/bin'
[2.688s] Level 1:colcon.colcon_core.environment:checking '/home/ffons/ros2_companion_ws/install/my_robot_description/lib/pkgconfig/my_robot_description.pc'
[2.689s] Level 1:colcon.colcon_core.environment:checking '/home/ffons/ros2_companion_ws/install/my_robot_description/lib/python3.10/site-packages'
[2.689s] Level 1:colcon.colcon_core.shell:create_environment_hook('my_robot_description', 'pythonpath')
[2.689s] INFO:colcon.colcon_core.shell:Creating environment hook '/home/ffons/ros2_companion_ws/install/my_robot_description/share/my_robot_description/hook/pythonpath.ps1'
[2.690s] INFO:colcon.colcon_core.shell:Creating environment descriptor '/home/ffons/ros2_companion_ws/install/my_robot_description/share/my_robot_description/hook/pythonpath.dsv'
[2.691s] INFO:colcon.colcon_core.shell:Creating environment hook '/home/ffons/ros2_companion_ws/install/my_robot_description/share/my_robot_description/hook/pythonpath.sh'
[2.691s] Level 1:colcon.colcon_core.environment:checking '/home/ffons/ros2_companion_ws/install/my_robot_description/bin'
[2.692s] Level 1:colcon.colcon_core.environment:create_environment_scripts_only(my_robot_description)
[2.692s] INFO:colcon.colcon_core.shell:Creating package script '/home/ffons/ros2_companion_ws/install/my_robot_description/share/my_robot_description/package.ps1'
[2.693s] INFO:colcon.colcon_core.shell:Creating package descriptor '/home/ffons/ros2_companion_ws/install/my_robot_description/share/my_robot_description/package.dsv'
[2.694s] INFO:colcon.colcon_core.shell:Creating package script '/home/ffons/ros2_companion_ws/install/my_robot_description/share/my_robot_description/package.sh'
[2.695s] INFO:colcon.colcon_core.shell:Creating package script '/home/ffons/ros2_companion_ws/install/my_robot_description/share/my_robot_description/package.bash'
[2.696s] INFO:colcon.colcon_core.shell:Creating package script '/home/ffons/ros2_companion_ws/install/my_robot_description/share/my_robot_description/package.zsh'
[2.697s] Level 1:colcon.colcon_core.environment:create_file_with_runtime_dependencies(/home/ffons/ros2_companion_ws/install/my_robot_description/share/colcon-core/packages/my_robot_description)
[2.701s] Level 1:colcon.colcon_core.environment:checking '/home/ffons/ros2_companion_ws/install/first_package_x' for CMake module files
[2.704s] Level 1:colcon.colcon_core.environment:checking '/home/ffons/ros2_companion_ws/install/first_package_x' for CMake config files
[2.704s] DEBUG:colcon.colcon_core.event_handler.log_command:Invoked command in '/home/ffons/ros2_companion_ws/scr/first_package_x' returned '0': PYTHONPATH=/home/ffons/ros2_companion_ws/build/first_package_x/prefix_override:/usr/lib/python3/dist-packages/colcon_core/task/python/colcon_distutils_commands:/home/ffons/ros2_companion_ws/install/first_package_x/lib/python3.10/site-packages:${PYTHONPATH} /usr/bin/python3 -W ignore:setup.py install is deprecated -W ignore:easy_install command is deprecated setup.py egg_info --egg-base ../../build/first_package_x build --build-base /home/ffons/ros2_companion_ws/build/first_package_x/build install --record /home/ffons/ros2_companion_ws/build/first_package_x/install.log --single-version-externally-managed install_data
[2.705s] Level 1:colcon.colcon_core.environment:checking '/home/ffons/ros2_companion_ws/install/first_package_x/lib'
[2.705s] Level 1:colcon.colcon_core.environment:checking '/home/ffons/ros2_companion_ws/install/first_package_x/bin'
[2.706s] Level 1:colcon.colcon_core.environment:checking '/home/ffons/ros2_companion_ws/install/first_package_x/lib/pkgconfig/first_package_x.pc'
[2.706s] Level 1:colcon.colcon_core.environment:checking '/home/ffons/ros2_companion_ws/install/first_package_x/lib/python3.10/site-packages'
[2.706s] Level 1:colcon.colcon_core.shell:create_environment_hook('first_package_x', 'pythonpath')
[2.707s] INFO:colcon.colcon_core.shell:Creating environment hook '/home/ffons/ros2_companion_ws/install/first_package_x/share/first_package_x/hook/pythonpath.ps1'
[2.707s] INFO:colcon.colcon_core.shell:Creating environment descriptor '/home/ffons/ros2_companion_ws/install/first_package_x/share/first_package_x/hook/pythonpath.dsv'
[2.708s] INFO:colcon.colcon_core.shell:Creating environment hook '/home/ffons/ros2_companion_ws/install/first_package_x/share/first_package_x/hook/pythonpath.sh'
[2.710s] Level 1:colcon.colcon_core.environment:checking '/home/ffons/ros2_companion_ws/install/first_package_x/bin'
[2.710s] Level 1:colcon.colcon_core.environment:create_environment_scripts_only(first_package_x)
[2.710s] INFO:colcon.colcon_core.shell:Creating package script '/home/ffons/ros2_companion_ws/install/first_package_x/share/first_package_x/package.ps1'
[2.711s] INFO:colcon.colcon_core.shell:Creating package descriptor '/home/ffons/ros2_companion_ws/install/first_package_x/share/first_package_x/package.dsv'
[2.712s] INFO:colcon.colcon_core.shell:Creating package script '/home/ffons/ros2_companion_ws/install/first_package_x/share/first_package_x/package.sh'
[2.713s] INFO:colcon.colcon_core.shell:Creating package script '/home/ffons/ros2_companion_ws/install/first_package_x/share/first_package_x/package.bash'
[2.714s] INFO:colcon.colcon_core.shell:Creating package script '/home/ffons/ros2_companion_ws/install/first_package_x/share/first_package_x/package.zsh'
[2.715s] Level 1:colcon.colcon_core.environment:create_file_with_runtime_dependencies(/home/ffons/ros2_companion_ws/install/first_package_x/share/colcon-core/packages/first_package_x)
[2.719s] Level 1:colcon.colcon_core.environment:checking '/home/ffons/ros2_companion_ws/install/py_package_example' for CMake module files
[2.721s] DEBUG:colcon.colcon_core.event_handler.log_command:Invoked command in '/home/ffons/ros2_companion_ws/scr/py_package_example' returned '0': PYTHONPATH=/home/ffons/ros2_companion_ws/build/py_package_example/prefix_override:/usr/lib/python3/dist-packages/colcon_core/task/python/colcon_distutils_commands:/home/ffons/ros2_companion_ws/install/py_package_example/lib/python3.10/site-packages:${PYTHONPATH} /usr/bin/python3 -W ignore:setup.py install is deprecated -W ignore:easy_install command is deprecated setup.py egg_info --egg-base ../../build/py_package_example build --build-base /home/ffons/ros2_companion_ws/build/py_package_example/build install --record /home/ffons/ros2_companion_ws/build/py_package_example/install.log --single-version-externally-managed install_data
[2.721s] Level 1:colcon.colcon_core.environment:checking '/home/ffons/ros2_companion_ws/install/py_package_example' for CMake config files
[2.723s] Level 1:colcon.colcon_core.environment:checking '/home/ffons/ros2_companion_ws/install/py_package_example/lib'
[2.723s] Level 1:colcon.colcon_core.environment:checking '/home/ffons/ros2_companion_ws/install/py_package_example/bin'
[2.724s] Level 1:colcon.colcon_core.environment:checking '/home/ffons/ros2_companion_ws/install/py_package_example/lib/pkgconfig/py_package_example.pc'
[2.724s] Level 1:colcon.colcon_core.environment:checking '/home/ffons/ros2_companion_ws/install/py_package_example/lib/python3.10/site-packages'
[2.724s] Level 1:colcon.colcon_core.shell:create_environment_hook('py_package_example', 'pythonpath')
[2.725s] INFO:colcon.colcon_core.shell:Creating environment hook '/home/ffons/ros2_companion_ws/install/py_package_example/share/py_package_example/hook/pythonpath.ps1'
[2.726s] INFO:colcon.colcon_core.shell:Creating environment descriptor '/home/ffons/ros2_companion_ws/install/py_package_example/share/py_package_example/hook/pythonpath.dsv'
[2.727s] INFO:colcon.colcon_core.shell:Creating environment hook '/home/ffons/ros2_companion_ws/install/py_package_example/share/py_package_example/hook/pythonpath.sh'
[2.728s] Level 1:colcon.colcon_core.environment:checking '/home/ffons/ros2_companion_ws/install/py_package_example/bin'
[2.728s] Level 1:colcon.colcon_core.environment:create_environment_scripts_only(py_package_example)
[2.729s] INFO:colcon.colcon_core.shell:Creating package script '/home/ffons/ros2_companion_ws/install/py_package_example/share/py_package_example/package.ps1'
[2.730s] INFO:colcon.colcon_core.shell:Creating package descriptor '/home/ffons/ros2_companion_ws/install/py_package_example/share/py_package_example/package.dsv'
[2.731s] INFO:colcon.colcon_core.shell:Creating package script '/home/ffons/ros2_companion_ws/install/py_package_example/share/py_package_example/package.sh'
[2.732s] INFO:colcon.colcon_core.shell:Creating package script '/home/ffons/ros2_companion_ws/install/py_package_example/share/py_package_example/package.bash'
[2.733s] INFO:colcon.colcon_core.shell:Creating package script '/home/ffons/ros2_companion_ws/install/py_package_example/share/py_package_example/package.zsh'
[2.734s] Level 1:colcon.colcon_core.environment:create_file_with_runtime_dependencies(/home/ffons/ros2_companion_ws/install/py_package_example/share/colcon-core/packages/py_package_example)
[2.735s] DEBUG:colcon.colcon_parallel_executor.executor.parallel:closing loop
[2.736s] DEBUG:colcon.colcon_parallel_executor.executor.parallel:loop closed
[2.737s] DEBUG:colcon.colcon_parallel_executor.executor.parallel:run_until_complete finished with '0'
[2.737s] DEBUG:colcon.colcon_core.event_reactor:joining thread
[2.807s] INFO:colcon.colcon_core.plugin_system:Skipping extension 'colcon_notification.desktop_notification.notify_send': Could not find 'notify-send'
[2.807s] INFO:colcon.colcon_core.plugin_system:Skipping extension 'colcon_notification.desktop_notification.terminal_notifier': Not used on non-Darwin systems
[2.807s] INFO:colcon.colcon_core.plugin_system:Skipping extension 'colcon_notification.desktop_notification.win32': Not used on non-Windows systems
[2.808s] INFO:colcon.colcon_notification.desktop_notification:Sending desktop notification using 'notify2'
[2.808s] DEBUG:colcon.colcon_notification.desktop_notification.notify2:Failed to initialize notify2: org.freedesktop.DBus.Error.FileNotFound: Failed to connect to socket /run/user/1000/bus: No such file or directory
[2.808s] DEBUG:colcon.colcon_core.event_reactor:joined thread
[2.809s] INFO:colcon.colcon_core.shell:Creating prefix script '/home/ffons/ros2_companion_ws/install/local_setup.ps1'
[2.810s] INFO:colcon.colcon_core.shell:Creating prefix util module '/home/ffons/ros2_companion_ws/install/_local_setup_util_ps1.py'
[2.813s] INFO:colcon.colcon_core.shell:Creating prefix chain script '/home/ffons/ros2_companion_ws/install/setup.ps1'
[2.815s] INFO:colcon.colcon_core.shell:Creating prefix script '/home/ffons/ros2_companion_ws/install/local_setup.sh'
[2.816s] INFO:colcon.colcon_core.shell:Creating prefix util module '/home/ffons/ros2_companion_ws/install/_local_setup_util_sh.py'
[2.817s] INFO:colcon.colcon_core.shell:Creating prefix chain script '/home/ffons/ros2_companion_ws/install/setup.sh'
[2.819s] INFO:colcon.colcon_core.shell:Creating prefix script '/home/ffons/ros2_companion_ws/install/local_setup.bash'
[2.819s] INFO:colcon.colcon_core.shell:Creating prefix chain script '/home/ffons/ros2_companion_ws/install/setup.bash'
[2.821s] INFO:colcon.colcon_core.shell:Creating prefix script '/home/ffons/ros2_companion_ws/install/local_setup.zsh'
[2.822s] INFO:colcon.colcon_core.shell:Creating prefix chain script '/home/ffons/ros2_companion_ws/install/setup.zsh'
