running egg_info
creating ../../build/py_package_example/py_package_example.egg-info
writing ../../build/py_package_example/py_package_example.egg-info/PKG-INFO
writing dependency_links to ../../build/py_package_example/py_package_example.egg-info/dependency_links.txt
writing entry points to ../../build/py_package_example/py_package_example.egg-info/entry_points.txt
writing requirements to ../../build/py_package_example/py_package_example.egg-info/requires.txt
writing top-level names to ../../build/py_package_example/py_package_example.egg-info/top_level.txt
writing manifest file '../../build/py_package_example/py_package_example.egg-info/SOURCES.txt'
reading manifest file '../../build/py_package_example/py_package_example.egg-info/SOURCES.txt'
writing manifest file '../../build/py_package_example/py_package_example.egg-info/SOURCES.txt'
running build
running build_py
creating /home/ffons/ros2_companion_ws/build/py_package_example/build
creating /home/ffons/ros2_companion_ws/build/py_package_example/build/lib
creating /home/ffons/ros2_companion_ws/build/py_package_example/build/lib/py_package_example
copying py_package_example/my_py_node.py -> /home/ffons/ros2_companion_ws/build/py_package_example/build/lib/py_package_example
copying py_package_example/__init__.py -> /home/ffons/ros2_companion_ws/build/py_package_example/build/lib/py_package_example
running install
running install_lib
creating /home/ffons/ros2_companion_ws/install/py_package_example/lib/python3.10/site-packages/py_package_example
copying /home/ffons/ros2_companion_ws/build/py_package_example/build/lib/py_package_example/my_py_node.py -> /home/ffons/ros2_companion_ws/install/py_package_example/lib/python3.10/site-packages/py_package_example
copying /home/ffons/ros2_companion_ws/build/py_package_example/build/lib/py_package_example/__init__.py -> /home/ffons/ros2_companion_ws/install/py_package_example/lib/python3.10/site-packages/py_package_example
byte-compiling /home/ffons/ros2_companion_ws/install/py_package_example/lib/python3.10/site-packages/py_package_example/my_py_node.py to my_py_node.cpython-310.pyc
byte-compiling /home/ffons/ros2_companion_ws/install/py_package_example/lib/python3.10/site-packages/py_package_example/__init__.py to __init__.cpython-310.pyc
running install_data
creating /home/ffons/ros2_companion_ws/install/py_package_example/share/ament_index
creating /home/ffons/ros2_companion_ws/install/py_package_example/share/ament_index/resource_index
creating /home/ffons/ros2_companion_ws/install/py_package_example/share/ament_index/resource_index/packages
copying resource/py_package_example -> /home/ffons/ros2_companion_ws/install/py_package_example/share/ament_index/resource_index/packages
copying package.xml -> /home/ffons/ros2_companion_ws/install/py_package_example/share/py_package_example
running install_egg_info
Copying ../../build/py_package_example/py_package_example.egg-info to /home/ffons/ros2_companion_ws/install/py_package_example/lib/python3.10/site-packages/py_package_example-0.0.0-py3.10.egg-info
running install_scripts
writing list of installed files to '/home/ffons/ros2_companion_ws/build/py_package_example/install.log'
