[1.769s] Invoking command in '/home/ffons/ros2_companion_ws/scr/py_package_example': PYTHONPATH=/home/ffons/ros2_companion_ws/build/py_package_example/prefix_override:/usr/lib/python3/dist-packages/colcon_core/task/python/colcon_distutils_commands:/home/ffons/ros2_companion_ws/install/py_package_example/lib/python3.10/site-packages:${PYTHONPATH} /usr/bin/python3 -W ignore:setup.py install is deprecated -W ignore:easy_install command is deprecated setup.py egg_info --egg-base ../../build/py_package_example build --build-base /home/ffons/ros2_companion_ws/build/py_package_example/build install --record /home/ffons/ros2_companion_ws/build/py_package_example/install.log --single-version-externally-managed install_data
[2.015s] running egg_info
[2.016s] creating ../../build/py_package_example/py_package_example.egg-info
[2.017s] writing ../../build/py_package_example/py_package_example.egg-info/PKG-INFO
[2.017s] writing dependency_links to ../../build/py_package_example/py_package_example.egg-info/dependency_links.txt
[2.017s] writing entry points to ../../build/py_package_example/py_package_example.egg-info/entry_points.txt
[2.018s] writing requirements to ../../build/py_package_example/py_package_example.egg-info/requires.txt
[2.018s] writing top-level names to ../../build/py_package_example/py_package_example.egg-info/top_level.txt
[2.018s] writing manifest file '../../build/py_package_example/py_package_example.egg-info/SOURCES.txt'
[2.020s] reading manifest file '../../build/py_package_example/py_package_example.egg-info/SOURCES.txt'
[2.020s] writing manifest file '../../build/py_package_example/py_package_example.egg-info/SOURCES.txt'
[2.021s] running build
[2.021s] running build_py
[2.021s] creating /home/ffons/ros2_companion_ws/build/py_package_example/build
[2.022s] creating /home/ffons/ros2_companion_ws/build/py_package_example/build/lib
[2.022s] creating /home/ffons/ros2_companion_ws/build/py_package_example/build/lib/py_package_example
[2.022s] copying py_package_example/my_py_node.py -> /home/ffons/ros2_companion_ws/build/py_package_example/build/lib/py_package_example
[2.022s] copying py_package_example/__init__.py -> /home/ffons/ros2_companion_ws/build/py_package_example/build/lib/py_package_example
[2.023s] running install
[2.023s] running install_lib
[2.024s] creating /home/ffons/ros2_companion_ws/install/py_package_example/lib/python3.10/site-packages/py_package_example
[2.025s] copying /home/ffons/ros2_companion_ws/build/py_package_example/build/lib/py_package_example/my_py_node.py -> /home/ffons/ros2_companion_ws/install/py_package_example/lib/python3.10/site-packages/py_package_example
[2.025s] copying /home/ffons/ros2_companion_ws/build/py_package_example/build/lib/py_package_example/__init__.py -> /home/ffons/ros2_companion_ws/install/py_package_example/lib/python3.10/site-packages/py_package_example
[2.026s] byte-compiling /home/ffons/ros2_companion_ws/install/py_package_example/lib/python3.10/site-packages/py_package_example/my_py_node.py to my_py_node.cpython-310.pyc
[2.028s] byte-compiling /home/ffons/ros2_companion_ws/install/py_package_example/lib/python3.10/site-packages/py_package_example/__init__.py to __init__.cpython-310.pyc
[2.029s] running install_data
[2.029s] creating /home/ffons/ros2_companion_ws/install/py_package_example/share/ament_index
[2.029s] creating /home/ffons/ros2_companion_ws/install/py_package_example/share/ament_index/resource_index
[2.030s] creating /home/ffons/ros2_companion_ws/install/py_package_example/share/ament_index/resource_index/packages
[2.031s] copying resource/py_package_example -> /home/ffons/ros2_companion_ws/install/py_package_example/share/ament_index/resource_index/packages
[2.031s] copying package.xml -> /home/ffons/ros2_companion_ws/install/py_package_example/share/py_package_example
[2.032s] running install_egg_info
[2.034s] Copying ../../build/py_package_example/py_package_example.egg-info to /home/ffons/ros2_companion_ws/install/py_package_example/lib/python3.10/site-packages/py_package_example-0.0.0-py3.10.egg-info
[2.036s] running install_scripts
[2.057s] writing list of installed files to '/home/ffons/ros2_companion_ws/build/py_package_example/install.log'
[2.108s] Invoked command in '/home/ffons/ros2_companion_ws/scr/py_package_example' returned '0': PYTHONPATH=/home/ffons/ros2_companion_ws/build/py_package_example/prefix_override:/usr/lib/python3/dist-packages/colcon_core/task/python/colcon_distutils_commands:/home/ffons/ros2_companion_ws/install/py_package_example/lib/python3.10/site-packages:${PYTHONPATH} /usr/bin/python3 -W ignore:setup.py install is deprecated -W ignore:easy_install command is deprecated setup.py egg_info --egg-base ../../build/py_package_example build --build-base /home/ffons/ros2_companion_ws/build/py_package_example/build install --record /home/ffons/ros2_companion_ws/build/py_package_example/install.log --single-version-externally-managed install_data
