[2.648s] Invoking command in '/home/ffons/ros2_companion_ws/scr/first_package_x': PYTHONPATH=/home/ffons/ros2_companion_ws/build/first_package_x/prefix_override:/usr/lib/python3/dist-packages/colcon_core/task/python/colcon_distutils_commands:/home/ffons/ros2_companion_ws/install/first_package_x/lib/python3.10/site-packages:${PYTHONPATH} /usr/bin/python3 -W ignore:setup.py install is deprecated -W ignore:easy_install command is deprecated setup.py egg_info --egg-base ../../build/first_package_x build --build-base /home/ffons/ros2_companion_ws/build/first_package_x/build install --record /home/ffons/ros2_companion_ws/build/first_package_x/install.log --single-version-externally-managed install_data
[3.201s] running egg_info
[3.203s] writing ../../build/first_package_x/first_package_x.egg-info/PKG-INFO
[3.204s] writing dependency_links to ../../build/first_package_x/first_package_x.egg-info/dependency_links.txt
[3.204s] writing entry points to ../../build/first_package_x/first_package_x.egg-info/entry_points.txt
[3.204s] writing requirements to ../../build/first_package_x/first_package_x.egg-info/requires.txt
[3.204s] writing top-level names to ../../build/first_package_x/first_package_x.egg-info/top_level.txt
[3.208s] reading manifest file '../../build/first_package_x/first_package_x.egg-info/SOURCES.txt'
[3.210s] writing manifest file '../../build/first_package_x/first_package_x.egg-info/SOURCES.txt'
[3.211s] running build
[3.211s] running build_py
[3.211s] running install
[3.212s] running install_lib
[3.216s] running install_data
[3.216s] running install_egg_info
[3.219s] removing '/home/ffons/ros2_companion_ws/install/first_package_x/lib/python3.10/site-packages/first_package_x-0.0.0-py3.10.egg-info' (and everything under it)
[3.220s] Copying ../../build/first_package_x/first_package_x.egg-info to /home/ffons/ros2_companion_ws/install/first_package_x/lib/python3.10/site-packages/first_package_x-0.0.0-py3.10.egg-info
[3.223s] running install_scripts
[3.272s] Installing draw_circle_turtle script to /home/ffons/ros2_companion_ws/install/first_package_x/lib/first_package_x
[3.272s] Installing pose_suscriber script to /home/ffons/ros2_companion_ws/install/first_package_x/lib/first_package_x
[3.273s] Installing test_node_1 script to /home/ffons/ros2_companion_ws/install/first_package_x/lib/first_package_x
[3.273s] Installing turtle_controller script to /home/ffons/ros2_companion_ws/install/first_package_x/lib/first_package_x
[3.274s] writing list of installed files to '/home/ffons/ros2_companion_ws/build/first_package_x/install.log'
[3.346s] Invoked command in '/home/ffons/ros2_companion_ws/scr/first_package_x' returned '0': PYTHONPATH=/home/ffons/ros2_companion_ws/build/first_package_x/prefix_override:/usr/lib/python3/dist-packages/colcon_core/task/python/colcon_distutils_commands:/home/ffons/ros2_companion_ws/install/first_package_x/lib/python3.10/site-packages:${PYTHONPATH} /usr/bin/python3 -W ignore:setup.py install is deprecated -W ignore:easy_install command is deprecated setup.py egg_info --egg-base ../../build/first_package_x build --build-base /home/ffons/ros2_companion_ws/build/first_package_x/build install --record /home/ffons/ros2_companion_ws/build/first_package_x/install.log --single-version-externally-managed install_data
