[0.251s] Invoking command in '/home/ffons/ros2_companion_ws/build/my_robot_bringup': CMAKE_PREFIX_PATH=/home/ffons/ros2_companion_ws/install/my_robot_description:/home/ffons/ros2_companion_ws/install/first_package_x:/opt/ros/humble /usr/bin/cmake /home/ffons/ros2_companion_ws/scr/my_robot_bringup -DCMAKE_INSTALL_PREFIX=/home/ffons/ros2_companion_ws/install/my_robot_bringup
[0.259s] -- Found ament_cmake: 1.3.12 (/opt/ros/humble/share/ament_cmake/cmake)
[0.432s] -- Configuring done
[0.437s] -- Generating done
[0.439s] -- Build files have been written to: /home/ffons/ros2_companion_ws/build/my_robot_bringup
[0.480s] Invoked command in '/home/ffons/ros2_companion_ws/build/my_robot_bringup' returned '0': CMAKE_PREFIX_PATH=/home/ffons/ros2_companion_ws/install/my_robot_description:/home/ffons/ros2_companion_ws/install/first_package_x:/opt/ros/humble /usr/bin/cmake /home/ffons/ros2_companion_ws/scr/my_robot_bringup -DCMAKE_INSTALL_PREFIX=/home/ffons/ros2_companion_ws/install/my_robot_bringup
[0.482s] Invoking command in '/home/ffons/ros2_companion_ws/build/my_robot_bringup': CMAKE_PREFIX_PATH=/home/ffons/ros2_companion_ws/install/my_robot_description:/home/ffons/ros2_companion_ws/install/first_package_x:/opt/ros/humble /usr/bin/cmake --build /home/ffons/ros2_companion_ws/build/my_robot_bringup -- -j8 -l8
[0.520s] Invoked command in '/home/ffons/ros2_companion_ws/build/my_robot_bringup' returned '0': CMAKE_PREFIX_PATH=/home/ffons/ros2_companion_ws/install/my_robot_description:/home/ffons/ros2_companion_ws/install/first_package_x:/opt/ros/humble /usr/bin/cmake --build /home/ffons/ros2_companion_ws/build/my_robot_bringup -- -j8 -l8
[0.533s] Invoking command in '/home/ffons/ros2_companion_ws/build/my_robot_bringup': CMAKE_PREFIX_PATH=/home/ffons/ros2_companion_ws/install/my_robot_description:/home/ffons/ros2_companion_ws/install/first_package_x:/opt/ros/humble /usr/bin/cmake --install /home/ffons/ros2_companion_ws/build/my_robot_bringup
[0.543s] -- Install configuration: ""
[0.543s] -- Installing: /home/ffons/ros2_companion_ws/install/my_robot_bringup/share//launch
[0.543s] -- Installing: /home/ffons/ros2_companion_ws/install/my_robot_bringup/share//launch/demo.launch.py
[0.545s] -- Installing: /home/ffons/ros2_companion_ws/install/my_robot_bringup/share/ament_index/resource_index/package_run_dependencies/my_robot_bringup
[0.546s] -- Installing: /home/ffons/ros2_companion_ws/install/my_robot_bringup/share/ament_index/resource_index/parent_prefix_path/my_robot_bringup
[0.547s] -- Installing: /home/ffons/ros2_companion_ws/install/my_robot_bringup/share/my_robot_bringup/environment/ament_prefix_path.sh
[0.547s] -- Installing: /home/ffons/ros2_companion_ws/install/my_robot_bringup/share/my_robot_bringup/environment/ament_prefix_path.dsv
[0.547s] -- Installing: /home/ffons/ros2_companion_ws/install/my_robot_bringup/share/my_robot_bringup/environment/path.sh
[0.548s] -- Installing: /home/ffons/ros2_companion_ws/install/my_robot_bringup/share/my_robot_bringup/environment/path.dsv
[0.548s] -- Installing: /home/ffons/ros2_companion_ws/install/my_robot_bringup/share/my_robot_bringup/local_setup.bash
[0.548s] -- Installing: /home/ffons/ros2_companion_ws/install/my_robot_bringup/share/my_robot_bringup/local_setup.sh
[0.548s] -- Installing: /home/ffons/ros2_companion_ws/install/my_robot_bringup/share/my_robot_bringup/local_setup.zsh
[0.549s] -- Installing: /home/ffons/ros2_companion_ws/install/my_robot_bringup/share/my_robot_bringup/local_setup.dsv
[0.549s] -- Installing: /home/ffons/ros2_companion_ws/install/my_robot_bringup/share/my_robot_bringup/package.dsv
[0.550s] -- Installing: /home/ffons/ros2_companion_ws/install/my_robot_bringup/share/ament_index/resource_index/packages/my_robot_bringup
[0.551s] -- Installing: /home/ffons/ros2_companion_ws/install/my_robot_bringup/share/my_robot_bringup/cmake/my_robot_bringupConfig.cmake
[0.551s] -- Installing: /home/ffons/ros2_companion_ws/install/my_robot_bringup/share/my_robot_bringup/cmake/my_robot_bringupConfig-version.cmake
[0.551s] -- Installing: /home/ffons/ros2_companion_ws/install/my_robot_bringup/share/my_robot_bringup/package.xml
[0.554s] Invoked command in '/home/ffons/ros2_companion_ws/build/my_robot_bringup' returned '0': CMAKE_PREFIX_PATH=/home/ffons/ros2_companion_ws/install/my_robot_description:/home/ffons/ros2_companion_ws/install/first_package_x:/opt/ros/humble /usr/bin/cmake --install /home/ffons/ros2_companion_ws/build/my_robot_bringup
