[0.428s] Invoking command in '/home/ffons/ros2_companion_ws/build/my_robot_bringup': CMAKE_PREFIX_PATH=${CMAKE_PREFIX_PATH}:/home/ffons/ros2_companion_ws/install/my_robot_description:/home/ffons/ros2_companion_ws/install/first_package_x:/opt/ros/humble /usr/bin/cmake --build /home/ffons/ros2_companion_ws/build/my_robot_bringup -- -j8 -l8
[0.850s] Invoked command in '/home/ffons/ros2_companion_ws/build/my_robot_bringup' returned '0': CMAKE_PREFIX_PATH=${CMAKE_PREFIX_PATH}:/home/ffons/ros2_companion_ws/install/my_robot_description:/home/ffons/ros2_companion_ws/install/first_package_x:/opt/ros/humble /usr/bin/cmake --build /home/ffons/ros2_companion_ws/build/my_robot_bringup -- -j8 -l8
[0.872s] Invoking command in '/home/ffons/ros2_companion_ws/build/my_robot_bringup': CMAKE_PREFIX_PATH=${CMAKE_PREFIX_PATH}:/home/ffons/ros2_companion_ws/install/my_robot_description:/home/ffons/ros2_companion_ws/install/first_package_x:/opt/ros/humble /usr/bin/cmake --install /home/ffons/ros2_companion_ws/build/my_robot_bringup
[0.884s] -- Install configuration: ""
[0.884s] -- Up-to-date: /home/ffons/ros2_companion_ws/install/my_robot_bringup/share/my_robot_bringup/launch
[0.884s] -- Installing: /home/ffons/ros2_companion_ws/install/my_robot_bringup/share/my_robot_bringup/launch/demo.launch.py
[0.885s] -- Up-to-date: /home/ffons/ros2_companion_ws/install/my_robot_bringup/share/ament_index/resource_index/package_run_dependencies/my_robot_bringup
[0.886s] -- Up-to-date: /home/ffons/ros2_companion_ws/install/my_robot_bringup/share/ament_index/resource_index/parent_prefix_path/my_robot_bringup
[0.886s] -- Up-to-date: /home/ffons/ros2_companion_ws/install/my_robot_bringup/share/my_robot_bringup/environment/ament_prefix_path.sh
[0.886s] -- Up-to-date: /home/ffons/ros2_companion_ws/install/my_robot_bringup/share/my_robot_bringup/environment/ament_prefix_path.dsv
[0.887s] -- Up-to-date: /home/ffons/ros2_companion_ws/install/my_robot_bringup/share/my_robot_bringup/environment/path.sh
[0.887s] -- Up-to-date: /home/ffons/ros2_companion_ws/install/my_robot_bringup/share/my_robot_bringup/environment/path.dsv
[0.887s] -- Up-to-date: /home/ffons/ros2_companion_ws/install/my_robot_bringup/share/my_robot_bringup/local_setup.bash
[0.888s] -- Up-to-date: /home/ffons/ros2_companion_ws/install/my_robot_bringup/share/my_robot_bringup/local_setup.sh
[0.888s] -- Up-to-date: /home/ffons/ros2_companion_ws/install/my_robot_bringup/share/my_robot_bringup/local_setup.zsh
[0.889s] -- Up-to-date: /home/ffons/ros2_companion_ws/install/my_robot_bringup/share/my_robot_bringup/local_setup.dsv
[0.889s] -- Installing: /home/ffons/ros2_companion_ws/install/my_robot_bringup/share/my_robot_bringup/package.dsv
[0.889s] -- Up-to-date: /home/ffons/ros2_companion_ws/install/my_robot_bringup/share/ament_index/resource_index/packages/my_robot_bringup
[0.889s] -- Up-to-date: /home/ffons/ros2_companion_ws/install/my_robot_bringup/share/my_robot_bringup/cmake/my_robot_bringupConfig.cmake
[0.890s] -- Up-to-date: /home/ffons/ros2_companion_ws/install/my_robot_bringup/share/my_robot_bringup/cmake/my_robot_bringupConfig-version.cmake
[0.890s] -- Up-to-date: /home/ffons/ros2_companion_ws/install/my_robot_bringup/share/my_robot_bringup/package.xml
[0.894s] Invoked command in '/home/ffons/ros2_companion_ws/build/my_robot_bringup' returned '0': CMAKE_PREFIX_PATH=${CMAKE_PREFIX_PATH}:/home/ffons/ros2_companion_ws/install/my_robot_description:/home/ffons/ros2_companion_ws/install/first_package_x:/opt/ros/humble /usr/bin/cmake --install /home/ffons/ros2_companion_ws/build/my_robot_bringup
