[1.202s] Invoking command in '/home/ffons/ros2_companion_ws/build/first_package_x': PYTHONPATH=/home/ffons/ros2_companion_ws/build/first_package_x/prefix_override:/usr/lib/python3/dist-packages/colcon_core/task/python/colcon_distutils_commands:/home/ffons/ros2_companion_ws/install/first_package_x/lib/python3.10/site-packages:${PYTHONPATH} /usr/bin/python3 -W ignore:setup.py install is deprecated -W ignore:easy_install command is deprecated setup.py develop --uninstall --editable --build-directory /home/ffons/ros2_companion_ws/build/first_package_x/build
[1.539s] running develop
[1.725s] Removing /home/ffons/ros2_companion_ws/install/first_package_x/lib/python3.10/site-packages/first-package-x.egg-link (link to .)
[1.755s] Invoked command in '/home/ffons/ros2_companion_ws/build/first_package_x' returned '0': PYTHONPATH=/home/ffons/ros2_companion_ws/build/first_package_x/prefix_override:/usr/lib/python3/dist-packages/colcon_core/task/python/colcon_distutils_commands:/home/ffons/ros2_companion_ws/install/first_package_x/lib/python3.10/site-packages:${PYTHONPATH} /usr/bin/python3 -W ignore:setup.py install is deprecated -W ignore:easy_install command is deprecated setup.py develop --uninstall --editable --build-directory /home/ffons/ros2_companion_ws/build/first_package_x/build
[1.760s] Invoking command in '/home/ffons/ros2_companion_ws/scr/first_package_x': PYTHONPATH=/home/ffons/ros2_companion_ws/build/first_package_x/prefix_override:/usr/lib/python3/dist-packages/colcon_core/task/python/colcon_distutils_commands:/home/ffons/ros2_companion_ws/install/first_package_x/lib/python3.10/site-packages:${PYTHONPATH} /usr/bin/python3 -W ignore:setup.py install is deprecated -W ignore:easy_install command is deprecated setup.py egg_info --egg-base ../../build/first_package_x build --build-base /home/ffons/ros2_companion_ws/build/first_package_x/build install --record /home/ffons/ros2_companion_ws/build/first_package_x/install.log --single-version-externally-managed install_data --force
[2.042s] running egg_info
[2.043s] writing ../../build/first_package_x/first_package_x.egg-info/PKG-INFO
[2.044s] writing dependency_links to ../../build/first_package_x/first_package_x.egg-info/dependency_links.txt
[2.044s] writing entry points to ../../build/first_package_x/first_package_x.egg-info/entry_points.txt
[2.045s] writing requirements to ../../build/first_package_x/first_package_x.egg-info/requires.txt
[2.046s] writing top-level names to ../../build/first_package_x/first_package_x.egg-info/top_level.txt
[2.049s] reading manifest file '../../build/first_package_x/first_package_x.egg-info/SOURCES.txt'
[2.051s] writing manifest file '../../build/first_package_x/first_package_x.egg-info/SOURCES.txt'
[2.052s] running build
[2.052s] running build_py
[2.052s] copying first_package_x/first_talker_node.py -> /home/ffons/ros2_companion_ws/build/first_package_x/build/lib/first_package_x
[2.053s] copying first_package_x/draw_circles_node.py -> /home/ffons/ros2_companion_ws/build/first_package_x/build/lib/first_package_x
[2.054s] running install
[2.054s] running install_lib
[2.055s] creating /home/ffons/ros2_companion_ws/install/first_package_x/lib/python3.10/site-packages/first_package_x
[2.056s] copying /home/ffons/ros2_companion_ws/build/first_package_x/build/lib/first_package_x/first_talker_node.py -> /home/ffons/ros2_companion_ws/install/first_package_x/lib/python3.10/site-packages/first_package_x
[2.056s] copying /home/ffons/ros2_companion_ws/build/first_package_x/build/lib/first_package_x/draw_circles_node.py -> /home/ffons/ros2_companion_ws/install/first_package_x/lib/python3.10/site-packages/first_package_x
[2.057s] copying /home/ffons/ros2_companion_ws/build/first_package_x/build/lib/first_package_x/__init__.py -> /home/ffons/ros2_companion_ws/install/first_package_x/lib/python3.10/site-packages/first_package_x
[2.057s] byte-compiling /home/ffons/ros2_companion_ws/install/first_package_x/lib/python3.10/site-packages/first_package_x/first_talker_node.py to first_talker_node.cpython-310.pyc
[2.058s] byte-compiling /home/ffons/ros2_companion_ws/install/first_package_x/lib/python3.10/site-packages/first_package_x/draw_circles_node.py to draw_circles_node.cpython-310.pyc
[2.059s] byte-compiling /home/ffons/ros2_companion_ws/install/first_package_x/lib/python3.10/site-packages/first_package_x/__init__.py to __init__.cpython-310.pyc
[2.060s] running install_data
[2.060s] copying resource/first_package_x -> /home/ffons/ros2_companion_ws/install/first_package_x/share/ament_index/resource_index/packages
[2.061s] copying package.xml -> /home/ffons/ros2_companion_ws/install/first_package_x/share/first_package_x
[2.062s] running install_egg_info
[2.064s] Copying ../../build/first_package_x/first_package_x.egg-info to /home/ffons/ros2_companion_ws/install/first_package_x/lib/python3.10/site-packages/first_package_x-0.0.0-py3.10.egg-info
[2.069s] running install_scripts
[2.095s] Installing draw_circle_turtle script to /home/ffons/ros2_companion_ws/install/first_package_x/lib/first_package_x
[2.095s] Installing test_node_1 script to /home/ffons/ros2_companion_ws/install/first_package_x/lib/first_package_x
[2.096s] writing list of installed files to '/home/ffons/ros2_companion_ws/build/first_package_x/install.log'
[2.128s] Invoked command in '/home/ffons/ros2_companion_ws/scr/first_package_x' returned '0': PYTHONPATH=/home/ffons/ros2_companion_ws/build/first_package_x/prefix_override:/usr/lib/python3/dist-packages/colcon_core/task/python/colcon_distutils_commands:/home/ffons/ros2_companion_ws/install/first_package_x/lib/python3.10/site-packages:${PYTHONPATH} /usr/bin/python3 -W ignore:setup.py install is deprecated -W ignore:easy_install command is deprecated setup.py egg_info --egg-base ../../build/first_package_x build --build-base /home/ffons/ros2_companion_ws/build/first_package_x/build install --record /home/ffons/ros2_companion_ws/build/first_package_x/install.log --single-version-externally-managed install_data --force
