[0.155s] DEBUG:colcon:Command line arguments: ['/usr/bin/colcon', 'build']
[0.155s] DEBUG:colcon:Parsed command line arguments: Namespace(log_base=None, log_level=None, verb_name='build', build_base='build', install_base='install', merge_install=False, symlink_install=False, test_result_base=None, continue_on_error=False, executor='parallel', parallel_workers=8, event_handlers=None, ignore_user_meta=False, metas=['./colcon.meta'], base_paths=['.'], packages_ignore=None, packages_ignore_regex=None, paths=None, packages_up_to=None, packages_up_to_regex=None, packages_above=None, packages_above_and_dependencies=None, packages_above_depth=None, packages_select_by_dep=None, packages_skip_by_dep=None, packages_skip_up_to=None, packages_select_build_failed=False, packages_skip_build_finished=False, packages_select_test_failures=False, packages_skip_test_passed=False, packages_select=None, packages_skip=None, packages_select_regex=None, packages_skip_regex=None, packages_start=None, packages_end=None, allow_overriding=[], cmake_args=None, cmake_target=None, cmake_target_skip_unavailable=False, cmake_clean_cache=False, cmake_clean_first=False, cmake_force_configure=False, ament_cmake_args=None, catkin_cmake_args=None, catkin_skip_building_tests=False, verb_parser=<colcon_defaults.argument_parser.defaults.DefaultArgumentsDecorator object at 0x7bac140bfdf0>, verb_extension=<colcon_core.verb.build.BuildVerb object at 0x7bac14268c40>, main=<bound method BuildVerb.main of <colcon_core.verb.build.BuildVerb object at 0x7bac14268c40>>)
[0.302s] Level 1:colcon.colcon_core.package_discovery:discover_packages(colcon_meta) check parameters
[0.303s] Level 1:colcon.colcon_core.package_discovery:discover_packages(recursive) check parameters
[0.303s] Level 1:colcon.colcon_core.package_discovery:discover_packages(ignore) check parameters
[0.303s] Level 1:colcon.colcon_core.package_discovery:discover_packages(path) check parameters
[0.303s] Level 1:colcon.colcon_core.package_discovery:discover_packages(colcon_meta) discover
[0.303s] Level 1:colcon.colcon_core.package_discovery:discover_packages(recursive) discover
[0.303s] INFO:colcon.colcon_core.package_discovery:Crawling recursively for packages in '/home/ffons/ros2_companion_ws'
[0.303s] Level 1:colcon.colcon_core.package_identification:_identify(.) by extensions ['ignore', 'ignore_ament_install']
[0.303s] Level 1:colcon.colcon_core.package_identification:_identify(.) by extension 'ignore'
[0.303s] Level 1:colcon.colcon_core.package_identification:_identify(.) by extension 'ignore_ament_install'
[0.303s] Level 1:colcon.colcon_core.package_identification:_identify(.) by extensions ['colcon_pkg']
[0.303s] Level 1:colcon.colcon_core.package_identification:_identify(.) by extension 'colcon_pkg'
[0.303s] Level 1:colcon.colcon_core.package_identification:_identify(.) by extensions ['colcon_meta']
[0.303s] Level 1:colcon.colcon_core.package_identification:_identify(.) by extension 'colcon_meta'
[0.303s] Level 1:colcon.colcon_core.package_identification:_identify(.) by extensions ['ros']
[0.303s] Level 1:colcon.colcon_core.package_identification:_identify(.) by extension 'ros'
[0.314s] Level 1:colcon.colcon_core.package_identification:_identify(.) by extensions ['cmake', 'python']
[0.314s] Level 1:colcon.colcon_core.package_identification:_identify(.) by extension 'cmake'
[0.314s] Level 1:colcon.colcon_core.package_identification:_identify(.) by extension 'python'
[0.314s] Level 1:colcon.colcon_core.package_identification:_identify(.) by extensions ['python_setup_py']
[0.314s] Level 1:colcon.colcon_core.package_identification:_identify(.) by extension 'python_setup_py'
[0.314s] Level 1:colcon.colcon_core.package_identification:_identify(build) by extensions ['ignore', 'ignore_ament_install']
[0.314s] Level 1:colcon.colcon_core.package_identification:_identify(build) by extension 'ignore'
[0.314s] Level 1:colcon.colcon_core.package_identification:_identify(build) ignored
[0.315s] Level 1:colcon.colcon_core.package_identification:_identify(install) by extensions ['ignore', 'ignore_ament_install']
[0.315s] Level 1:colcon.colcon_core.package_identification:_identify(install) by extension 'ignore'
[0.315s] Level 1:colcon.colcon_core.package_identification:_identify(install) ignored
[0.315s] Level 1:colcon.colcon_core.package_identification:_identify(log) by extensions ['ignore', 'ignore_ament_install']
[0.315s] Level 1:colcon.colcon_core.package_identification:_identify(log) by extension 'ignore'
[0.315s] Level 1:colcon.colcon_core.package_identification:_identify(log) ignored
[0.316s] Level 1:colcon.colcon_core.package_identification:_identify(scr) by extensions ['ignore', 'ignore_ament_install']
[0.316s] Level 1:colcon.colcon_core.package_identification:_identify(scr) by extension 'ignore'
[0.316s] Level 1:colcon.colcon_core.package_identification:_identify(scr) by extension 'ignore_ament_install'
[0.316s] Level 1:colcon.colcon_core.package_identification:_identify(scr) by extensions ['colcon_pkg']
[0.316s] Level 1:colcon.colcon_core.package_identification:_identify(scr) by extension 'colcon_pkg'
[0.316s] Level 1:colcon.colcon_core.package_identification:_identify(scr) by extensions ['colcon_meta']
[0.316s] Level 1:colcon.colcon_core.package_identification:_identify(scr) by extension 'colcon_meta'
[0.316s] Level 1:colcon.colcon_core.package_identification:_identify(scr) by extensions ['ros']
[0.316s] Level 1:colcon.colcon_core.package_identification:_identify(scr) by extension 'ros'
[0.316s] Level 1:colcon.colcon_core.package_identification:_identify(scr) by extensions ['cmake', 'python']
[0.316s] Level 1:colcon.colcon_core.package_identification:_identify(scr) by extension 'cmake'
[0.316s] Level 1:colcon.colcon_core.package_identification:_identify(scr) by extension 'python'
[0.316s] Level 1:colcon.colcon_core.package_identification:_identify(scr) by extensions ['python_setup_py']
[0.316s] Level 1:colcon.colcon_core.package_identification:_identify(scr) by extension 'python_setup_py'
[0.316s] Level 1:colcon.colcon_core.package_identification:_identify(scr/first_package_x) by extensions ['ignore', 'ignore_ament_install']
[0.317s] Level 1:colcon.colcon_core.package_identification:_identify(scr/first_package_x) by extension 'ignore'
[0.317s] Level 1:colcon.colcon_core.package_identification:_identify(scr/first_package_x) by extension 'ignore_ament_install'
[0.317s] Level 1:colcon.colcon_core.package_identification:_identify(scr/first_package_x) by extensions ['colcon_pkg']
[0.317s] Level 1:colcon.colcon_core.package_identification:_identify(scr/first_package_x) by extension 'colcon_pkg'
[0.317s] Level 1:colcon.colcon_core.package_identification:_identify(scr/first_package_x) by extensions ['colcon_meta']
[0.317s] Level 1:colcon.colcon_core.package_identification:_identify(scr/first_package_x) by extension 'colcon_meta'
[0.317s] Level 1:colcon.colcon_core.package_identification:_identify(scr/first_package_x) by extensions ['ros']
[0.317s] Level 1:colcon.colcon_core.package_identification:_identify(scr/first_package_x) by extension 'ros'
[0.320s] DEBUG:colcon.colcon_core.package_identification:Package 'scr/first_package_x' with type 'ros.ament_python' and name 'first_package_x'
[0.320s] Level 1:colcon.colcon_core.package_identification:_identify(scr/my_robot_bringup) by extensions ['ignore', 'ignore_ament_install']
[0.321s] Level 1:colcon.colcon_core.package_identification:_identify(scr/my_robot_bringup) by extension 'ignore'
[0.321s] Level 1:colcon.colcon_core.package_identification:_identify(scr/my_robot_bringup) by extension 'ignore_ament_install'
[0.321s] Level 1:colcon.colcon_core.package_identification:_identify(scr/my_robot_bringup) by extensions ['colcon_pkg']
[0.321s] Level 1:colcon.colcon_core.package_identification:_identify(scr/my_robot_bringup) by extension 'colcon_pkg'
[0.321s] Level 1:colcon.colcon_core.package_identification:_identify(scr/my_robot_bringup) by extensions ['colcon_meta']
[0.321s] Level 1:colcon.colcon_core.package_identification:_identify(scr/my_robot_bringup) by extension 'colcon_meta'
[0.321s] Level 1:colcon.colcon_core.package_identification:_identify(scr/my_robot_bringup) by extensions ['ros']
[0.321s] Level 1:colcon.colcon_core.package_identification:_identify(scr/my_robot_bringup) by extension 'ros'
[0.321s] DEBUG:colcon.colcon_core.package_identification:Package 'scr/my_robot_bringup' with type 'ros.ament_cmake' and name 'my_robot_bringup'
[0.322s] Level 1:colcon.colcon_core.package_identification:_identify(scr/my_robot_description) by extensions ['ignore', 'ignore_ament_install']
[0.322s] Level 1:colcon.colcon_core.package_identification:_identify(scr/my_robot_description) by extension 'ignore'
[0.322s] Level 1:colcon.colcon_core.package_identification:_identify(scr/my_robot_description) by extension 'ignore_ament_install'
[0.322s] Level 1:colcon.colcon_core.package_identification:_identify(scr/my_robot_description) by extensions ['colcon_pkg']
[0.322s] Level 1:colcon.colcon_core.package_identification:_identify(scr/my_robot_description) by extension 'colcon_pkg'
[0.322s] Level 1:colcon.colcon_core.package_identification:_identify(scr/my_robot_description) by extensions ['colcon_meta']
[0.322s] Level 1:colcon.colcon_core.package_identification:_identify(scr/my_robot_description) by extension 'colcon_meta'
[0.322s] Level 1:colcon.colcon_core.package_identification:_identify(scr/my_robot_description) by extensions ['ros']
[0.322s] Level 1:colcon.colcon_core.package_identification:_identify(scr/my_robot_description) by extension 'ros'
[0.322s] DEBUG:colcon.colcon_core.package_identification:Package 'scr/my_robot_description' with type 'ros.ament_python' and name 'my_robot_description'
[0.322s] Level 1:colcon.colcon_core.package_discovery:discover_packages(recursive) using defaults
[0.323s] Level 1:colcon.colcon_core.package_discovery:discover_packages(ignore) discover
[0.323s] Level 1:colcon.colcon_core.package_discovery:discover_packages(ignore) using defaults
[0.323s] Level 1:colcon.colcon_core.package_discovery:discover_packages(path) discover
[0.323s] Level 1:colcon.colcon_core.package_discovery:discover_packages(path) using defaults
[0.342s] Level 1:colcon.colcon_core.package_discovery:discover_packages(prefix_path) check parameters
[0.343s] Level 1:colcon.colcon_core.package_discovery:discover_packages(prefix_path) discover
[0.344s] DEBUG:colcon.colcon_installed_package_information.package_discovery:Found 3 installed packages in /home/ffons/ros2_companion_ws/install
[0.345s] DEBUG:colcon.colcon_installed_package_information.package_discovery:Found 276 installed packages in /opt/ros/humble
[0.347s] Level 1:colcon.colcon_core.package_discovery:discover_packages(prefix_path) using defaults
[0.394s] Level 5:colcon.colcon_core.verb:set package 'first_package_x' build argument 'cmake_args' from command line to 'None'
[0.394s] Level 5:colcon.colcon_core.verb:set package 'first_package_x' build argument 'cmake_target' from command line to 'None'
[0.394s] Level 5:colcon.colcon_core.verb:set package 'first_package_x' build argument 'cmake_target_skip_unavailable' from command line to 'False'
[0.394s] Level 5:colcon.colcon_core.verb:set package 'first_package_x' build argument 'cmake_clean_cache' from command line to 'False'
[0.394s] Level 5:colcon.colcon_core.verb:set package 'first_package_x' build argument 'cmake_clean_first' from command line to 'False'
[0.394s] Level 5:colcon.colcon_core.verb:set package 'first_package_x' build argument 'cmake_force_configure' from command line to 'False'
[0.394s] Level 5:colcon.colcon_core.verb:set package 'first_package_x' build argument 'ament_cmake_args' from command line to 'None'
[0.394s] Level 5:colcon.colcon_core.verb:set package 'first_package_x' build argument 'catkin_cmake_args' from command line to 'None'
[0.394s] Level 5:colcon.colcon_core.verb:set package 'first_package_x' build argument 'catkin_skip_building_tests' from command line to 'False'
[0.394s] DEBUG:colcon.colcon_core.verb:Building package 'first_package_x' with the following arguments: {'ament_cmake_args': None, 'build_base': '/home/ffons/ros2_companion_ws/build/first_package_x', 'catkin_cmake_args': None, 'catkin_skip_building_tests': False, 'cmake_args': None, 'cmake_clean_cache': False, 'cmake_clean_first': False, 'cmake_force_configure': False, 'cmake_target': None, 'cmake_target_skip_unavailable': False, 'install_base': '/home/ffons/ros2_companion_ws/install/first_package_x', 'merge_install': False, 'path': '/home/ffons/ros2_companion_ws/scr/first_package_x', 'symlink_install': False, 'test_result_base': None}
[0.395s] Level 5:colcon.colcon_core.verb:set package 'my_robot_bringup' build argument 'cmake_args' from command line to 'None'
[0.395s] Level 5:colcon.colcon_core.verb:set package 'my_robot_bringup' build argument 'cmake_target' from command line to 'None'
[0.395s] Level 5:colcon.colcon_core.verb:set package 'my_robot_bringup' build argument 'cmake_target_skip_unavailable' from command line to 'False'
[0.395s] Level 5:colcon.colcon_core.verb:set package 'my_robot_bringup' build argument 'cmake_clean_cache' from command line to 'False'
[0.395s] Level 5:colcon.colcon_core.verb:set package 'my_robot_bringup' build argument 'cmake_clean_first' from command line to 'False'
[0.395s] Level 5:colcon.colcon_core.verb:set package 'my_robot_bringup' build argument 'cmake_force_configure' from command line to 'False'
[0.395s] Level 5:colcon.colcon_core.verb:set package 'my_robot_bringup' build argument 'ament_cmake_args' from command line to 'None'
[0.395s] Level 5:colcon.colcon_core.verb:set package 'my_robot_bringup' build argument 'catkin_cmake_args' from command line to 'None'
[0.395s] Level 5:colcon.colcon_core.verb:set package 'my_robot_bringup' build argument 'catkin_skip_building_tests' from command line to 'False'
[0.395s] DEBUG:colcon.colcon_core.verb:Building package 'my_robot_bringup' with the following arguments: {'ament_cmake_args': None, 'build_base': '/home/ffons/ros2_companion_ws/build/my_robot_bringup', 'catkin_cmake_args': None, 'catkin_skip_building_tests': False, 'cmake_args': None, 'cmake_clean_cache': False, 'cmake_clean_first': False, 'cmake_force_configure': False, 'cmake_target': None, 'cmake_target_skip_unavailable': False, 'install_base': '/home/ffons/ros2_companion_ws/install/my_robot_bringup', 'merge_install': False, 'path': '/home/ffons/ros2_companion_ws/scr/my_robot_bringup', 'symlink_install': False, 'test_result_base': None}
[0.395s] Level 5:colcon.colcon_core.verb:set package 'my_robot_description' build argument 'cmake_args' from command line to 'None'
[0.395s] Level 5:colcon.colcon_core.verb:set package 'my_robot_description' build argument 'cmake_target' from command line to 'None'
[0.395s] Level 5:colcon.colcon_core.verb:set package 'my_robot_description' build argument 'cmake_target_skip_unavailable' from command line to 'False'
[0.396s] Level 5:colcon.colcon_core.verb:set package 'my_robot_description' build argument 'cmake_clean_cache' from command line to 'False'
[0.396s] Level 5:colcon.colcon_core.verb:set package 'my_robot_description' build argument 'cmake_clean_first' from command line to 'False'
[0.396s] Level 5:colcon.colcon_core.verb:set package 'my_robot_description' build argument 'cmake_force_configure' from command line to 'False'
[0.396s] Level 5:colcon.colcon_core.verb:set package 'my_robot_description' build argument 'ament_cmake_args' from command line to 'None'
[0.396s] Level 5:colcon.colcon_core.verb:set package 'my_robot_description' build argument 'catkin_cmake_args' from command line to 'None'
[0.396s] Level 5:colcon.colcon_core.verb:set package 'my_robot_description' build argument 'catkin_skip_building_tests' from command line to 'False'
[0.396s] DEBUG:colcon.colcon_core.verb:Building package 'my_robot_description' with the following arguments: {'ament_cmake_args': None, 'build_base': '/home/ffons/ros2_companion_ws/build/my_robot_description', 'catkin_cmake_args': None, 'catkin_skip_building_tests': False, 'cmake_args': None, 'cmake_clean_cache': False, 'cmake_clean_first': False, 'cmake_force_configure': False, 'cmake_target': None, 'cmake_target_skip_unavailable': False, 'install_base': '/home/ffons/ros2_companion_ws/install/my_robot_description', 'merge_install': False, 'path': '/home/ffons/ros2_companion_ws/scr/my_robot_description', 'symlink_install': False, 'test_result_base': None}
[0.396s] INFO:colcon.colcon_core.executor:Executing jobs using 'parallel' executor
[0.397s] DEBUG:colcon.colcon_parallel_executor.executor.parallel:run_until_complete
[0.397s] INFO:colcon.colcon_ros.task.ament_python.build:Building ROS package in '/home/ffons/ros2_companion_ws/scr/first_package_x' with build type 'ament_python'
[0.397s] Level 1:colcon.colcon_core.shell:create_environment_hook('first_package_x', 'ament_prefix_path')
[0.400s] INFO:colcon.colcon_core.plugin_system:Skipping extension 'colcon_core.shell.bat': Not used on non-Windows systems
[0.400s] INFO:colcon.colcon_core.shell:Creating environment hook '/home/ffons/ros2_companion_ws/install/first_package_x/share/first_package_x/hook/ament_prefix_path.ps1'
[0.401s] INFO:colcon.colcon_core.shell:Creating environment descriptor '/home/ffons/ros2_companion_ws/install/first_package_x/share/first_package_x/hook/ament_prefix_path.dsv'
[0.402s] INFO:colcon.colcon_core.shell:Creating environment hook '/home/ffons/ros2_companion_ws/install/first_package_x/share/first_package_x/hook/ament_prefix_path.sh'
[0.403s] INFO:colcon.colcon_core.shell:Skip shell extension 'powershell' for command environment: Not usable outside of PowerShell
[0.403s] DEBUG:colcon.colcon_core.shell:Skip shell extension 'dsv' for command environment
[0.406s] INFO:colcon.colcon_ros.task.ament_cmake.build:Building ROS package in '/home/ffons/ros2_companion_ws/scr/my_robot_bringup' with build type 'ament_cmake'
[0.406s] INFO:colcon.colcon_cmake.task.cmake.build:Building CMake package in '/home/ffons/ros2_companion_ws/scr/my_robot_bringup'
[0.406s] INFO:colcon.colcon_core.shell:Skip shell extension 'powershell' for command environment: Not usable outside of PowerShell
[0.406s] DEBUG:colcon.colcon_core.shell:Skip shell extension 'dsv' for command environment
[0.410s] INFO:colcon.colcon_ros.task.ament_python.build:Building ROS package in '/home/ffons/ros2_companion_ws/scr/my_robot_description' with build type 'ament_python'
[0.410s] Level 1:colcon.colcon_core.shell:create_environment_hook('my_robot_description', 'ament_prefix_path')
[0.411s] INFO:colcon.colcon_core.shell:Creating environment hook '/home/ffons/ros2_companion_ws/install/my_robot_description/share/my_robot_description/hook/ament_prefix_path.ps1'
[0.412s] INFO:colcon.colcon_core.shell:Creating environment descriptor '/home/ffons/ros2_companion_ws/install/my_robot_description/share/my_robot_description/hook/ament_prefix_path.dsv'
[0.412s] INFO:colcon.colcon_core.shell:Creating environment hook '/home/ffons/ros2_companion_ws/install/my_robot_description/share/my_robot_description/hook/ament_prefix_path.sh'
[0.413s] INFO:colcon.colcon_core.shell:Skip shell extension 'powershell' for command environment: Not usable outside of PowerShell
[0.413s] DEBUG:colcon.colcon_core.shell:Skip shell extension 'dsv' for command environment
[0.651s] INFO:colcon.colcon_core.task.python.build:Building Python package in '/home/ffons/ros2_companion_ws/scr/first_package_x'
[0.651s] INFO:colcon.colcon_core.shell:Skip shell extension 'powershell' for command environment: Not usable outside of PowerShell
[0.651s] DEBUG:colcon.colcon_core.shell:Skip shell extension 'dsv' for command environment
[0.662s] DEBUG:colcon.colcon_core.event_handler.log_command:Invoking command in '/home/ffons/ros2_companion_ws/build/my_robot_bringup': CMAKE_PREFIX_PATH=/home/ffons/ros2_companion_ws/install/my_robot_description:/home/ffons/ros2_companion_ws/install/first_package_x:/opt/ros/humble /usr/bin/cmake --build /home/ffons/ros2_companion_ws/build/my_robot_bringup -- -j8 -l8
[0.892s] INFO:colcon.colcon_core.task.python.build:Building Python package in '/home/ffons/ros2_companion_ws/scr/my_robot_description'
[0.893s] INFO:colcon.colcon_core.shell:Skip shell extension 'powershell' for command environment: Not usable outside of PowerShell
[0.893s] DEBUG:colcon.colcon_core.shell:Skip shell extension 'dsv' for command environment
[0.899s] DEBUG:colcon.colcon_core.event_handler.log_command:Invoked command in '/home/ffons/ros2_companion_ws/build/my_robot_bringup' returned '0': CMAKE_PREFIX_PATH=/home/ffons/ros2_companion_ws/install/my_robot_description:/home/ffons/ros2_companion_ws/install/first_package_x:/opt/ros/humble /usr/bin/cmake --build /home/ffons/ros2_companion_ws/build/my_robot_bringup -- -j8 -l8
[0.910s] DEBUG:colcon.colcon_core.event_handler.log_command:Invoking command in '/home/ffons/ros2_companion_ws/build/my_robot_bringup': CMAKE_PREFIX_PATH=/home/ffons/ros2_companion_ws/install/my_robot_description:/home/ffons/ros2_companion_ws/install/first_package_x:/opt/ros/humble /usr/bin/cmake --install /home/ffons/ros2_companion_ws/build/my_robot_bringup
[0.922s] Level 1:colcon.colcon_core.environment:create_environment_scripts_only(my_robot_bringup)
[0.923s] DEBUG:colcon.colcon_core.event_handler.log_command:Invoked command in '/home/ffons/ros2_companion_ws/build/my_robot_bringup' returned '0': CMAKE_PREFIX_PATH=/home/ffons/ros2_companion_ws/install/my_robot_description:/home/ffons/ros2_companion_ws/install/first_package_x:/opt/ros/humble /usr/bin/cmake --install /home/ffons/ros2_companion_ws/build/my_robot_bringup
[0.924s] Level 1:colcon.colcon_core.environment:checking '/home/ffons/ros2_companion_ws/install/my_robot_bringup' for CMake module files
[0.925s] Level 1:colcon.colcon_core.environment:checking '/home/ffons/ros2_companion_ws/install/my_robot_bringup' for CMake config files
[0.926s] Level 1:colcon.colcon_core.shell:create_environment_hook('my_robot_bringup', 'cmake_prefix_path')
[0.926s] INFO:colcon.colcon_core.shell:Creating environment hook '/home/ffons/ros2_companion_ws/install/my_robot_bringup/share/my_robot_bringup/hook/cmake_prefix_path.ps1'
[0.927s] INFO:colcon.colcon_core.shell:Creating environment descriptor '/home/ffons/ros2_companion_ws/install/my_robot_bringup/share/my_robot_bringup/hook/cmake_prefix_path.dsv'
[0.928s] INFO:colcon.colcon_core.shell:Creating environment hook '/home/ffons/ros2_companion_ws/install/my_robot_bringup/share/my_robot_bringup/hook/cmake_prefix_path.sh'
[0.929s] Level 1:colcon.colcon_core.environment:checking '/home/ffons/ros2_companion_ws/install/my_robot_bringup/bin'
[0.929s] Level 1:colcon.colcon_core.environment:checking '/home/ffons/ros2_companion_ws/install/my_robot_bringup/lib/pkgconfig/my_robot_bringup.pc'
[0.930s] Level 1:colcon.colcon_core.environment:checking '/home/ffons/ros2_companion_ws/install/my_robot_bringup/lib/python3.10/site-packages'
[0.930s] Level 1:colcon.colcon_core.environment:checking '/home/ffons/ros2_companion_ws/install/my_robot_bringup/bin'
[0.931s] INFO:colcon.colcon_core.shell:Creating package script '/home/ffons/ros2_companion_ws/install/my_robot_bringup/share/my_robot_bringup/package.ps1'
[0.932s] INFO:colcon.colcon_core.shell:Creating package descriptor '/home/ffons/ros2_companion_ws/install/my_robot_bringup/share/my_robot_bringup/package.dsv'
[0.933s] INFO:colcon.colcon_core.shell:Creating package script '/home/ffons/ros2_companion_ws/install/my_robot_bringup/share/my_robot_bringup/package.sh'
[0.935s] INFO:colcon.colcon_core.shell:Creating package script '/home/ffons/ros2_companion_ws/install/my_robot_bringup/share/my_robot_bringup/package.bash'
[0.936s] INFO:colcon.colcon_core.shell:Creating package script '/home/ffons/ros2_companion_ws/install/my_robot_bringup/share/my_robot_bringup/package.zsh'
[0.938s] Level 1:colcon.colcon_core.environment:create_file_with_runtime_dependencies(/home/ffons/ros2_companion_ws/install/my_robot_bringup/share/colcon-core/packages/my_robot_bringup)
[0.938s] Level 1:colcon.colcon_core.environment:create_environment_scripts_only(my_robot_bringup)
[0.939s] Level 1:colcon.colcon_core.environment:checking '/home/ffons/ros2_companion_ws/install/my_robot_bringup' for CMake module files
[0.939s] Level 1:colcon.colcon_core.environment:checking '/home/ffons/ros2_companion_ws/install/my_robot_bringup' for CMake config files
[0.940s] Level 1:colcon.colcon_core.shell:create_environment_hook('my_robot_bringup', 'cmake_prefix_path')
[0.940s] INFO:colcon.colcon_core.shell:Creating environment hook '/home/ffons/ros2_companion_ws/install/my_robot_bringup/share/my_robot_bringup/hook/cmake_prefix_path.ps1'
[0.941s] INFO:colcon.colcon_core.shell:Creating environment descriptor '/home/ffons/ros2_companion_ws/install/my_robot_bringup/share/my_robot_bringup/hook/cmake_prefix_path.dsv'
[0.942s] INFO:colcon.colcon_core.shell:Creating environment hook '/home/ffons/ros2_companion_ws/install/my_robot_bringup/share/my_robot_bringup/hook/cmake_prefix_path.sh'
[0.943s] Level 1:colcon.colcon_core.environment:checking '/home/ffons/ros2_companion_ws/install/my_robot_bringup/bin'
[0.943s] Level 1:colcon.colcon_core.environment:checking '/home/ffons/ros2_companion_ws/install/my_robot_bringup/lib/pkgconfig/my_robot_bringup.pc'
[0.943s] Level 1:colcon.colcon_core.environment:checking '/home/ffons/ros2_companion_ws/install/my_robot_bringup/lib/python3.10/site-packages'
[0.943s] Level 1:colcon.colcon_core.environment:checking '/home/ffons/ros2_companion_ws/install/my_robot_bringup/bin'
[0.944s] INFO:colcon.colcon_core.shell:Creating package script '/home/ffons/ros2_companion_ws/install/my_robot_bringup/share/my_robot_bringup/package.ps1'
[0.944s] INFO:colcon.colcon_core.shell:Creating package descriptor '/home/ffons/ros2_companion_ws/install/my_robot_bringup/share/my_robot_bringup/package.dsv'
[0.945s] INFO:colcon.colcon_core.shell:Creating package script '/home/ffons/ros2_companion_ws/install/my_robot_bringup/share/my_robot_bringup/package.sh'
[0.946s] INFO:colcon.colcon_core.shell:Creating package script '/home/ffons/ros2_companion_ws/install/my_robot_bringup/share/my_robot_bringup/package.bash'
[0.947s] INFO:colcon.colcon_core.shell:Creating package script '/home/ffons/ros2_companion_ws/install/my_robot_bringup/share/my_robot_bringup/package.zsh'
[0.948s] Level 1:colcon.colcon_core.environment:create_file_with_runtime_dependencies(/home/ffons/ros2_companion_ws/install/my_robot_bringup/share/colcon-core/packages/my_robot_bringup)
[1.271s] DEBUG:colcon.colcon_core.event_handler.log_command:Invoking command in '/home/ffons/ros2_companion_ws/scr/first_package_x': PYTHONPATH=/home/ffons/ros2_companion_ws/build/first_package_x/prefix_override:/usr/lib/python3/dist-packages/colcon_core/task/python/colcon_distutils_commands:/home/ffons/ros2_companion_ws/install/first_package_x/lib/python3.10/site-packages:${PYTHONPATH} /usr/bin/python3 -W ignore:setup.py install is deprecated -W ignore:easy_install command is deprecated setup.py egg_info --egg-base ../../build/first_package_x build --build-base /home/ffons/ros2_companion_ws/build/first_package_x/build install --record /home/ffons/ros2_companion_ws/build/first_package_x/install.log --single-version-externally-managed install_data
[1.285s] DEBUG:colcon.colcon_core.event_handler.log_command:Invoking command in '/home/ffons/ros2_companion_ws/scr/my_robot_description': PYTHONPATH=/home/ffons/ros2_companion_ws/build/my_robot_description/prefix_override:/usr/lib/python3/dist-packages/colcon_core/task/python/colcon_distutils_commands:/home/ffons/ros2_companion_ws/install/my_robot_description/lib/python3.10/site-packages:${PYTHONPATH} /usr/bin/python3 -W ignore:setup.py install is deprecated -W ignore:easy_install command is deprecated setup.py egg_info --egg-base ../../build/my_robot_description build --build-base /home/ffons/ros2_companion_ws/build/my_robot_description/build install --record /home/ffons/ros2_companion_ws/build/my_robot_description/install.log --single-version-externally-managed install_data
[1.580s] Level 1:colcon.colcon_core.environment:checking '/home/ffons/ros2_companion_ws/install/first_package_x' for CMake module files
[1.581s] DEBUG:colcon.colcon_core.event_handler.log_command:Invoked command in '/home/ffons/ros2_companion_ws/scr/first_package_x' returned '0': PYTHONPATH=/home/ffons/ros2_companion_ws/build/first_package_x/prefix_override:/usr/lib/python3/dist-packages/colcon_core/task/python/colcon_distutils_commands:/home/ffons/ros2_companion_ws/install/first_package_x/lib/python3.10/site-packages:${PYTHONPATH} /usr/bin/python3 -W ignore:setup.py install is deprecated -W ignore:easy_install command is deprecated setup.py egg_info --egg-base ../../build/first_package_x build --build-base /home/ffons/ros2_companion_ws/build/first_package_x/build install --record /home/ffons/ros2_companion_ws/build/first_package_x/install.log --single-version-externally-managed install_data
[1.582s] Level 1:colcon.colcon_core.environment:checking '/home/ffons/ros2_companion_ws/install/first_package_x' for CMake config files
[1.583s] Level 1:colcon.colcon_core.environment:checking '/home/ffons/ros2_companion_ws/install/first_package_x/lib'
[1.583s] Level 1:colcon.colcon_core.environment:checking '/home/ffons/ros2_companion_ws/install/first_package_x/bin'
[1.584s] Level 1:colcon.colcon_core.environment:checking '/home/ffons/ros2_companion_ws/install/first_package_x/lib/pkgconfig/first_package_x.pc'
[1.584s] Level 1:colcon.colcon_core.environment:checking '/home/ffons/ros2_companion_ws/install/first_package_x/lib/python3.10/site-packages'
[1.584s] Level 1:colcon.colcon_core.shell:create_environment_hook('first_package_x', 'pythonpath')
[1.585s] INFO:colcon.colcon_core.shell:Creating environment hook '/home/ffons/ros2_companion_ws/install/first_package_x/share/first_package_x/hook/pythonpath.ps1'
[1.585s] INFO:colcon.colcon_core.shell:Creating environment descriptor '/home/ffons/ros2_companion_ws/install/first_package_x/share/first_package_x/hook/pythonpath.dsv'
[1.586s] INFO:colcon.colcon_core.shell:Creating environment hook '/home/ffons/ros2_companion_ws/install/first_package_x/share/first_package_x/hook/pythonpath.sh'
[1.588s] Level 1:colcon.colcon_core.environment:checking '/home/ffons/ros2_companion_ws/install/first_package_x/bin'
[1.588s] Level 1:colcon.colcon_core.environment:create_environment_scripts_only(first_package_x)
[1.588s] INFO:colcon.colcon_core.shell:Creating package script '/home/ffons/ros2_companion_ws/install/first_package_x/share/first_package_x/package.ps1'
[1.589s] INFO:colcon.colcon_core.shell:Creating package descriptor '/home/ffons/ros2_companion_ws/install/first_package_x/share/first_package_x/package.dsv'
[1.590s] INFO:colcon.colcon_core.shell:Creating package script '/home/ffons/ros2_companion_ws/install/first_package_x/share/first_package_x/package.sh'
[1.591s] INFO:colcon.colcon_core.shell:Creating package script '/home/ffons/ros2_companion_ws/install/first_package_x/share/first_package_x/package.bash'
[1.592s] INFO:colcon.colcon_core.shell:Creating package script '/home/ffons/ros2_companion_ws/install/first_package_x/share/first_package_x/package.zsh'
[1.593s] Level 1:colcon.colcon_core.environment:create_file_with_runtime_dependencies(/home/ffons/ros2_companion_ws/install/first_package_x/share/colcon-core/packages/first_package_x)
[1.618s] Level 1:colcon.colcon_core.environment:checking '/home/ffons/ros2_companion_ws/install/my_robot_description' for CMake module files
[1.619s] DEBUG:colcon.colcon_core.event_handler.log_command:Invoked command in '/home/ffons/ros2_companion_ws/scr/my_robot_description' returned '0': PYTHONPATH=/home/ffons/ros2_companion_ws/build/my_robot_description/prefix_override:/usr/lib/python3/dist-packages/colcon_core/task/python/colcon_distutils_commands:/home/ffons/ros2_companion_ws/install/my_robot_description/lib/python3.10/site-packages:${PYTHONPATH} /usr/bin/python3 -W ignore:setup.py install is deprecated -W ignore:easy_install command is deprecated setup.py egg_info --egg-base ../../build/my_robot_description build --build-base /home/ffons/ros2_companion_ws/build/my_robot_description/build install --record /home/ffons/ros2_companion_ws/build/my_robot_description/install.log --single-version-externally-managed install_data
[1.619s] Level 1:colcon.colcon_core.environment:checking '/home/ffons/ros2_companion_ws/install/my_robot_description' for CMake config files
[1.620s] Level 1:colcon.colcon_core.environment:checking '/home/ffons/ros2_companion_ws/install/my_robot_description/lib'
[1.620s] Level 1:colcon.colcon_core.environment:checking '/home/ffons/ros2_companion_ws/install/my_robot_description/bin'
[1.620s] Level 1:colcon.colcon_core.environment:checking '/home/ffons/ros2_companion_ws/install/my_robot_description/lib/pkgconfig/my_robot_description.pc'
[1.620s] Level 1:colcon.colcon_core.environment:checking '/home/ffons/ros2_companion_ws/install/my_robot_description/lib/python3.10/site-packages'
[1.621s] Level 1:colcon.colcon_core.shell:create_environment_hook('my_robot_description', 'pythonpath')
[1.621s] INFO:colcon.colcon_core.shell:Creating environment hook '/home/ffons/ros2_companion_ws/install/my_robot_description/share/my_robot_description/hook/pythonpath.ps1'
[1.622s] INFO:colcon.colcon_core.shell:Creating environment descriptor '/home/ffons/ros2_companion_ws/install/my_robot_description/share/my_robot_description/hook/pythonpath.dsv'
[1.623s] INFO:colcon.colcon_core.shell:Creating environment hook '/home/ffons/ros2_companion_ws/install/my_robot_description/share/my_robot_description/hook/pythonpath.sh'
[1.624s] Level 1:colcon.colcon_core.environment:checking '/home/ffons/ros2_companion_ws/install/my_robot_description/bin'
[1.624s] Level 1:colcon.colcon_core.environment:create_environment_scripts_only(my_robot_description)
[1.624s] INFO:colcon.colcon_core.shell:Creating package script '/home/ffons/ros2_companion_ws/install/my_robot_description/share/my_robot_description/package.ps1'
[1.626s] INFO:colcon.colcon_core.shell:Creating package descriptor '/home/ffons/ros2_companion_ws/install/my_robot_description/share/my_robot_description/package.dsv'
[1.627s] INFO:colcon.colcon_core.shell:Creating package script '/home/ffons/ros2_companion_ws/install/my_robot_description/share/my_robot_description/package.sh'
[1.627s] INFO:colcon.colcon_core.shell:Creating package script '/home/ffons/ros2_companion_ws/install/my_robot_description/share/my_robot_description/package.bash'
[1.628s] INFO:colcon.colcon_core.shell:Creating package script '/home/ffons/ros2_companion_ws/install/my_robot_description/share/my_robot_description/package.zsh'
[1.628s] Level 1:colcon.colcon_core.environment:create_file_with_runtime_dependencies(/home/ffons/ros2_companion_ws/install/my_robot_description/share/colcon-core/packages/my_robot_description)
[1.628s] DEBUG:colcon.colcon_parallel_executor.executor.parallel:closing loop
[1.629s] DEBUG:colcon.colcon_parallel_executor.executor.parallel:loop closed
[1.629s] DEBUG:colcon.colcon_parallel_executor.executor.parallel:run_until_complete finished with '0'
[1.629s] DEBUG:colcon.colcon_core.event_reactor:joining thread
[1.670s] INFO:colcon.colcon_core.plugin_system:Skipping extension 'colcon_notification.desktop_notification.notify_send': Could not find 'notify-send'
[1.670s] INFO:colcon.colcon_core.plugin_system:Skipping extension 'colcon_notification.desktop_notification.terminal_notifier': Not used on non-Darwin systems
[1.670s] INFO:colcon.colcon_core.plugin_system:Skipping extension 'colcon_notification.desktop_notification.win32': Not used on non-Windows systems
[1.670s] INFO:colcon.colcon_notification.desktop_notification:Sending desktop notification using 'notify2'
[1.671s] DEBUG:colcon.colcon_notification.desktop_notification.notify2:Failed to initialize notify2: org.freedesktop.DBus.Error.FileNotFound: Failed to connect to socket /run/user/1000/bus: No such file or directory
[1.671s] DEBUG:colcon.colcon_core.event_reactor:joined thread
[1.671s] INFO:colcon.colcon_core.shell:Creating prefix script '/home/ffons/ros2_companion_ws/install/local_setup.ps1'
[1.672s] INFO:colcon.colcon_core.shell:Creating prefix util module '/home/ffons/ros2_companion_ws/install/_local_setup_util_ps1.py'
[1.673s] INFO:colcon.colcon_core.shell:Creating prefix chain script '/home/ffons/ros2_companion_ws/install/setup.ps1'
[1.674s] INFO:colcon.colcon_core.shell:Creating prefix script '/home/ffons/ros2_companion_ws/install/local_setup.sh'
[1.675s] INFO:colcon.colcon_core.shell:Creating prefix util module '/home/ffons/ros2_companion_ws/install/_local_setup_util_sh.py'
[1.675s] INFO:colcon.colcon_core.shell:Creating prefix chain script '/home/ffons/ros2_companion_ws/install/setup.sh'
[1.676s] INFO:colcon.colcon_core.shell:Creating prefix script '/home/ffons/ros2_companion_ws/install/local_setup.bash'
[1.676s] INFO:colcon.colcon_core.shell:Creating prefix chain script '/home/ffons/ros2_companion_ws/install/setup.bash'
[1.677s] INFO:colcon.colcon_core.shell:Creating prefix script '/home/ffons/ros2_companion_ws/install/local_setup.zsh'
[1.678s] INFO:colcon.colcon_core.shell:Creating prefix chain script '/home/ffons/ros2_companion_ws/install/setup.zsh'
