[0.852s] Invoking command in '/home/ffons/ros2_companion_ws/scr/actions_py': PYTHONPATH=/home/ffons/ros2_companion_ws/build/actions_py/prefix_override:/usr/lib/python3/dist-packages/colcon_core/task/python/colcon_distutils_commands:/home/ffons/ros2_companion_ws/install/actions_py/lib/python3.10/site-packages:${PYTHONPATH} /usr/bin/python3 -W ignore:setup.py install is deprecated -W ignore:easy_install command is deprecated setup.py egg_info --egg-base ../../build/actions_py build --build-base /home/ffons/ros2_companion_ws/build/actions_py/build install --record /home/ffons/ros2_companion_ws/build/actions_py/install.log --single-version-externally-managed install_data
[1.139s] running egg_info
[1.142s] creating ../../build/actions_py/actions_py.egg-info
[1.144s] writing ../../build/actions_py/actions_py.egg-info/PKG-INFO
[1.144s] writing dependency_links to ../../build/actions_py/actions_py.egg-info/dependency_links.txt
[1.145s] writing entry points to ../../build/actions_py/actions_py.egg-info/entry_points.txt
[1.145s] writing requirements to ../../build/actions_py/actions_py.egg-info/requires.txt
[1.145s] writing top-level names to ../../build/actions_py/actions_py.egg-info/top_level.txt
[1.147s] writing manifest file '../../build/actions_py/actions_py.egg-info/SOURCES.txt'
[1.152s] reading manifest file '../../build/actions_py/actions_py.egg-info/SOURCES.txt'
[1.154s] writing manifest file '../../build/actions_py/actions_py.egg-info/SOURCES.txt'
[1.154s] running build
[1.155s] running build_py
[1.155s] creating /home/ffons/ros2_companion_ws/build/actions_py/build
[1.156s] creating /home/ffons/ros2_companion_ws/build/actions_py/build/lib
[1.157s] creating /home/ffons/ros2_companion_ws/build/actions_py/build/lib/actions_py
[1.158s] copying actions_py/count_until_server.py -> /home/ffons/ros2_companion_ws/build/actions_py/build/lib/actions_py
[1.159s] copying actions_py/__init__.py -> /home/ffons/ros2_companion_ws/build/actions_py/build/lib/actions_py
[1.160s] running install
[1.161s] running install_lib
[1.162s] creating /home/ffons/ros2_companion_ws/install/actions_py/lib/python3.10/site-packages/actions_py
[1.164s] copying /home/ffons/ros2_companion_ws/build/actions_py/build/lib/actions_py/count_until_server.py -> /home/ffons/ros2_companion_ws/install/actions_py/lib/python3.10/site-packages/actions_py
[1.164s] copying /home/ffons/ros2_companion_ws/build/actions_py/build/lib/actions_py/__init__.py -> /home/ffons/ros2_companion_ws/install/actions_py/lib/python3.10/site-packages/actions_py
[1.167s] byte-compiling /home/ffons/ros2_companion_ws/install/actions_py/lib/python3.10/site-packages/actions_py/count_until_server.py to count_until_server.cpython-310.pyc
[1.170s] byte-compiling /home/ffons/ros2_companion_ws/install/actions_py/lib/python3.10/site-packages/actions_py/__init__.py to __init__.cpython-310.pyc
[1.170s] running install_data
[1.170s] creating /home/ffons/ros2_companion_ws/install/actions_py/share/ament_index
[1.171s] creating /home/ffons/ros2_companion_ws/install/actions_py/share/ament_index/resource_index
[1.172s] creating /home/ffons/ros2_companion_ws/install/actions_py/share/ament_index/resource_index/packages
[1.173s] copying resource/actions_py -> /home/ffons/ros2_companion_ws/install/actions_py/share/ament_index/resource_index/packages
[1.173s] copying package.xml -> /home/ffons/ros2_companion_ws/install/actions_py/share/actions_py
[1.173s] running install_egg_info
[1.177s] Copying ../../build/actions_py/actions_py.egg-info to /home/ffons/ros2_companion_ws/install/actions_py/lib/python3.10/site-packages/actions_py-0.0.0-py3.10.egg-info
[1.179s] running install_scripts
[1.213s] Installing count_until_server script to /home/ffons/ros2_companion_ws/install/actions_py/lib/actions_py
[1.214s] writing list of installed files to '/home/ffons/ros2_companion_ws/build/actions_py/install.log'
[1.249s] Invoked command in '/home/ffons/ros2_companion_ws/scr/actions_py' returned '0': PYTHONPATH=/home/ffons/ros2_companion_ws/build/actions_py/prefix_override:/usr/lib/python3/dist-packages/colcon_core/task/python/colcon_distutils_commands:/home/ffons/ros2_companion_ws/install/actions_py/lib/python3.10/site-packages:${PYTHONPATH} /usr/bin/python3 -W ignore:setup.py install is deprecated -W ignore:easy_install command is deprecated setup.py egg_info --egg-base ../../build/actions_py build --build-base /home/ffons/ros2_companion_ws/build/actions_py/build install --record /home/ffons/ros2_companion_ws/build/actions_py/install.log --single-version-externally-managed install_data
