running egg_info
creating ../../build/first_package_x/first_package_x.egg-info
writing ../../build/first_package_x/first_package_x.egg-info/PKG-INFO
writing dependency_links to ../../build/first_package_x/first_package_x.egg-info/dependency_links.txt
writing entry points to ../../build/first_package_x/first_package_x.egg-info/entry_points.txt
writing requirements to ../../build/first_package_x/first_package_x.egg-info/requires.txt
writing top-level names to ../../build/first_package_x/first_package_x.egg-info/top_level.txt
writing manifest file '../../build/first_package_x/first_package_x.egg-info/SOURCES.txt'
reading manifest file '../../build/first_package_x/first_package_x.egg-info/SOURCES.txt'
writing manifest file '../../build/first_package_x/first_package_x.egg-info/SOURCES.txt'
running build
running build_py
creating /home/ffons/ros2_companion_ws/build/first_package_x/build
creating /home/ffons/ros2_companion_ws/build/first_package_x/build/lib
creating /home/ffons/ros2_companion_ws/build/first_package_x/build/lib/first_package_x
copying first_package_x/first_talker_node.py -> /home/ffons/ros2_companion_ws/build/first_package_x/build/lib/first_package_x
copying first_package_x/__init__.py -> /home/ffons/ros2_companion_ws/build/first_package_x/build/lib/first_package_x
running install
running install_lib
creating /home/ffons/ros2_companion_ws/install/first_package_x/lib/python3.10/site-packages/first_package_x
copying /home/ffons/ros2_companion_ws/build/first_package_x/build/lib/first_package_x/first_talker_node.py -> /home/ffons/ros2_companion_ws/install/first_package_x/lib/python3.10/site-packages/first_package_x
copying /home/ffons/ros2_companion_ws/build/first_package_x/build/lib/first_package_x/__init__.py -> /home/ffons/ros2_companion_ws/install/first_package_x/lib/python3.10/site-packages/first_package_x
byte-compiling /home/ffons/ros2_companion_ws/install/first_package_x/lib/python3.10/site-packages/first_package_x/first_talker_node.py to first_talker_node.cpython-310.pyc
byte-compiling /home/ffons/ros2_companion_ws/install/first_package_x/lib/python3.10/site-packages/first_package_x/__init__.py to __init__.cpython-310.pyc
running install_data
creating /home/ffons/ros2_companion_ws/install/first_package_x/share/ament_index
creating /home/ffons/ros2_companion_ws/install/first_package_x/share/ament_index/resource_index
creating /home/ffons/ros2_companion_ws/install/first_package_x/share/ament_index/resource_index/packages
copying resource/first_package_x -> /home/ffons/ros2_companion_ws/install/first_package_x/share/ament_index/resource_index/packages
copying package.xml -> /home/ffons/ros2_companion_ws/install/first_package_x/share/first_package_x
running install_egg_info
Copying ../../build/first_package_x/first_package_x.egg-info to /home/ffons/ros2_companion_ws/install/first_package_x/lib/python3.10/site-packages/first_package_x-0.0.0-py3.10.egg-info
running install_scripts
writing list of installed files to '/home/ffons/ros2_companion_ws/build/first_package_x/install.log'
