[0.305s] DEBUG:colcon:Command line arguments: ['/usr/bin/colcon', 'build']
[0.305s] DEBUG:colcon:Parsed command line arguments: Namespace(log_base=None, log_level=None, verb_name='build', build_base='build', install_base='install', merge_install=False, symlink_install=False, test_result_base=None, continue_on_error=False, executor='parallel', parallel_workers=8, event_handlers=None, ignore_user_meta=False, metas=['./colcon.meta'], base_paths=['.'], packages_ignore=None, packages_ignore_regex=None, paths=None, packages_up_to=None, packages_up_to_regex=None, packages_above=None, packages_above_and_dependencies=None, packages_above_depth=None, packages_select_by_dep=None, packages_skip_by_dep=None, packages_skip_up_to=None, packages_select_build_failed=False, packages_skip_build_finished=False, packages_select_test_failures=False, packages_skip_test_passed=False, packages_select=None, packages_skip=None, packages_select_regex=None, packages_skip_regex=None, packages_start=None, packages_end=None, allow_overriding=[], cmake_args=None, cmake_target=None, cmake_target_skip_unavailable=False, cmake_clean_cache=False, cmake_clean_first=False, cmake_force_configure=False, ament_cmake_args=None, catkin_cmake_args=None, catkin_skip_building_tests=False, verb_parser=<colcon_defaults.argument_parser.defaults.DefaultArgumentsDecorator object at 0x774741097df0>, verb_extension=<colcon_core.verb.build.BuildVerb object at 0x774741244c40>, main=<bound method BuildVerb.main of <colcon_core.verb.build.BuildVerb object at 0x774741244c40>>)
[0.500s] Level 1:colcon.colcon_core.package_discovery:discover_packages(colcon_meta) check parameters
[0.500s] Level 1:colcon.colcon_core.package_discovery:discover_packages(recursive) check parameters
[0.501s] Level 1:colcon.colcon_core.package_discovery:discover_packages(ignore) check parameters
[0.501s] Level 1:colcon.colcon_core.package_discovery:discover_packages(path) check parameters
[0.501s] Level 1:colcon.colcon_core.package_discovery:discover_packages(colcon_meta) discover
[0.501s] Level 1:colcon.colcon_core.package_discovery:discover_packages(recursive) discover
[0.501s] INFO:colcon.colcon_core.package_discovery:Crawling recursively for packages in '/home/ffons/ros2_companion_ws'
[0.501s] Level 1:colcon.colcon_core.package_identification:_identify(.) by extensions ['ignore', 'ignore_ament_install']
[0.501s] Level 1:colcon.colcon_core.package_identification:_identify(.) by extension 'ignore'
[0.501s] Level 1:colcon.colcon_core.package_identification:_identify(.) by extension 'ignore_ament_install'
[0.501s] Level 1:colcon.colcon_core.package_identification:_identify(.) by extensions ['colcon_pkg']
[0.502s] Level 1:colcon.colcon_core.package_identification:_identify(.) by extension 'colcon_pkg'
[0.502s] Level 1:colcon.colcon_core.package_identification:_identify(.) by extensions ['colcon_meta']
[0.502s] Level 1:colcon.colcon_core.package_identification:_identify(.) by extension 'colcon_meta'
[0.502s] Level 1:colcon.colcon_core.package_identification:_identify(.) by extensions ['ros']
[0.502s] Level 1:colcon.colcon_core.package_identification:_identify(.) by extension 'ros'
[0.517s] Level 1:colcon.colcon_core.package_identification:_identify(.) by extensions ['cmake', 'python']
[0.517s] Level 1:colcon.colcon_core.package_identification:_identify(.) by extension 'cmake'
[0.517s] Level 1:colcon.colcon_core.package_identification:_identify(.) by extension 'python'
[0.517s] Level 1:colcon.colcon_core.package_identification:_identify(.) by extensions ['python_setup_py']
[0.517s] Level 1:colcon.colcon_core.package_identification:_identify(.) by extension 'python_setup_py'
[0.518s] Level 1:colcon.colcon_core.package_identification:_identify(build) by extensions ['ignore', 'ignore_ament_install']
[0.518s] Level 1:colcon.colcon_core.package_identification:_identify(build) by extension 'ignore'
[0.518s] Level 1:colcon.colcon_core.package_identification:_identify(build) ignored
[0.518s] Level 1:colcon.colcon_core.package_identification:_identify(install) by extensions ['ignore', 'ignore_ament_install']
[0.519s] Level 1:colcon.colcon_core.package_identification:_identify(install) by extension 'ignore'
[0.519s] Level 1:colcon.colcon_core.package_identification:_identify(install) ignored
[0.519s] Level 1:colcon.colcon_core.package_identification:_identify(log) by extensions ['ignore', 'ignore_ament_install']
[0.519s] Level 1:colcon.colcon_core.package_identification:_identify(log) by extension 'ignore'
[0.519s] Level 1:colcon.colcon_core.package_identification:_identify(log) ignored
[0.520s] Level 1:colcon.colcon_core.package_identification:_identify(scr) by extensions ['ignore', 'ignore_ament_install']
[0.520s] Level 1:colcon.colcon_core.package_identification:_identify(scr) by extension 'ignore'
[0.520s] Level 1:colcon.colcon_core.package_identification:_identify(scr) by extension 'ignore_ament_install'
[0.520s] Level 1:colcon.colcon_core.package_identification:_identify(scr) by extensions ['colcon_pkg']
[0.520s] Level 1:colcon.colcon_core.package_identification:_identify(scr) by extension 'colcon_pkg'
[0.520s] Level 1:colcon.colcon_core.package_identification:_identify(scr) by extensions ['colcon_meta']
[0.521s] Level 1:colcon.colcon_core.package_identification:_identify(scr) by extension 'colcon_meta'
[0.521s] Level 1:colcon.colcon_core.package_identification:_identify(scr) by extensions ['ros']
[0.521s] Level 1:colcon.colcon_core.package_identification:_identify(scr) by extension 'ros'
[0.521s] Level 1:colcon.colcon_core.package_identification:_identify(scr) by extensions ['cmake', 'python']
[0.521s] Level 1:colcon.colcon_core.package_identification:_identify(scr) by extension 'cmake'
[0.521s] Level 1:colcon.colcon_core.package_identification:_identify(scr) by extension 'python'
[0.521s] Level 1:colcon.colcon_core.package_identification:_identify(scr) by extensions ['python_setup_py']
[0.521s] Level 1:colcon.colcon_core.package_identification:_identify(scr) by extension 'python_setup_py'
[0.521s] Level 1:colcon.colcon_core.package_identification:_identify(scr/first_package_x) by extensions ['ignore', 'ignore_ament_install']
[0.521s] Level 1:colcon.colcon_core.package_identification:_identify(scr/first_package_x) by extension 'ignore'
[0.522s] Level 1:colcon.colcon_core.package_identification:_identify(scr/first_package_x) by extension 'ignore_ament_install'
[0.522s] Level 1:colcon.colcon_core.package_identification:_identify(scr/first_package_x) by extensions ['colcon_pkg']
[0.522s] Level 1:colcon.colcon_core.package_identification:_identify(scr/first_package_x) by extension 'colcon_pkg'
[0.522s] Level 1:colcon.colcon_core.package_identification:_identify(scr/first_package_x) by extensions ['colcon_meta']
[0.522s] Level 1:colcon.colcon_core.package_identification:_identify(scr/first_package_x) by extension 'colcon_meta'
[0.522s] Level 1:colcon.colcon_core.package_identification:_identify(scr/first_package_x) by extensions ['ros']
[0.522s] Level 1:colcon.colcon_core.package_identification:_identify(scr/first_package_x) by extension 'ros'
[0.525s] DEBUG:colcon.colcon_core.package_identification:Package 'scr/first_package_x' with type 'ros.ament_python' and name 'first_package_x'
[0.525s] Level 1:colcon.colcon_core.package_identification:_identify(scr/my_robot_bringup) by extensions ['ignore', 'ignore_ament_install']
[0.525s] Level 1:colcon.colcon_core.package_identification:_identify(scr/my_robot_bringup) by extension 'ignore'
[0.525s] Level 1:colcon.colcon_core.package_identification:_identify(scr/my_robot_bringup) by extension 'ignore_ament_install'
[0.525s] Level 1:colcon.colcon_core.package_identification:_identify(scr/my_robot_bringup) by extensions ['colcon_pkg']
[0.526s] Level 1:colcon.colcon_core.package_identification:_identify(scr/my_robot_bringup) by extension 'colcon_pkg'
[0.526s] Level 1:colcon.colcon_core.package_identification:_identify(scr/my_robot_bringup) by extensions ['colcon_meta']
[0.526s] Level 1:colcon.colcon_core.package_identification:_identify(scr/my_robot_bringup) by extension 'colcon_meta'
[0.526s] Level 1:colcon.colcon_core.package_identification:_identify(scr/my_robot_bringup) by extensions ['ros']
[0.526s] Level 1:colcon.colcon_core.package_identification:_identify(scr/my_robot_bringup) by extension 'ros'
[0.526s] DEBUG:colcon.colcon_core.package_identification:Package 'scr/my_robot_bringup' with type 'ros.ament_cmake' and name 'my_robot_bringup'
[0.527s] Level 1:colcon.colcon_core.package_identification:_identify(scr/my_robot_description) by extensions ['ignore', 'ignore_ament_install']
[0.527s] Level 1:colcon.colcon_core.package_identification:_identify(scr/my_robot_description) by extension 'ignore'
[0.527s] Level 1:colcon.colcon_core.package_identification:_identify(scr/my_robot_description) by extension 'ignore_ament_install'
[0.527s] Level 1:colcon.colcon_core.package_identification:_identify(scr/my_robot_description) by extensions ['colcon_pkg']
[0.527s] Level 1:colcon.colcon_core.package_identification:_identify(scr/my_robot_description) by extension 'colcon_pkg'
[0.527s] Level 1:colcon.colcon_core.package_identification:_identify(scr/my_robot_description) by extensions ['colcon_meta']
[0.527s] Level 1:colcon.colcon_core.package_identification:_identify(scr/my_robot_description) by extension 'colcon_meta'
[0.527s] Level 1:colcon.colcon_core.package_identification:_identify(scr/my_robot_description) by extensions ['ros']
[0.527s] Level 1:colcon.colcon_core.package_identification:_identify(scr/my_robot_description) by extension 'ros'
[0.528s] DEBUG:colcon.colcon_core.package_identification:Package 'scr/my_robot_description' with type 'ros.ament_python' and name 'my_robot_description'
[0.528s] Level 1:colcon.colcon_core.package_discovery:discover_packages(recursive) using defaults
[0.528s] Level 1:colcon.colcon_core.package_discovery:discover_packages(ignore) discover
[0.528s] Level 1:colcon.colcon_core.package_discovery:discover_packages(ignore) using defaults
[0.528s] Level 1:colcon.colcon_core.package_discovery:discover_packages(path) discover
[0.529s] Level 1:colcon.colcon_core.package_discovery:discover_packages(path) using defaults
[0.554s] Level 1:colcon.colcon_core.package_discovery:discover_packages(prefix_path) check parameters
[0.554s] Level 1:colcon.colcon_core.package_discovery:discover_packages(prefix_path) discover
[0.556s] DEBUG:colcon.colcon_installed_package_information.package_discovery:Found 3 installed packages in /home/ffons/ros2_companion_ws/install
[0.558s] DEBUG:colcon.colcon_installed_package_information.package_discovery:Found 276 installed packages in /opt/ros/humble
[0.560s] Level 1:colcon.colcon_core.package_discovery:discover_packages(prefix_path) using defaults
[0.612s] Level 5:colcon.colcon_core.verb:set package 'first_package_x' build argument 'cmake_args' from command line to 'None'
[0.612s] Level 5:colcon.colcon_core.verb:set package 'first_package_x' build argument 'cmake_target' from command line to 'None'
[0.613s] Level 5:colcon.colcon_core.verb:set package 'first_package_x' build argument 'cmake_target_skip_unavailable' from command line to 'False'
[0.613s] Level 5:colcon.colcon_core.verb:set package 'first_package_x' build argument 'cmake_clean_cache' from command line to 'False'
[0.613s] Level 5:colcon.colcon_core.verb:set package 'first_package_x' build argument 'cmake_clean_first' from command line to 'False'
[0.613s] Level 5:colcon.colcon_core.verb:set package 'first_package_x' build argument 'cmake_force_configure' from command line to 'False'
[0.613s] Level 5:colcon.colcon_core.verb:set package 'first_package_x' build argument 'ament_cmake_args' from command line to 'None'
[0.613s] Level 5:colcon.colcon_core.verb:set package 'first_package_x' build argument 'catkin_cmake_args' from command line to 'None'
[0.613s] Level 5:colcon.colcon_core.verb:set package 'first_package_x' build argument 'catkin_skip_building_tests' from command line to 'False'
[0.613s] DEBUG:colcon.colcon_core.verb:Building package 'first_package_x' with the following arguments: {'ament_cmake_args': None, 'build_base': '/home/ffons/ros2_companion_ws/build/first_package_x', 'catkin_cmake_args': None, 'catkin_skip_building_tests': False, 'cmake_args': None, 'cmake_clean_cache': False, 'cmake_clean_first': False, 'cmake_force_configure': False, 'cmake_target': None, 'cmake_target_skip_unavailable': False, 'install_base': '/home/ffons/ros2_companion_ws/install/first_package_x', 'merge_install': False, 'path': '/home/ffons/ros2_companion_ws/scr/first_package_x', 'symlink_install': False, 'test_result_base': None}
[0.613s] Level 5:colcon.colcon_core.verb:set package 'my_robot_bringup' build argument 'cmake_args' from command line to 'None'
[0.613s] Level 5:colcon.colcon_core.verb:set package 'my_robot_bringup' build argument 'cmake_target' from command line to 'None'
[0.614s] Level 5:colcon.colcon_core.verb:set package 'my_robot_bringup' build argument 'cmake_target_skip_unavailable' from command line to 'False'
[0.614s] Level 5:colcon.colcon_core.verb:set package 'my_robot_bringup' build argument 'cmake_clean_cache' from command line to 'False'
[0.614s] Level 5:colcon.colcon_core.verb:set package 'my_robot_bringup' build argument 'cmake_clean_first' from command line to 'False'
[0.614s] Level 5:colcon.colcon_core.verb:set package 'my_robot_bringup' build argument 'cmake_force_configure' from command line to 'False'
[0.614s] Level 5:colcon.colcon_core.verb:set package 'my_robot_bringup' build argument 'ament_cmake_args' from command line to 'None'
[0.614s] Level 5:colcon.colcon_core.verb:set package 'my_robot_bringup' build argument 'catkin_cmake_args' from command line to 'None'
[0.614s] Level 5:colcon.colcon_core.verb:set package 'my_robot_bringup' build argument 'catkin_skip_building_tests' from command line to 'False'
[0.614s] DEBUG:colcon.colcon_core.verb:Building package 'my_robot_bringup' with the following arguments: {'ament_cmake_args': None, 'build_base': '/home/ffons/ros2_companion_ws/build/my_robot_bringup', 'catkin_cmake_args': None, 'catkin_skip_building_tests': False, 'cmake_args': None, 'cmake_clean_cache': False, 'cmake_clean_first': False, 'cmake_force_configure': False, 'cmake_target': None, 'cmake_target_skip_unavailable': False, 'install_base': '/home/ffons/ros2_companion_ws/install/my_robot_bringup', 'merge_install': False, 'path': '/home/ffons/ros2_companion_ws/scr/my_robot_bringup', 'symlink_install': False, 'test_result_base': None}
[0.615s] Level 5:colcon.colcon_core.verb:set package 'my_robot_description' build argument 'cmake_args' from command line to 'None'
[0.615s] Level 5:colcon.colcon_core.verb:set package 'my_robot_description' build argument 'cmake_target' from command line to 'None'
[0.615s] Level 5:colcon.colcon_core.verb:set package 'my_robot_description' build argument 'cmake_target_skip_unavailable' from command line to 'False'
[0.615s] Level 5:colcon.colcon_core.verb:set package 'my_robot_description' build argument 'cmake_clean_cache' from command line to 'False'
[0.615s] Level 5:colcon.colcon_core.verb:set package 'my_robot_description' build argument 'cmake_clean_first' from command line to 'False'
[0.615s] Level 5:colcon.colcon_core.verb:set package 'my_robot_description' build argument 'cmake_force_configure' from command line to 'False'
[0.615s] Level 5:colcon.colcon_core.verb:set package 'my_robot_description' build argument 'ament_cmake_args' from command line to 'None'
[0.615s] Level 5:colcon.colcon_core.verb:set package 'my_robot_description' build argument 'catkin_cmake_args' from command line to 'None'
[0.615s] Level 5:colcon.colcon_core.verb:set package 'my_robot_description' build argument 'catkin_skip_building_tests' from command line to 'False'
[0.615s] DEBUG:colcon.colcon_core.verb:Building package 'my_robot_description' with the following arguments: {'ament_cmake_args': None, 'build_base': '/home/ffons/ros2_companion_ws/build/my_robot_description', 'catkin_cmake_args': None, 'catkin_skip_building_tests': False, 'cmake_args': None, 'cmake_clean_cache': False, 'cmake_clean_first': False, 'cmake_force_configure': False, 'cmake_target': None, 'cmake_target_skip_unavailable': False, 'install_base': '/home/ffons/ros2_companion_ws/install/my_robot_description', 'merge_install': False, 'path': '/home/ffons/ros2_companion_ws/scr/my_robot_description', 'symlink_install': False, 'test_result_base': None}
[0.615s] INFO:colcon.colcon_core.executor:Executing jobs using 'parallel' executor
[0.617s] DEBUG:colcon.colcon_parallel_executor.executor.parallel:run_until_complete
[0.618s] INFO:colcon.colcon_ros.task.ament_python.build:Building ROS package in '/home/ffons/ros2_companion_ws/scr/first_package_x' with build type 'ament_python'
[0.619s] Level 1:colcon.colcon_core.shell:create_environment_hook('first_package_x', 'ament_prefix_path')
[0.622s] INFO:colcon.colcon_core.plugin_system:Skipping extension 'colcon_core.shell.bat': Not used on non-Windows systems
[0.623s] INFO:colcon.colcon_core.shell:Creating environment hook '/home/ffons/ros2_companion_ws/install/first_package_x/share/first_package_x/hook/ament_prefix_path.ps1'
[0.624s] INFO:colcon.colcon_core.shell:Creating environment descriptor '/home/ffons/ros2_companion_ws/install/first_package_x/share/first_package_x/hook/ament_prefix_path.dsv'
[0.625s] INFO:colcon.colcon_core.shell:Creating environment hook '/home/ffons/ros2_companion_ws/install/first_package_x/share/first_package_x/hook/ament_prefix_path.sh'
[0.627s] INFO:colcon.colcon_core.shell:Skip shell extension 'powershell' for command environment: Not usable outside of PowerShell
[0.627s] DEBUG:colcon.colcon_core.shell:Skip shell extension 'dsv' for command environment
[0.632s] INFO:colcon.colcon_ros.task.ament_cmake.build:Building ROS package in '/home/ffons/ros2_companion_ws/scr/my_robot_bringup' with build type 'ament_cmake'
[0.633s] INFO:colcon.colcon_cmake.task.cmake.build:Building CMake package in '/home/ffons/ros2_companion_ws/scr/my_robot_bringup'
[0.634s] INFO:colcon.colcon_core.shell:Skip shell extension 'powershell' for command environment: Not usable outside of PowerShell
[0.634s] DEBUG:colcon.colcon_core.shell:Skip shell extension 'dsv' for command environment
[0.643s] INFO:colcon.colcon_ros.task.ament_python.build:Building ROS package in '/home/ffons/ros2_companion_ws/scr/my_robot_description' with build type 'ament_python'
[0.644s] Level 1:colcon.colcon_core.shell:create_environment_hook('my_robot_description', 'ament_prefix_path')
[0.645s] INFO:colcon.colcon_core.shell:Creating environment hook '/home/ffons/ros2_companion_ws/install/my_robot_description/share/my_robot_description/hook/ament_prefix_path.ps1'
[0.646s] INFO:colcon.colcon_core.shell:Creating environment descriptor '/home/ffons/ros2_companion_ws/install/my_robot_description/share/my_robot_description/hook/ament_prefix_path.dsv'
[0.648s] INFO:colcon.colcon_core.shell:Creating environment hook '/home/ffons/ros2_companion_ws/install/my_robot_description/share/my_robot_description/hook/ament_prefix_path.sh'
[0.649s] INFO:colcon.colcon_core.shell:Skip shell extension 'powershell' for command environment: Not usable outside of PowerShell
[0.650s] DEBUG:colcon.colcon_core.shell:Skip shell extension 'dsv' for command environment
[1.094s] INFO:colcon.colcon_core.task.python.build:Building Python package in '/home/ffons/ros2_companion_ws/scr/first_package_x'
[1.095s] INFO:colcon.colcon_core.shell:Skip shell extension 'powershell' for command environment: Not usable outside of PowerShell
[1.095s] DEBUG:colcon.colcon_core.shell:Skip shell extension 'dsv' for command environment
[1.114s] DEBUG:colcon.colcon_core.event_handler.log_command:Invoking command in '/home/ffons/ros2_companion_ws/build/my_robot_bringup': CMAKE_PREFIX_PATH=${CMAKE_PREFIX_PATH}:/home/ffons/ros2_companion_ws/install/my_robot_description:/home/ffons/ros2_companion_ws/install/first_package_x:/opt/ros/humble /usr/bin/cmake --build /home/ffons/ros2_companion_ws/build/my_robot_bringup -- -j8 -l8
[1.506s] INFO:colcon.colcon_core.task.python.build:Building Python package in '/home/ffons/ros2_companion_ws/scr/my_robot_description'
[1.507s] INFO:colcon.colcon_core.shell:Skip shell extension 'powershell' for command environment: Not usable outside of PowerShell
[1.507s] DEBUG:colcon.colcon_core.shell:Skip shell extension 'dsv' for command environment
[1.518s] DEBUG:colcon.colcon_core.event_handler.log_command:Invoked command in '/home/ffons/ros2_companion_ws/build/my_robot_bringup' returned '0': CMAKE_PREFIX_PATH=${CMAKE_PREFIX_PATH}:/home/ffons/ros2_companion_ws/install/my_robot_description:/home/ffons/ros2_companion_ws/install/first_package_x:/opt/ros/humble /usr/bin/cmake --build /home/ffons/ros2_companion_ws/build/my_robot_bringup -- -j8 -l8
[1.536s] DEBUG:colcon.colcon_core.event_handler.log_command:Invoking command in '/home/ffons/ros2_companion_ws/build/my_robot_bringup': CMAKE_PREFIX_PATH=${CMAKE_PREFIX_PATH}:/home/ffons/ros2_companion_ws/install/my_robot_description:/home/ffons/ros2_companion_ws/install/first_package_x:/opt/ros/humble /usr/bin/cmake --install /home/ffons/ros2_companion_ws/build/my_robot_bringup
[1.555s] Level 1:colcon.colcon_core.environment:create_environment_scripts_only(my_robot_bringup)
[1.557s] DEBUG:colcon.colcon_core.event_handler.log_command:Invoked command in '/home/ffons/ros2_companion_ws/build/my_robot_bringup' returned '0': CMAKE_PREFIX_PATH=${CMAKE_PREFIX_PATH}:/home/ffons/ros2_companion_ws/install/my_robot_description:/home/ffons/ros2_companion_ws/install/first_package_x:/opt/ros/humble /usr/bin/cmake --install /home/ffons/ros2_companion_ws/build/my_robot_bringup
[1.561s] Level 1:colcon.colcon_core.environment:checking '/home/ffons/ros2_companion_ws/install/my_robot_bringup' for CMake module files
[1.561s] Level 1:colcon.colcon_core.environment:checking '/home/ffons/ros2_companion_ws/install/my_robot_bringup' for CMake config files
[1.562s] Level 1:colcon.colcon_core.shell:create_environment_hook('my_robot_bringup', 'cmake_prefix_path')
[1.562s] INFO:colcon.colcon_core.shell:Creating environment hook '/home/ffons/ros2_companion_ws/install/my_robot_bringup/share/my_robot_bringup/hook/cmake_prefix_path.ps1'
[1.563s] INFO:colcon.colcon_core.shell:Creating environment descriptor '/home/ffons/ros2_companion_ws/install/my_robot_bringup/share/my_robot_bringup/hook/cmake_prefix_path.dsv'
[1.564s] INFO:colcon.colcon_core.shell:Creating environment hook '/home/ffons/ros2_companion_ws/install/my_robot_bringup/share/my_robot_bringup/hook/cmake_prefix_path.sh'
[1.565s] Level 1:colcon.colcon_core.environment:checking '/home/ffons/ros2_companion_ws/install/my_robot_bringup/bin'
[1.565s] Level 1:colcon.colcon_core.environment:checking '/home/ffons/ros2_companion_ws/install/my_robot_bringup/lib/pkgconfig/my_robot_bringup.pc'
[1.565s] Level 1:colcon.colcon_core.environment:checking '/home/ffons/ros2_companion_ws/install/my_robot_bringup/lib/python3.10/site-packages'
[1.566s] Level 1:colcon.colcon_core.environment:checking '/home/ffons/ros2_companion_ws/install/my_robot_bringup/bin'
[1.566s] INFO:colcon.colcon_core.shell:Creating package script '/home/ffons/ros2_companion_ws/install/my_robot_bringup/share/my_robot_bringup/package.ps1'
[1.568s] INFO:colcon.colcon_core.shell:Creating package descriptor '/home/ffons/ros2_companion_ws/install/my_robot_bringup/share/my_robot_bringup/package.dsv'
[1.568s] INFO:colcon.colcon_core.shell:Creating package script '/home/ffons/ros2_companion_ws/install/my_robot_bringup/share/my_robot_bringup/package.sh'
[1.570s] INFO:colcon.colcon_core.shell:Creating package script '/home/ffons/ros2_companion_ws/install/my_robot_bringup/share/my_robot_bringup/package.bash'
[1.571s] INFO:colcon.colcon_core.shell:Creating package script '/home/ffons/ros2_companion_ws/install/my_robot_bringup/share/my_robot_bringup/package.zsh'
[1.573s] Level 1:colcon.colcon_core.environment:create_file_with_runtime_dependencies(/home/ffons/ros2_companion_ws/install/my_robot_bringup/share/colcon-core/packages/my_robot_bringup)
[1.574s] Level 1:colcon.colcon_core.environment:create_environment_scripts_only(my_robot_bringup)
[1.575s] Level 1:colcon.colcon_core.environment:checking '/home/ffons/ros2_companion_ws/install/my_robot_bringup' for CMake module files
[1.575s] Level 1:colcon.colcon_core.environment:checking '/home/ffons/ros2_companion_ws/install/my_robot_bringup' for CMake config files
[1.576s] Level 1:colcon.colcon_core.shell:create_environment_hook('my_robot_bringup', 'cmake_prefix_path')
[1.576s] INFO:colcon.colcon_core.shell:Creating environment hook '/home/ffons/ros2_companion_ws/install/my_robot_bringup/share/my_robot_bringup/hook/cmake_prefix_path.ps1'
[1.577s] INFO:colcon.colcon_core.shell:Creating environment descriptor '/home/ffons/ros2_companion_ws/install/my_robot_bringup/share/my_robot_bringup/hook/cmake_prefix_path.dsv'
[1.578s] INFO:colcon.colcon_core.shell:Creating environment hook '/home/ffons/ros2_companion_ws/install/my_robot_bringup/share/my_robot_bringup/hook/cmake_prefix_path.sh'
[1.578s] Level 1:colcon.colcon_core.environment:checking '/home/ffons/ros2_companion_ws/install/my_robot_bringup/bin'
[1.579s] Level 1:colcon.colcon_core.environment:checking '/home/ffons/ros2_companion_ws/install/my_robot_bringup/lib/pkgconfig/my_robot_bringup.pc'
[1.579s] Level 1:colcon.colcon_core.environment:checking '/home/ffons/ros2_companion_ws/install/my_robot_bringup/lib/python3.10/site-packages'
[1.579s] Level 1:colcon.colcon_core.environment:checking '/home/ffons/ros2_companion_ws/install/my_robot_bringup/bin'
[1.580s] INFO:colcon.colcon_core.shell:Creating package script '/home/ffons/ros2_companion_ws/install/my_robot_bringup/share/my_robot_bringup/package.ps1'
[1.581s] INFO:colcon.colcon_core.shell:Creating package descriptor '/home/ffons/ros2_companion_ws/install/my_robot_bringup/share/my_robot_bringup/package.dsv'
[1.582s] INFO:colcon.colcon_core.shell:Creating package script '/home/ffons/ros2_companion_ws/install/my_robot_bringup/share/my_robot_bringup/package.sh'
[1.583s] INFO:colcon.colcon_core.shell:Creating package script '/home/ffons/ros2_companion_ws/install/my_robot_bringup/share/my_robot_bringup/package.bash'
[1.584s] INFO:colcon.colcon_core.shell:Creating package script '/home/ffons/ros2_companion_ws/install/my_robot_bringup/share/my_robot_bringup/package.zsh'
[1.585s] Level 1:colcon.colcon_core.environment:create_file_with_runtime_dependencies(/home/ffons/ros2_companion_ws/install/my_robot_bringup/share/colcon-core/packages/my_robot_bringup)
[2.075s] DEBUG:colcon.colcon_core.event_handler.log_command:Invoking command in '/home/ffons/ros2_companion_ws/scr/first_package_x': PYTHONPATH=/home/ffons/ros2_companion_ws/build/first_package_x/prefix_override:/usr/lib/python3/dist-packages/colcon_core/task/python/colcon_distutils_commands:/home/ffons/ros2_companion_ws/install/first_package_x/lib/python3.10/site-packages:${PYTHONPATH} /usr/bin/python3 -W ignore:setup.py install is deprecated -W ignore:easy_install command is deprecated setup.py egg_info --egg-base ../../build/first_package_x build --build-base /home/ffons/ros2_companion_ws/build/first_package_x/build install --record /home/ffons/ros2_companion_ws/build/first_package_x/install.log --single-version-externally-managed install_data
[2.102s] DEBUG:colcon.colcon_core.event_handler.log_command:Invoking command in '/home/ffons/ros2_companion_ws/scr/my_robot_description': PYTHONPATH=/home/ffons/ros2_companion_ws/build/my_robot_description/prefix_override:/usr/lib/python3/dist-packages/colcon_core/task/python/colcon_distutils_commands:/home/ffons/ros2_companion_ws/install/my_robot_description/lib/python3.10/site-packages:${PYTHONPATH} /usr/bin/python3 -W ignore:setup.py install is deprecated -W ignore:easy_install command is deprecated setup.py egg_info --egg-base ../../build/my_robot_description build --build-base /home/ffons/ros2_companion_ws/build/my_robot_description/build install --record /home/ffons/ros2_companion_ws/build/my_robot_description/install.log --single-version-externally-managed install_data
[2.534s] Level 1:colcon.colcon_core.environment:checking '/home/ffons/ros2_companion_ws/install/first_package_x' for CMake module files
[2.536s] DEBUG:colcon.colcon_core.event_handler.log_command:Invoked command in '/home/ffons/ros2_companion_ws/scr/first_package_x' returned '0': PYTHONPATH=/home/ffons/ros2_companion_ws/build/first_package_x/prefix_override:/usr/lib/python3/dist-packages/colcon_core/task/python/colcon_distutils_commands:/home/ffons/ros2_companion_ws/install/first_package_x/lib/python3.10/site-packages:${PYTHONPATH} /usr/bin/python3 -W ignore:setup.py install is deprecated -W ignore:easy_install command is deprecated setup.py egg_info --egg-base ../../build/first_package_x build --build-base /home/ffons/ros2_companion_ws/build/first_package_x/build install --record /home/ffons/ros2_companion_ws/build/first_package_x/install.log --single-version-externally-managed install_data
[2.536s] Level 1:colcon.colcon_core.environment:checking '/home/ffons/ros2_companion_ws/install/first_package_x' for CMake config files
[2.537s] Level 1:colcon.colcon_core.environment:checking '/home/ffons/ros2_companion_ws/install/first_package_x/lib'
[2.538s] Level 1:colcon.colcon_core.environment:checking '/home/ffons/ros2_companion_ws/install/first_package_x/bin'
[2.538s] Level 1:colcon.colcon_core.environment:checking '/home/ffons/ros2_companion_ws/install/first_package_x/lib/pkgconfig/first_package_x.pc'
[2.538s] Level 1:colcon.colcon_core.environment:checking '/home/ffons/ros2_companion_ws/install/first_package_x/lib/python3.10/site-packages'
[2.539s] Level 1:colcon.colcon_core.shell:create_environment_hook('first_package_x', 'pythonpath')
[2.539s] INFO:colcon.colcon_core.shell:Creating environment hook '/home/ffons/ros2_companion_ws/install/first_package_x/share/first_package_x/hook/pythonpath.ps1'
[2.540s] INFO:colcon.colcon_core.shell:Creating environment descriptor '/home/ffons/ros2_companion_ws/install/first_package_x/share/first_package_x/hook/pythonpath.dsv'
[2.541s] INFO:colcon.colcon_core.shell:Creating environment hook '/home/ffons/ros2_companion_ws/install/first_package_x/share/first_package_x/hook/pythonpath.sh'
[2.543s] Level 1:colcon.colcon_core.environment:checking '/home/ffons/ros2_companion_ws/install/first_package_x/bin'
[2.543s] Level 1:colcon.colcon_core.environment:create_environment_scripts_only(first_package_x)
[2.544s] INFO:colcon.colcon_core.shell:Creating package script '/home/ffons/ros2_companion_ws/install/first_package_x/share/first_package_x/package.ps1'
[2.545s] INFO:colcon.colcon_core.shell:Creating package descriptor '/home/ffons/ros2_companion_ws/install/first_package_x/share/first_package_x/package.dsv'
[2.546s] INFO:colcon.colcon_core.shell:Creating package script '/home/ffons/ros2_companion_ws/install/first_package_x/share/first_package_x/package.sh'
[2.547s] INFO:colcon.colcon_core.shell:Creating package script '/home/ffons/ros2_companion_ws/install/first_package_x/share/first_package_x/package.bash'
[2.548s] INFO:colcon.colcon_core.shell:Creating package script '/home/ffons/ros2_companion_ws/install/first_package_x/share/first_package_x/package.zsh'
[2.549s] Level 1:colcon.colcon_core.environment:create_file_with_runtime_dependencies(/home/ffons/ros2_companion_ws/install/first_package_x/share/colcon-core/packages/first_package_x)
[2.571s] Level 1:colcon.colcon_core.environment:checking '/home/ffons/ros2_companion_ws/install/my_robot_description' for CMake module files
[2.573s] DEBUG:colcon.colcon_core.event_handler.log_command:Invoked command in '/home/ffons/ros2_companion_ws/scr/my_robot_description' returned '0': PYTHONPATH=/home/ffons/ros2_companion_ws/build/my_robot_description/prefix_override:/usr/lib/python3/dist-packages/colcon_core/task/python/colcon_distutils_commands:/home/ffons/ros2_companion_ws/install/my_robot_description/lib/python3.10/site-packages:${PYTHONPATH} /usr/bin/python3 -W ignore:setup.py install is deprecated -W ignore:easy_install command is deprecated setup.py egg_info --egg-base ../../build/my_robot_description build --build-base /home/ffons/ros2_companion_ws/build/my_robot_description/build install --record /home/ffons/ros2_companion_ws/build/my_robot_description/install.log --single-version-externally-managed install_data
[2.574s] Level 1:colcon.colcon_core.environment:checking '/home/ffons/ros2_companion_ws/install/my_robot_description' for CMake config files
[2.574s] Level 1:colcon.colcon_core.environment:checking '/home/ffons/ros2_companion_ws/install/my_robot_description/lib'
[2.575s] Level 1:colcon.colcon_core.environment:checking '/home/ffons/ros2_companion_ws/install/my_robot_description/bin'
[2.575s] Level 1:colcon.colcon_core.environment:checking '/home/ffons/ros2_companion_ws/install/my_robot_description/lib/pkgconfig/my_robot_description.pc'
[2.575s] Level 1:colcon.colcon_core.environment:checking '/home/ffons/ros2_companion_ws/install/my_robot_description/lib/python3.10/site-packages'
[2.575s] Level 1:colcon.colcon_core.shell:create_environment_hook('my_robot_description', 'pythonpath')
[2.576s] INFO:colcon.colcon_core.shell:Creating environment hook '/home/ffons/ros2_companion_ws/install/my_robot_description/share/my_robot_description/hook/pythonpath.ps1'
[2.577s] INFO:colcon.colcon_core.shell:Creating environment descriptor '/home/ffons/ros2_companion_ws/install/my_robot_description/share/my_robot_description/hook/pythonpath.dsv'
[2.578s] INFO:colcon.colcon_core.shell:Creating environment hook '/home/ffons/ros2_companion_ws/install/my_robot_description/share/my_robot_description/hook/pythonpath.sh'
[2.579s] Level 1:colcon.colcon_core.environment:checking '/home/ffons/ros2_companion_ws/install/my_robot_description/bin'
[2.579s] Level 1:colcon.colcon_core.environment:create_environment_scripts_only(my_robot_description)
[2.579s] INFO:colcon.colcon_core.shell:Creating package script '/home/ffons/ros2_companion_ws/install/my_robot_description/share/my_robot_description/package.ps1'
[2.580s] INFO:colcon.colcon_core.shell:Creating package descriptor '/home/ffons/ros2_companion_ws/install/my_robot_description/share/my_robot_description/package.dsv'
[2.581s] INFO:colcon.colcon_core.shell:Creating package script '/home/ffons/ros2_companion_ws/install/my_robot_description/share/my_robot_description/package.sh'
[2.582s] INFO:colcon.colcon_core.shell:Creating package script '/home/ffons/ros2_companion_ws/install/my_robot_description/share/my_robot_description/package.bash'
[2.583s] INFO:colcon.colcon_core.shell:Creating package script '/home/ffons/ros2_companion_ws/install/my_robot_description/share/my_robot_description/package.zsh'
[2.583s] Level 1:colcon.colcon_core.environment:create_file_with_runtime_dependencies(/home/ffons/ros2_companion_ws/install/my_robot_description/share/colcon-core/packages/my_robot_description)
[2.584s] DEBUG:colcon.colcon_parallel_executor.executor.parallel:closing loop
[2.587s] DEBUG:colcon.colcon_parallel_executor.executor.parallel:loop closed
[2.587s] DEBUG:colcon.colcon_parallel_executor.executor.parallel:run_until_complete finished with '0'
[2.587s] DEBUG:colcon.colcon_core.event_reactor:joining thread
[2.646s] INFO:colcon.colcon_core.plugin_system:Skipping extension 'colcon_notification.desktop_notification.notify_send': Could not find 'notify-send'
[2.646s] INFO:colcon.colcon_core.plugin_system:Skipping extension 'colcon_notification.desktop_notification.terminal_notifier': Not used on non-Darwin systems
[2.646s] INFO:colcon.colcon_core.plugin_system:Skipping extension 'colcon_notification.desktop_notification.win32': Not used on non-Windows systems
[2.646s] INFO:colcon.colcon_notification.desktop_notification:Sending desktop notification using 'notify2'
[2.647s] DEBUG:colcon.colcon_notification.desktop_notification.notify2:Failed to initialize notify2: org.freedesktop.DBus.Error.FileNotFound: Failed to connect to socket /run/user/1000/bus: No such file or directory
[2.647s] DEBUG:colcon.colcon_core.event_reactor:joined thread
[2.647s] INFO:colcon.colcon_core.shell:Creating prefix script '/home/ffons/ros2_companion_ws/install/local_setup.ps1'
[2.649s] INFO:colcon.colcon_core.shell:Creating prefix util module '/home/ffons/ros2_companion_ws/install/_local_setup_util_ps1.py'
[2.651s] INFO:colcon.colcon_core.shell:Creating prefix chain script '/home/ffons/ros2_companion_ws/install/setup.ps1'
[2.653s] INFO:colcon.colcon_core.shell:Creating prefix script '/home/ffons/ros2_companion_ws/install/local_setup.sh'
[2.654s] INFO:colcon.colcon_core.shell:Creating prefix util module '/home/ffons/ros2_companion_ws/install/_local_setup_util_sh.py'
[2.655s] INFO:colcon.colcon_core.shell:Creating prefix chain script '/home/ffons/ros2_companion_ws/install/setup.sh'
[2.657s] INFO:colcon.colcon_core.shell:Creating prefix script '/home/ffons/ros2_companion_ws/install/local_setup.bash'
[2.658s] INFO:colcon.colcon_core.shell:Creating prefix chain script '/home/ffons/ros2_companion_ws/install/setup.bash'
[2.660s] INFO:colcon.colcon_core.shell:Creating prefix script '/home/ffons/ros2_companion_ws/install/local_setup.zsh'
[2.660s] INFO:colcon.colcon_core.shell:Creating prefix chain script '/home/ffons/ros2_companion_ws/install/setup.zsh'
