[0.883s] Invoking command in '/home/ffons/ros2_companion_ws/build/my_robot_interfaces': CMAKE_PREFIX_PATH=${CMAKE_PREFIX_PATH}:/home/ffons/ros2_companion_ws/install/py_package_example:/home/ffons/ros2_companion_ws/install/my_robot_description:/home/ffons/ros2_companion_ws/install/first_package_x:/opt/ros/humble /usr/bin/cmake /home/ffons/ros2_companion_ws/scr/my_robot_interfaces -DCMAKE_INSTALL_PREFIX=/home/ffons/ros2_companion_ws/install/my_robot_interfaces
[1.232s] -- The C compiler identification is GNU 11.4.0
[2.446s] -- The CXX compiler identification is GNU 11.4.0
[3.018s] -- Detecting C compiler ABI info
[3.336s] -- Detecting C compiler ABI info - done
[3.359s] -- Check for working C compiler: /usr/bin/cc - skipped
[3.360s] -- Detecting C compile features
[3.361s] -- Detecting C compile features - done
[3.366s] -- Detecting CXX compiler ABI info
[3.645s] -- Detecting CXX compiler ABI info - done
[3.658s] -- Check for working CXX compiler: /usr/bin/c++ - skipped
[3.658s] -- Detecting CXX compile features
[3.659s] -- Detecting CXX compile features - done
[3.673s] -- Found ament_cmake: 1.3.12 (/opt/ros/humble/share/ament_cmake/cmake)
[3.879s] -- Found Python3: /usr/bin/python3 (found version "3.10.12") found components: Interpreter 
[3.995s] -- Found geometry_msgs: 4.9.0 (/opt/ros/humble/share/geometry_msgs/cmake)
[4.248s] -- Found rosidl_generator_c: 3.1.7 (/opt/ros/humble/share/rosidl_generator_c/cmake)
[4.260s] -- Found rosidl_adapter: 3.1.7 (/opt/ros/humble/share/rosidl_adapter/cmake)
[4.280s] -- Found rosidl_generator_cpp: 3.1.7 (/opt/ros/humble/share/rosidl_generator_cpp/cmake)
[4.315s] -- Using all available rosidl_typesupport_c: rosidl_typesupport_fastrtps_c;rosidl_typesupport_introspection_c
[4.349s] -- Using all available rosidl_typesupport_cpp: rosidl_typesupport_fastrtps_cpp;rosidl_typesupport_introspection_cpp
[4.427s] -- Found rosidl_default_generators: 1.2.0 (/opt/ros/humble/share/rosidl_default_generators/cmake)
[4.441s] [31mCMake Error at /opt/ros/humble/share/rosidl_cmake/cmake/rosidl_generate_interfaces.cmake:59 (message):
[4.442s]   rosidl_generate_interfaces() called without any interface files
[4.442s] Call Stack (most recent call first):
[4.442s]   CMakeLists.txt:14 (rosidl_generate_interfaces)
[4.443s] 
[4.443s] [0m
[4.443s] -- Configuring incomplete, errors occurred!
[4.443s] See also "/home/ffons/ros2_companion_ws/build/my_robot_interfaces/CMakeFiles/CMakeOutput.log".
[4.454s] Invoked command in '/home/ffons/ros2_companion_ws/build/my_robot_interfaces' returned '1': CMAKE_PREFIX_PATH=${CMAKE_PREFIX_PATH}:/home/ffons/ros2_companion_ws/install/py_package_example:/home/ffons/ros2_companion_ws/install/my_robot_description:/home/ffons/ros2_companion_ws/install/first_package_x:/opt/ros/humble /usr/bin/cmake /home/ffons/ros2_companion_ws/scr/my_robot_interfaces -DCMAKE_INSTALL_PREFIX=/home/ffons/ros2_companion_ws/install/my_robot_interfaces
