[0.839s] Invoking command in '/home/ffons/ros2_companion_ws/build/first_package_x': PYTHONPATH=/home/ffons/ros2_companion_ws/build/first_package_x/prefix_override:/usr/lib/python3/dist-packages/colcon_core/task/python/colcon_distutils_commands:/home/ffons/ros2_companion_ws/install/first_package_x/lib/python3.10/site-packages:${PYTHONPATH} /usr/bin/python3 -W ignore:setup.py install is deprecated -W ignore:easy_install command is deprecated setup.py develop --editable --build-directory /home/ffons/ros2_companion_ws/build/first_package_x/build --no-deps symlink_data
[1.280s] running develop
[1.476s] running egg_info
[1.477s] writing first_package_x.egg-info/PKG-INFO
[1.477s] writing dependency_links to first_package_x.egg-info/dependency_links.txt
[1.477s] writing entry points to first_package_x.egg-info/entry_points.txt
[1.478s] writing requirements to first_package_x.egg-info/requires.txt
[1.478s] writing top-level names to first_package_x.egg-info/top_level.txt
[1.480s] reading manifest file 'first_package_x.egg-info/SOURCES.txt'
[1.481s] writing manifest file 'first_package_x.egg-info/SOURCES.txt'
[1.482s] running build_ext
[1.483s] Creating /home/ffons/ros2_companion_ws/install/first_package_x/lib/python3.10/site-packages/first-package-x.egg-link (link to .)
[1.485s] Installing draw_circle_turtle script to /home/ffons/ros2_companion_ws/install/first_package_x/lib/first_package_x
[1.485s] Installing pose_suscriber script to /home/ffons/ros2_companion_ws/install/first_package_x/lib/first_package_x
[1.486s] Installing test_node_1 script to /home/ffons/ros2_companion_ws/install/first_package_x/lib/first_package_x
[1.486s] Installing turtle_controller script to /home/ffons/ros2_companion_ws/install/first_package_x/lib/first_package_x
[1.487s] 
[1.487s] Installed /home/ffons/ros2_companion_ws/build/first_package_x
[1.487s] running symlink_data
[1.516s] Invoked command in '/home/ffons/ros2_companion_ws/build/first_package_x' returned '0': PYTHONPATH=/home/ffons/ros2_companion_ws/build/first_package_x/prefix_override:/usr/lib/python3/dist-packages/colcon_core/task/python/colcon_distutils_commands:/home/ffons/ros2_companion_ws/install/first_package_x/lib/python3.10/site-packages:${PYTHONPATH} /usr/bin/python3 -W ignore:setup.py install is deprecated -W ignore:easy_install command is deprecated setup.py develop --editable --build-directory /home/ffons/ros2_companion_ws/build/first_package_x/build --no-deps symlink_data
