[0.246s] DEBUG:colcon:Command line arguments: ['/usr/bin/colcon', 'build']
[0.246s] DEBUG:colcon:Parsed command line arguments: Namespace(log_base=None, log_level=None, verb_name='build', build_base='build', install_base='install', merge_install=False, symlink_install=False, test_result_base=None, continue_on_error=False, executor='parallel', parallel_workers=8, event_handlers=None, ignore_user_meta=False, metas=['./colcon.meta'], base_paths=['.'], packages_ignore=None, packages_ignore_regex=None, paths=None, packages_up_to=None, packages_up_to_regex=None, packages_above=None, packages_above_and_dependencies=None, packages_above_depth=None, packages_select_by_dep=None, packages_skip_by_dep=None, packages_skip_up_to=None, packages_select_build_failed=False, packages_skip_build_finished=False, packages_select_test_failures=False, packages_skip_test_passed=False, packages_select=None, packages_skip=None, packages_select_regex=None, packages_skip_regex=None, packages_start=None, packages_end=None, allow_overriding=[], cmake_args=None, cmake_target=None, cmake_target_skip_unavailable=False, cmake_clean_cache=False, cmake_clean_first=False, cmake_force_configure=False, ament_cmake_args=None, catkin_cmake_args=None, catkin_skip_building_tests=False, verb_parser=<colcon_defaults.argument_parser.defaults.DefaultArgumentsDecorator object at 0x755ebf61b700>, verb_extension=<colcon_core.verb.build.BuildVerb object at 0x755ebf7c44c0>, main=<bound method BuildVerb.main of <colcon_core.verb.build.BuildVerb object at 0x755ebf7c44c0>>)
[0.421s] Level 1:colcon.colcon_core.package_discovery:discover_packages(colcon_meta) check parameters
[0.421s] Level 1:colcon.colcon_core.package_discovery:discover_packages(recursive) check parameters
[0.421s] Level 1:colcon.colcon_core.package_discovery:discover_packages(ignore) check parameters
[0.421s] Level 1:colcon.colcon_core.package_discovery:discover_packages(path) check parameters
[0.421s] Level 1:colcon.colcon_core.package_discovery:discover_packages(colcon_meta) discover
[0.421s] Level 1:colcon.colcon_core.package_discovery:discover_packages(recursive) discover
[0.422s] INFO:colcon.colcon_core.package_discovery:Crawling recursively for packages in '/home/ffons/ros2_companion_ws'
[0.422s] Level 1:colcon.colcon_core.package_identification:_identify(.) by extensions ['ignore', 'ignore_ament_install']
[0.422s] Level 1:colcon.colcon_core.package_identification:_identify(.) by extension 'ignore'
[0.422s] Level 1:colcon.colcon_core.package_identification:_identify(.) by extension 'ignore_ament_install'
[0.422s] Level 1:colcon.colcon_core.package_identification:_identify(.) by extensions ['colcon_pkg']
[0.422s] Level 1:colcon.colcon_core.package_identification:_identify(.) by extension 'colcon_pkg'
[0.422s] Level 1:colcon.colcon_core.package_identification:_identify(.) by extensions ['colcon_meta']
[0.422s] Level 1:colcon.colcon_core.package_identification:_identify(.) by extension 'colcon_meta'
[0.422s] Level 1:colcon.colcon_core.package_identification:_identify(.) by extensions ['ros']
[0.422s] Level 1:colcon.colcon_core.package_identification:_identify(.) by extension 'ros'
[0.435s] Level 1:colcon.colcon_core.package_identification:_identify(.) by extensions ['cmake', 'python']
[0.435s] Level 1:colcon.colcon_core.package_identification:_identify(.) by extension 'cmake'
[0.435s] Level 1:colcon.colcon_core.package_identification:_identify(.) by extension 'python'
[0.435s] Level 1:colcon.colcon_core.package_identification:_identify(.) by extensions ['python_setup_py']
[0.435s] Level 1:colcon.colcon_core.package_identification:_identify(.) by extension 'python_setup_py'
[0.435s] Level 1:colcon.colcon_core.package_identification:_identify(build) by extensions ['ignore', 'ignore_ament_install']
[0.436s] Level 1:colcon.colcon_core.package_identification:_identify(build) by extension 'ignore'
[0.436s] Level 1:colcon.colcon_core.package_identification:_identify(build) ignored
[0.436s] Level 1:colcon.colcon_core.package_identification:_identify(install) by extensions ['ignore', 'ignore_ament_install']
[0.436s] Level 1:colcon.colcon_core.package_identification:_identify(install) by extension 'ignore'
[0.436s] Level 1:colcon.colcon_core.package_identification:_identify(install) ignored
[0.437s] Level 1:colcon.colcon_core.package_identification:_identify(log) by extensions ['ignore', 'ignore_ament_install']
[0.437s] Level 1:colcon.colcon_core.package_identification:_identify(log) by extension 'ignore'
[0.437s] Level 1:colcon.colcon_core.package_identification:_identify(log) ignored
[0.437s] Level 1:colcon.colcon_core.package_identification:_identify(scr) by extensions ['ignore', 'ignore_ament_install']
[0.437s] Level 1:colcon.colcon_core.package_identification:_identify(scr) by extension 'ignore'
[0.437s] Level 1:colcon.colcon_core.package_identification:_identify(scr) by extension 'ignore_ament_install'
[0.438s] Level 1:colcon.colcon_core.package_identification:_identify(scr) by extensions ['colcon_pkg']
[0.438s] Level 1:colcon.colcon_core.package_identification:_identify(scr) by extension 'colcon_pkg'
[0.438s] Level 1:colcon.colcon_core.package_identification:_identify(scr) by extensions ['colcon_meta']
[0.438s] Level 1:colcon.colcon_core.package_identification:_identify(scr) by extension 'colcon_meta'
[0.438s] Level 1:colcon.colcon_core.package_identification:_identify(scr) by extensions ['ros']
[0.438s] Level 1:colcon.colcon_core.package_identification:_identify(scr) by extension 'ros'
[0.438s] Level 1:colcon.colcon_core.package_identification:_identify(scr) by extensions ['cmake', 'python']
[0.438s] Level 1:colcon.colcon_core.package_identification:_identify(scr) by extension 'cmake'
[0.438s] Level 1:colcon.colcon_core.package_identification:_identify(scr) by extension 'python'
[0.438s] Level 1:colcon.colcon_core.package_identification:_identify(scr) by extensions ['python_setup_py']
[0.438s] Level 1:colcon.colcon_core.package_identification:_identify(scr) by extension 'python_setup_py'
[0.438s] Level 1:colcon.colcon_core.package_identification:_identify(scr/first_package_x) by extensions ['ignore', 'ignore_ament_install']
[0.439s] Level 1:colcon.colcon_core.package_identification:_identify(scr/first_package_x) by extension 'ignore'
[0.439s] Level 1:colcon.colcon_core.package_identification:_identify(scr/first_package_x) by extension 'ignore_ament_install'
[0.439s] Level 1:colcon.colcon_core.package_identification:_identify(scr/first_package_x) by extensions ['colcon_pkg']
[0.439s] Level 1:colcon.colcon_core.package_identification:_identify(scr/first_package_x) by extension 'colcon_pkg'
[0.439s] Level 1:colcon.colcon_core.package_identification:_identify(scr/first_package_x) by extensions ['colcon_meta']
[0.439s] Level 1:colcon.colcon_core.package_identification:_identify(scr/first_package_x) by extension 'colcon_meta'
[0.439s] Level 1:colcon.colcon_core.package_identification:_identify(scr/first_package_x) by extensions ['ros']
[0.439s] Level 1:colcon.colcon_core.package_identification:_identify(scr/first_package_x) by extension 'ros'
[0.442s] DEBUG:colcon.colcon_core.package_identification:Package 'scr/first_package_x' with type 'ros.ament_python' and name 'first_package_x'
[0.442s] Level 1:colcon.colcon_core.package_identification:_identify(scr/my_robot_bringup) by extensions ['ignore', 'ignore_ament_install']
[0.442s] Level 1:colcon.colcon_core.package_identification:_identify(scr/my_robot_bringup) by extension 'ignore'
[0.442s] Level 1:colcon.colcon_core.package_identification:_identify(scr/my_robot_bringup) by extension 'ignore_ament_install'
[0.442s] Level 1:colcon.colcon_core.package_identification:_identify(scr/my_robot_bringup) by extensions ['colcon_pkg']
[0.442s] Level 1:colcon.colcon_core.package_identification:_identify(scr/my_robot_bringup) by extension 'colcon_pkg'
[0.443s] Level 1:colcon.colcon_core.package_identification:_identify(scr/my_robot_bringup) by extensions ['colcon_meta']
[0.443s] Level 1:colcon.colcon_core.package_identification:_identify(scr/my_robot_bringup) by extension 'colcon_meta'
[0.443s] Level 1:colcon.colcon_core.package_identification:_identify(scr/my_robot_bringup) by extensions ['ros']
[0.443s] Level 1:colcon.colcon_core.package_identification:_identify(scr/my_robot_bringup) by extension 'ros'
[0.443s] DEBUG:colcon.colcon_core.package_identification:Package 'scr/my_robot_bringup' with type 'ros.ament_cmake' and name 'my_robot_bringup'
[0.444s] Level 1:colcon.colcon_core.package_identification:_identify(scr/my_robot_description) by extensions ['ignore', 'ignore_ament_install']
[0.444s] Level 1:colcon.colcon_core.package_identification:_identify(scr/my_robot_description) by extension 'ignore'
[0.444s] Level 1:colcon.colcon_core.package_identification:_identify(scr/my_robot_description) by extension 'ignore_ament_install'
[0.444s] Level 1:colcon.colcon_core.package_identification:_identify(scr/my_robot_description) by extensions ['colcon_pkg']
[0.444s] Level 1:colcon.colcon_core.package_identification:_identify(scr/my_robot_description) by extension 'colcon_pkg'
[0.444s] Level 1:colcon.colcon_core.package_identification:_identify(scr/my_robot_description) by extensions ['colcon_meta']
[0.444s] Level 1:colcon.colcon_core.package_identification:_identify(scr/my_robot_description) by extension 'colcon_meta'
[0.444s] Level 1:colcon.colcon_core.package_identification:_identify(scr/my_robot_description) by extensions ['ros']
[0.444s] Level 1:colcon.colcon_core.package_identification:_identify(scr/my_robot_description) by extension 'ros'
[0.445s] DEBUG:colcon.colcon_core.package_identification:Package 'scr/my_robot_description' with type 'ros.ament_python' and name 'my_robot_description'
[0.445s] Level 1:colcon.colcon_core.package_identification:_identify(scr/py_package_example) by extensions ['ignore', 'ignore_ament_install']
[0.445s] Level 1:colcon.colcon_core.package_identification:_identify(scr/py_package_example) by extension 'ignore'
[0.445s] Level 1:colcon.colcon_core.package_identification:_identify(scr/py_package_example) by extension 'ignore_ament_install'
[0.446s] Level 1:colcon.colcon_core.package_identification:_identify(scr/py_package_example) by extensions ['colcon_pkg']
[0.446s] Level 1:colcon.colcon_core.package_identification:_identify(scr/py_package_example) by extension 'colcon_pkg'
[0.446s] Level 1:colcon.colcon_core.package_identification:_identify(scr/py_package_example) by extensions ['colcon_meta']
[0.446s] Level 1:colcon.colcon_core.package_identification:_identify(scr/py_package_example) by extension 'colcon_meta'
[0.446s] Level 1:colcon.colcon_core.package_identification:_identify(scr/py_package_example) by extensions ['ros']
[0.446s] Level 1:colcon.colcon_core.package_identification:_identify(scr/py_package_example) by extension 'ros'
[0.447s] DEBUG:colcon.colcon_core.package_identification:Package 'scr/py_package_example' with type 'ros.ament_python' and name 'py_package_example'
[0.447s] Level 1:colcon.colcon_core.package_discovery:discover_packages(recursive) using defaults
[0.447s] Level 1:colcon.colcon_core.package_discovery:discover_packages(ignore) discover
[0.447s] Level 1:colcon.colcon_core.package_discovery:discover_packages(ignore) using defaults
[0.447s] Level 1:colcon.colcon_core.package_discovery:discover_packages(path) discover
[0.447s] Level 1:colcon.colcon_core.package_discovery:discover_packages(path) using defaults
[0.469s] Level 1:colcon.colcon_core.package_discovery:discover_packages(prefix_path) check parameters
[0.469s] Level 1:colcon.colcon_core.package_discovery:discover_packages(prefix_path) discover
[0.471s] DEBUG:colcon.colcon_installed_package_information.package_discovery:Found 4 installed packages in /home/ffons/ros2_companion_ws/install
[0.474s] DEBUG:colcon.colcon_installed_package_information.package_discovery:Found 276 installed packages in /opt/ros/humble
[0.478s] Level 1:colcon.colcon_core.package_discovery:discover_packages(prefix_path) using defaults
[0.531s] Level 5:colcon.colcon_core.verb:set package 'first_package_x' build argument 'cmake_args' from command line to 'None'
[0.532s] Level 5:colcon.colcon_core.verb:set package 'first_package_x' build argument 'cmake_target' from command line to 'None'
[0.532s] Level 5:colcon.colcon_core.verb:set package 'first_package_x' build argument 'cmake_target_skip_unavailable' from command line to 'False'
[0.532s] Level 5:colcon.colcon_core.verb:set package 'first_package_x' build argument 'cmake_clean_cache' from command line to 'False'
[0.532s] Level 5:colcon.colcon_core.verb:set package 'first_package_x' build argument 'cmake_clean_first' from command line to 'False'
[0.532s] Level 5:colcon.colcon_core.verb:set package 'first_package_x' build argument 'cmake_force_configure' from command line to 'False'
[0.532s] Level 5:colcon.colcon_core.verb:set package 'first_package_x' build argument 'ament_cmake_args' from command line to 'None'
[0.532s] Level 5:colcon.colcon_core.verb:set package 'first_package_x' build argument 'catkin_cmake_args' from command line to 'None'
[0.532s] Level 5:colcon.colcon_core.verb:set package 'first_package_x' build argument 'catkin_skip_building_tests' from command line to 'False'
[0.532s] DEBUG:colcon.colcon_core.verb:Building package 'first_package_x' with the following arguments: {'ament_cmake_args': None, 'build_base': '/home/ffons/ros2_companion_ws/build/first_package_x', 'catkin_cmake_args': None, 'catkin_skip_building_tests': False, 'cmake_args': None, 'cmake_clean_cache': False, 'cmake_clean_first': False, 'cmake_force_configure': False, 'cmake_target': None, 'cmake_target_skip_unavailable': False, 'install_base': '/home/ffons/ros2_companion_ws/install/first_package_x', 'merge_install': False, 'path': '/home/ffons/ros2_companion_ws/scr/first_package_x', 'symlink_install': False, 'test_result_base': None}
[0.532s] Level 5:colcon.colcon_core.verb:set package 'my_robot_bringup' build argument 'cmake_args' from command line to 'None'
[0.532s] Level 5:colcon.colcon_core.verb:set package 'my_robot_bringup' build argument 'cmake_target' from command line to 'None'
[0.532s] Level 5:colcon.colcon_core.verb:set package 'my_robot_bringup' build argument 'cmake_target_skip_unavailable' from command line to 'False'
[0.533s] Level 5:colcon.colcon_core.verb:set package 'my_robot_bringup' build argument 'cmake_clean_cache' from command line to 'False'
[0.533s] Level 5:colcon.colcon_core.verb:set package 'my_robot_bringup' build argument 'cmake_clean_first' from command line to 'False'
[0.533s] Level 5:colcon.colcon_core.verb:set package 'my_robot_bringup' build argument 'cmake_force_configure' from command line to 'False'
[0.533s] Level 5:colcon.colcon_core.verb:set package 'my_robot_bringup' build argument 'ament_cmake_args' from command line to 'None'
[0.533s] Level 5:colcon.colcon_core.verb:set package 'my_robot_bringup' build argument 'catkin_cmake_args' from command line to 'None'
[0.533s] Level 5:colcon.colcon_core.verb:set package 'my_robot_bringup' build argument 'catkin_skip_building_tests' from command line to 'False'
[0.533s] DEBUG:colcon.colcon_core.verb:Building package 'my_robot_bringup' with the following arguments: {'ament_cmake_args': None, 'build_base': '/home/ffons/ros2_companion_ws/build/my_robot_bringup', 'catkin_cmake_args': None, 'catkin_skip_building_tests': False, 'cmake_args': None, 'cmake_clean_cache': False, 'cmake_clean_first': False, 'cmake_force_configure': False, 'cmake_target': None, 'cmake_target_skip_unavailable': False, 'install_base': '/home/ffons/ros2_companion_ws/install/my_robot_bringup', 'merge_install': False, 'path': '/home/ffons/ros2_companion_ws/scr/my_robot_bringup', 'symlink_install': False, 'test_result_base': None}
[0.533s] Level 5:colcon.colcon_core.verb:set package 'my_robot_description' build argument 'cmake_args' from command line to 'None'
[0.533s] Level 5:colcon.colcon_core.verb:set package 'my_robot_description' build argument 'cmake_target' from command line to 'None'
[0.533s] Level 5:colcon.colcon_core.verb:set package 'my_robot_description' build argument 'cmake_target_skip_unavailable' from command line to 'False'
[0.533s] Level 5:colcon.colcon_core.verb:set package 'my_robot_description' build argument 'cmake_clean_cache' from command line to 'False'
[0.533s] Level 5:colcon.colcon_core.verb:set package 'my_robot_description' build argument 'cmake_clean_first' from command line to 'False'
[0.533s] Level 5:colcon.colcon_core.verb:set package 'my_robot_description' build argument 'cmake_force_configure' from command line to 'False'
[0.533s] Level 5:colcon.colcon_core.verb:set package 'my_robot_description' build argument 'ament_cmake_args' from command line to 'None'
[0.533s] Level 5:colcon.colcon_core.verb:set package 'my_robot_description' build argument 'catkin_cmake_args' from command line to 'None'
[0.534s] Level 5:colcon.colcon_core.verb:set package 'my_robot_description' build argument 'catkin_skip_building_tests' from command line to 'False'
[0.534s] DEBUG:colcon.colcon_core.verb:Building package 'my_robot_description' with the following arguments: {'ament_cmake_args': None, 'build_base': '/home/ffons/ros2_companion_ws/build/my_robot_description', 'catkin_cmake_args': None, 'catkin_skip_building_tests': False, 'cmake_args': None, 'cmake_clean_cache': False, 'cmake_clean_first': False, 'cmake_force_configure': False, 'cmake_target': None, 'cmake_target_skip_unavailable': False, 'install_base': '/home/ffons/ros2_companion_ws/install/my_robot_description', 'merge_install': False, 'path': '/home/ffons/ros2_companion_ws/scr/my_robot_description', 'symlink_install': False, 'test_result_base': None}
[0.534s] Level 5:colcon.colcon_core.verb:set package 'py_package_example' build argument 'cmake_args' from command line to 'None'
[0.534s] Level 5:colcon.colcon_core.verb:set package 'py_package_example' build argument 'cmake_target' from command line to 'None'
[0.534s] Level 5:colcon.colcon_core.verb:set package 'py_package_example' build argument 'cmake_target_skip_unavailable' from command line to 'False'
[0.534s] Level 5:colcon.colcon_core.verb:set package 'py_package_example' build argument 'cmake_clean_cache' from command line to 'False'
[0.534s] Level 5:colcon.colcon_core.verb:set package 'py_package_example' build argument 'cmake_clean_first' from command line to 'False'
[0.534s] Level 5:colcon.colcon_core.verb:set package 'py_package_example' build argument 'cmake_force_configure' from command line to 'False'
[0.534s] Level 5:colcon.colcon_core.verb:set package 'py_package_example' build argument 'ament_cmake_args' from command line to 'None'
[0.534s] Level 5:colcon.colcon_core.verb:set package 'py_package_example' build argument 'catkin_cmake_args' from command line to 'None'
[0.534s] Level 5:colcon.colcon_core.verb:set package 'py_package_example' build argument 'catkin_skip_building_tests' from command line to 'False'
[0.534s] DEBUG:colcon.colcon_core.verb:Building package 'py_package_example' with the following arguments: {'ament_cmake_args': None, 'build_base': '/home/ffons/ros2_companion_ws/build/py_package_example', 'catkin_cmake_args': None, 'catkin_skip_building_tests': False, 'cmake_args': None, 'cmake_clean_cache': False, 'cmake_clean_first': False, 'cmake_force_configure': False, 'cmake_target': None, 'cmake_target_skip_unavailable': False, 'install_base': '/home/ffons/ros2_companion_ws/install/py_package_example', 'merge_install': False, 'path': '/home/ffons/ros2_companion_ws/scr/py_package_example', 'symlink_install': False, 'test_result_base': None}
[0.534s] INFO:colcon.colcon_core.executor:Executing jobs using 'parallel' executor
[0.536s] DEBUG:colcon.colcon_parallel_executor.executor.parallel:run_until_complete
[0.537s] INFO:colcon.colcon_ros.task.ament_python.build:Building ROS package in '/home/ffons/ros2_companion_ws/scr/first_package_x' with build type 'ament_python'
[0.538s] Level 1:colcon.colcon_core.shell:create_environment_hook('first_package_x', 'ament_prefix_path')
[0.541s] INFO:colcon.colcon_core.plugin_system:Skipping extension 'colcon_core.shell.bat': Not used on non-Windows systems
[0.541s] INFO:colcon.colcon_core.shell:Creating environment hook '/home/ffons/ros2_companion_ws/install/first_package_x/share/first_package_x/hook/ament_prefix_path.ps1'
[0.542s] INFO:colcon.colcon_core.shell:Creating environment descriptor '/home/ffons/ros2_companion_ws/install/first_package_x/share/first_package_x/hook/ament_prefix_path.dsv'
[0.543s] INFO:colcon.colcon_core.shell:Creating environment hook '/home/ffons/ros2_companion_ws/install/first_package_x/share/first_package_x/hook/ament_prefix_path.sh'
[0.545s] INFO:colcon.colcon_core.shell:Skip shell extension 'powershell' for command environment: Not usable outside of PowerShell
[0.545s] DEBUG:colcon.colcon_core.shell:Skip shell extension 'dsv' for command environment
[0.551s] INFO:colcon.colcon_ros.task.ament_cmake.build:Building ROS package in '/home/ffons/ros2_companion_ws/scr/my_robot_bringup' with build type 'ament_cmake'
[0.552s] INFO:colcon.colcon_cmake.task.cmake.build:Building CMake package in '/home/ffons/ros2_companion_ws/scr/my_robot_bringup'
[0.553s] INFO:colcon.colcon_core.shell:Skip shell extension 'powershell' for command environment: Not usable outside of PowerShell
[0.553s] DEBUG:colcon.colcon_core.shell:Skip shell extension 'dsv' for command environment
[0.559s] INFO:colcon.colcon_ros.task.ament_python.build:Building ROS package in '/home/ffons/ros2_companion_ws/scr/my_robot_description' with build type 'ament_python'
[0.560s] Level 1:colcon.colcon_core.shell:create_environment_hook('my_robot_description', 'ament_prefix_path')
[0.561s] INFO:colcon.colcon_core.shell:Creating environment hook '/home/ffons/ros2_companion_ws/install/my_robot_description/share/my_robot_description/hook/ament_prefix_path.ps1'
[0.562s] INFO:colcon.colcon_core.shell:Creating environment descriptor '/home/ffons/ros2_companion_ws/install/my_robot_description/share/my_robot_description/hook/ament_prefix_path.dsv'
[0.563s] INFO:colcon.colcon_core.shell:Creating environment hook '/home/ffons/ros2_companion_ws/install/my_robot_description/share/my_robot_description/hook/ament_prefix_path.sh'
[0.564s] INFO:colcon.colcon_core.shell:Skip shell extension 'powershell' for command environment: Not usable outside of PowerShell
[0.564s] DEBUG:colcon.colcon_core.shell:Skip shell extension 'dsv' for command environment
[0.571s] INFO:colcon.colcon_ros.task.ament_python.build:Building ROS package in '/home/ffons/ros2_companion_ws/scr/py_package_example' with build type 'ament_python'
[0.572s] Level 1:colcon.colcon_core.shell:create_environment_hook('py_package_example', 'ament_prefix_path')
[0.573s] INFO:colcon.colcon_core.shell:Creating environment hook '/home/ffons/ros2_companion_ws/install/py_package_example/share/py_package_example/hook/ament_prefix_path.ps1'
[0.574s] INFO:colcon.colcon_core.shell:Creating environment descriptor '/home/ffons/ros2_companion_ws/install/py_package_example/share/py_package_example/hook/ament_prefix_path.dsv'
[0.575s] INFO:colcon.colcon_core.shell:Creating environment hook '/home/ffons/ros2_companion_ws/install/py_package_example/share/py_package_example/hook/ament_prefix_path.sh'
[0.577s] INFO:colcon.colcon_core.shell:Skip shell extension 'powershell' for command environment: Not usable outside of PowerShell
[0.577s] DEBUG:colcon.colcon_core.shell:Skip shell extension 'dsv' for command environment
[0.975s] INFO:colcon.colcon_core.task.python.build:Building Python package in '/home/ffons/ros2_companion_ws/scr/first_package_x'
[0.975s] INFO:colcon.colcon_core.shell:Skip shell extension 'powershell' for command environment: Not usable outside of PowerShell
[0.975s] DEBUG:colcon.colcon_core.shell:Skip shell extension 'dsv' for command environment
[0.992s] DEBUG:colcon.colcon_core.event_handler.log_command:Invoking command in '/home/ffons/ros2_companion_ws/build/my_robot_bringup': CMAKE_PREFIX_PATH=${CMAKE_PREFIX_PATH}:/home/ffons/ros2_companion_ws/install/my_robot_description:/home/ffons/ros2_companion_ws/install/first_package_x:/opt/ros/humble /usr/bin/cmake --build /home/ffons/ros2_companion_ws/build/my_robot_bringup -- -j8 -l8
[1.303s] INFO:colcon.colcon_core.task.python.build:Building Python package in '/home/ffons/ros2_companion_ws/scr/my_robot_description'
[1.304s] INFO:colcon.colcon_core.shell:Skip shell extension 'powershell' for command environment: Not usable outside of PowerShell
[1.304s] DEBUG:colcon.colcon_core.shell:Skip shell extension 'dsv' for command environment
[1.601s] INFO:colcon.colcon_core.task.python.build:Building Python package in '/home/ffons/ros2_companion_ws/scr/py_package_example'
[1.601s] INFO:colcon.colcon_core.shell:Skip shell extension 'powershell' for command environment: Not usable outside of PowerShell
[1.601s] DEBUG:colcon.colcon_core.shell:Skip shell extension 'dsv' for command environment
[1.607s] DEBUG:colcon.colcon_core.event_handler.log_command:Invoked command in '/home/ffons/ros2_companion_ws/build/my_robot_bringup' returned '0': CMAKE_PREFIX_PATH=${CMAKE_PREFIX_PATH}:/home/ffons/ros2_companion_ws/install/my_robot_description:/home/ffons/ros2_companion_ws/install/first_package_x:/opt/ros/humble /usr/bin/cmake --build /home/ffons/ros2_companion_ws/build/my_robot_bringup -- -j8 -l8
[1.621s] DEBUG:colcon.colcon_core.event_handler.log_command:Invoking command in '/home/ffons/ros2_companion_ws/build/my_robot_bringup': CMAKE_PREFIX_PATH=${CMAKE_PREFIX_PATH}:/home/ffons/ros2_companion_ws/install/my_robot_description:/home/ffons/ros2_companion_ws/install/first_package_x:/opt/ros/humble /usr/bin/cmake --install /home/ffons/ros2_companion_ws/build/my_robot_bringup
[1.645s] Level 1:colcon.colcon_core.environment:create_environment_scripts_only(my_robot_bringup)
[1.648s] DEBUG:colcon.colcon_core.event_handler.log_command:Invoked command in '/home/ffons/ros2_companion_ws/build/my_robot_bringup' returned '0': CMAKE_PREFIX_PATH=${CMAKE_PREFIX_PATH}:/home/ffons/ros2_companion_ws/install/my_robot_description:/home/ffons/ros2_companion_ws/install/first_package_x:/opt/ros/humble /usr/bin/cmake --install /home/ffons/ros2_companion_ws/build/my_robot_bringup
[1.653s] Level 1:colcon.colcon_core.environment:checking '/home/ffons/ros2_companion_ws/install/my_robot_bringup' for CMake module files
[1.654s] Level 1:colcon.colcon_core.environment:checking '/home/ffons/ros2_companion_ws/install/my_robot_bringup' for CMake config files
[1.655s] Level 1:colcon.colcon_core.shell:create_environment_hook('my_robot_bringup', 'cmake_prefix_path')
[1.656s] INFO:colcon.colcon_core.shell:Creating environment hook '/home/ffons/ros2_companion_ws/install/my_robot_bringup/share/my_robot_bringup/hook/cmake_prefix_path.ps1'
[1.657s] INFO:colcon.colcon_core.shell:Creating environment descriptor '/home/ffons/ros2_companion_ws/install/my_robot_bringup/share/my_robot_bringup/hook/cmake_prefix_path.dsv'
[1.658s] INFO:colcon.colcon_core.shell:Creating environment hook '/home/ffons/ros2_companion_ws/install/my_robot_bringup/share/my_robot_bringup/hook/cmake_prefix_path.sh'
[1.660s] Level 1:colcon.colcon_core.environment:checking '/home/ffons/ros2_companion_ws/install/my_robot_bringup/bin'
[1.660s] Level 1:colcon.colcon_core.environment:checking '/home/ffons/ros2_companion_ws/install/my_robot_bringup/lib/pkgconfig/my_robot_bringup.pc'
[1.661s] Level 1:colcon.colcon_core.environment:checking '/home/ffons/ros2_companion_ws/install/my_robot_bringup/lib/python3.10/site-packages'
[1.661s] Level 1:colcon.colcon_core.environment:checking '/home/ffons/ros2_companion_ws/install/my_robot_bringup/bin'
[1.662s] INFO:colcon.colcon_core.shell:Creating package script '/home/ffons/ros2_companion_ws/install/my_robot_bringup/share/my_robot_bringup/package.ps1'
[1.664s] INFO:colcon.colcon_core.shell:Creating package descriptor '/home/ffons/ros2_companion_ws/install/my_robot_bringup/share/my_robot_bringup/package.dsv'
[1.666s] INFO:colcon.colcon_core.shell:Creating package script '/home/ffons/ros2_companion_ws/install/my_robot_bringup/share/my_robot_bringup/package.sh'
[1.668s] INFO:colcon.colcon_core.shell:Creating package script '/home/ffons/ros2_companion_ws/install/my_robot_bringup/share/my_robot_bringup/package.bash'
[1.669s] INFO:colcon.colcon_core.shell:Creating package script '/home/ffons/ros2_companion_ws/install/my_robot_bringup/share/my_robot_bringup/package.zsh'
[1.670s] Level 1:colcon.colcon_core.environment:create_file_with_runtime_dependencies(/home/ffons/ros2_companion_ws/install/my_robot_bringup/share/colcon-core/packages/my_robot_bringup)
[1.671s] Level 1:colcon.colcon_core.environment:create_environment_scripts_only(my_robot_bringup)
[1.672s] Level 1:colcon.colcon_core.environment:checking '/home/ffons/ros2_companion_ws/install/my_robot_bringup' for CMake module files
[1.674s] Level 1:colcon.colcon_core.environment:checking '/home/ffons/ros2_companion_ws/install/my_robot_bringup' for CMake config files
[1.674s] Level 1:colcon.colcon_core.shell:create_environment_hook('my_robot_bringup', 'cmake_prefix_path')
[1.675s] INFO:colcon.colcon_core.shell:Creating environment hook '/home/ffons/ros2_companion_ws/install/my_robot_bringup/share/my_robot_bringup/hook/cmake_prefix_path.ps1'
[1.676s] INFO:colcon.colcon_core.shell:Creating environment descriptor '/home/ffons/ros2_companion_ws/install/my_robot_bringup/share/my_robot_bringup/hook/cmake_prefix_path.dsv'
[1.677s] INFO:colcon.colcon_core.shell:Creating environment hook '/home/ffons/ros2_companion_ws/install/my_robot_bringup/share/my_robot_bringup/hook/cmake_prefix_path.sh'
[1.679s] Level 1:colcon.colcon_core.environment:checking '/home/ffons/ros2_companion_ws/install/my_robot_bringup/bin'
[1.679s] Level 1:colcon.colcon_core.environment:checking '/home/ffons/ros2_companion_ws/install/my_robot_bringup/lib/pkgconfig/my_robot_bringup.pc'
[1.679s] Level 1:colcon.colcon_core.environment:checking '/home/ffons/ros2_companion_ws/install/my_robot_bringup/lib/python3.10/site-packages'
[1.680s] Level 1:colcon.colcon_core.environment:checking '/home/ffons/ros2_companion_ws/install/my_robot_bringup/bin'
[1.680s] INFO:colcon.colcon_core.shell:Creating package script '/home/ffons/ros2_companion_ws/install/my_robot_bringup/share/my_robot_bringup/package.ps1'
[1.681s] INFO:colcon.colcon_core.shell:Creating package descriptor '/home/ffons/ros2_companion_ws/install/my_robot_bringup/share/my_robot_bringup/package.dsv'
[1.683s] INFO:colcon.colcon_core.shell:Creating package script '/home/ffons/ros2_companion_ws/install/my_robot_bringup/share/my_robot_bringup/package.sh'
[1.684s] INFO:colcon.colcon_core.shell:Creating package script '/home/ffons/ros2_companion_ws/install/my_robot_bringup/share/my_robot_bringup/package.bash'
[1.685s] INFO:colcon.colcon_core.shell:Creating package script '/home/ffons/ros2_companion_ws/install/my_robot_bringup/share/my_robot_bringup/package.zsh'
[1.686s] Level 1:colcon.colcon_core.environment:create_file_with_runtime_dependencies(/home/ffons/ros2_companion_ws/install/my_robot_bringup/share/colcon-core/packages/my_robot_bringup)
[2.309s] DEBUG:colcon.colcon_core.event_handler.log_command:Invoking command in '/home/ffons/ros2_companion_ws/scr/first_package_x': PYTHONPATH=/home/ffons/ros2_companion_ws/build/first_package_x/prefix_override:/usr/lib/python3/dist-packages/colcon_core/task/python/colcon_distutils_commands:/home/ffons/ros2_companion_ws/install/first_package_x/lib/python3.10/site-packages:${PYTHONPATH} /usr/bin/python3 -W ignore:setup.py install is deprecated -W ignore:easy_install command is deprecated setup.py egg_info --egg-base ../../build/first_package_x build --build-base /home/ffons/ros2_companion_ws/build/first_package_x/build install --record /home/ffons/ros2_companion_ws/build/first_package_x/install.log --single-version-externally-managed install_data
[2.313s] DEBUG:colcon.colcon_core.event_handler.log_command:Invoking command in '/home/ffons/ros2_companion_ws/scr/py_package_example': PYTHONPATH=/home/ffons/ros2_companion_ws/build/py_package_example/prefix_override:/usr/lib/python3/dist-packages/colcon_core/task/python/colcon_distutils_commands:/home/ffons/ros2_companion_ws/install/py_package_example/lib/python3.10/site-packages:${PYTHONPATH} /usr/bin/python3 -W ignore:setup.py install is deprecated -W ignore:easy_install command is deprecated setup.py egg_info --egg-base ../../build/py_package_example build --build-base /home/ffons/ros2_companion_ws/build/py_package_example/build install --record /home/ffons/ros2_companion_ws/build/py_package_example/install.log --single-version-externally-managed install_data
[2.316s] DEBUG:colcon.colcon_core.event_handler.log_command:Invoking command in '/home/ffons/ros2_companion_ws/scr/my_robot_description': PYTHONPATH=/home/ffons/ros2_companion_ws/build/my_robot_description/prefix_override:/usr/lib/python3/dist-packages/colcon_core/task/python/colcon_distutils_commands:/home/ffons/ros2_companion_ws/install/my_robot_description/lib/python3.10/site-packages:${PYTHONPATH} /usr/bin/python3 -W ignore:setup.py install is deprecated -W ignore:easy_install command is deprecated setup.py egg_info --egg-base ../../build/my_robot_description build --build-base /home/ffons/ros2_companion_ws/build/my_robot_description/build install --record /home/ffons/ros2_companion_ws/build/my_robot_description/install.log --single-version-externally-managed install_data
[2.832s] Level 1:colcon.colcon_core.environment:checking '/home/ffons/ros2_companion_ws/install/first_package_x' for CMake module files
[2.833s] DEBUG:colcon.colcon_core.event_handler.log_command:Invoked command in '/home/ffons/ros2_companion_ws/scr/first_package_x' returned '0': PYTHONPATH=/home/ffons/ros2_companion_ws/build/first_package_x/prefix_override:/usr/lib/python3/dist-packages/colcon_core/task/python/colcon_distutils_commands:/home/ffons/ros2_companion_ws/install/first_package_x/lib/python3.10/site-packages:${PYTHONPATH} /usr/bin/python3 -W ignore:setup.py install is deprecated -W ignore:easy_install command is deprecated setup.py egg_info --egg-base ../../build/first_package_x build --build-base /home/ffons/ros2_companion_ws/build/first_package_x/build install --record /home/ffons/ros2_companion_ws/build/first_package_x/install.log --single-version-externally-managed install_data
[2.834s] Level 1:colcon.colcon_core.environment:checking '/home/ffons/ros2_companion_ws/install/first_package_x' for CMake config files
[2.835s] Level 1:colcon.colcon_core.environment:checking '/home/ffons/ros2_companion_ws/install/first_package_x/lib'
[2.835s] Level 1:colcon.colcon_core.environment:checking '/home/ffons/ros2_companion_ws/install/first_package_x/bin'
[2.835s] Level 1:colcon.colcon_core.environment:checking '/home/ffons/ros2_companion_ws/install/first_package_x/lib/pkgconfig/first_package_x.pc'
[2.836s] Level 1:colcon.colcon_core.environment:checking '/home/ffons/ros2_companion_ws/install/first_package_x/lib/python3.10/site-packages'
[2.836s] Level 1:colcon.colcon_core.shell:create_environment_hook('first_package_x', 'pythonpath')
[2.836s] INFO:colcon.colcon_core.shell:Creating environment hook '/home/ffons/ros2_companion_ws/install/first_package_x/share/first_package_x/hook/pythonpath.ps1'
[2.837s] INFO:colcon.colcon_core.shell:Creating environment descriptor '/home/ffons/ros2_companion_ws/install/first_package_x/share/first_package_x/hook/pythonpath.dsv'
[2.838s] INFO:colcon.colcon_core.shell:Creating environment hook '/home/ffons/ros2_companion_ws/install/first_package_x/share/first_package_x/hook/pythonpath.sh'
[2.839s] Level 1:colcon.colcon_core.environment:checking '/home/ffons/ros2_companion_ws/install/first_package_x/bin'
[2.839s] Level 1:colcon.colcon_core.environment:create_environment_scripts_only(first_package_x)
[2.840s] INFO:colcon.colcon_core.shell:Creating package script '/home/ffons/ros2_companion_ws/install/first_package_x/share/first_package_x/package.ps1'
[2.841s] INFO:colcon.colcon_core.shell:Creating package descriptor '/home/ffons/ros2_companion_ws/install/first_package_x/share/first_package_x/package.dsv'
[2.842s] INFO:colcon.colcon_core.shell:Creating package script '/home/ffons/ros2_companion_ws/install/first_package_x/share/first_package_x/package.sh'
[2.843s] INFO:colcon.colcon_core.shell:Creating package script '/home/ffons/ros2_companion_ws/install/first_package_x/share/first_package_x/package.bash'
[2.844s] INFO:colcon.colcon_core.shell:Creating package script '/home/ffons/ros2_companion_ws/install/first_package_x/share/first_package_x/package.zsh'
[2.844s] Level 1:colcon.colcon_core.environment:create_file_with_runtime_dependencies(/home/ffons/ros2_companion_ws/install/first_package_x/share/colcon-core/packages/first_package_x)
[2.863s] Level 1:colcon.colcon_core.environment:checking '/home/ffons/ros2_companion_ws/install/py_package_example' for CMake module files
[2.865s] DEBUG:colcon.colcon_core.event_handler.log_command:Invoked command in '/home/ffons/ros2_companion_ws/scr/py_package_example' returned '0': PYTHONPATH=/home/ffons/ros2_companion_ws/build/py_package_example/prefix_override:/usr/lib/python3/dist-packages/colcon_core/task/python/colcon_distutils_commands:/home/ffons/ros2_companion_ws/install/py_package_example/lib/python3.10/site-packages:${PYTHONPATH} /usr/bin/python3 -W ignore:setup.py install is deprecated -W ignore:easy_install command is deprecated setup.py egg_info --egg-base ../../build/py_package_example build --build-base /home/ffons/ros2_companion_ws/build/py_package_example/build install --record /home/ffons/ros2_companion_ws/build/py_package_example/install.log --single-version-externally-managed install_data
[2.866s] Level 1:colcon.colcon_core.environment:checking '/home/ffons/ros2_companion_ws/install/py_package_example' for CMake config files
[2.868s] Level 1:colcon.colcon_core.environment:checking '/home/ffons/ros2_companion_ws/install/py_package_example/lib'
[2.868s] Level 1:colcon.colcon_core.environment:checking '/home/ffons/ros2_companion_ws/install/py_package_example/bin'
[2.868s] Level 1:colcon.colcon_core.environment:checking '/home/ffons/ros2_companion_ws/install/py_package_example/lib/pkgconfig/py_package_example.pc'
[2.869s] Level 1:colcon.colcon_core.environment:checking '/home/ffons/ros2_companion_ws/install/py_package_example/lib/python3.10/site-packages'
[2.869s] Level 1:colcon.colcon_core.shell:create_environment_hook('py_package_example', 'pythonpath')
[2.870s] INFO:colcon.colcon_core.shell:Creating environment hook '/home/ffons/ros2_companion_ws/install/py_package_example/share/py_package_example/hook/pythonpath.ps1'
[2.871s] INFO:colcon.colcon_core.shell:Creating environment descriptor '/home/ffons/ros2_companion_ws/install/py_package_example/share/py_package_example/hook/pythonpath.dsv'
[2.872s] INFO:colcon.colcon_core.shell:Creating environment hook '/home/ffons/ros2_companion_ws/install/py_package_example/share/py_package_example/hook/pythonpath.sh'
[2.873s] Level 1:colcon.colcon_core.environment:checking '/home/ffons/ros2_companion_ws/install/py_package_example/bin'
[2.873s] Level 1:colcon.colcon_core.environment:create_environment_scripts_only(py_package_example)
[2.874s] INFO:colcon.colcon_core.shell:Creating package script '/home/ffons/ros2_companion_ws/install/py_package_example/share/py_package_example/package.ps1'
[2.874s] INFO:colcon.colcon_core.shell:Creating package descriptor '/home/ffons/ros2_companion_ws/install/py_package_example/share/py_package_example/package.dsv'
[2.875s] INFO:colcon.colcon_core.shell:Creating package script '/home/ffons/ros2_companion_ws/install/py_package_example/share/py_package_example/package.sh'
[2.876s] INFO:colcon.colcon_core.shell:Creating package script '/home/ffons/ros2_companion_ws/install/py_package_example/share/py_package_example/package.bash'
[2.877s] INFO:colcon.colcon_core.shell:Creating package script '/home/ffons/ros2_companion_ws/install/py_package_example/share/py_package_example/package.zsh'
[2.877s] Level 1:colcon.colcon_core.environment:create_file_with_runtime_dependencies(/home/ffons/ros2_companion_ws/install/py_package_example/share/colcon-core/packages/py_package_example)
[2.881s] Level 1:colcon.colcon_core.environment:checking '/home/ffons/ros2_companion_ws/install/my_robot_description' for CMake module files
[2.883s] Level 1:colcon.colcon_core.environment:checking '/home/ffons/ros2_companion_ws/install/my_robot_description' for CMake config files
[2.884s] DEBUG:colcon.colcon_core.event_handler.log_command:Invoked command in '/home/ffons/ros2_companion_ws/scr/my_robot_description' returned '0': PYTHONPATH=/home/ffons/ros2_companion_ws/build/my_robot_description/prefix_override:/usr/lib/python3/dist-packages/colcon_core/task/python/colcon_distutils_commands:/home/ffons/ros2_companion_ws/install/my_robot_description/lib/python3.10/site-packages:${PYTHONPATH} /usr/bin/python3 -W ignore:setup.py install is deprecated -W ignore:easy_install command is deprecated setup.py egg_info --egg-base ../../build/my_robot_description build --build-base /home/ffons/ros2_companion_ws/build/my_robot_description/build install --record /home/ffons/ros2_companion_ws/build/my_robot_description/install.log --single-version-externally-managed install_data
[2.885s] Level 1:colcon.colcon_core.environment:checking '/home/ffons/ros2_companion_ws/install/my_robot_description/lib'
[2.885s] Level 1:colcon.colcon_core.environment:checking '/home/ffons/ros2_companion_ws/install/my_robot_description/bin'
[2.886s] Level 1:colcon.colcon_core.environment:checking '/home/ffons/ros2_companion_ws/install/my_robot_description/lib/pkgconfig/my_robot_description.pc'
[2.886s] Level 1:colcon.colcon_core.environment:checking '/home/ffons/ros2_companion_ws/install/my_robot_description/lib/python3.10/site-packages'
[2.886s] Level 1:colcon.colcon_core.shell:create_environment_hook('my_robot_description', 'pythonpath')
[2.887s] INFO:colcon.colcon_core.shell:Creating environment hook '/home/ffons/ros2_companion_ws/install/my_robot_description/share/my_robot_description/hook/pythonpath.ps1'
[2.887s] INFO:colcon.colcon_core.shell:Creating environment descriptor '/home/ffons/ros2_companion_ws/install/my_robot_description/share/my_robot_description/hook/pythonpath.dsv'
[2.888s] INFO:colcon.colcon_core.shell:Creating environment hook '/home/ffons/ros2_companion_ws/install/my_robot_description/share/my_robot_description/hook/pythonpath.sh'
[2.889s] Level 1:colcon.colcon_core.environment:checking '/home/ffons/ros2_companion_ws/install/my_robot_description/bin'
[2.889s] Level 1:colcon.colcon_core.environment:create_environment_scripts_only(my_robot_description)
[2.890s] INFO:colcon.colcon_core.shell:Creating package script '/home/ffons/ros2_companion_ws/install/my_robot_description/share/my_robot_description/package.ps1'
[2.891s] INFO:colcon.colcon_core.shell:Creating package descriptor '/home/ffons/ros2_companion_ws/install/my_robot_description/share/my_robot_description/package.dsv'
[2.891s] INFO:colcon.colcon_core.shell:Creating package script '/home/ffons/ros2_companion_ws/install/my_robot_description/share/my_robot_description/package.sh'
[2.892s] INFO:colcon.colcon_core.shell:Creating package script '/home/ffons/ros2_companion_ws/install/my_robot_description/share/my_robot_description/package.bash'
[2.893s] INFO:colcon.colcon_core.shell:Creating package script '/home/ffons/ros2_companion_ws/install/my_robot_description/share/my_robot_description/package.zsh'
[2.893s] Level 1:colcon.colcon_core.environment:create_file_with_runtime_dependencies(/home/ffons/ros2_companion_ws/install/my_robot_description/share/colcon-core/packages/my_robot_description)
[2.894s] DEBUG:colcon.colcon_parallel_executor.executor.parallel:closing loop
[2.895s] DEBUG:colcon.colcon_parallel_executor.executor.parallel:loop closed
[2.895s] DEBUG:colcon.colcon_parallel_executor.executor.parallel:run_until_complete finished with '0'
[2.895s] DEBUG:colcon.colcon_core.event_reactor:joining thread
[2.956s] INFO:colcon.colcon_core.plugin_system:Skipping extension 'colcon_notification.desktop_notification.notify_send': Could not find 'notify-send'
[2.956s] INFO:colcon.colcon_core.plugin_system:Skipping extension 'colcon_notification.desktop_notification.terminal_notifier': Not used on non-Darwin systems
[2.956s] INFO:colcon.colcon_core.plugin_system:Skipping extension 'colcon_notification.desktop_notification.win32': Not used on non-Windows systems
[2.957s] INFO:colcon.colcon_notification.desktop_notification:Sending desktop notification using 'notify2'
[2.957s] DEBUG:colcon.colcon_notification.desktop_notification.notify2:Failed to initialize notify2: org.freedesktop.DBus.Error.FileNotFound: Failed to connect to socket /run/user/1000/bus: No such file or directory
[2.957s] DEBUG:colcon.colcon_core.event_reactor:joined thread
[2.958s] INFO:colcon.colcon_core.shell:Creating prefix script '/home/ffons/ros2_companion_ws/install/local_setup.ps1'
[2.959s] INFO:colcon.colcon_core.shell:Creating prefix util module '/home/ffons/ros2_companion_ws/install/_local_setup_util_ps1.py'
[2.961s] INFO:colcon.colcon_core.shell:Creating prefix chain script '/home/ffons/ros2_companion_ws/install/setup.ps1'
[2.963s] INFO:colcon.colcon_core.shell:Creating prefix script '/home/ffons/ros2_companion_ws/install/local_setup.sh'
[2.964s] INFO:colcon.colcon_core.shell:Creating prefix util module '/home/ffons/ros2_companion_ws/install/_local_setup_util_sh.py'
[2.964s] INFO:colcon.colcon_core.shell:Creating prefix chain script '/home/ffons/ros2_companion_ws/install/setup.sh'
[2.966s] INFO:colcon.colcon_core.shell:Creating prefix script '/home/ffons/ros2_companion_ws/install/local_setup.bash'
[2.967s] INFO:colcon.colcon_core.shell:Creating prefix chain script '/home/ffons/ros2_companion_ws/install/setup.bash'
[2.969s] INFO:colcon.colcon_core.shell:Creating prefix script '/home/ffons/ros2_companion_ws/install/local_setup.zsh'
[2.970s] INFO:colcon.colcon_core.shell:Creating prefix chain script '/home/ffons/ros2_companion_ws/install/setup.zsh'
