[0.020s] Invoking command in '/home/ffons/ros2_companion_ws/build/my_robot_interfaces': CMAKE_PREFIX_PATH=${CMAKE_PREFIX_PATH}:/home/ffons/ros2_companion_ws/install/py_package_example:/home/ffons/ros2_companion_ws/install/my_robot_description:/home/ffons/ros2_companion_ws/install/first_package_x:/opt/ros/humble /usr/bin/cmake --build /home/ffons/ros2_companion_ws/build/my_robot_interfaces -- -j8 -l8
[0.103s] -- Found ament_cmake: 1.3.12 (/opt/ros/humble/share/ament_cmake/cmake)
[0.285s] -- Found geometry_msgs: 4.9.0 (/opt/ros/humble/share/geometry_msgs/cmake)
[0.423s] -- Found rosidl_generator_c: 3.1.7 (/opt/ros/humble/share/rosidl_generator_c/cmake)
[0.428s] -- Found rosidl_adapter: 3.1.7 (/opt/ros/humble/share/rosidl_adapter/cmake)
[0.441s] -- Found rosidl_generator_cpp: 3.1.7 (/opt/ros/humble/share/rosidl_generator_cpp/cmake)
[0.459s] -- Using all available rosidl_typesupport_c: rosidl_typesupport_fastrtps_c;rosidl_typesupport_introspection_c
[0.479s] -- Using all available rosidl_typesupport_cpp: rosidl_typesupport_fastrtps_cpp;rosidl_typesupport_introspection_cpp
[0.531s] -- Found rosidl_default_generators: 1.2.0 (/opt/ros/humble/share/rosidl_default_generators/cmake)
[0.824s] -- Found ament_cmake_ros: 0.10.0 (/opt/ros/humble/share/ament_cmake_ros/cmake)
[1.205s] -- Using all available rosidl_typesupport_c: rosidl_typesupport_fastrtps_c;rosidl_typesupport_introspection_c
[1.352s] -- Using all available rosidl_typesupport_cpp: rosidl_typesupport_fastrtps_cpp;rosidl_typesupport_introspection_cpp
[1.373s] -- Found python_cmake_module: 0.10.0 (/opt/ros/humble/share/python_cmake_module/cmake)
[1.395s] -- Using PYTHON_EXECUTABLE: /usr/bin/python3
[1.395s] -- Using PYTHON_INCLUDE_DIRS: /usr/include/python3.10
[1.395s] -- Using PYTHON_LIBRARIES: /usr/lib/x86_64-linux-gnu/libpython3.10.so
[1.444s] -- Configuring done
[1.503s] -- Generating done
[1.518s] -- Build files have been written to: /home/ffons/ros2_companion_ws/build/my_robot_interfaces
[1.545s] [  2%] [34m[1mGenerating C code for ROS interfaces[0m
[1.558s] [  5%] [34m[1mGenerating C++ code for ROS interfaces[0m
[1.572s] [  5%] Built target ament_cmake_python_copy_my_robot_interfaces
[1.888s] running egg_info
[1.890s] writing my_robot_interfaces.egg-info/PKG-INFO
[1.890s] writing dependency_links to my_robot_interfaces.egg-info/dependency_links.txt
[1.891s] writing top-level names to my_robot_interfaces.egg-info/top_level.txt
[1.898s] reading manifest file 'my_robot_interfaces.egg-info/SOURCES.txt'
[1.900s] writing manifest file 'my_robot_interfaces.egg-info/SOURCES.txt'
[1.932s] [  5%] Built target my_robot_interfaces__cpp
[1.946s] [ 10%] [34m[1mGenerating C++ introspection for ROS interfaces[0m
[1.946s] [ 10%] [34m[1mGenerating C++ type support for eProsima Fast-RTPS[0m
[1.947s] [ 12%] [34m[1mGenerating C++ type support dispatch for ROS interfaces[0m
[1.958s] [ 12%] Built target ament_cmake_python_build_my_robot_interfaces_egg
[1.982s] [35m[1mConsolidate compiler generated dependencies of target my_robot_interfaces__rosidl_generator_c[0m
[2.002s] [ 17%] [32mBuilding C object CMakeFiles/my_robot_interfaces__rosidl_generator_c.dir/rosidl_generator_c/my_robot_interfaces/srv/detail/set_led__functions.c.o[0m
[2.002s] [ 17%] [32mBuilding C object CMakeFiles/my_robot_interfaces__rosidl_generator_c.dir/rosidl_generator_c/my_robot_interfaces/msg/detail/target_coordinates__functions.c.o[0m
[2.154s] [ 20%] [32m[1mLinking C shared library libmy_robot_interfaces__rosidl_generator_c.so[0m
[2.394s] [35m[1mConsolidate compiler generated dependencies of target my_robot_interfaces__rosidl_typesupport_cpp[0m
[2.405s] [ 20%] Built target my_robot_interfaces__rosidl_generator_c
[2.415s] [35m[1mConsolidate compiler generated dependencies of target my_robot_interfaces__rosidl_typesupport_introspection_cpp[0m
[2.415s] [ 23%] [32mBuilding CXX object CMakeFiles/my_robot_interfaces__rosidl_typesupport_cpp.dir/rosidl_typesupport_cpp/my_robot_interfaces/srv/set_led__type_support.cpp.o[0m
[2.415s] [ 25%] [32mBuilding CXX object CMakeFiles/my_robot_interfaces__rosidl_typesupport_cpp.dir/rosidl_typesupport_cpp/my_robot_interfaces/msg/target_coordinates__type_support.cpp.o[0m
[2.421s] [ 28%] [34m[1mGenerating C type support for eProsima Fast-RTPS[0m
[2.421s] [ 30%] [34m[1mGenerating C introspection for ROS interfaces[0m
[2.424s] [ 33%] [34m[1mGenerating C type support dispatch for ROS interfaces[0m
[2.443s] [ 35%] [32mBuilding CXX object CMakeFiles/my_robot_interfaces__rosidl_typesupport_introspection_cpp.dir/rosidl_typesupport_introspection_cpp/my_robot_interfaces/msg/detail/target_coordinates__type_support.cpp.o[0m
[2.446s] [ 38%] [32mBuilding CXX object CMakeFiles/my_robot_interfaces__rosidl_typesupport_introspection_cpp.dir/rosidl_typesupport_introspection_cpp/my_robot_interfaces/srv/detail/set_led__type_support.cpp.o[0m
[2.494s] [35m[1mConsolidate compiler generated dependencies of target my_robot_interfaces__rosidl_typesupport_fastrtps_cpp[0m
[2.519s] [ 41%] [32mBuilding CXX object CMakeFiles/my_robot_interfaces__rosidl_typesupport_fastrtps_cpp.dir/rosidl_typesupport_fastrtps_cpp/my_robot_interfaces/msg/detail/dds_fastrtps/target_coordinates__type_support.cpp.o[0m
[2.966s] [35m[1mConsolidate compiler generated dependencies of target my_robot_interfaces__rosidl_typesupport_c[0m
[2.996s] [ 43%] [32mBuilding CXX object CMakeFiles/my_robot_interfaces__rosidl_typesupport_c.dir/rosidl_typesupport_c/my_robot_interfaces/msg/target_coordinates__type_support.cpp.o[0m
[3.045s] [35m[1mConsolidate compiler generated dependencies of target my_robot_interfaces__rosidl_typesupport_introspection_c[0m
[3.064s] [ 46%] [32mBuilding CXX object CMakeFiles/my_robot_interfaces__rosidl_typesupport_c.dir/rosidl_typesupport_c/my_robot_interfaces/srv/set_led__type_support.cpp.o[0m
[3.065s] [ 48%] [32mBuilding C object CMakeFiles/my_robot_interfaces__rosidl_typesupport_introspection_c.dir/rosidl_typesupport_introspection_c/my_robot_interfaces/msg/detail/target_coordinates__type_support.c.o[0m
[3.067s] [35m[1mConsolidate compiler generated dependencies of target my_robot_interfaces__rosidl_typesupport_fastrtps_c[0m
[3.075s] [ 51%] [32mBuilding CXX object CMakeFiles/my_robot_interfaces__rosidl_typesupport_fastrtps_cpp.dir/rosidl_typesupport_fastrtps_cpp/my_robot_interfaces/srv/detail/dds_fastrtps/set_led__type_support.cpp.o[0m
[3.080s] [ 53%] [32m[1mLinking CXX shared library libmy_robot_interfaces__rosidl_typesupport_cpp.so[0m
[3.094s] [ 56%] [32mBuilding CXX object CMakeFiles/my_robot_interfaces__rosidl_typesupport_fastrtps_c.dir/rosidl_typesupport_fastrtps_c/my_robot_interfaces/msg/detail/target_coordinates__type_support_c.cpp.o[0m
[3.124s] [ 58%] [32m[1mLinking CXX shared library libmy_robot_interfaces__rosidl_typesupport_c.so[0m
[3.159s] [ 61%] [32mBuilding C object CMakeFiles/my_robot_interfaces__rosidl_typesupport_introspection_c.dir/rosidl_typesupport_introspection_c/my_robot_interfaces/srv/detail/set_led__type_support.c.o[0m
[3.223s] [ 64%] [32m[1mLinking C shared library libmy_robot_interfaces__rosidl_typesupport_introspection_c.so[0m
[3.269s] [ 66%] [32mBuilding CXX object CMakeFiles/my_robot_interfaces__rosidl_typesupport_fastrtps_c.dir/rosidl_typesupport_fastrtps_c/my_robot_interfaces/srv/detail/set_led__type_support_c.cpp.o[0m
[3.273s] [ 69%] [32m[1mLinking CXX shared library libmy_robot_interfaces__rosidl_typesupport_introspection_cpp.so[0m
[3.328s] [ 69%] Built target my_robot_interfaces__rosidl_typesupport_cpp
[3.380s] [ 69%] Built target my_robot_interfaces__rosidl_typesupport_c
[3.387s] [ 69%] Built target my_robot_interfaces__rosidl_typesupport_introspection_c
[3.493s] [ 69%] Built target my_robot_interfaces__rosidl_typesupport_introspection_cpp
[3.709s] [ 71%] [32m[1mLinking CXX shared library libmy_robot_interfaces__rosidl_typesupport_fastrtps_cpp.so[0m
[3.735s] [ 74%] [32m[1mLinking CXX shared library libmy_robot_interfaces__rosidl_typesupport_fastrtps_c.so[0m
[3.886s] [ 74%] Built target my_robot_interfaces__rosidl_typesupport_fastrtps_cpp
[3.924s] [ 74%] Built target my_robot_interfaces__rosidl_typesupport_fastrtps_c
[3.947s] [ 74%] Built target my_robot_interfaces
[3.967s] [ 76%] [34m[1mGenerating Python code for ROS interfaces[0m
[4.390s] [ 76%] Built target my_robot_interfaces__py
[4.401s] [35m[1mConsolidate compiler generated dependencies of target my_robot_interfaces__rosidl_generator_py[0m
[4.412s] [ 82%] [32mBuilding C object CMakeFiles/my_robot_interfaces__rosidl_generator_py.dir/rosidl_generator_py/my_robot_interfaces/srv/_set_led_s.c.o[0m
[4.412s] [ 82%] [32mBuilding C object CMakeFiles/my_robot_interfaces__rosidl_generator_py.dir/rosidl_generator_py/my_robot_interfaces/msg/_target_coordinates_s.c.o[0m
[4.560s] [ 84%] [32m[1mLinking C shared library rosidl_generator_py/my_robot_interfaces/libmy_robot_interfaces__rosidl_generator_py.so[0m
[4.659s] [ 84%] Built target my_robot_interfaces__rosidl_generator_py
[4.670s] [35m[1mConsolidate compiler generated dependencies of target my_robot_interfaces__rosidl_typesupport_c__pyext[0m
[4.670s] [35m[1mConsolidate compiler generated dependencies of target my_robot_interfaces__rosidl_typesupport_fastrtps_c__pyext[0m
[4.671s] [35m[1mConsolidate compiler generated dependencies of target my_robot_interfaces__rosidl_typesupport_introspection_c__pyext[0m
[4.683s] [ 87%] [32mBuilding C object CMakeFiles/my_robot_interfaces__rosidl_typesupport_fastrtps_c__pyext.dir/rosidl_generator_py/my_robot_interfaces/_my_robot_interfaces_s.ep.rosidl_typesupport_fastrtps_c.c.o[0m
[4.683s] [ 89%] [32mBuilding C object CMakeFiles/my_robot_interfaces__rosidl_typesupport_c__pyext.dir/rosidl_generator_py/my_robot_interfaces/_my_robot_interfaces_s.ep.rosidl_typesupport_c.c.o[0m
[4.685s] [ 92%] [32mBuilding C object CMakeFiles/my_robot_interfaces__rosidl_typesupport_introspection_c__pyext.dir/rosidl_generator_py/my_robot_interfaces/_my_robot_interfaces_s.ep.rosidl_typesupport_introspection_c.c.o[0m
[4.801s] [ 94%] [32m[1mLinking C shared library rosidl_generator_py/my_robot_interfaces/my_robot_interfaces_s__rosidl_typesupport_introspection_c.cpython-310-x86_64-linux-gnu.so[0m
[4.809s] [ 97%] [32m[1mLinking C shared library rosidl_generator_py/my_robot_interfaces/my_robot_interfaces_s__rosidl_typesupport_fastrtps_c.cpython-310-x86_64-linux-gnu.so[0m
[4.809s] [100%] [32m[1mLinking C shared library rosidl_generator_py/my_robot_interfaces/my_robot_interfaces_s__rosidl_typesupport_c.cpython-310-x86_64-linux-gnu.so[0m
[4.891s] [100%] Built target my_robot_interfaces__rosidl_typesupport_c__pyext
[4.892s] [100%] Built target my_robot_interfaces__rosidl_typesupport_introspection_c__pyext
[4.897s] [100%] Built target my_robot_interfaces__rosidl_typesupport_fastrtps_c__pyext
[4.909s] Invoked command in '/home/ffons/ros2_companion_ws/build/my_robot_interfaces' returned '0': CMAKE_PREFIX_PATH=${CMAKE_PREFIX_PATH}:/home/ffons/ros2_companion_ws/install/py_package_example:/home/ffons/ros2_companion_ws/install/my_robot_description:/home/ffons/ros2_companion_ws/install/first_package_x:/opt/ros/humble /usr/bin/cmake --build /home/ffons/ros2_companion_ws/build/my_robot_interfaces -- -j8 -l8
[4.918s] Invoking command in '/home/ffons/ros2_companion_ws/build/my_robot_interfaces': CMAKE_PREFIX_PATH=${CMAKE_PREFIX_PATH}:/home/ffons/ros2_companion_ws/install/py_package_example:/home/ffons/ros2_companion_ws/install/my_robot_description:/home/ffons/ros2_companion_ws/install/first_package_x:/opt/ros/humble /usr/bin/cmake --install /home/ffons/ros2_companion_ws/build/my_robot_interfaces
[4.925s] -- Install configuration: ""
[4.926s] -- Installing: /home/ffons/ros2_companion_ws/install/my_robot_interfaces/share/ament_index/resource_index/rosidl_interfaces/my_robot_interfaces
[4.926s] -- Up-to-date: /home/ffons/ros2_companion_ws/install/my_robot_interfaces/include/my_robot_interfaces/my_robot_interfaces
[4.926s] -- Up-to-date: /home/ffons/ros2_companion_ws/install/my_robot_interfaces/include/my_robot_interfaces/my_robot_interfaces/msg
[4.926s] -- Up-to-date: /home/ffons/ros2_companion_ws/install/my_robot_interfaces/include/my_robot_interfaces/my_robot_interfaces/msg/rosidl_generator_c__visibility_control.h
[4.926s] -- Installing: /home/ffons/ros2_companion_ws/install/my_robot_interfaces/include/my_robot_interfaces/my_robot_interfaces/msg/target_coordinates.h
[4.927s] -- Up-to-date: /home/ffons/ros2_companion_ws/install/my_robot_interfaces/include/my_robot_interfaces/my_robot_interfaces/msg/detail
[4.927s] -- Installing: /home/ffons/ros2_companion_ws/install/my_robot_interfaces/include/my_robot_interfaces/my_robot_interfaces/msg/detail/target_coordinates__functions.h
[4.927s] -- Installing: /home/ffons/ros2_companion_ws/install/my_robot_interfaces/include/my_robot_interfaces/my_robot_interfaces/msg/detail/target_coordinates__struct.h
[4.927s] -- Installing: /home/ffons/ros2_companion_ws/install/my_robot_interfaces/include/my_robot_interfaces/my_robot_interfaces/msg/detail/target_coordinates__type_support.h
[4.927s] -- Installing: /home/ffons/ros2_companion_ws/install/my_robot_interfaces/include/my_robot_interfaces/my_robot_interfaces/msg/detail/target_coordinates__functions.c
[4.927s] -- Installing: /home/ffons/ros2_companion_ws/install/my_robot_interfaces/include/my_robot_interfaces/my_robot_interfaces/srv
[4.928s] -- Installing: /home/ffons/ros2_companion_ws/install/my_robot_interfaces/include/my_robot_interfaces/my_robot_interfaces/srv/set_led.h
[4.928s] -- Installing: /home/ffons/ros2_companion_ws/install/my_robot_interfaces/include/my_robot_interfaces/my_robot_interfaces/srv/detail
[4.928s] -- Installing: /home/ffons/ros2_companion_ws/install/my_robot_interfaces/include/my_robot_interfaces/my_robot_interfaces/srv/detail/set_led__functions.c
[4.928s] -- Installing: /home/ffons/ros2_companion_ws/install/my_robot_interfaces/include/my_robot_interfaces/my_robot_interfaces/srv/detail/set_led__functions.h
[4.928s] -- Installing: /home/ffons/ros2_companion_ws/install/my_robot_interfaces/include/my_robot_interfaces/my_robot_interfaces/srv/detail/set_led__type_support.h
[4.929s] -- Installing: /home/ffons/ros2_companion_ws/install/my_robot_interfaces/include/my_robot_interfaces/my_robot_interfaces/srv/detail/set_led__struct.h
[4.929s] -- Up-to-date: /home/ffons/ros2_companion_ws/install/my_robot_interfaces/share/my_robot_interfaces/environment/library_path.sh
[4.929s] -- Installing: /home/ffons/ros2_companion_ws/install/my_robot_interfaces/share/my_robot_interfaces/environment/library_path.dsv
[4.930s] -- Installing: /home/ffons/ros2_companion_ws/install/my_robot_interfaces/lib/libmy_robot_interfaces__rosidl_generator_c.so
[4.930s] -- Set runtime path of "/home/ffons/ros2_companion_ws/install/my_robot_interfaces/lib/libmy_robot_interfaces__rosidl_generator_c.so" to ""
[4.930s] -- Up-to-date: /home/ffons/ros2_companion_ws/install/my_robot_interfaces/include/my_robot_interfaces/my_robot_interfaces
[4.931s] -- Up-to-date: /home/ffons/ros2_companion_ws/install/my_robot_interfaces/include/my_robot_interfaces/my_robot_interfaces/msg
[4.931s] -- Up-to-date: /home/ffons/ros2_companion_ws/install/my_robot_interfaces/include/my_robot_interfaces/my_robot_interfaces/msg/rosidl_typesupport_fastrtps_c__visibility_control.h
[4.931s] -- Up-to-date: /home/ffons/ros2_companion_ws/install/my_robot_interfaces/include/my_robot_interfaces/my_robot_interfaces/msg/detail
[4.931s] -- Installing: /home/ffons/ros2_companion_ws/install/my_robot_interfaces/include/my_robot_interfaces/my_robot_interfaces/msg/detail/target_coordinates__rosidl_typesupport_fastrtps_c.h
[4.931s] -- Up-to-date: /home/ffons/ros2_companion_ws/install/my_robot_interfaces/include/my_robot_interfaces/my_robot_interfaces/srv
[4.931s] -- Up-to-date: /home/ffons/ros2_companion_ws/install/my_robot_interfaces/include/my_robot_interfaces/my_robot_interfaces/srv/detail
[4.931s] -- Installing: /home/ffons/ros2_companion_ws/install/my_robot_interfaces/include/my_robot_interfaces/my_robot_interfaces/srv/detail/set_led__rosidl_typesupport_fastrtps_c.h
[4.931s] -- Installing: /home/ffons/ros2_companion_ws/install/my_robot_interfaces/lib/libmy_robot_interfaces__rosidl_typesupport_fastrtps_c.so
[4.932s] -- Set runtime path of "/home/ffons/ros2_companion_ws/install/my_robot_interfaces/lib/libmy_robot_interfaces__rosidl_typesupport_fastrtps_c.so" to ""
[4.932s] -- Up-to-date: /home/ffons/ros2_companion_ws/install/my_robot_interfaces/include/my_robot_interfaces/my_robot_interfaces
[4.932s] -- Up-to-date: /home/ffons/ros2_companion_ws/install/my_robot_interfaces/include/my_robot_interfaces/my_robot_interfaces/msg
[4.932s] -- Up-to-date: /home/ffons/ros2_companion_ws/install/my_robot_interfaces/include/my_robot_interfaces/my_robot_interfaces/msg/rosidl_generator_cpp__visibility_control.hpp
[4.932s] -- Installing: /home/ffons/ros2_companion_ws/install/my_robot_interfaces/include/my_robot_interfaces/my_robot_interfaces/msg/target_coordinates.hpp
[4.933s] -- Up-to-date: /home/ffons/ros2_companion_ws/install/my_robot_interfaces/include/my_robot_interfaces/my_robot_interfaces/msg/detail
[4.933s] -- Installing: /home/ffons/ros2_companion_ws/install/my_robot_interfaces/include/my_robot_interfaces/my_robot_interfaces/msg/detail/target_coordinates__builder.hpp
[4.933s] -- Installing: /home/ffons/ros2_companion_ws/install/my_robot_interfaces/include/my_robot_interfaces/my_robot_interfaces/msg/detail/target_coordinates__type_support.hpp
[4.933s] -- Installing: /home/ffons/ros2_companion_ws/install/my_robot_interfaces/include/my_robot_interfaces/my_robot_interfaces/msg/detail/target_coordinates__struct.hpp
[4.933s] -- Installing: /home/ffons/ros2_companion_ws/install/my_robot_interfaces/include/my_robot_interfaces/my_robot_interfaces/msg/detail/target_coordinates__traits.hpp
[4.934s] -- Up-to-date: /home/ffons/ros2_companion_ws/install/my_robot_interfaces/include/my_robot_interfaces/my_robot_interfaces/srv
[4.934s] -- Installing: /home/ffons/ros2_companion_ws/install/my_robot_interfaces/include/my_robot_interfaces/my_robot_interfaces/srv/set_led.hpp
[4.934s] -- Up-to-date: /home/ffons/ros2_companion_ws/install/my_robot_interfaces/include/my_robot_interfaces/my_robot_interfaces/srv/detail
[4.934s] -- Installing: /home/ffons/ros2_companion_ws/install/my_robot_interfaces/include/my_robot_interfaces/my_robot_interfaces/srv/detail/set_led__builder.hpp
[4.934s] -- Installing: /home/ffons/ros2_companion_ws/install/my_robot_interfaces/include/my_robot_interfaces/my_robot_interfaces/srv/detail/set_led__struct.hpp
[4.934s] -- Installing: /home/ffons/ros2_companion_ws/install/my_robot_interfaces/include/my_robot_interfaces/my_robot_interfaces/srv/detail/set_led__type_support.hpp
[4.935s] -- Installing: /home/ffons/ros2_companion_ws/install/my_robot_interfaces/include/my_robot_interfaces/my_robot_interfaces/srv/detail/set_led__traits.hpp
[4.935s] -- Up-to-date: /home/ffons/ros2_companion_ws/install/my_robot_interfaces/include/my_robot_interfaces/my_robot_interfaces
[4.935s] -- Up-to-date: /home/ffons/ros2_companion_ws/install/my_robot_interfaces/include/my_robot_interfaces/my_robot_interfaces/msg
[4.935s] -- Up-to-date: /home/ffons/ros2_companion_ws/install/my_robot_interfaces/include/my_robot_interfaces/my_robot_interfaces/msg/rosidl_typesupport_fastrtps_cpp__visibility_control.h
[4.935s] -- Up-to-date: /home/ffons/ros2_companion_ws/install/my_robot_interfaces/include/my_robot_interfaces/my_robot_interfaces/msg/detail
[4.936s] -- Installing: /home/ffons/ros2_companion_ws/install/my_robot_interfaces/include/my_robot_interfaces/my_robot_interfaces/msg/detail/target_coordinates__rosidl_typesupport_fastrtps_cpp.hpp
[4.936s] -- Up-to-date: /home/ffons/ros2_companion_ws/install/my_robot_interfaces/include/my_robot_interfaces/my_robot_interfaces/msg/detail/dds_fastrtps
[4.936s] -- Up-to-date: /home/ffons/ros2_companion_ws/install/my_robot_interfaces/include/my_robot_interfaces/my_robot_interfaces/srv
[4.936s] -- Up-to-date: /home/ffons/ros2_companion_ws/install/my_robot_interfaces/include/my_robot_interfaces/my_robot_interfaces/srv/detail
[4.936s] -- Installing: /home/ffons/ros2_companion_ws/install/my_robot_interfaces/include/my_robot_interfaces/my_robot_interfaces/srv/detail/set_led__rosidl_typesupport_fastrtps_cpp.hpp
[4.936s] -- Installing: /home/ffons/ros2_companion_ws/install/my_robot_interfaces/include/my_robot_interfaces/my_robot_interfaces/srv/detail/dds_fastrtps
[4.937s] -- Installing: /home/ffons/ros2_companion_ws/install/my_robot_interfaces/lib/libmy_robot_interfaces__rosidl_typesupport_fastrtps_cpp.so
[4.937s] -- Set runtime path of "/home/ffons/ros2_companion_ws/install/my_robot_interfaces/lib/libmy_robot_interfaces__rosidl_typesupport_fastrtps_cpp.so" to ""
[4.937s] -- Up-to-date: /home/ffons/ros2_companion_ws/install/my_robot_interfaces/include/my_robot_interfaces/my_robot_interfaces
[4.937s] -- Up-to-date: /home/ffons/ros2_companion_ws/install/my_robot_interfaces/include/my_robot_interfaces/my_robot_interfaces/msg
[4.937s] -- Up-to-date: /home/ffons/ros2_companion_ws/install/my_robot_interfaces/include/my_robot_interfaces/my_robot_interfaces/msg/rosidl_typesupport_introspection_c__visibility_control.h
[4.938s] -- Up-to-date: /home/ffons/ros2_companion_ws/install/my_robot_interfaces/include/my_robot_interfaces/my_robot_interfaces/msg/detail
[4.938s] -- Installing: /home/ffons/ros2_companion_ws/install/my_robot_interfaces/include/my_robot_interfaces/my_robot_interfaces/msg/detail/target_coordinates__rosidl_typesupport_introspection_c.h
[4.938s] -- Installing: /home/ffons/ros2_companion_ws/install/my_robot_interfaces/include/my_robot_interfaces/my_robot_interfaces/msg/detail/target_coordinates__type_support.c
[4.938s] -- Up-to-date: /home/ffons/ros2_companion_ws/install/my_robot_interfaces/include/my_robot_interfaces/my_robot_interfaces/srv
[4.938s] -- Up-to-date: /home/ffons/ros2_companion_ws/install/my_robot_interfaces/include/my_robot_interfaces/my_robot_interfaces/srv/detail
[4.938s] -- Installing: /home/ffons/ros2_companion_ws/install/my_robot_interfaces/include/my_robot_interfaces/my_robot_interfaces/srv/detail/set_led__rosidl_typesupport_introspection_c.h
[4.938s] -- Installing: /home/ffons/ros2_companion_ws/install/my_robot_interfaces/include/my_robot_interfaces/my_robot_interfaces/srv/detail/set_led__type_support.c
[4.939s] -- Installing: /home/ffons/ros2_companion_ws/install/my_robot_interfaces/lib/libmy_robot_interfaces__rosidl_typesupport_introspection_c.so
[4.939s] -- Set runtime path of "/home/ffons/ros2_companion_ws/install/my_robot_interfaces/lib/libmy_robot_interfaces__rosidl_typesupport_introspection_c.so" to ""
[4.939s] -- Installing: /home/ffons/ros2_companion_ws/install/my_robot_interfaces/lib/libmy_robot_interfaces__rosidl_typesupport_c.so
[4.940s] -- Set runtime path of "/home/ffons/ros2_companion_ws/install/my_robot_interfaces/lib/libmy_robot_interfaces__rosidl_typesupport_c.so" to ""
[4.940s] -- Up-to-date: /home/ffons/ros2_companion_ws/install/my_robot_interfaces/include/my_robot_interfaces/my_robot_interfaces
[4.941s] -- Up-to-date: /home/ffons/ros2_companion_ws/install/my_robot_interfaces/include/my_robot_interfaces/my_robot_interfaces/msg
[4.941s] -- Up-to-date: /home/ffons/ros2_companion_ws/install/my_robot_interfaces/include/my_robot_interfaces/my_robot_interfaces/msg/detail
[4.941s] -- Installing: /home/ffons/ros2_companion_ws/install/my_robot_interfaces/include/my_robot_interfaces/my_robot_interfaces/msg/detail/target_coordinates__rosidl_typesupport_introspection_cpp.hpp
[4.941s] -- Installing: /home/ffons/ros2_companion_ws/install/my_robot_interfaces/include/my_robot_interfaces/my_robot_interfaces/msg/detail/target_coordinates__type_support.cpp
[4.941s] -- Up-to-date: /home/ffons/ros2_companion_ws/install/my_robot_interfaces/include/my_robot_interfaces/my_robot_interfaces/srv
[4.941s] -- Up-to-date: /home/ffons/ros2_companion_ws/install/my_robot_interfaces/include/my_robot_interfaces/my_robot_interfaces/srv/detail
[4.941s] -- Installing: /home/ffons/ros2_companion_ws/install/my_robot_interfaces/include/my_robot_interfaces/my_robot_interfaces/srv/detail/set_led__type_support.cpp
[4.941s] -- Installing: /home/ffons/ros2_companion_ws/install/my_robot_interfaces/include/my_robot_interfaces/my_robot_interfaces/srv/detail/set_led__rosidl_typesupport_introspection_cpp.hpp
[4.942s] -- Installing: /home/ffons/ros2_companion_ws/install/my_robot_interfaces/lib/libmy_robot_interfaces__rosidl_typesupport_introspection_cpp.so
[4.942s] -- Set runtime path of "/home/ffons/ros2_companion_ws/install/my_robot_interfaces/lib/libmy_robot_interfaces__rosidl_typesupport_introspection_cpp.so" to ""
[4.943s] -- Installing: /home/ffons/ros2_companion_ws/install/my_robot_interfaces/lib/libmy_robot_interfaces__rosidl_typesupport_cpp.so
[4.944s] -- Set runtime path of "/home/ffons/ros2_companion_ws/install/my_robot_interfaces/lib/libmy_robot_interfaces__rosidl_typesupport_cpp.so" to ""
[4.944s] -- Up-to-date: /home/ffons/ros2_companion_ws/install/my_robot_interfaces/share/my_robot_interfaces/environment/pythonpath.sh
[4.944s] -- Installing: /home/ffons/ros2_companion_ws/install/my_robot_interfaces/share/my_robot_interfaces/environment/pythonpath.dsv
[4.944s] -- Up-to-date: /home/ffons/ros2_companion_ws/install/my_robot_interfaces/local/lib/python3.10/dist-packages/my_robot_interfaces-0.0.0-py3.10.egg-info
[4.944s] -- Installing: /home/ffons/ros2_companion_ws/install/my_robot_interfaces/local/lib/python3.10/dist-packages/my_robot_interfaces-0.0.0-py3.10.egg-info/PKG-INFO
[4.944s] -- Installing: /home/ffons/ros2_companion_ws/install/my_robot_interfaces/local/lib/python3.10/dist-packages/my_robot_interfaces-0.0.0-py3.10.egg-info/top_level.txt
[4.944s] -- Installing: /home/ffons/ros2_companion_ws/install/my_robot_interfaces/local/lib/python3.10/dist-packages/my_robot_interfaces-0.0.0-py3.10.egg-info/dependency_links.txt
[4.945s] -- Installing: /home/ffons/ros2_companion_ws/install/my_robot_interfaces/local/lib/python3.10/dist-packages/my_robot_interfaces-0.0.0-py3.10.egg-info/SOURCES.txt
[4.945s] -- Up-to-date: /home/ffons/ros2_companion_ws/install/my_robot_interfaces/local/lib/python3.10/dist-packages/my_robot_interfaces
[4.945s] -- Installing: /home/ffons/ros2_companion_ws/install/my_robot_interfaces/local/lib/python3.10/dist-packages/my_robot_interfaces/my_robot_interfaces_s__rosidl_typesupport_c.cpython-310-x86_64-linux-gnu.so
[4.945s] -- Installing: /home/ffons/ros2_companion_ws/install/my_robot_interfaces/local/lib/python3.10/dist-packages/my_robot_interfaces/my_robot_interfaces_s__rosidl_typesupport_fastrtps_c.cpython-310-x86_64-linux-gnu.so
[4.945s] -- Installing: /home/ffons/ros2_companion_ws/install/my_robot_interfaces/local/lib/python3.10/dist-packages/my_robot_interfaces/_my_robot_interfaces_s.ep.rosidl_typesupport_introspection_c.c
[4.946s] -- Installing: /home/ffons/ros2_companion_ws/install/my_robot_interfaces/local/lib/python3.10/dist-packages/my_robot_interfaces/my_robot_interfaces_s__rosidl_typesupport_introspection_c.cpython-310-x86_64-linux-gnu.so
[4.946s] -- Up-to-date: /home/ffons/ros2_companion_ws/install/my_robot_interfaces/local/lib/python3.10/dist-packages/my_robot_interfaces/msg
[4.946s] -- Installing: /home/ffons/ros2_companion_ws/install/my_robot_interfaces/local/lib/python3.10/dist-packages/my_robot_interfaces/msg/_target_coordinates_s.c
[4.946s] -- Installing: /home/ffons/ros2_companion_ws/install/my_robot_interfaces/local/lib/python3.10/dist-packages/my_robot_interfaces/msg/__init__.py
[4.946s] -- Installing: /home/ffons/ros2_companion_ws/install/my_robot_interfaces/local/lib/python3.10/dist-packages/my_robot_interfaces/msg/_target_coordinates.py
[4.946s] -- Installing: /home/ffons/ros2_companion_ws/install/my_robot_interfaces/local/lib/python3.10/dist-packages/my_robot_interfaces/_my_robot_interfaces_s.ep.rosidl_typesupport_fastrtps_c.c
[4.947s] -- Installing: /home/ffons/ros2_companion_ws/install/my_robot_interfaces/local/lib/python3.10/dist-packages/my_robot_interfaces/_my_robot_interfaces_s.ep.rosidl_typesupport_c.c
[4.947s] -- Installing: /home/ffons/ros2_companion_ws/install/my_robot_interfaces/local/lib/python3.10/dist-packages/my_robot_interfaces/srv
[4.947s] -- Installing: /home/ffons/ros2_companion_ws/install/my_robot_interfaces/local/lib/python3.10/dist-packages/my_robot_interfaces/srv/_set_led.py
[4.948s] -- Installing: /home/ffons/ros2_companion_ws/install/my_robot_interfaces/local/lib/python3.10/dist-packages/my_robot_interfaces/srv/_set_led_s.c
[4.948s] -- Installing: /home/ffons/ros2_companion_ws/install/my_robot_interfaces/local/lib/python3.10/dist-packages/my_robot_interfaces/srv/__init__.py
[4.948s] -- Installing: /home/ffons/ros2_companion_ws/install/my_robot_interfaces/local/lib/python3.10/dist-packages/my_robot_interfaces/libmy_robot_interfaces__rosidl_generator_py.so
[4.948s] -- Installing: /home/ffons/ros2_companion_ws/install/my_robot_interfaces/local/lib/python3.10/dist-packages/my_robot_interfaces/__init__.py
[4.988s] Listing '/home/ffons/ros2_companion_ws/install/my_robot_interfaces/local/lib/python3.10/dist-packages/my_robot_interfaces'...
[4.988s] Compiling '/home/ffons/ros2_companion_ws/install/my_robot_interfaces/local/lib/python3.10/dist-packages/my_robot_interfaces/__init__.py'...
[4.988s] Listing '/home/ffons/ros2_companion_ws/install/my_robot_interfaces/local/lib/python3.10/dist-packages/my_robot_interfaces/msg'...
[4.988s] Compiling '/home/ffons/ros2_companion_ws/install/my_robot_interfaces/local/lib/python3.10/dist-packages/my_robot_interfaces/msg/__init__.py'...
[4.988s] Compiling '/home/ffons/ros2_companion_ws/install/my_robot_interfaces/local/lib/python3.10/dist-packages/my_robot_interfaces/msg/_target_coordinates.py'...
[4.988s] Listing '/home/ffons/ros2_companion_ws/install/my_robot_interfaces/local/lib/python3.10/dist-packages/my_robot_interfaces/srv'...
[4.988s] Compiling '/home/ffons/ros2_companion_ws/install/my_robot_interfaces/local/lib/python3.10/dist-packages/my_robot_interfaces/srv/__init__.py'...
[4.988s] Compiling '/home/ffons/ros2_companion_ws/install/my_robot_interfaces/local/lib/python3.10/dist-packages/my_robot_interfaces/srv/_set_led.py'...
[4.993s] -- Installing: /home/ffons/ros2_companion_ws/install/my_robot_interfaces/local/lib/python3.10/dist-packages/my_robot_interfaces/my_robot_interfaces_s__rosidl_typesupport_fastrtps_c.cpython-310-x86_64-linux-gnu.so
[4.993s] -- Set runtime path of "/home/ffons/ros2_companion_ws/install/my_robot_interfaces/local/lib/python3.10/dist-packages/my_robot_interfaces/my_robot_interfaces_s__rosidl_typesupport_fastrtps_c.cpython-310-x86_64-linux-gnu.so" to ""
[4.994s] -- Installing: /home/ffons/ros2_companion_ws/install/my_robot_interfaces/local/lib/python3.10/dist-packages/my_robot_interfaces/my_robot_interfaces_s__rosidl_typesupport_introspection_c.cpython-310-x86_64-linux-gnu.so
[4.994s] -- Set runtime path of "/home/ffons/ros2_companion_ws/install/my_robot_interfaces/local/lib/python3.10/dist-packages/my_robot_interfaces/my_robot_interfaces_s__rosidl_typesupport_introspection_c.cpython-310-x86_64-linux-gnu.so" to ""
[4.994s] -- Installing: /home/ffons/ros2_companion_ws/install/my_robot_interfaces/local/lib/python3.10/dist-packages/my_robot_interfaces/my_robot_interfaces_s__rosidl_typesupport_c.cpython-310-x86_64-linux-gnu.so
[4.994s] -- Set runtime path of "/home/ffons/ros2_companion_ws/install/my_robot_interfaces/local/lib/python3.10/dist-packages/my_robot_interfaces/my_robot_interfaces_s__rosidl_typesupport_c.cpython-310-x86_64-linux-gnu.so" to ""
[4.995s] -- Installing: /home/ffons/ros2_companion_ws/install/my_robot_interfaces/lib/libmy_robot_interfaces__rosidl_generator_py.so
[4.996s] -- Set runtime path of "/home/ffons/ros2_companion_ws/install/my_robot_interfaces/lib/libmy_robot_interfaces__rosidl_generator_py.so" to ""
[4.996s] -- Up-to-date: /home/ffons/ros2_companion_ws/install/my_robot_interfaces/share/my_robot_interfaces/msg/TargetCoordinates.idl
[4.996s] -- Installing: /home/ffons/ros2_companion_ws/install/my_robot_interfaces/share/my_robot_interfaces/srv/SetLed.idl
[4.996s] -- Up-to-date: /home/ffons/ros2_companion_ws/install/my_robot_interfaces/share/my_robot_interfaces/msg/TargetCoordinates.msg
[4.997s] -- Installing: /home/ffons/ros2_companion_ws/install/my_robot_interfaces/share/my_robot_interfaces/srv/SetLed.srv
[4.997s] -- Installing: /home/ffons/ros2_companion_ws/install/my_robot_interfaces/share/my_robot_interfaces/srv/SetLed_Request.msg
[4.997s] -- Installing: /home/ffons/ros2_companion_ws/install/my_robot_interfaces/share/my_robot_interfaces/srv/SetLed_Response.msg
[4.997s] -- Up-to-date: /home/ffons/ros2_companion_ws/install/my_robot_interfaces/share/ament_index/resource_index/package_run_dependencies/my_robot_interfaces
[4.997s] -- Installing: /home/ffons/ros2_companion_ws/install/my_robot_interfaces/share/ament_index/resource_index/parent_prefix_path/my_robot_interfaces
[4.998s] -- Up-to-date: /home/ffons/ros2_companion_ws/install/my_robot_interfaces/share/my_robot_interfaces/environment/ament_prefix_path.sh
[4.998s] -- Installing: /home/ffons/ros2_companion_ws/install/my_robot_interfaces/share/my_robot_interfaces/environment/ament_prefix_path.dsv
[4.998s] -- Up-to-date: /home/ffons/ros2_companion_ws/install/my_robot_interfaces/share/my_robot_interfaces/environment/path.sh
[4.998s] -- Installing: /home/ffons/ros2_companion_ws/install/my_robot_interfaces/share/my_robot_interfaces/environment/path.dsv
[4.998s] -- Up-to-date: /home/ffons/ros2_companion_ws/install/my_robot_interfaces/share/my_robot_interfaces/local_setup.bash
[4.998s] -- Up-to-date: /home/ffons/ros2_companion_ws/install/my_robot_interfaces/share/my_robot_interfaces/local_setup.sh
[4.999s] -- Up-to-date: /home/ffons/ros2_companion_ws/install/my_robot_interfaces/share/my_robot_interfaces/local_setup.zsh
[4.999s] -- Installing: /home/ffons/ros2_companion_ws/install/my_robot_interfaces/share/my_robot_interfaces/local_setup.dsv
[4.999s] -- Installing: /home/ffons/ros2_companion_ws/install/my_robot_interfaces/share/my_robot_interfaces/package.dsv
[4.999s] -- Up-to-date: /home/ffons/ros2_companion_ws/install/my_robot_interfaces/share/ament_index/resource_index/packages/my_robot_interfaces
[4.999s] -- Up-to-date: /home/ffons/ros2_companion_ws/install/my_robot_interfaces/share/my_robot_interfaces/cmake/export_my_robot_interfaces__rosidl_generator_cExport.cmake
[5.000s] -- Up-to-date: /home/ffons/ros2_companion_ws/install/my_robot_interfaces/share/my_robot_interfaces/cmake/export_my_robot_interfaces__rosidl_generator_cExport-noconfig.cmake
[5.000s] -- Up-to-date: /home/ffons/ros2_companion_ws/install/my_robot_interfaces/share/my_robot_interfaces/cmake/export_my_robot_interfaces__rosidl_typesupport_fastrtps_cExport.cmake
[5.000s] -- Up-to-date: /home/ffons/ros2_companion_ws/install/my_robot_interfaces/share/my_robot_interfaces/cmake/export_my_robot_interfaces__rosidl_typesupport_fastrtps_cExport-noconfig.cmake
[5.000s] -- Up-to-date: /home/ffons/ros2_companion_ws/install/my_robot_interfaces/share/my_robot_interfaces/cmake/export_my_robot_interfaces__rosidl_generator_cppExport.cmake
[5.001s] -- Up-to-date: /home/ffons/ros2_companion_ws/install/my_robot_interfaces/share/my_robot_interfaces/cmake/export_my_robot_interfaces__rosidl_typesupport_fastrtps_cppExport.cmake
[5.001s] -- Up-to-date: /home/ffons/ros2_companion_ws/install/my_robot_interfaces/share/my_robot_interfaces/cmake/export_my_robot_interfaces__rosidl_typesupport_fastrtps_cppExport-noconfig.cmake
[5.001s] -- Up-to-date: /home/ffons/ros2_companion_ws/install/my_robot_interfaces/share/my_robot_interfaces/cmake/my_robot_interfaces__rosidl_typesupport_introspection_cExport.cmake
[5.001s] -- Up-to-date: /home/ffons/ros2_companion_ws/install/my_robot_interfaces/share/my_robot_interfaces/cmake/my_robot_interfaces__rosidl_typesupport_introspection_cExport-noconfig.cmake
[5.002s] -- Up-to-date: /home/ffons/ros2_companion_ws/install/my_robot_interfaces/share/my_robot_interfaces/cmake/my_robot_interfaces__rosidl_typesupport_cExport.cmake
[5.002s] -- Up-to-date: /home/ffons/ros2_companion_ws/install/my_robot_interfaces/share/my_robot_interfaces/cmake/my_robot_interfaces__rosidl_typesupport_cExport-noconfig.cmake
[5.002s] -- Up-to-date: /home/ffons/ros2_companion_ws/install/my_robot_interfaces/share/my_robot_interfaces/cmake/my_robot_interfaces__rosidl_typesupport_introspection_cppExport.cmake
[5.002s] -- Up-to-date: /home/ffons/ros2_companion_ws/install/my_robot_interfaces/share/my_robot_interfaces/cmake/my_robot_interfaces__rosidl_typesupport_introspection_cppExport-noconfig.cmake
[5.003s] -- Up-to-date: /home/ffons/ros2_companion_ws/install/my_robot_interfaces/share/my_robot_interfaces/cmake/my_robot_interfaces__rosidl_typesupport_cppExport.cmake
[5.003s] -- Up-to-date: /home/ffons/ros2_companion_ws/install/my_robot_interfaces/share/my_robot_interfaces/cmake/my_robot_interfaces__rosidl_typesupport_cppExport-noconfig.cmake
[5.003s] -- Up-to-date: /home/ffons/ros2_companion_ws/install/my_robot_interfaces/share/my_robot_interfaces/cmake/export_my_robot_interfaces__rosidl_generator_pyExport.cmake
[5.003s] -- Up-to-date: /home/ffons/ros2_companion_ws/install/my_robot_interfaces/share/my_robot_interfaces/cmake/export_my_robot_interfaces__rosidl_generator_pyExport-noconfig.cmake
[5.003s] -- Installing: /home/ffons/ros2_companion_ws/install/my_robot_interfaces/share/my_robot_interfaces/cmake/rosidl_cmake-extras.cmake
[5.004s] -- Up-to-date: /home/ffons/ros2_companion_ws/install/my_robot_interfaces/share/my_robot_interfaces/cmake/ament_cmake_export_dependencies-extras.cmake
[5.004s] -- Up-to-date: /home/ffons/ros2_companion_ws/install/my_robot_interfaces/share/my_robot_interfaces/cmake/ament_cmake_export_include_directories-extras.cmake
[5.004s] -- Up-to-date: /home/ffons/ros2_companion_ws/install/my_robot_interfaces/share/my_robot_interfaces/cmake/ament_cmake_export_libraries-extras.cmake
[5.004s] -- Up-to-date: /home/ffons/ros2_companion_ws/install/my_robot_interfaces/share/my_robot_interfaces/cmake/ament_cmake_export_targets-extras.cmake
[5.004s] -- Up-to-date: /home/ffons/ros2_companion_ws/install/my_robot_interfaces/share/my_robot_interfaces/cmake/rosidl_cmake_export_typesupport_targets-extras.cmake
[5.004s] -- Up-to-date: /home/ffons/ros2_companion_ws/install/my_robot_interfaces/share/my_robot_interfaces/cmake/rosidl_cmake_export_typesupport_libraries-extras.cmake
[5.004s] -- Up-to-date: /home/ffons/ros2_companion_ws/install/my_robot_interfaces/share/my_robot_interfaces/cmake/my_robot_interfacesConfig.cmake
[5.004s] -- Up-to-date: /home/ffons/ros2_companion_ws/install/my_robot_interfaces/share/my_robot_interfaces/cmake/my_robot_interfacesConfig-version.cmake
[5.004s] -- Up-to-date: /home/ffons/ros2_companion_ws/install/my_robot_interfaces/share/my_robot_interfaces/package.xml
[5.006s] Invoked command in '/home/ffons/ros2_companion_ws/build/my_robot_interfaces' returned '0': CMAKE_PREFIX_PATH=${CMAKE_PREFIX_PATH}:/home/ffons/ros2_companion_ws/install/py_package_example:/home/ffons/ros2_companion_ws/install/my_robot_description:/home/ffons/ros2_companion_ws/install/first_package_x:/opt/ros/humble /usr/bin/cmake --install /home/ffons/ros2_companion_ws/build/my_robot_interfaces
