[2.260s] Invoking command in '/home/ffons/ros2_companion_ws/scr/actions_py': PYTHONPATH=/home/ffons/ros2_companion_ws/build/actions_py/prefix_override:/usr/lib/python3/dist-packages/colcon_core/task/python/colcon_distutils_commands:/home/ffons/ros2_companion_ws/install/actions_py/lib/python3.10/site-packages:${PYTHONPATH} /usr/bin/python3 -W ignore:setup.py install is deprecated -W ignore:easy_install command is deprecated setup.py egg_info --egg-base ../../build/actions_py build --build-base /home/ffons/ros2_companion_ws/build/actions_py/build install --record /home/ffons/ros2_companion_ws/build/actions_py/install.log --single-version-externally-managed install_data
[2.728s] running egg_info
[2.728s] writing ../../build/actions_py/actions_py.egg-info/PKG-INFO
[2.728s] writing dependency_links to ../../build/actions_py/actions_py.egg-info/dependency_links.txt
[2.728s] writing entry points to ../../build/actions_py/actions_py.egg-info/entry_points.txt
[2.728s] writing requirements to ../../build/actions_py/actions_py.egg-info/requires.txt
[2.728s] writing top-level names to ../../build/actions_py/actions_py.egg-info/top_level.txt
[2.729s] reading manifest file '../../build/actions_py/actions_py.egg-info/SOURCES.txt'
[2.730s] writing manifest file '../../build/actions_py/actions_py.egg-info/SOURCES.txt'
[2.731s] running build
[2.731s] running build_py
[2.731s] running install
[2.732s] running install_lib
[2.732s] running install_data
[2.732s] running install_egg_info
[2.734s] removing '/home/ffons/ros2_companion_ws/install/actions_py/lib/python3.10/site-packages/actions_py-0.0.0-py3.10.egg-info' (and everything under it)
[2.735s] Copying ../../build/actions_py/actions_py.egg-info to /home/ffons/ros2_companion_ws/install/actions_py/lib/python3.10/site-packages/actions_py-0.0.0-py3.10.egg-info
[2.736s] running install_scripts
[2.785s] Installing count_until_server script to /home/ffons/ros2_companion_ws/install/actions_py/lib/actions_py
[2.786s] writing list of installed files to '/home/ffons/ros2_companion_ws/build/actions_py/install.log'
[2.849s] Invoked command in '/home/ffons/ros2_companion_ws/scr/actions_py' returned '0': PYTHONPATH=/home/ffons/ros2_companion_ws/build/actions_py/prefix_override:/usr/lib/python3/dist-packages/colcon_core/task/python/colcon_distutils_commands:/home/ffons/ros2_companion_ws/install/actions_py/lib/python3.10/site-packages:${PYTHONPATH} /usr/bin/python3 -W ignore:setup.py install is deprecated -W ignore:easy_install command is deprecated setup.py egg_info --egg-base ../../build/actions_py build --build-base /home/ffons/ros2_companion_ws/build/actions_py/build install --record /home/ffons/ros2_companion_ws/build/actions_py/install.log --single-version-externally-managed install_data
