[0.709s] Invoking command in '/home/ffons/ros2_companion_ws/build/first_package_x': PYTHONPATH=/home/ffons/ros2_companion_ws/build/first_package_x/prefix_override:/usr/lib/python3/dist-packages/colcon_core/task/python/colcon_distutils_commands:/home/ffons/ros2_companion_ws/install/first_package_x/lib/python3.10/site-packages:${PYTHONPATH} /usr/bin/python3 -W ignore:setup.py install is deprecated -W ignore:easy_install command is deprecated setup.py develop --editable --build-directory /home/ffons/ros2_companion_ws/build/first_package_x/build --no-deps symlink_data --force
[1.013s] running develop
[1.189s] running egg_info
[1.189s] writing first_package_x.egg-info/PKG-INFO
[1.189s] writing dependency_links to first_package_x.egg-info/dependency_links.txt
[1.190s] writing entry points to first_package_x.egg-info/entry_points.txt
[1.190s] writing requirements to first_package_x.egg-info/requires.txt
[1.190s] writing top-level names to first_package_x.egg-info/top_level.txt
[1.192s] reading manifest file 'first_package_x.egg-info/SOURCES.txt'
[1.193s] writing manifest file 'first_package_x.egg-info/SOURCES.txt'
[1.195s] running build_ext
[1.196s] Creating /home/ffons/ros2_companion_ws/install/first_package_x/lib/python3.10/site-packages/first-package-x.egg-link (link to .)
[1.197s] Installing draw_circle_turtle script to /home/ffons/ros2_companion_ws/install/first_package_x/lib/first_package_x
[1.197s] Installing test_node_1 script to /home/ffons/ros2_companion_ws/install/first_package_x/lib/first_package_x
[1.198s] 
[1.198s] Installed /home/ffons/ros2_companion_ws/build/first_package_x
[1.198s] running symlink_data
[1.198s] symbolically linking /home/ffons/ros2_companion_ws/build/first_package_x/resource/first_package_x -> /home/ffons/ros2_companion_ws/install/first_package_x/share/ament_index/resource_index/packages
[1.199s] symbolically linking /home/ffons/ros2_companion_ws/build/first_package_x/package.xml -> /home/ffons/ros2_companion_ws/install/first_package_x/share/first_package_x
[1.232s] Invoked command in '/home/ffons/ros2_companion_ws/build/first_package_x' returned '0': PYTHONPATH=/home/ffons/ros2_companion_ws/build/first_package_x/prefix_override:/usr/lib/python3/dist-packages/colcon_core/task/python/colcon_distutils_commands:/home/ffons/ros2_companion_ws/install/first_package_x/lib/python3.10/site-packages:${PYTHONPATH} /usr/bin/python3 -W ignore:setup.py install is deprecated -W ignore:easy_install command is deprecated setup.py develop --editable --build-directory /home/ffons/ros2_companion_ws/build/first_package_x/build --no-deps symlink_data --force
