[0.529s] Invoking command in '/home/ffons/ros2_companion_ws/scr/first_package_x': PYTHONPATH=/home/ffons/ros2_companion_ws/build/first_package_x/prefix_override:/usr/lib/python3/dist-packages/colcon_core/task/python/colcon_distutils_commands:/home/ffons/ros2_companion_ws/install/first_package_x/lib/python3.10/site-packages:${PYTHONPATH} /usr/bin/python3 -W ignore:setup.py install is deprecated -W ignore:easy_install command is deprecated setup.py egg_info --egg-base ../../build/first_package_x build --build-base /home/ffons/ros2_companion_ws/build/first_package_x/build install --record /home/ffons/ros2_companion_ws/build/first_package_x/install.log --single-version-externally-managed install_data
[0.718s] running egg_info
[0.718s] writing ../../build/first_package_x/first_package_x.egg-info/PKG-INFO
[0.719s] writing dependency_links to ../../build/first_package_x/first_package_x.egg-info/dependency_links.txt
[0.719s] writing entry points to ../../build/first_package_x/first_package_x.egg-info/entry_points.txt
[0.719s] writing requirements to ../../build/first_package_x/first_package_x.egg-info/requires.txt
[0.719s] writing top-level names to ../../build/first_package_x/first_package_x.egg-info/top_level.txt
[0.721s] reading manifest file '../../build/first_package_x/first_package_x.egg-info/SOURCES.txt'
[0.721s] writing manifest file '../../build/first_package_x/first_package_x.egg-info/SOURCES.txt'
[0.722s] running build
[0.722s] running build_py
[0.722s] copying first_package_x/first_talker_node.py -> /home/ffons/ros2_companion_ws/build/first_package_x/build/lib/first_package_x
[0.722s] running install
[0.722s] running install_lib
[0.723s] copying /home/ffons/ros2_companion_ws/build/first_package_x/build/lib/first_package_x/first_talker_node.py -> /home/ffons/ros2_companion_ws/install/first_package_x/lib/python3.10/site-packages/first_package_x
[0.723s] byte-compiling /home/ffons/ros2_companion_ws/install/first_package_x/lib/python3.10/site-packages/first_package_x/first_talker_node.py to first_talker_node.cpython-310.pyc
[0.724s] running install_data
[0.724s] running install_egg_info
[0.725s] removing '/home/ffons/ros2_companion_ws/install/first_package_x/lib/python3.10/site-packages/first_package_x-0.0.0-py3.10.egg-info' (and everything under it)
[0.726s] Copying ../../build/first_package_x/first_package_x.egg-info to /home/ffons/ros2_companion_ws/install/first_package_x/lib/python3.10/site-packages/first_package_x-0.0.0-py3.10.egg-info
[0.727s] running install_scripts
[0.744s] Installing test_node_1 script to /home/ffons/ros2_companion_ws/install/first_package_x/lib/first_package_x
[0.744s] writing list of installed files to '/home/ffons/ros2_companion_ws/build/first_package_x/install.log'
[0.766s] Invoked command in '/home/ffons/ros2_companion_ws/scr/first_package_x' returned '0': PYTHONPATH=/home/ffons/ros2_companion_ws/build/first_package_x/prefix_override:/usr/lib/python3/dist-packages/colcon_core/task/python/colcon_distutils_commands:/home/ffons/ros2_companion_ws/install/first_package_x/lib/python3.10/site-packages:${PYTHONPATH} /usr/bin/python3 -W ignore:setup.py install is deprecated -W ignore:easy_install command is deprecated setup.py egg_info --egg-base ../../build/first_package_x build --build-base /home/ffons/ros2_companion_ws/build/first_package_x/build install --record /home/ffons/ros2_companion_ws/build/first_package_x/install.log --single-version-externally-managed install_data
