[0.280s] DEBUG:colcon:Command line arguments: ['/usr/bin/colcon', 'build', '--packages-select', 'my_robot_interfaces']
[0.281s] DEBUG:colcon:Parsed command line arguments: Namespace(log_base=None, log_level=None, verb_name='build', build_base='build', install_base='install', merge_install=False, symlink_install=False, test_result_base=None, continue_on_error=False, executor='parallel', parallel_workers=8, event_handlers=None, ignore_user_meta=False, metas=['./colcon.meta'], base_paths=['.'], packages_ignore=None, packages_ignore_regex=None, paths=None, packages_up_to=None, packages_up_to_regex=None, packages_above=None, packages_above_and_dependencies=None, packages_above_depth=None, packages_select_by_dep=None, packages_skip_by_dep=None, packages_skip_up_to=None, packages_select_build_failed=False, packages_skip_build_finished=False, packages_select_test_failures=False, packages_skip_test_passed=False, packages_select=['my_robot_interfaces'], packages_skip=None, packages_select_regex=None, packages_skip_regex=None, packages_start=None, packages_end=None, allow_overriding=[], cmake_args=None, cmake_target=None, cmake_target_skip_unavailable=False, cmake_clean_cache=False, cmake_clean_first=False, cmake_force_configure=False, ament_cmake_args=None, catkin_cmake_args=None, catkin_skip_building_tests=False, verb_parser=<colcon_defaults.argument_parser.defaults.DefaultArgumentsDecorator object at 0x78a8b2127f40>, verb_extension=<colcon_core.verb.build.BuildVerb object at 0x78a8b22d4d60>, main=<bound method BuildVerb.main of <colcon_core.verb.build.BuildVerb object at 0x78a8b22d4d60>>)
[0.497s] Level 1:colcon.colcon_core.package_discovery:discover_packages(colcon_meta) check parameters
[0.498s] Level 1:colcon.colcon_core.package_discovery:discover_packages(recursive) check parameters
[0.498s] Level 1:colcon.colcon_core.package_discovery:discover_packages(ignore) check parameters
[0.498s] Level 1:colcon.colcon_core.package_discovery:discover_packages(path) check parameters
[0.498s] Level 1:colcon.colcon_core.package_discovery:discover_packages(colcon_meta) discover
[0.498s] Level 1:colcon.colcon_core.package_discovery:discover_packages(recursive) discover
[0.498s] INFO:colcon.colcon_core.package_discovery:Crawling recursively for packages in '/home/ffons/ros2_companion_ws'
[0.498s] Level 1:colcon.colcon_core.package_identification:_identify(.) by extensions ['ignore', 'ignore_ament_install']
[0.498s] Level 1:colcon.colcon_core.package_identification:_identify(.) by extension 'ignore'
[0.498s] Level 1:colcon.colcon_core.package_identification:_identify(.) by extension 'ignore_ament_install'
[0.499s] Level 1:colcon.colcon_core.package_identification:_identify(.) by extensions ['colcon_pkg']
[0.499s] Level 1:colcon.colcon_core.package_identification:_identify(.) by extension 'colcon_pkg'
[0.499s] Level 1:colcon.colcon_core.package_identification:_identify(.) by extensions ['colcon_meta']
[0.499s] Level 1:colcon.colcon_core.package_identification:_identify(.) by extension 'colcon_meta'
[0.499s] Level 1:colcon.colcon_core.package_identification:_identify(.) by extensions ['ros']
[0.499s] Level 1:colcon.colcon_core.package_identification:_identify(.) by extension 'ros'
[0.513s] Level 1:colcon.colcon_core.package_identification:_identify(.) by extensions ['cmake', 'python']
[0.513s] Level 1:colcon.colcon_core.package_identification:_identify(.) by extension 'cmake'
[0.513s] Level 1:colcon.colcon_core.package_identification:_identify(.) by extension 'python'
[0.513s] Level 1:colcon.colcon_core.package_identification:_identify(.) by extensions ['python_setup_py']
[0.513s] Level 1:colcon.colcon_core.package_identification:_identify(.) by extension 'python_setup_py'
[0.514s] Level 1:colcon.colcon_core.package_identification:_identify(build) by extensions ['ignore', 'ignore_ament_install']
[0.514s] Level 1:colcon.colcon_core.package_identification:_identify(build) by extension 'ignore'
[0.514s] Level 1:colcon.colcon_core.package_identification:_identify(build) ignored
[0.514s] Level 1:colcon.colcon_core.package_identification:_identify(install) by extensions ['ignore', 'ignore_ament_install']
[0.514s] Level 1:colcon.colcon_core.package_identification:_identify(install) by extension 'ignore'
[0.514s] Level 1:colcon.colcon_core.package_identification:_identify(install) ignored
[0.515s] Level 1:colcon.colcon_core.package_identification:_identify(log) by extensions ['ignore', 'ignore_ament_install']
[0.515s] Level 1:colcon.colcon_core.package_identification:_identify(log) by extension 'ignore'
[0.515s] Level 1:colcon.colcon_core.package_identification:_identify(log) ignored
[0.515s] Level 1:colcon.colcon_core.package_identification:_identify(scr) by extensions ['ignore', 'ignore_ament_install']
[0.515s] Level 1:colcon.colcon_core.package_identification:_identify(scr) by extension 'ignore'
[0.515s] Level 1:colcon.colcon_core.package_identification:_identify(scr) by extension 'ignore_ament_install'
[0.515s] Level 1:colcon.colcon_core.package_identification:_identify(scr) by extensions ['colcon_pkg']
[0.516s] Level 1:colcon.colcon_core.package_identification:_identify(scr) by extension 'colcon_pkg'
[0.516s] Level 1:colcon.colcon_core.package_identification:_identify(scr) by extensions ['colcon_meta']
[0.516s] Level 1:colcon.colcon_core.package_identification:_identify(scr) by extension 'colcon_meta'
[0.516s] Level 1:colcon.colcon_core.package_identification:_identify(scr) by extensions ['ros']
[0.516s] Level 1:colcon.colcon_core.package_identification:_identify(scr) by extension 'ros'
[0.516s] Level 1:colcon.colcon_core.package_identification:_identify(scr) by extensions ['cmake', 'python']
[0.516s] Level 1:colcon.colcon_core.package_identification:_identify(scr) by extension 'cmake'
[0.516s] Level 1:colcon.colcon_core.package_identification:_identify(scr) by extension 'python'
[0.516s] Level 1:colcon.colcon_core.package_identification:_identify(scr) by extensions ['python_setup_py']
[0.516s] Level 1:colcon.colcon_core.package_identification:_identify(scr) by extension 'python_setup_py'
[0.516s] Level 1:colcon.colcon_core.package_identification:_identify(scr/first_package_x) by extensions ['ignore', 'ignore_ament_install']
[0.517s] Level 1:colcon.colcon_core.package_identification:_identify(scr/first_package_x) by extension 'ignore'
[0.517s] Level 1:colcon.colcon_core.package_identification:_identify(scr/first_package_x) by extension 'ignore_ament_install'
[0.517s] Level 1:colcon.colcon_core.package_identification:_identify(scr/first_package_x) by extensions ['colcon_pkg']
[0.517s] Level 1:colcon.colcon_core.package_identification:_identify(scr/first_package_x) by extension 'colcon_pkg'
[0.517s] Level 1:colcon.colcon_core.package_identification:_identify(scr/first_package_x) by extensions ['colcon_meta']
[0.517s] Level 1:colcon.colcon_core.package_identification:_identify(scr/first_package_x) by extension 'colcon_meta'
[0.517s] Level 1:colcon.colcon_core.package_identification:_identify(scr/first_package_x) by extensions ['ros']
[0.517s] Level 1:colcon.colcon_core.package_identification:_identify(scr/first_package_x) by extension 'ros'
[0.521s] DEBUG:colcon.colcon_core.package_identification:Package 'scr/first_package_x' with type 'ros.ament_python' and name 'first_package_x'
[0.521s] Level 1:colcon.colcon_core.package_identification:_identify(scr/my_robot_bringup) by extensions ['ignore', 'ignore_ament_install']
[0.521s] Level 1:colcon.colcon_core.package_identification:_identify(scr/my_robot_bringup) by extension 'ignore'
[0.522s] Level 1:colcon.colcon_core.package_identification:_identify(scr/my_robot_bringup) by extension 'ignore_ament_install'
[0.522s] Level 1:colcon.colcon_core.package_identification:_identify(scr/my_robot_bringup) by extensions ['colcon_pkg']
[0.522s] Level 1:colcon.colcon_core.package_identification:_identify(scr/my_robot_bringup) by extension 'colcon_pkg'
[0.522s] Level 1:colcon.colcon_core.package_identification:_identify(scr/my_robot_bringup) by extensions ['colcon_meta']
[0.522s] Level 1:colcon.colcon_core.package_identification:_identify(scr/my_robot_bringup) by extension 'colcon_meta'
[0.522s] Level 1:colcon.colcon_core.package_identification:_identify(scr/my_robot_bringup) by extensions ['ros']
[0.522s] Level 1:colcon.colcon_core.package_identification:_identify(scr/my_robot_bringup) by extension 'ros'
[0.523s] DEBUG:colcon.colcon_core.package_identification:Package 'scr/my_robot_bringup' with type 'ros.ament_cmake' and name 'my_robot_bringup'
[0.523s] Level 1:colcon.colcon_core.package_identification:_identify(scr/my_robot_description) by extensions ['ignore', 'ignore_ament_install']
[0.523s] Level 1:colcon.colcon_core.package_identification:_identify(scr/my_robot_description) by extension 'ignore'
[0.523s] Level 1:colcon.colcon_core.package_identification:_identify(scr/my_robot_description) by extension 'ignore_ament_install'
[0.523s] Level 1:colcon.colcon_core.package_identification:_identify(scr/my_robot_description) by extensions ['colcon_pkg']
[0.523s] Level 1:colcon.colcon_core.package_identification:_identify(scr/my_robot_description) by extension 'colcon_pkg'
[0.523s] Level 1:colcon.colcon_core.package_identification:_identify(scr/my_robot_description) by extensions ['colcon_meta']
[0.523s] Level 1:colcon.colcon_core.package_identification:_identify(scr/my_robot_description) by extension 'colcon_meta'
[0.524s] Level 1:colcon.colcon_core.package_identification:_identify(scr/my_robot_description) by extensions ['ros']
[0.524s] Level 1:colcon.colcon_core.package_identification:_identify(scr/my_robot_description) by extension 'ros'
[0.524s] DEBUG:colcon.colcon_core.package_identification:Package 'scr/my_robot_description' with type 'ros.ament_python' and name 'my_robot_description'
[0.524s] Level 1:colcon.colcon_core.package_identification:_identify(scr/my_robot_interfaces) by extensions ['ignore', 'ignore_ament_install']
[0.524s] Level 1:colcon.colcon_core.package_identification:_identify(scr/my_robot_interfaces) by extension 'ignore'
[0.525s] Level 1:colcon.colcon_core.package_identification:_identify(scr/my_robot_interfaces) by extension 'ignore_ament_install'
[0.525s] Level 1:colcon.colcon_core.package_identification:_identify(scr/my_robot_interfaces) by extensions ['colcon_pkg']
[0.525s] Level 1:colcon.colcon_core.package_identification:_identify(scr/my_robot_interfaces) by extension 'colcon_pkg'
[0.525s] Level 1:colcon.colcon_core.package_identification:_identify(scr/my_robot_interfaces) by extensions ['colcon_meta']
[0.525s] Level 1:colcon.colcon_core.package_identification:_identify(scr/my_robot_interfaces) by extension 'colcon_meta'
[0.525s] Level 1:colcon.colcon_core.package_identification:_identify(scr/my_robot_interfaces) by extensions ['ros']
[0.525s] Level 1:colcon.colcon_core.package_identification:_identify(scr/my_robot_interfaces) by extension 'ros'
[0.526s] DEBUG:colcon.colcon_core.package_identification:Package 'scr/my_robot_interfaces' with type 'ros.ament_cmake' and name 'my_robot_interfaces'
[0.526s] Level 1:colcon.colcon_core.package_identification:_identify(scr/py_package_example) by extensions ['ignore', 'ignore_ament_install']
[0.527s] Level 1:colcon.colcon_core.package_identification:_identify(scr/py_package_example) by extension 'ignore'
[0.527s] Level 1:colcon.colcon_core.package_identification:_identify(scr/py_package_example) by extension 'ignore_ament_install'
[0.527s] Level 1:colcon.colcon_core.package_identification:_identify(scr/py_package_example) by extensions ['colcon_pkg']
[0.527s] Level 1:colcon.colcon_core.package_identification:_identify(scr/py_package_example) by extension 'colcon_pkg'
[0.527s] Level 1:colcon.colcon_core.package_identification:_identify(scr/py_package_example) by extensions ['colcon_meta']
[0.527s] Level 1:colcon.colcon_core.package_identification:_identify(scr/py_package_example) by extension 'colcon_meta'
[0.527s] Level 1:colcon.colcon_core.package_identification:_identify(scr/py_package_example) by extensions ['ros']
[0.527s] Level 1:colcon.colcon_core.package_identification:_identify(scr/py_package_example) by extension 'ros'
[0.528s] DEBUG:colcon.colcon_core.package_identification:Package 'scr/py_package_example' with type 'ros.ament_python' and name 'py_package_example'
[0.528s] Level 1:colcon.colcon_core.package_discovery:discover_packages(recursive) using defaults
[0.528s] Level 1:colcon.colcon_core.package_discovery:discover_packages(ignore) discover
[0.528s] Level 1:colcon.colcon_core.package_discovery:discover_packages(ignore) using defaults
[0.528s] Level 1:colcon.colcon_core.package_discovery:discover_packages(path) discover
[0.528s] Level 1:colcon.colcon_core.package_discovery:discover_packages(path) using defaults
[0.562s] INFO:colcon.colcon_core.package_selection:Skipping not selected package 'first_package_x' in 'scr/first_package_x'
[0.562s] INFO:colcon.colcon_core.package_selection:Skipping not selected package 'my_robot_bringup' in 'scr/my_robot_bringup'
[0.562s] INFO:colcon.colcon_core.package_selection:Skipping not selected package 'my_robot_description' in 'scr/my_robot_description'
[0.562s] INFO:colcon.colcon_core.package_selection:Skipping not selected package 'py_package_example' in 'scr/py_package_example'
[0.563s] Level 1:colcon.colcon_core.package_discovery:discover_packages(prefix_path) check parameters
[0.563s] Level 1:colcon.colcon_core.package_discovery:discover_packages(prefix_path) discover
[0.565s] DEBUG:colcon.colcon_installed_package_information.package_discovery:Found 5 installed packages in /home/ffons/ros2_companion_ws/install
[0.566s] DEBUG:colcon.colcon_installed_package_information.package_discovery:Found 276 installed packages in /opt/ros/humble
[0.569s] Level 1:colcon.colcon_core.package_discovery:discover_packages(prefix_path) using defaults
[0.633s] Level 5:colcon.colcon_core.verb:set package 'my_robot_interfaces' build argument 'cmake_args' from command line to 'None'
[0.633s] Level 5:colcon.colcon_core.verb:set package 'my_robot_interfaces' build argument 'cmake_target' from command line to 'None'
[0.633s] Level 5:colcon.colcon_core.verb:set package 'my_robot_interfaces' build argument 'cmake_target_skip_unavailable' from command line to 'False'
[0.633s] Level 5:colcon.colcon_core.verb:set package 'my_robot_interfaces' build argument 'cmake_clean_cache' from command line to 'False'
[0.633s] Level 5:colcon.colcon_core.verb:set package 'my_robot_interfaces' build argument 'cmake_clean_first' from command line to 'False'
[0.633s] Level 5:colcon.colcon_core.verb:set package 'my_robot_interfaces' build argument 'cmake_force_configure' from command line to 'False'
[0.633s] Level 5:colcon.colcon_core.verb:set package 'my_robot_interfaces' build argument 'ament_cmake_args' from command line to 'None'
[0.633s] Level 5:colcon.colcon_core.verb:set package 'my_robot_interfaces' build argument 'catkin_cmake_args' from command line to 'None'
[0.633s] Level 5:colcon.colcon_core.verb:set package 'my_robot_interfaces' build argument 'catkin_skip_building_tests' from command line to 'False'
[0.633s] DEBUG:colcon.colcon_core.verb:Building package 'my_robot_interfaces' with the following arguments: {'ament_cmake_args': None, 'build_base': '/home/ffons/ros2_companion_ws/build/my_robot_interfaces', 'catkin_cmake_args': None, 'catkin_skip_building_tests': False, 'cmake_args': None, 'cmake_clean_cache': False, 'cmake_clean_first': False, 'cmake_force_configure': False, 'cmake_target': None, 'cmake_target_skip_unavailable': False, 'install_base': '/home/ffons/ros2_companion_ws/install/my_robot_interfaces', 'merge_install': False, 'path': '/home/ffons/ros2_companion_ws/scr/my_robot_interfaces', 'symlink_install': False, 'test_result_base': None}
[0.634s] INFO:colcon.colcon_core.executor:Executing jobs using 'parallel' executor
[0.636s] DEBUG:colcon.colcon_parallel_executor.executor.parallel:run_until_complete
[0.637s] INFO:colcon.colcon_ros.task.ament_cmake.build:Building ROS package in '/home/ffons/ros2_companion_ws/scr/my_robot_interfaces' with build type 'ament_cmake'
[0.637s] INFO:colcon.colcon_cmake.task.cmake.build:Building CMake package in '/home/ffons/ros2_companion_ws/scr/my_robot_interfaces'
[0.641s] INFO:colcon.colcon_core.plugin_system:Skipping extension 'colcon_core.shell.bat': Not used on non-Windows systems
[0.641s] INFO:colcon.colcon_core.shell:Skip shell extension 'powershell' for command environment: Not usable outside of PowerShell
[0.641s] DEBUG:colcon.colcon_core.shell:Skip shell extension 'dsv' for command environment
[0.662s] DEBUG:colcon.colcon_core.event_handler.log_command:Invoking command in '/home/ffons/ros2_companion_ws/build/my_robot_interfaces': CMAKE_PREFIX_PATH=${CMAKE_PREFIX_PATH}:/home/ffons/ros2_companion_ws/install/py_package_example:/home/ffons/ros2_companion_ws/install/my_robot_description:/home/ffons/ros2_companion_ws/install/first_package_x:/opt/ros/humble /usr/bin/cmake /home/ffons/ros2_companion_ws/scr/my_robot_interfaces -DCMAKE_INSTALL_PREFIX=/home/ffons/ros2_companion_ws/install/my_robot_interfaces
[3.195s] DEBUG:colcon.colcon_core.event_handler.log_command:Invoked command in '/home/ffons/ros2_companion_ws/build/my_robot_interfaces' returned '0': CMAKE_PREFIX_PATH=${CMAKE_PREFIX_PATH}:/home/ffons/ros2_companion_ws/install/py_package_example:/home/ffons/ros2_companion_ws/install/my_robot_description:/home/ffons/ros2_companion_ws/install/first_package_x:/opt/ros/humble /usr/bin/cmake /home/ffons/ros2_companion_ws/scr/my_robot_interfaces -DCMAKE_INSTALL_PREFIX=/home/ffons/ros2_companion_ws/install/my_robot_interfaces
[3.201s] DEBUG:colcon.colcon_core.event_handler.log_command:Invoking command in '/home/ffons/ros2_companion_ws/build/my_robot_interfaces': CMAKE_PREFIX_PATH=${CMAKE_PREFIX_PATH}:/home/ffons/ros2_companion_ws/install/py_package_example:/home/ffons/ros2_companion_ws/install/my_robot_description:/home/ffons/ros2_companion_ws/install/first_package_x:/opt/ros/humble /usr/bin/cmake --build /home/ffons/ros2_companion_ws/build/my_robot_interfaces -- -j8 -l8
[7.859s] DEBUG:colcon.colcon_core.event_handler.log_command:Invoked command in '/home/ffons/ros2_companion_ws/build/my_robot_interfaces' returned '0': CMAKE_PREFIX_PATH=${CMAKE_PREFIX_PATH}:/home/ffons/ros2_companion_ws/install/py_package_example:/home/ffons/ros2_companion_ws/install/my_robot_description:/home/ffons/ros2_companion_ws/install/first_package_x:/opt/ros/humble /usr/bin/cmake --build /home/ffons/ros2_companion_ws/build/my_robot_interfaces -- -j8 -l8
[7.877s] DEBUG:colcon.colcon_core.event_handler.log_command:Invoking command in '/home/ffons/ros2_companion_ws/build/my_robot_interfaces': CMAKE_PREFIX_PATH=${CMAKE_PREFIX_PATH}:/home/ffons/ros2_companion_ws/install/py_package_example:/home/ffons/ros2_companion_ws/install/my_robot_description:/home/ffons/ros2_companion_ws/install/first_package_x:/opt/ros/humble /usr/bin/cmake --install /home/ffons/ros2_companion_ws/build/my_robot_interfaces
[8.013s] Level 1:colcon.colcon_core.environment:create_environment_scripts_only(my_robot_interfaces)
[8.014s] DEBUG:colcon.colcon_core.event_handler.log_command:Invoked command in '/home/ffons/ros2_companion_ws/build/my_robot_interfaces' returned '0': CMAKE_PREFIX_PATH=${CMAKE_PREFIX_PATH}:/home/ffons/ros2_companion_ws/install/py_package_example:/home/ffons/ros2_companion_ws/install/my_robot_description:/home/ffons/ros2_companion_ws/install/first_package_x:/opt/ros/humble /usr/bin/cmake --install /home/ffons/ros2_companion_ws/build/my_robot_interfaces
[8.018s] Level 1:colcon.colcon_core.environment:checking '/home/ffons/ros2_companion_ws/install/my_robot_interfaces' for CMake module files
[8.019s] Level 1:colcon.colcon_core.environment:checking '/home/ffons/ros2_companion_ws/install/my_robot_interfaces' for CMake config files
[8.019s] Level 1:colcon.colcon_core.shell:create_environment_hook('my_robot_interfaces', 'cmake_prefix_path')
[8.019s] INFO:colcon.colcon_core.shell:Creating environment hook '/home/ffons/ros2_companion_ws/install/my_robot_interfaces/share/my_robot_interfaces/hook/cmake_prefix_path.ps1'
[8.021s] INFO:colcon.colcon_core.shell:Creating environment descriptor '/home/ffons/ros2_companion_ws/install/my_robot_interfaces/share/my_robot_interfaces/hook/cmake_prefix_path.dsv'
[8.021s] INFO:colcon.colcon_core.shell:Creating environment hook '/home/ffons/ros2_companion_ws/install/my_robot_interfaces/share/my_robot_interfaces/hook/cmake_prefix_path.sh'
[8.023s] Level 1:colcon.colcon_core.environment:checking '/home/ffons/ros2_companion_ws/install/my_robot_interfaces/lib'
[8.023s] Level 1:colcon.colcon_core.shell:create_environment_hook('my_robot_interfaces', 'ld_library_path_lib')
[8.024s] INFO:colcon.colcon_core.shell:Creating environment hook '/home/ffons/ros2_companion_ws/install/my_robot_interfaces/share/my_robot_interfaces/hook/ld_library_path_lib.ps1'
[8.025s] INFO:colcon.colcon_core.shell:Creating environment descriptor '/home/ffons/ros2_companion_ws/install/my_robot_interfaces/share/my_robot_interfaces/hook/ld_library_path_lib.dsv'
[8.025s] INFO:colcon.colcon_core.shell:Creating environment hook '/home/ffons/ros2_companion_ws/install/my_robot_interfaces/share/my_robot_interfaces/hook/ld_library_path_lib.sh'
[8.026s] Level 1:colcon.colcon_core.environment:checking '/home/ffons/ros2_companion_ws/install/my_robot_interfaces/bin'
[8.026s] Level 1:colcon.colcon_core.environment:checking '/home/ffons/ros2_companion_ws/install/my_robot_interfaces/lib/pkgconfig/my_robot_interfaces.pc'
[8.027s] Level 1:colcon.colcon_core.environment:checking '/home/ffons/ros2_companion_ws/install/my_robot_interfaces/lib/python3.10/site-packages'
[8.027s] Level 1:colcon.colcon_core.environment:checking '/home/ffons/ros2_companion_ws/install/my_robot_interfaces/bin'
[8.028s] INFO:colcon.colcon_core.shell:Creating package script '/home/ffons/ros2_companion_ws/install/my_robot_interfaces/share/my_robot_interfaces/package.ps1'
[8.029s] INFO:colcon.colcon_core.shell:Creating package descriptor '/home/ffons/ros2_companion_ws/install/my_robot_interfaces/share/my_robot_interfaces/package.dsv'
[8.030s] INFO:colcon.colcon_core.shell:Creating package script '/home/ffons/ros2_companion_ws/install/my_robot_interfaces/share/my_robot_interfaces/package.sh'
[8.031s] INFO:colcon.colcon_core.shell:Creating package script '/home/ffons/ros2_companion_ws/install/my_robot_interfaces/share/my_robot_interfaces/package.bash'
[8.033s] INFO:colcon.colcon_core.shell:Creating package script '/home/ffons/ros2_companion_ws/install/my_robot_interfaces/share/my_robot_interfaces/package.zsh'
[8.034s] Level 1:colcon.colcon_core.environment:create_file_with_runtime_dependencies(/home/ffons/ros2_companion_ws/install/my_robot_interfaces/share/colcon-core/packages/my_robot_interfaces)
[8.035s] Level 1:colcon.colcon_core.environment:create_environment_scripts_only(my_robot_interfaces)
[8.035s] Level 1:colcon.colcon_core.environment:checking '/home/ffons/ros2_companion_ws/install/my_robot_interfaces' for CMake module files
[8.036s] Level 1:colcon.colcon_core.environment:checking '/home/ffons/ros2_companion_ws/install/my_robot_interfaces' for CMake config files
[8.036s] Level 1:colcon.colcon_core.shell:create_environment_hook('my_robot_interfaces', 'cmake_prefix_path')
[8.036s] INFO:colcon.colcon_core.shell:Creating environment hook '/home/ffons/ros2_companion_ws/install/my_robot_interfaces/share/my_robot_interfaces/hook/cmake_prefix_path.ps1'
[8.037s] INFO:colcon.colcon_core.shell:Creating environment descriptor '/home/ffons/ros2_companion_ws/install/my_robot_interfaces/share/my_robot_interfaces/hook/cmake_prefix_path.dsv'
[8.038s] INFO:colcon.colcon_core.shell:Creating environment hook '/home/ffons/ros2_companion_ws/install/my_robot_interfaces/share/my_robot_interfaces/hook/cmake_prefix_path.sh'
[8.039s] Level 1:colcon.colcon_core.environment:checking '/home/ffons/ros2_companion_ws/install/my_robot_interfaces/lib'
[8.039s] Level 1:colcon.colcon_core.shell:create_environment_hook('my_robot_interfaces', 'ld_library_path_lib')
[8.039s] INFO:colcon.colcon_core.shell:Creating environment hook '/home/ffons/ros2_companion_ws/install/my_robot_interfaces/share/my_robot_interfaces/hook/ld_library_path_lib.ps1'
[8.040s] INFO:colcon.colcon_core.shell:Creating environment descriptor '/home/ffons/ros2_companion_ws/install/my_robot_interfaces/share/my_robot_interfaces/hook/ld_library_path_lib.dsv'
[8.040s] INFO:colcon.colcon_core.shell:Creating environment hook '/home/ffons/ros2_companion_ws/install/my_robot_interfaces/share/my_robot_interfaces/hook/ld_library_path_lib.sh'
[8.041s] Level 1:colcon.colcon_core.environment:checking '/home/ffons/ros2_companion_ws/install/my_robot_interfaces/bin'
[8.041s] Level 1:colcon.colcon_core.environment:checking '/home/ffons/ros2_companion_ws/install/my_robot_interfaces/lib/pkgconfig/my_robot_interfaces.pc'
[8.041s] Level 1:colcon.colcon_core.environment:checking '/home/ffons/ros2_companion_ws/install/my_robot_interfaces/lib/python3.10/site-packages'
[8.042s] Level 1:colcon.colcon_core.environment:checking '/home/ffons/ros2_companion_ws/install/my_robot_interfaces/bin'
[8.042s] INFO:colcon.colcon_core.shell:Creating package script '/home/ffons/ros2_companion_ws/install/my_robot_interfaces/share/my_robot_interfaces/package.ps1'
[8.044s] INFO:colcon.colcon_core.shell:Creating package descriptor '/home/ffons/ros2_companion_ws/install/my_robot_interfaces/share/my_robot_interfaces/package.dsv'
[8.045s] INFO:colcon.colcon_core.shell:Creating package script '/home/ffons/ros2_companion_ws/install/my_robot_interfaces/share/my_robot_interfaces/package.sh'
[8.046s] INFO:colcon.colcon_core.shell:Creating package script '/home/ffons/ros2_companion_ws/install/my_robot_interfaces/share/my_robot_interfaces/package.bash'
[8.047s] INFO:colcon.colcon_core.shell:Creating package script '/home/ffons/ros2_companion_ws/install/my_robot_interfaces/share/my_robot_interfaces/package.zsh'
[8.048s] Level 1:colcon.colcon_core.environment:create_file_with_runtime_dependencies(/home/ffons/ros2_companion_ws/install/my_robot_interfaces/share/colcon-core/packages/my_robot_interfaces)
[8.048s] DEBUG:colcon.colcon_parallel_executor.executor.parallel:closing loop
[8.049s] DEBUG:colcon.colcon_parallel_executor.executor.parallel:loop closed
[8.050s] DEBUG:colcon.colcon_parallel_executor.executor.parallel:run_until_complete finished with '0'
[8.050s] DEBUG:colcon.colcon_core.event_reactor:joining thread
[8.131s] INFO:colcon.colcon_core.plugin_system:Skipping extension 'colcon_notification.desktop_notification.notify_send': Could not find 'notify-send'
[8.131s] INFO:colcon.colcon_core.plugin_system:Skipping extension 'colcon_notification.desktop_notification.terminal_notifier': Not used on non-Darwin systems
[8.131s] INFO:colcon.colcon_core.plugin_system:Skipping extension 'colcon_notification.desktop_notification.win32': Not used on non-Windows systems
[8.131s] INFO:colcon.colcon_notification.desktop_notification:Sending desktop notification using 'notify2'
[8.132s] DEBUG:colcon.colcon_notification.desktop_notification.notify2:Failed to initialize notify2: org.freedesktop.DBus.Error.FileNotFound: Failed to connect to socket /run/user/1000/bus: No such file or directory
[8.132s] DEBUG:colcon.colcon_core.event_reactor:joined thread
[8.133s] INFO:colcon.colcon_core.shell:Creating prefix script '/home/ffons/ros2_companion_ws/install/local_setup.ps1'
[8.135s] INFO:colcon.colcon_core.shell:Creating prefix util module '/home/ffons/ros2_companion_ws/install/_local_setup_util_ps1.py'
[8.137s] INFO:colcon.colcon_core.shell:Creating prefix chain script '/home/ffons/ros2_companion_ws/install/setup.ps1'
[8.139s] INFO:colcon.colcon_core.shell:Creating prefix script '/home/ffons/ros2_companion_ws/install/local_setup.sh'
[8.140s] INFO:colcon.colcon_core.shell:Creating prefix util module '/home/ffons/ros2_companion_ws/install/_local_setup_util_sh.py'
[8.142s] INFO:colcon.colcon_core.shell:Creating prefix chain script '/home/ffons/ros2_companion_ws/install/setup.sh'
[8.143s] INFO:colcon.colcon_core.shell:Creating prefix script '/home/ffons/ros2_companion_ws/install/local_setup.bash'
[8.144s] INFO:colcon.colcon_core.shell:Creating prefix chain script '/home/ffons/ros2_companion_ws/install/setup.bash'
[8.147s] INFO:colcon.colcon_core.shell:Creating prefix script '/home/ffons/ros2_companion_ws/install/local_setup.zsh'
[8.148s] INFO:colcon.colcon_core.shell:Creating prefix chain script '/home/ffons/ros2_companion_ws/install/setup.zsh'
