[2.183s] Invoking command in '/home/ffons/ros2_companion_ws/scr/first_package_x': PYTHONPATH=/home/ffons/ros2_companion_ws/build/first_package_x/prefix_override:/usr/lib/python3/dist-packages/colcon_core/task/python/colcon_distutils_commands:/home/ffons/ros2_companion_ws/install/first_package_x/lib/python3.10/site-packages:${PYTHONPATH} /usr/bin/python3 -W ignore:setup.py install is deprecated -W ignore:easy_install command is deprecated setup.py egg_info --egg-base ../../build/first_package_x build --build-base /home/ffons/ros2_companion_ws/build/first_package_x/build install --record /home/ffons/ros2_companion_ws/build/first_package_x/install.log --single-version-externally-managed install_data
[2.735s] running egg_info
[2.737s] writing ../../build/first_package_x/first_package_x.egg-info/PKG-INFO
[2.738s] writing dependency_links to ../../build/first_package_x/first_package_x.egg-info/dependency_links.txt
[2.739s] writing entry points to ../../build/first_package_x/first_package_x.egg-info/entry_points.txt
[2.740s] writing requirements to ../../build/first_package_x/first_package_x.egg-info/requires.txt
[2.740s] writing top-level names to ../../build/first_package_x/first_package_x.egg-info/top_level.txt
[2.744s] reading manifest file '../../build/first_package_x/first_package_x.egg-info/SOURCES.txt'
[2.749s] writing manifest file '../../build/first_package_x/first_package_x.egg-info/SOURCES.txt'
[2.750s] running build
[2.750s] running build_py
[2.752s] running install
[2.753s] running install_lib
[2.756s] running install_data
[2.757s] running install_egg_info
[2.762s] removing '/home/ffons/ros2_companion_ws/install/first_package_x/lib/python3.10/site-packages/first_package_x-0.0.0-py3.10.egg-info' (and everything under it)
[2.763s] Copying ../../build/first_package_x/first_package_x.egg-info to /home/ffons/ros2_companion_ws/install/first_package_x/lib/python3.10/site-packages/first_package_x-0.0.0-py3.10.egg-info
[2.767s] running install_scripts
[2.820s] Installing draw_circle_turtle script to /home/ffons/ros2_companion_ws/install/first_package_x/lib/first_package_x
[2.821s] Installing pose_suscriber script to /home/ffons/ros2_companion_ws/install/first_package_x/lib/first_package_x
[2.822s] Installing test_node_1 script to /home/ffons/ros2_companion_ws/install/first_package_x/lib/first_package_x
[2.822s] Installing turtle_controller script to /home/ffons/ros2_companion_ws/install/first_package_x/lib/first_package_x
[2.823s] writing list of installed files to '/home/ffons/ros2_companion_ws/build/first_package_x/install.log'
[2.888s] Invoked command in '/home/ffons/ros2_companion_ws/scr/first_package_x' returned '0': PYTHONPATH=/home/ffons/ros2_companion_ws/build/first_package_x/prefix_override:/usr/lib/python3/dist-packages/colcon_core/task/python/colcon_distutils_commands:/home/ffons/ros2_companion_ws/install/first_package_x/lib/python3.10/site-packages:${PYTHONPATH} /usr/bin/python3 -W ignore:setup.py install is deprecated -W ignore:easy_install command is deprecated setup.py egg_info --egg-base ../../build/first_package_x build --build-base /home/ffons/ros2_companion_ws/build/first_package_x/build install --record /home/ffons/ros2_companion_ws/build/first_package_x/install.log --single-version-externally-managed install_data
