[1.833s] Invoking command in '/home/ffons/ros2_companion_ws/scr/py_package_example': PYTHONPATH=/home/ffons/ros2_companion_ws/build/py_package_example/prefix_override:/usr/lib/python3/dist-packages/colcon_core/task/python/colcon_distutils_commands:/home/ffons/ros2_companion_ws/install/py_package_example/lib/python3.10/site-packages:${PYTHONPATH} /usr/bin/python3 -W ignore:setup.py install is deprecated -W ignore:easy_install command is deprecated setup.py egg_info --egg-base ../../build/py_package_example build --build-base /home/ffons/ros2_companion_ws/build/py_package_example/build install --record /home/ffons/ros2_companion_ws/build/py_package_example/install.log --single-version-externally-managed install_data
[2.241s] running egg_info
[2.243s] writing ../../build/py_package_example/py_package_example.egg-info/PKG-INFO
[2.243s] writing dependency_links to ../../build/py_package_example/py_package_example.egg-info/dependency_links.txt
[2.244s] writing entry points to ../../build/py_package_example/py_package_example.egg-info/entry_points.txt
[2.244s] writing requirements to ../../build/py_package_example/py_package_example.egg-info/requires.txt
[2.244s] writing top-level names to ../../build/py_package_example/py_package_example.egg-info/top_level.txt
[2.247s] reading manifest file '../../build/py_package_example/py_package_example.egg-info/SOURCES.txt'
[2.249s] writing manifest file '../../build/py_package_example/py_package_example.egg-info/SOURCES.txt'
[2.249s] running build
[2.249s] running build_py
[2.250s] running install
[2.251s] running install_lib
[2.253s] running install_data
[2.253s] running install_egg_info
[2.256s] removing '/home/ffons/ros2_companion_ws/install/py_package_example/lib/python3.10/site-packages/py_package_example-0.0.0-py3.10.egg-info' (and everything under it)
[2.257s] Copying ../../build/py_package_example/py_package_example.egg-info to /home/ffons/ros2_companion_ws/install/py_package_example/lib/python3.10/site-packages/py_package_example-0.0.0-py3.10.egg-info
[2.260s] running install_scripts
[2.311s] Installing py_node script to /home/ffons/ros2_companion_ws/install/py_package_example/lib/py_package_example
[2.312s] writing list of installed files to '/home/ffons/ros2_companion_ws/build/py_package_example/install.log'
[2.373s] Invoked command in '/home/ffons/ros2_companion_ws/scr/py_package_example' returned '0': PYTHONPATH=/home/ffons/ros2_companion_ws/build/py_package_example/prefix_override:/usr/lib/python3/dist-packages/colcon_core/task/python/colcon_distutils_commands:/home/ffons/ros2_companion_ws/install/py_package_example/lib/python3.10/site-packages:${PYTHONPATH} /usr/bin/python3 -W ignore:setup.py install is deprecated -W ignore:easy_install command is deprecated setup.py egg_info --egg-base ../../build/py_package_example build --build-base /home/ffons/ros2_companion_ws/build/py_package_example/build install --record /home/ffons/ros2_companion_ws/build/py_package_example/install.log --single-version-externally-managed install_data
