[1.302s] Invoking command in '/home/ffons/ros2_companion_ws/scr/first_package_x': PYTHONPATH=/home/ffons/ros2_companion_ws/build/first_package_x/prefix_override:/usr/lib/python3/dist-packages/colcon_core/task/python/colcon_distutils_commands:/home/ffons/ros2_companion_ws/install/first_package_x/lib/python3.10/site-packages:${PYTHONPATH} /usr/bin/python3 -W ignore:setup.py install is deprecated -W ignore:easy_install command is deprecated setup.py egg_info --egg-base ../../build/first_package_x build --build-base /home/ffons/ros2_companion_ws/build/first_package_x/build install --record /home/ffons/ros2_companion_ws/build/first_package_x/install.log --single-version-externally-managed install_data
[1.674s] running egg_info
[1.676s] writing ../../build/first_package_x/first_package_x.egg-info/PKG-INFO
[1.677s] writing dependency_links to ../../build/first_package_x/first_package_x.egg-info/dependency_links.txt
[1.677s] writing entry points to ../../build/first_package_x/first_package_x.egg-info/entry_points.txt
[1.678s] writing requirements to ../../build/first_package_x/first_package_x.egg-info/requires.txt
[1.678s] writing top-level names to ../../build/first_package_x/first_package_x.egg-info/top_level.txt
[1.681s] reading manifest file '../../build/first_package_x/first_package_x.egg-info/SOURCES.txt'
[1.683s] writing manifest file '../../build/first_package_x/first_package_x.egg-info/SOURCES.txt'
[1.683s] running build
[1.683s] running build_py
[1.684s] running install
[1.685s] running install_lib
[1.686s] running install_data
[1.687s] running install_egg_info
[1.689s] removing '/home/ffons/ros2_companion_ws/install/first_package_x/lib/python3.10/site-packages/first_package_x-0.0.0-py3.10.egg-info' (and everything under it)
[1.690s] Copying ../../build/first_package_x/first_package_x.egg-info to /home/ffons/ros2_companion_ws/install/first_package_x/lib/python3.10/site-packages/first_package_x-0.0.0-py3.10.egg-info
[1.692s] running install_scripts
[1.723s] Installing draw_circle_turtle script to /home/ffons/ros2_companion_ws/install/first_package_x/lib/first_package_x
[1.724s] Installing pose_suscriber script to /home/ffons/ros2_companion_ws/install/first_package_x/lib/first_package_x
[1.724s] Installing test_node_1 script to /home/ffons/ros2_companion_ws/install/first_package_x/lib/first_package_x
[1.725s] Installing turtle_controller script to /home/ffons/ros2_companion_ws/install/first_package_x/lib/first_package_x
[1.725s] writing list of installed files to '/home/ffons/ros2_companion_ws/build/first_package_x/install.log'
[1.766s] Invoked command in '/home/ffons/ros2_companion_ws/scr/first_package_x' returned '0': PYTHONPATH=/home/ffons/ros2_companion_ws/build/first_package_x/prefix_override:/usr/lib/python3/dist-packages/colcon_core/task/python/colcon_distutils_commands:/home/ffons/ros2_companion_ws/install/first_package_x/lib/python3.10/site-packages:${PYTHONPATH} /usr/bin/python3 -W ignore:setup.py install is deprecated -W ignore:easy_install command is deprecated setup.py egg_info --egg-base ../../build/first_package_x build --build-base /home/ffons/ros2_companion_ws/build/first_package_x/build install --record /home/ffons/ros2_companion_ws/build/first_package_x/install.log --single-version-externally-managed install_data
