[0.023s] Invoking command in '/home/ffons/ros2_companion_ws/build/my_robot_interfaces': CMAKE_PREFIX_PATH=${CMAKE_PREFIX_PATH}:/home/ffons/ros2_companion_ws/install/py_package_example:/home/ffons/ros2_companion_ws/install/my_robot_description:/home/ffons/ros2_companion_ws/install/first_package_x:/opt/ros/humble /usr/bin/cmake /home/ffons/ros2_companion_ws/scr/my_robot_interfaces -DCMAKE_INSTALL_PREFIX=/home/ffons/ros2_companion_ws/install/my_robot_interfaces
[0.061s] -- Found ament_cmake: 1.3.12 (/opt/ros/humble/share/ament_cmake/cmake)
[0.226s] -- Found geometry_msgs: 4.9.0 (/opt/ros/humble/share/geometry_msgs/cmake)
[0.434s] -- Found rosidl_generator_c: 3.1.7 (/opt/ros/humble/share/rosidl_generator_c/cmake)
[0.439s] -- Found rosidl_adapter: 3.1.7 (/opt/ros/humble/share/rosidl_adapter/cmake)
[0.445s] -- Found rosidl_generator_cpp: 3.1.7 (/opt/ros/humble/share/rosidl_generator_cpp/cmake)
[0.455s] -- Using all available rosidl_typesupport_c: rosidl_typesupport_fastrtps_c;rosidl_typesupport_introspection_c
[0.470s] -- Using all available rosidl_typesupport_cpp: rosidl_typesupport_fastrtps_cpp;rosidl_typesupport_introspection_cpp
[0.506s] -- Found rosidl_default_generators: 1.2.0 (/opt/ros/humble/share/rosidl_default_generators/cmake)
[0.862s] -- Found ament_cmake_ros: 0.10.0 (/opt/ros/humble/share/ament_cmake_ros/cmake)
[1.419s] -- Using all available rosidl_typesupport_c: rosidl_typesupport_fastrtps_c;rosidl_typesupport_introspection_c
[1.603s] -- Using all available rosidl_typesupport_cpp: rosidl_typesupport_fastrtps_cpp;rosidl_typesupport_introspection_cpp
[1.772s] -- Found PythonInterp: /usr/bin/python3 (found suitable version "3.10.12", minimum required is "3.6") 
[1.777s] -- Found python_cmake_module: 0.10.0 (/opt/ros/humble/share/python_cmake_module/cmake)
[2.255s] -- Found PythonLibs: /usr/lib/x86_64-linux-gnu/libpython3.10.so (found suitable version "3.10.12", minimum required is "3.5") 
[2.255s] -- Using PYTHON_EXECUTABLE: /usr/bin/python3
[2.255s] -- Using PYTHON_INCLUDE_DIRS: /usr/include/python3.10
[2.255s] -- Using PYTHON_LIBRARIES: /usr/lib/x86_64-linux-gnu/libpython3.10.so
[2.280s] -- Found PythonExtra: .so  
[2.429s] -- Configuring done
[2.524s] -- Generating done
[2.547s] -- Build files have been written to: /home/ffons/ros2_companion_ws/build/my_robot_interfaces
[2.556s] Invoked command in '/home/ffons/ros2_companion_ws/build/my_robot_interfaces' returned '0': CMAKE_PREFIX_PATH=${CMAKE_PREFIX_PATH}:/home/ffons/ros2_companion_ws/install/py_package_example:/home/ffons/ros2_companion_ws/install/my_robot_description:/home/ffons/ros2_companion_ws/install/first_package_x:/opt/ros/humble /usr/bin/cmake /home/ffons/ros2_companion_ws/scr/my_robot_interfaces -DCMAKE_INSTALL_PREFIX=/home/ffons/ros2_companion_ws/install/my_robot_interfaces
[2.561s] Invoking command in '/home/ffons/ros2_companion_ws/build/my_robot_interfaces': CMAKE_PREFIX_PATH=${CMAKE_PREFIX_PATH}:/home/ffons/ros2_companion_ws/install/py_package_example:/home/ffons/ros2_companion_ws/install/my_robot_description:/home/ffons/ros2_companion_ws/install/first_package_x:/opt/ros/humble /usr/bin/cmake --build /home/ffons/ros2_companion_ws/build/my_robot_interfaces -- -j8 -l8
[2.605s] [  3%] [34m[1mGenerating C code for ROS interfaces[0m
[2.621s] [  6%] [34m[1mGenerating C++ code for ROS interfaces[0m
[2.639s] [  6%] Built target ament_cmake_python_copy_my_robot_interfaces
[3.226s] running egg_info
[3.229s] creating my_robot_interfaces.egg-info
[3.231s] writing my_robot_interfaces.egg-info/PKG-INFO
[3.232s] writing dependency_links to my_robot_interfaces.egg-info/dependency_links.txt
[3.232s] writing top-level names to my_robot_interfaces.egg-info/top_level.txt
[3.232s] writing manifest file 'my_robot_interfaces.egg-info/SOURCES.txt'
[3.239s] reading manifest file 'my_robot_interfaces.egg-info/SOURCES.txt'
[3.242s] writing manifest file 'my_robot_interfaces.egg-info/SOURCES.txt'
[3.252s] [  6%] Built target my_robot_interfaces__cpp
[3.283s] [ 12%] [34m[1mGenerating C++ introspection for ROS interfaces[0m
[3.283s] [ 16%] [34m[1mGenerating C++ type support dispatch for ROS interfaces[0m
[3.283s] [ 16%] [34m[1mGenerating C++ type support for eProsima Fast-RTPS[0m
[3.294s] [ 19%] [32mBuilding C object CMakeFiles/my_robot_interfaces__rosidl_generator_c.dir/rosidl_generator_c/my_robot_interfaces/msg/detail/target_coordinates__functions.c.o[0m
[3.329s] [ 19%] Built target ament_cmake_python_build_my_robot_interfaces_egg
[3.615s] [ 22%] [32m[1mLinking C shared library libmy_robot_interfaces__rosidl_generator_c.so[0m
[3.893s] [ 22%] Built target my_robot_interfaces__rosidl_generator_c
[3.893s] [ 25%] [32mBuilding CXX object CMakeFiles/my_robot_interfaces__rosidl_typesupport_cpp.dir/rosidl_typesupport_cpp/my_robot_interfaces/msg/target_coordinates__type_support.cpp.o[0m
[3.909s] [ 29%] [32mBuilding CXX object CMakeFiles/my_robot_interfaces__rosidl_typesupport_introspection_cpp.dir/rosidl_typesupport_introspection_cpp/my_robot_interfaces/msg/detail/target_coordinates__type_support.cpp.o[0m
[3.914s] [ 35%] [34m[1mGenerating C introspection for ROS interfaces[0m
[3.914s] [ 35%] [34m[1mGenerating C type support for eProsima Fast-RTPS[0m
[3.914s] [ 38%] [34m[1mGenerating C type support dispatch for ROS interfaces[0m
[3.938s] [ 41%] [32mBuilding CXX object CMakeFiles/my_robot_interfaces__rosidl_typesupport_fastrtps_cpp.dir/rosidl_typesupport_fastrtps_cpp/my_robot_interfaces/msg/detail/dds_fastrtps/target_coordinates__type_support.cpp.o[0m
[4.656s] [ 45%] [32mBuilding CXX object CMakeFiles/my_robot_interfaces__rosidl_typesupport_c.dir/rosidl_typesupport_c/my_robot_interfaces/msg/target_coordinates__type_support.cpp.o[0m
[4.714s] [ 48%] [32mBuilding C object CMakeFiles/my_robot_interfaces__rosidl_typesupport_introspection_c.dir/rosidl_typesupport_introspection_c/my_robot_interfaces/msg/detail/target_coordinates__type_support.c.o[0m
[4.725s] [ 51%] [32mBuilding CXX object CMakeFiles/my_robot_interfaces__rosidl_typesupport_fastrtps_c.dir/rosidl_typesupport_fastrtps_c/my_robot_interfaces/msg/detail/target_coordinates__type_support_c.cpp.o[0m
[4.761s] [ 54%] [32m[1mLinking CXX shared library libmy_robot_interfaces__rosidl_typesupport_c.so[0m
[4.826s] [ 58%] [32m[1mLinking C shared library libmy_robot_interfaces__rosidl_typesupport_introspection_c.so[0m
[4.903s] [ 61%] [32m[1mLinking CXX shared library libmy_robot_interfaces__rosidl_typesupport_cpp.so[0m
[5.133s] [ 61%] Built target my_robot_interfaces__rosidl_typesupport_c
[5.157s] [ 61%] Built target my_robot_interfaces__rosidl_typesupport_introspection_c
[5.227s] [ 61%] Built target my_robot_interfaces__rosidl_typesupport_cpp
[5.315s] [ 67%] [32m[1mLinking CXX shared library libmy_robot_interfaces__rosidl_typesupport_fastrtps_cpp.so[0m
[5.315s] [ 67%] [32m[1mLinking CXX shared library libmy_robot_interfaces__rosidl_typesupport_introspection_cpp.so[0m
[5.560s] [ 67%] Built target my_robot_interfaces__rosidl_typesupport_introspection_cpp
[5.586s] [ 67%] Built target my_robot_interfaces__rosidl_typesupport_fastrtps_cpp
[5.649s] [ 70%] [32m[1mLinking CXX shared library libmy_robot_interfaces__rosidl_typesupport_fastrtps_c.so[0m
[5.859s] [ 70%] Built target my_robot_interfaces__rosidl_typesupport_fastrtps_c
[5.888s] [ 70%] Built target my_robot_interfaces
[5.918s] [ 74%] [34m[1mGenerating Python code for ROS interfaces[0m
[6.348s] [ 74%] Built target my_robot_interfaces__py
[6.381s] [ 77%] [32mBuilding C object CMakeFiles/my_robot_interfaces__rosidl_generator_py.dir/rosidl_generator_py/my_robot_interfaces/msg/_target_coordinates_s.c.o[0m
[6.591s] [ 80%] [32m[1mLinking C shared library rosidl_generator_py/my_robot_interfaces/libmy_robot_interfaces__rosidl_generator_py.so[0m
[6.768s] [ 80%] Built target my_robot_interfaces__rosidl_generator_py
[6.801s] [ 83%] [32mBuilding C object CMakeFiles/my_robot_interfaces__rosidl_typesupport_introspection_c__pyext.dir/rosidl_generator_py/my_robot_interfaces/_my_robot_interfaces_s.ep.rosidl_typesupport_introspection_c.c.o[0m
[6.803s] [ 87%] [32mBuilding C object CMakeFiles/my_robot_interfaces__rosidl_typesupport_c__pyext.dir/rosidl_generator_py/my_robot_interfaces/_my_robot_interfaces_s.ep.rosidl_typesupport_c.c.o[0m
[6.808s] [ 90%] [32mBuilding C object CMakeFiles/my_robot_interfaces__rosidl_typesupport_fastrtps_c__pyext.dir/rosidl_generator_py/my_robot_interfaces/_my_robot_interfaces_s.ep.rosidl_typesupport_fastrtps_c.c.o[0m
[6.974s] [ 93%] [32m[1mLinking C shared library rosidl_generator_py/my_robot_interfaces/my_robot_interfaces_s__rosidl_typesupport_c.cpython-310-x86_64-linux-gnu.so[0m
[7.003s] [ 96%] [32m[1mLinking C shared library rosidl_generator_py/my_robot_interfaces/my_robot_interfaces_s__rosidl_typesupport_fastrtps_c.cpython-310-x86_64-linux-gnu.so[0m
[7.009s] [100%] [32m[1mLinking C shared library rosidl_generator_py/my_robot_interfaces/my_robot_interfaces_s__rosidl_typesupport_introspection_c.cpython-310-x86_64-linux-gnu.so[0m
[7.195s] [100%] Built target my_robot_interfaces__rosidl_typesupport_fastrtps_c__pyext
[7.197s] [100%] Built target my_robot_interfaces__rosidl_typesupport_c__pyext
[7.197s] [100%] Built target my_robot_interfaces__rosidl_typesupport_introspection_c__pyext
[7.220s] Invoked command in '/home/ffons/ros2_companion_ws/build/my_robot_interfaces' returned '0': CMAKE_PREFIX_PATH=${CMAKE_PREFIX_PATH}:/home/ffons/ros2_companion_ws/install/py_package_example:/home/ffons/ros2_companion_ws/install/my_robot_description:/home/ffons/ros2_companion_ws/install/first_package_x:/opt/ros/humble /usr/bin/cmake --build /home/ffons/ros2_companion_ws/build/my_robot_interfaces -- -j8 -l8
[7.237s] Invoking command in '/home/ffons/ros2_companion_ws/build/my_robot_interfaces': CMAKE_PREFIX_PATH=${CMAKE_PREFIX_PATH}:/home/ffons/ros2_companion_ws/install/py_package_example:/home/ffons/ros2_companion_ws/install/my_robot_description:/home/ffons/ros2_companion_ws/install/first_package_x:/opt/ros/humble /usr/bin/cmake --install /home/ffons/ros2_companion_ws/build/my_robot_interfaces
[7.252s] -- Install configuration: ""
[7.254s] -- Installing: /home/ffons/ros2_companion_ws/install/my_robot_interfaces/share/ament_index/resource_index/rosidl_interfaces/my_robot_interfaces
[7.254s] -- Installing: /home/ffons/ros2_companion_ws/install/my_robot_interfaces/include/my_robot_interfaces/my_robot_interfaces
[7.256s] -- Installing: /home/ffons/ros2_companion_ws/install/my_robot_interfaces/include/my_robot_interfaces/my_robot_interfaces/msg
[7.257s] -- Installing: /home/ffons/ros2_companion_ws/install/my_robot_interfaces/include/my_robot_interfaces/my_robot_interfaces/msg/rosidl_generator_c__visibility_control.h
[7.257s] -- Installing: /home/ffons/ros2_companion_ws/install/my_robot_interfaces/include/my_robot_interfaces/my_robot_interfaces/msg/target_coordinates.h
[7.258s] -- Installing: /home/ffons/ros2_companion_ws/install/my_robot_interfaces/include/my_robot_interfaces/my_robot_interfaces/msg/detail
[7.258s] -- Installing: /home/ffons/ros2_companion_ws/install/my_robot_interfaces/include/my_robot_interfaces/my_robot_interfaces/msg/detail/target_coordinates__functions.h
[7.259s] -- Installing: /home/ffons/ros2_companion_ws/install/my_robot_interfaces/include/my_robot_interfaces/my_robot_interfaces/msg/detail/target_coordinates__struct.h
[7.259s] -- Installing: /home/ffons/ros2_companion_ws/install/my_robot_interfaces/include/my_robot_interfaces/my_robot_interfaces/msg/detail/target_coordinates__type_support.h
[7.259s] -- Installing: /home/ffons/ros2_companion_ws/install/my_robot_interfaces/include/my_robot_interfaces/my_robot_interfaces/msg/detail/target_coordinates__functions.c
[7.260s] -- Installing: /home/ffons/ros2_companion_ws/install/my_robot_interfaces/share/my_robot_interfaces/environment/library_path.sh
[7.261s] -- Installing: /home/ffons/ros2_companion_ws/install/my_robot_interfaces/share/my_robot_interfaces/environment/library_path.dsv
[7.261s] -- Installing: /home/ffons/ros2_companion_ws/install/my_robot_interfaces/lib/libmy_robot_interfaces__rosidl_generator_c.so
[7.262s] -- Set runtime path of "/home/ffons/ros2_companion_ws/install/my_robot_interfaces/lib/libmy_robot_interfaces__rosidl_generator_c.so" to ""
[7.262s] -- Up-to-date: /home/ffons/ros2_companion_ws/install/my_robot_interfaces/include/my_robot_interfaces/my_robot_interfaces
[7.263s] -- Up-to-date: /home/ffons/ros2_companion_ws/install/my_robot_interfaces/include/my_robot_interfaces/my_robot_interfaces/msg
[7.263s] -- Installing: /home/ffons/ros2_companion_ws/install/my_robot_interfaces/include/my_robot_interfaces/my_robot_interfaces/msg/rosidl_typesupport_fastrtps_c__visibility_control.h
[7.263s] -- Up-to-date: /home/ffons/ros2_companion_ws/install/my_robot_interfaces/include/my_robot_interfaces/my_robot_interfaces/msg/detail
[7.264s] -- Installing: /home/ffons/ros2_companion_ws/install/my_robot_interfaces/include/my_robot_interfaces/my_robot_interfaces/msg/detail/target_coordinates__rosidl_typesupport_fastrtps_c.h
[7.264s] -- Installing: /home/ffons/ros2_companion_ws/install/my_robot_interfaces/lib/libmy_robot_interfaces__rosidl_typesupport_fastrtps_c.so
[7.264s] -- Set runtime path of "/home/ffons/ros2_companion_ws/install/my_robot_interfaces/lib/libmy_robot_interfaces__rosidl_typesupport_fastrtps_c.so" to ""
[7.264s] -- Up-to-date: /home/ffons/ros2_companion_ws/install/my_robot_interfaces/include/my_robot_interfaces/my_robot_interfaces
[7.265s] -- Up-to-date: /home/ffons/ros2_companion_ws/install/my_robot_interfaces/include/my_robot_interfaces/my_robot_interfaces/msg
[7.265s] -- Installing: /home/ffons/ros2_companion_ws/install/my_robot_interfaces/include/my_robot_interfaces/my_robot_interfaces/msg/rosidl_generator_cpp__visibility_control.hpp
[7.265s] -- Installing: /home/ffons/ros2_companion_ws/install/my_robot_interfaces/include/my_robot_interfaces/my_robot_interfaces/msg/target_coordinates.hpp
[7.266s] -- Up-to-date: /home/ffons/ros2_companion_ws/install/my_robot_interfaces/include/my_robot_interfaces/my_robot_interfaces/msg/detail
[7.266s] -- Installing: /home/ffons/ros2_companion_ws/install/my_robot_interfaces/include/my_robot_interfaces/my_robot_interfaces/msg/detail/target_coordinates__builder.hpp
[7.267s] -- Installing: /home/ffons/ros2_companion_ws/install/my_robot_interfaces/include/my_robot_interfaces/my_robot_interfaces/msg/detail/target_coordinates__type_support.hpp
[7.267s] -- Installing: /home/ffons/ros2_companion_ws/install/my_robot_interfaces/include/my_robot_interfaces/my_robot_interfaces/msg/detail/target_coordinates__struct.hpp
[7.267s] -- Installing: /home/ffons/ros2_companion_ws/install/my_robot_interfaces/include/my_robot_interfaces/my_robot_interfaces/msg/detail/target_coordinates__traits.hpp
[7.267s] -- Up-to-date: /home/ffons/ros2_companion_ws/install/my_robot_interfaces/include/my_robot_interfaces/my_robot_interfaces
[7.268s] -- Up-to-date: /home/ffons/ros2_companion_ws/install/my_robot_interfaces/include/my_robot_interfaces/my_robot_interfaces/msg
[7.268s] -- Installing: /home/ffons/ros2_companion_ws/install/my_robot_interfaces/include/my_robot_interfaces/my_robot_interfaces/msg/rosidl_typesupport_fastrtps_cpp__visibility_control.h
[7.268s] -- Up-to-date: /home/ffons/ros2_companion_ws/install/my_robot_interfaces/include/my_robot_interfaces/my_robot_interfaces/msg/detail
[7.269s] -- Installing: /home/ffons/ros2_companion_ws/install/my_robot_interfaces/include/my_robot_interfaces/my_robot_interfaces/msg/detail/target_coordinates__rosidl_typesupport_fastrtps_cpp.hpp
[7.269s] -- Installing: /home/ffons/ros2_companion_ws/install/my_robot_interfaces/include/my_robot_interfaces/my_robot_interfaces/msg/detail/dds_fastrtps
[7.269s] -- Installing: /home/ffons/ros2_companion_ws/install/my_robot_interfaces/lib/libmy_robot_interfaces__rosidl_typesupport_fastrtps_cpp.so
[7.270s] -- Set runtime path of "/home/ffons/ros2_companion_ws/install/my_robot_interfaces/lib/libmy_robot_interfaces__rosidl_typesupport_fastrtps_cpp.so" to ""
[7.270s] -- Up-to-date: /home/ffons/ros2_companion_ws/install/my_robot_interfaces/include/my_robot_interfaces/my_robot_interfaces
[7.270s] -- Up-to-date: /home/ffons/ros2_companion_ws/install/my_robot_interfaces/include/my_robot_interfaces/my_robot_interfaces/msg
[7.270s] -- Installing: /home/ffons/ros2_companion_ws/install/my_robot_interfaces/include/my_robot_interfaces/my_robot_interfaces/msg/rosidl_typesupport_introspection_c__visibility_control.h
[7.270s] -- Up-to-date: /home/ffons/ros2_companion_ws/install/my_robot_interfaces/include/my_robot_interfaces/my_robot_interfaces/msg/detail
[7.270s] -- Installing: /home/ffons/ros2_companion_ws/install/my_robot_interfaces/include/my_robot_interfaces/my_robot_interfaces/msg/detail/target_coordinates__rosidl_typesupport_introspection_c.h
[7.271s] -- Installing: /home/ffons/ros2_companion_ws/install/my_robot_interfaces/include/my_robot_interfaces/my_robot_interfaces/msg/detail/target_coordinates__type_support.c
[7.271s] -- Installing: /home/ffons/ros2_companion_ws/install/my_robot_interfaces/lib/libmy_robot_interfaces__rosidl_typesupport_introspection_c.so
[7.271s] -- Set runtime path of "/home/ffons/ros2_companion_ws/install/my_robot_interfaces/lib/libmy_robot_interfaces__rosidl_typesupport_introspection_c.so" to ""
[7.272s] -- Installing: /home/ffons/ros2_companion_ws/install/my_robot_interfaces/lib/libmy_robot_interfaces__rosidl_typesupport_c.so
[7.272s] -- Set runtime path of "/home/ffons/ros2_companion_ws/install/my_robot_interfaces/lib/libmy_robot_interfaces__rosidl_typesupport_c.so" to ""
[7.272s] -- Up-to-date: /home/ffons/ros2_companion_ws/install/my_robot_interfaces/include/my_robot_interfaces/my_robot_interfaces
[7.273s] -- Up-to-date: /home/ffons/ros2_companion_ws/install/my_robot_interfaces/include/my_robot_interfaces/my_robot_interfaces/msg
[7.273s] -- Up-to-date: /home/ffons/ros2_companion_ws/install/my_robot_interfaces/include/my_robot_interfaces/my_robot_interfaces/msg/detail
[7.273s] -- Installing: /home/ffons/ros2_companion_ws/install/my_robot_interfaces/include/my_robot_interfaces/my_robot_interfaces/msg/detail/target_coordinates__rosidl_typesupport_introspection_cpp.hpp
[7.273s] -- Installing: /home/ffons/ros2_companion_ws/install/my_robot_interfaces/include/my_robot_interfaces/my_robot_interfaces/msg/detail/target_coordinates__type_support.cpp
[7.274s] -- Installing: /home/ffons/ros2_companion_ws/install/my_robot_interfaces/lib/libmy_robot_interfaces__rosidl_typesupport_introspection_cpp.so
[7.274s] -- Set runtime path of "/home/ffons/ros2_companion_ws/install/my_robot_interfaces/lib/libmy_robot_interfaces__rosidl_typesupport_introspection_cpp.so" to ""
[7.274s] -- Installing: /home/ffons/ros2_companion_ws/install/my_robot_interfaces/lib/libmy_robot_interfaces__rosidl_typesupport_cpp.so
[7.274s] -- Set runtime path of "/home/ffons/ros2_companion_ws/install/my_robot_interfaces/lib/libmy_robot_interfaces__rosidl_typesupport_cpp.so" to ""
[7.275s] -- Installing: /home/ffons/ros2_companion_ws/install/my_robot_interfaces/share/my_robot_interfaces/environment/pythonpath.sh
[7.275s] -- Installing: /home/ffons/ros2_companion_ws/install/my_robot_interfaces/share/my_robot_interfaces/environment/pythonpath.dsv
[7.275s] -- Installing: /home/ffons/ros2_companion_ws/install/my_robot_interfaces/local/lib/python3.10/dist-packages/my_robot_interfaces-0.0.0-py3.10.egg-info
[7.276s] -- Installing: /home/ffons/ros2_companion_ws/install/my_robot_interfaces/local/lib/python3.10/dist-packages/my_robot_interfaces-0.0.0-py3.10.egg-info/PKG-INFO
[7.276s] -- Installing: /home/ffons/ros2_companion_ws/install/my_robot_interfaces/local/lib/python3.10/dist-packages/my_robot_interfaces-0.0.0-py3.10.egg-info/top_level.txt
[7.276s] -- Installing: /home/ffons/ros2_companion_ws/install/my_robot_interfaces/local/lib/python3.10/dist-packages/my_robot_interfaces-0.0.0-py3.10.egg-info/dependency_links.txt
[7.277s] -- Installing: /home/ffons/ros2_companion_ws/install/my_robot_interfaces/local/lib/python3.10/dist-packages/my_robot_interfaces-0.0.0-py3.10.egg-info/SOURCES.txt
[7.277s] -- Installing: /home/ffons/ros2_companion_ws/install/my_robot_interfaces/local/lib/python3.10/dist-packages/my_robot_interfaces
[7.277s] -- Installing: /home/ffons/ros2_companion_ws/install/my_robot_interfaces/local/lib/python3.10/dist-packages/my_robot_interfaces/my_robot_interfaces_s__rosidl_typesupport_c.cpython-310-x86_64-linux-gnu.so
[7.277s] -- Installing: /home/ffons/ros2_companion_ws/install/my_robot_interfaces/local/lib/python3.10/dist-packages/my_robot_interfaces/my_robot_interfaces_s__rosidl_typesupport_fastrtps_c.cpython-310-x86_64-linux-gnu.so
[7.278s] -- Installing: /home/ffons/ros2_companion_ws/install/my_robot_interfaces/local/lib/python3.10/dist-packages/my_robot_interfaces/_my_robot_interfaces_s.ep.rosidl_typesupport_introspection_c.c
[7.279s] -- Installing: /home/ffons/ros2_companion_ws/install/my_robot_interfaces/local/lib/python3.10/dist-packages/my_robot_interfaces/my_robot_interfaces_s__rosidl_typesupport_introspection_c.cpython-310-x86_64-linux-gnu.so
[7.279s] -- Installing: /home/ffons/ros2_companion_ws/install/my_robot_interfaces/local/lib/python3.10/dist-packages/my_robot_interfaces/msg
[7.280s] -- Installing: /home/ffons/ros2_companion_ws/install/my_robot_interfaces/local/lib/python3.10/dist-packages/my_robot_interfaces/msg/_target_coordinates_s.c
[7.280s] -- Installing: /home/ffons/ros2_companion_ws/install/my_robot_interfaces/local/lib/python3.10/dist-packages/my_robot_interfaces/msg/__init__.py
[7.280s] -- Installing: /home/ffons/ros2_companion_ws/install/my_robot_interfaces/local/lib/python3.10/dist-packages/my_robot_interfaces/msg/_target_coordinates.py
[7.281s] -- Installing: /home/ffons/ros2_companion_ws/install/my_robot_interfaces/local/lib/python3.10/dist-packages/my_robot_interfaces/_my_robot_interfaces_s.ep.rosidl_typesupport_fastrtps_c.c
[7.281s] -- Installing: /home/ffons/ros2_companion_ws/install/my_robot_interfaces/local/lib/python3.10/dist-packages/my_robot_interfaces/_my_robot_interfaces_s.ep.rosidl_typesupport_c.c
[7.282s] -- Installing: /home/ffons/ros2_companion_ws/install/my_robot_interfaces/local/lib/python3.10/dist-packages/my_robot_interfaces/libmy_robot_interfaces__rosidl_generator_py.so
[7.282s] -- Installing: /home/ffons/ros2_companion_ws/install/my_robot_interfaces/local/lib/python3.10/dist-packages/my_robot_interfaces/__init__.py
[7.338s] Listing '/home/ffons/ros2_companion_ws/install/my_robot_interfaces/local/lib/python3.10/dist-packages/my_robot_interfaces'...
[7.338s] Compiling '/home/ffons/ros2_companion_ws/install/my_robot_interfaces/local/lib/python3.10/dist-packages/my_robot_interfaces/__init__.py'...
[7.338s] Listing '/home/ffons/ros2_companion_ws/install/my_robot_interfaces/local/lib/python3.10/dist-packages/my_robot_interfaces/msg'...
[7.338s] Compiling '/home/ffons/ros2_companion_ws/install/my_robot_interfaces/local/lib/python3.10/dist-packages/my_robot_interfaces/msg/__init__.py'...
[7.338s] Compiling '/home/ffons/ros2_companion_ws/install/my_robot_interfaces/local/lib/python3.10/dist-packages/my_robot_interfaces/msg/_target_coordinates.py'...
[7.345s] -- Installing: /home/ffons/ros2_companion_ws/install/my_robot_interfaces/local/lib/python3.10/dist-packages/my_robot_interfaces/my_robot_interfaces_s__rosidl_typesupport_fastrtps_c.cpython-310-x86_64-linux-gnu.so
[7.346s] -- Set runtime path of "/home/ffons/ros2_companion_ws/install/my_robot_interfaces/local/lib/python3.10/dist-packages/my_robot_interfaces/my_robot_interfaces_s__rosidl_typesupport_fastrtps_c.cpython-310-x86_64-linux-gnu.so" to ""
[7.347s] -- Installing: /home/ffons/ros2_companion_ws/install/my_robot_interfaces/local/lib/python3.10/dist-packages/my_robot_interfaces/my_robot_interfaces_s__rosidl_typesupport_introspection_c.cpython-310-x86_64-linux-gnu.so
[7.347s] -- Set runtime path of "/home/ffons/ros2_companion_ws/install/my_robot_interfaces/local/lib/python3.10/dist-packages/my_robot_interfaces/my_robot_interfaces_s__rosidl_typesupport_introspection_c.cpython-310-x86_64-linux-gnu.so" to ""
[7.348s] -- Installing: /home/ffons/ros2_companion_ws/install/my_robot_interfaces/local/lib/python3.10/dist-packages/my_robot_interfaces/my_robot_interfaces_s__rosidl_typesupport_c.cpython-310-x86_64-linux-gnu.so
[7.348s] -- Set runtime path of "/home/ffons/ros2_companion_ws/install/my_robot_interfaces/local/lib/python3.10/dist-packages/my_robot_interfaces/my_robot_interfaces_s__rosidl_typesupport_c.cpython-310-x86_64-linux-gnu.so" to ""
[7.349s] -- Installing: /home/ffons/ros2_companion_ws/install/my_robot_interfaces/lib/libmy_robot_interfaces__rosidl_generator_py.so
[7.349s] -- Set runtime path of "/home/ffons/ros2_companion_ws/install/my_robot_interfaces/lib/libmy_robot_interfaces__rosidl_generator_py.so" to ""
[7.350s] -- Installing: /home/ffons/ros2_companion_ws/install/my_robot_interfaces/share/my_robot_interfaces/msg/TargetCoordinates.idl
[7.351s] -- Installing: /home/ffons/ros2_companion_ws/install/my_robot_interfaces/share/my_robot_interfaces/msg/TargetCoordinates.msg
[7.352s] -- Installing: /home/ffons/ros2_companion_ws/install/my_robot_interfaces/share/ament_index/resource_index/package_run_dependencies/my_robot_interfaces
[7.353s] -- Installing: /home/ffons/ros2_companion_ws/install/my_robot_interfaces/share/ament_index/resource_index/parent_prefix_path/my_robot_interfaces
[7.354s] -- Installing: /home/ffons/ros2_companion_ws/install/my_robot_interfaces/share/my_robot_interfaces/environment/ament_prefix_path.sh
[7.354s] -- Installing: /home/ffons/ros2_companion_ws/install/my_robot_interfaces/share/my_robot_interfaces/environment/ament_prefix_path.dsv
[7.355s] -- Installing: /home/ffons/ros2_companion_ws/install/my_robot_interfaces/share/my_robot_interfaces/environment/path.sh
[7.355s] -- Installing: /home/ffons/ros2_companion_ws/install/my_robot_interfaces/share/my_robot_interfaces/environment/path.dsv
[7.356s] -- Installing: /home/ffons/ros2_companion_ws/install/my_robot_interfaces/share/my_robot_interfaces/local_setup.bash
[7.356s] -- Installing: /home/ffons/ros2_companion_ws/install/my_robot_interfaces/share/my_robot_interfaces/local_setup.sh
[7.357s] -- Installing: /home/ffons/ros2_companion_ws/install/my_robot_interfaces/share/my_robot_interfaces/local_setup.zsh
[7.357s] -- Installing: /home/ffons/ros2_companion_ws/install/my_robot_interfaces/share/my_robot_interfaces/local_setup.dsv
[7.358s] -- Installing: /home/ffons/ros2_companion_ws/install/my_robot_interfaces/share/my_robot_interfaces/package.dsv
[7.359s] -- Installing: /home/ffons/ros2_companion_ws/install/my_robot_interfaces/share/ament_index/resource_index/packages/my_robot_interfaces
[7.360s] -- Installing: /home/ffons/ros2_companion_ws/install/my_robot_interfaces/share/my_robot_interfaces/cmake/export_my_robot_interfaces__rosidl_generator_cExport.cmake
[7.360s] -- Installing: /home/ffons/ros2_companion_ws/install/my_robot_interfaces/share/my_robot_interfaces/cmake/export_my_robot_interfaces__rosidl_generator_cExport-noconfig.cmake
[7.361s] -- Installing: /home/ffons/ros2_companion_ws/install/my_robot_interfaces/share/my_robot_interfaces/cmake/export_my_robot_interfaces__rosidl_typesupport_fastrtps_cExport.cmake
[7.362s] -- Installing: /home/ffons/ros2_companion_ws/install/my_robot_interfaces/share/my_robot_interfaces/cmake/export_my_robot_interfaces__rosidl_typesupport_fastrtps_cExport-noconfig.cmake
[7.362s] -- Installing: /home/ffons/ros2_companion_ws/install/my_robot_interfaces/share/my_robot_interfaces/cmake/export_my_robot_interfaces__rosidl_generator_cppExport.cmake
[7.363s] -- Installing: /home/ffons/ros2_companion_ws/install/my_robot_interfaces/share/my_robot_interfaces/cmake/export_my_robot_interfaces__rosidl_typesupport_fastrtps_cppExport.cmake
[7.363s] -- Installing: /home/ffons/ros2_companion_ws/install/my_robot_interfaces/share/my_robot_interfaces/cmake/export_my_robot_interfaces__rosidl_typesupport_fastrtps_cppExport-noconfig.cmake
[7.363s] -- Installing: /home/ffons/ros2_companion_ws/install/my_robot_interfaces/share/my_robot_interfaces/cmake/my_robot_interfaces__rosidl_typesupport_introspection_cExport.cmake
[7.364s] -- Installing: /home/ffons/ros2_companion_ws/install/my_robot_interfaces/share/my_robot_interfaces/cmake/my_robot_interfaces__rosidl_typesupport_introspection_cExport-noconfig.cmake
[7.364s] -- Installing: /home/ffons/ros2_companion_ws/install/my_robot_interfaces/share/my_robot_interfaces/cmake/my_robot_interfaces__rosidl_typesupport_cExport.cmake
[7.365s] -- Installing: /home/ffons/ros2_companion_ws/install/my_robot_interfaces/share/my_robot_interfaces/cmake/my_robot_interfaces__rosidl_typesupport_cExport-noconfig.cmake
[7.365s] -- Installing: /home/ffons/ros2_companion_ws/install/my_robot_interfaces/share/my_robot_interfaces/cmake/my_robot_interfaces__rosidl_typesupport_introspection_cppExport.cmake
[7.365s] -- Installing: /home/ffons/ros2_companion_ws/install/my_robot_interfaces/share/my_robot_interfaces/cmake/my_robot_interfaces__rosidl_typesupport_introspection_cppExport-noconfig.cmake
[7.366s] -- Installing: /home/ffons/ros2_companion_ws/install/my_robot_interfaces/share/my_robot_interfaces/cmake/my_robot_interfaces__rosidl_typesupport_cppExport.cmake
[7.366s] -- Installing: /home/ffons/ros2_companion_ws/install/my_robot_interfaces/share/my_robot_interfaces/cmake/my_robot_interfaces__rosidl_typesupport_cppExport-noconfig.cmake
[7.366s] -- Installing: /home/ffons/ros2_companion_ws/install/my_robot_interfaces/share/my_robot_interfaces/cmake/export_my_robot_interfaces__rosidl_generator_pyExport.cmake
[7.367s] -- Installing: /home/ffons/ros2_companion_ws/install/my_robot_interfaces/share/my_robot_interfaces/cmake/export_my_robot_interfaces__rosidl_generator_pyExport-noconfig.cmake
[7.367s] -- Installing: /home/ffons/ros2_companion_ws/install/my_robot_interfaces/share/my_robot_interfaces/cmake/rosidl_cmake-extras.cmake
[7.367s] -- Installing: /home/ffons/ros2_companion_ws/install/my_robot_interfaces/share/my_robot_interfaces/cmake/ament_cmake_export_dependencies-extras.cmake
[7.368s] -- Installing: /home/ffons/ros2_companion_ws/install/my_robot_interfaces/share/my_robot_interfaces/cmake/ament_cmake_export_include_directories-extras.cmake
[7.368s] -- Installing: /home/ffons/ros2_companion_ws/install/my_robot_interfaces/share/my_robot_interfaces/cmake/ament_cmake_export_libraries-extras.cmake
[7.368s] -- Installing: /home/ffons/ros2_companion_ws/install/my_robot_interfaces/share/my_robot_interfaces/cmake/ament_cmake_export_targets-extras.cmake
[7.368s] -- Installing: /home/ffons/ros2_companion_ws/install/my_robot_interfaces/share/my_robot_interfaces/cmake/rosidl_cmake_export_typesupport_targets-extras.cmake
[7.369s] -- Installing: /home/ffons/ros2_companion_ws/install/my_robot_interfaces/share/my_robot_interfaces/cmake/rosidl_cmake_export_typesupport_libraries-extras.cmake
[7.369s] -- Installing: /home/ffons/ros2_companion_ws/install/my_robot_interfaces/share/my_robot_interfaces/cmake/my_robot_interfacesConfig.cmake
[7.370s] -- Installing: /home/ffons/ros2_companion_ws/install/my_robot_interfaces/share/my_robot_interfaces/cmake/my_robot_interfacesConfig-version.cmake
[7.370s] -- Installing: /home/ffons/ros2_companion_ws/install/my_robot_interfaces/share/my_robot_interfaces/package.xml
[7.375s] Invoked command in '/home/ffons/ros2_companion_ws/build/my_robot_interfaces' returned '0': CMAKE_PREFIX_PATH=${CMAKE_PREFIX_PATH}:/home/ffons/ros2_companion_ws/install/py_package_example:/home/ffons/ros2_companion_ws/install/my_robot_description:/home/ffons/ros2_companion_ws/install/first_package_x:/opt/ros/humble /usr/bin/cmake --install /home/ffons/ros2_companion_ws/build/my_robot_interfaces
