[3.444s] Invoking command in '/home/ffons/ros2_companion_ws/scr/lifecycle_example': PYTHONPATH=/home/ffons/ros2_companion_ws/build/lifecycle_example/prefix_override:/usr/lib/python3/dist-packages/colcon_core/task/python/colcon_distutils_commands:/home/ffons/ros2_companion_ws/install/lifecycle_example/lib/python3.10/site-packages:${PYTHONPATH} /usr/bin/python3 -W ignore:setup.py install is deprecated -W ignore:easy_install command is deprecated setup.py egg_info --egg-base ../../build/lifecycle_example build --build-base /home/ffons/ros2_companion_ws/build/lifecycle_example/build install --record /home/ffons/ros2_companion_ws/build/lifecycle_example/install.log --single-version-externally-managed install_data
[4.102s] running egg_info
[4.103s] creating ../../build/lifecycle_example/lifecycle_example.egg-info
[4.105s] writing ../../build/lifecycle_example/lifecycle_example.egg-info/PKG-INFO
[4.106s] writing dependency_links to ../../build/lifecycle_example/lifecycle_example.egg-info/dependency_links.txt
[4.106s] writing entry points to ../../build/lifecycle_example/lifecycle_example.egg-info/entry_points.txt
[4.107s] writing requirements to ../../build/lifecycle_example/lifecycle_example.egg-info/requires.txt
[4.107s] writing top-level names to ../../build/lifecycle_example/lifecycle_example.egg-info/top_level.txt
[4.111s] writing manifest file '../../build/lifecycle_example/lifecycle_example.egg-info/SOURCES.txt'
[4.118s] reading manifest file '../../build/lifecycle_example/lifecycle_example.egg-info/SOURCES.txt'
[4.118s] writing manifest file '../../build/lifecycle_example/lifecycle_example.egg-info/SOURCES.txt'
[4.118s] running build
[4.119s] running build_py
[4.122s] creating /home/ffons/ros2_companion_ws/build/lifecycle_example/build
[4.124s] creating /home/ffons/ros2_companion_ws/build/lifecycle_example/build/lib
[4.124s] creating /home/ffons/ros2_companion_ws/build/lifecycle_example/build/lib/lifecycle_example
[4.124s] copying lifecycle_example/lifecycle_node.py -> /home/ffons/ros2_companion_ws/build/lifecycle_example/build/lib/lifecycle_example
[4.125s] copying lifecycle_example/__init__.py -> /home/ffons/ros2_companion_ws/build/lifecycle_example/build/lib/lifecycle_example
[4.127s] running install
[4.129s] running install_lib
[4.130s] creating /home/ffons/ros2_companion_ws/install/lifecycle_example/lib/python3.10/site-packages/lifecycle_example
[4.130s] copying /home/ffons/ros2_companion_ws/build/lifecycle_example/build/lib/lifecycle_example/lifecycle_node.py -> /home/ffons/ros2_companion_ws/install/lifecycle_example/lib/python3.10/site-packages/lifecycle_example
[4.130s] copying /home/ffons/ros2_companion_ws/build/lifecycle_example/build/lib/lifecycle_example/__init__.py -> /home/ffons/ros2_companion_ws/install/lifecycle_example/lib/python3.10/site-packages/lifecycle_example
[4.132s] byte-compiling /home/ffons/ros2_companion_ws/install/lifecycle_example/lib/python3.10/site-packages/lifecycle_example/lifecycle_node.py to lifecycle_node.cpython-310.pyc
[4.135s] byte-compiling /home/ffons/ros2_companion_ws/install/lifecycle_example/lib/python3.10/site-packages/lifecycle_example/__init__.py to __init__.cpython-310.pyc
[4.135s] running install_data
[4.135s] creating /home/ffons/ros2_companion_ws/install/lifecycle_example/share/ament_index
[4.136s] creating /home/ffons/ros2_companion_ws/install/lifecycle_example/share/ament_index/resource_index
[4.137s] creating /home/ffons/ros2_companion_ws/install/lifecycle_example/share/ament_index/resource_index/packages
[4.138s] copying resource/lifecycle_example -> /home/ffons/ros2_companion_ws/install/lifecycle_example/share/ament_index/resource_index/packages
[4.138s] copying package.xml -> /home/ffons/ros2_companion_ws/install/lifecycle_example/share/lifecycle_example
[4.139s] running install_egg_info
[4.143s] Copying ../../build/lifecycle_example/lifecycle_example.egg-info to /home/ffons/ros2_companion_ws/install/lifecycle_example/lib/python3.10/site-packages/lifecycle_example-0.0.0-py3.10.egg-info
[4.152s] running install_scripts
[4.207s] Installing lifecycle_test script to /home/ffons/ros2_companion_ws/install/lifecycle_example/lib/lifecycle_example
[4.210s] writing list of installed files to '/home/ffons/ros2_companion_ws/build/lifecycle_example/install.log'
[4.337s] Invoked command in '/home/ffons/ros2_companion_ws/scr/lifecycle_example' returned '0': PYTHONPATH=/home/ffons/ros2_companion_ws/build/lifecycle_example/prefix_override:/usr/lib/python3/dist-packages/colcon_core/task/python/colcon_distutils_commands:/home/ffons/ros2_companion_ws/install/lifecycle_example/lib/python3.10/site-packages:${PYTHONPATH} /usr/bin/python3 -W ignore:setup.py install is deprecated -W ignore:easy_install command is deprecated setup.py egg_info --egg-base ../../build/lifecycle_example build --build-base /home/ffons/ros2_companion_ws/build/lifecycle_example/build install --record /home/ffons/ros2_companion_ws/build/lifecycle_example/install.log --single-version-externally-managed install_data
