[2.615s] Invoking command in '/home/ffons/ros2_companion_ws/scr/py_package_example': PYTHONPATH=/home/ffons/ros2_companion_ws/build/py_package_example/prefix_override:/usr/lib/python3/dist-packages/colcon_core/task/python/colcon_distutils_commands:/home/ffons/ros2_companion_ws/install/py_package_example/lib/python3.10/site-packages:${PYTHONPATH} /usr/bin/python3 -W ignore:setup.py install is deprecated -W ignore:easy_install command is deprecated setup.py egg_info --egg-base ../../build/py_package_example build --build-base /home/ffons/ros2_companion_ws/build/py_package_example/build install --record /home/ffons/ros2_companion_ws/build/py_package_example/install.log --single-version-externally-managed install_data
[3.175s] running egg_info
[3.179s] writing ../../build/py_package_example/py_package_example.egg-info/PKG-INFO
[3.180s] writing dependency_links to ../../build/py_package_example/py_package_example.egg-info/dependency_links.txt
[3.180s] writing entry points to ../../build/py_package_example/py_package_example.egg-info/entry_points.txt
[3.181s] writing requirements to ../../build/py_package_example/py_package_example.egg-info/requires.txt
[3.182s] writing top-level names to ../../build/py_package_example/py_package_example.egg-info/top_level.txt
[3.186s] reading manifest file '../../build/py_package_example/py_package_example.egg-info/SOURCES.txt'
[3.188s] writing manifest file '../../build/py_package_example/py_package_example.egg-info/SOURCES.txt'
[3.189s] running build
[3.189s] running build_py
[3.189s] running install
[3.190s] running install_lib
[3.193s] running install_data
[3.193s] running install_egg_info
[3.197s] removing '/home/ffons/ros2_companion_ws/install/py_package_example/lib/python3.10/site-packages/py_package_example-0.0.0-py3.10.egg-info' (and everything under it)
[3.198s] Copying ../../build/py_package_example/py_package_example.egg-info to /home/ffons/ros2_companion_ws/install/py_package_example/lib/python3.10/site-packages/py_package_example-0.0.0-py3.10.egg-info
[3.202s] running install_scripts
[3.250s] Installing py_node script to /home/ffons/ros2_companion_ws/install/py_package_example/lib/py_package_example
[3.255s] writing list of installed files to '/home/ffons/ros2_companion_ws/build/py_package_example/install.log'
[3.330s] Invoked command in '/home/ffons/ros2_companion_ws/scr/py_package_example' returned '0': PYTHONPATH=/home/ffons/ros2_companion_ws/build/py_package_example/prefix_override:/usr/lib/python3/dist-packages/colcon_core/task/python/colcon_distutils_commands:/home/ffons/ros2_companion_ws/install/py_package_example/lib/python3.10/site-packages:${PYTHONPATH} /usr/bin/python3 -W ignore:setup.py install is deprecated -W ignore:easy_install command is deprecated setup.py egg_info --egg-base ../../build/py_package_example build --build-base /home/ffons/ros2_companion_ws/build/py_package_example/build install --record /home/ffons/ros2_companion_ws/build/py_package_example/install.log --single-version-externally-managed install_data
