[2.627s] Invoking command in '/home/ffons/ros2_companion_ws/scr/my_robot_description': PYTHONPATH=/home/ffons/ros2_companion_ws/build/my_robot_description/prefix_override:/usr/lib/python3/dist-packages/colcon_core/task/python/colcon_distutils_commands:/home/ffons/ros2_companion_ws/install/my_robot_description/lib/python3.10/site-packages:${PYTHONPATH} /usr/bin/python3 -W ignore:setup.py install is deprecated -W ignore:easy_install command is deprecated setup.py egg_info --egg-base ../../build/my_robot_description build --build-base /home/ffons/ros2_companion_ws/build/my_robot_description/build install --record /home/ffons/ros2_companion_ws/build/my_robot_description/install.log --single-version-externally-managed install_data
[3.150s] running egg_info
[3.152s] writing ../../build/my_robot_description/my_robot_description.egg-info/PKG-INFO
[3.153s] writing dependency_links to ../../build/my_robot_description/my_robot_description.egg-info/dependency_links.txt
[3.153s] writing entry points to ../../build/my_robot_description/my_robot_description.egg-info/entry_points.txt
[3.153s] writing requirements to ../../build/my_robot_description/my_robot_description.egg-info/requires.txt
[3.154s] writing top-level names to ../../build/my_robot_description/my_robot_description.egg-info/top_level.txt
[3.157s] reading manifest file '../../build/my_robot_description/my_robot_description.egg-info/SOURCES.txt'
[3.159s] writing manifest file '../../build/my_robot_description/my_robot_description.egg-info/SOURCES.txt'
[3.160s] running build
[3.160s] running build_py
[3.160s] running install
[3.161s] running install_lib
[3.163s] running install_data
[3.164s] running install_egg_info
[3.167s] removing '/home/ffons/ros2_companion_ws/install/my_robot_description/lib/python3.10/site-packages/my_robot_description-0.0.0-py3.10.egg-info' (and everything under it)
[3.168s] Copying ../../build/my_robot_description/my_robot_description.egg-info to /home/ffons/ros2_companion_ws/install/my_robot_description/lib/python3.10/site-packages/my_robot_description-0.0.0-py3.10.egg-info
[3.172s] running install_scripts
[3.218s] writing list of installed files to '/home/ffons/ros2_companion_ws/build/my_robot_description/install.log'
[3.277s] Invoked command in '/home/ffons/ros2_companion_ws/scr/my_robot_description' returned '0': PYTHONPATH=/home/ffons/ros2_companion_ws/build/my_robot_description/prefix_override:/usr/lib/python3/dist-packages/colcon_core/task/python/colcon_distutils_commands:/home/ffons/ros2_companion_ws/install/my_robot_description/lib/python3.10/site-packages:${PYTHONPATH} /usr/bin/python3 -W ignore:setup.py install is deprecated -W ignore:easy_install command is deprecated setup.py egg_info --egg-base ../../build/my_robot_description build --build-base /home/ffons/ros2_companion_ws/build/my_robot_description/build install --record /home/ffons/ros2_companion_ws/build/my_robot_description/install.log --single-version-externally-managed install_data
