[1.125s] Invoking command in '/home/ffons/ros2_companion_ws/scr/py_package_example': PYTHONPATH=/home/ffons/ros2_companion_ws/build/py_package_example/prefix_override:/usr/lib/python3/dist-packages/colcon_core/task/python/colcon_distutils_commands:/home/ffons/ros2_companion_ws/install/py_package_example/lib/python3.10/site-packages:${PYTHONPATH} /usr/bin/python3 -W ignore:setup.py install is deprecated -W ignore:easy_install command is deprecated setup.py egg_info --egg-base ../../build/py_package_example build --build-base /home/ffons/ros2_companion_ws/build/py_package_example/build install --record /home/ffons/ros2_companion_ws/build/py_package_example/install.log --single-version-externally-managed install_data
[1.371s] running egg_info
[1.371s] writing ../../build/py_package_example/py_package_example.egg-info/PKG-INFO
[1.372s] writing dependency_links to ../../build/py_package_example/py_package_example.egg-info/dependency_links.txt
[1.372s] writing entry points to ../../build/py_package_example/py_package_example.egg-info/entry_points.txt
[1.372s] writing requirements to ../../build/py_package_example/py_package_example.egg-info/requires.txt
[1.372s] writing top-level names to ../../build/py_package_example/py_package_example.egg-info/top_level.txt
[1.374s] reading manifest file '../../build/py_package_example/py_package_example.egg-info/SOURCES.txt'
[1.375s] writing manifest file '../../build/py_package_example/py_package_example.egg-info/SOURCES.txt'
[1.375s] running build
[1.375s] running build_py
[1.375s] running install
[1.375s] running install_lib
[1.376s] running install_data
[1.377s] running install_egg_info
[1.378s] removing '/home/ffons/ros2_companion_ws/install/py_package_example/lib/python3.10/site-packages/py_package_example-0.0.0-py3.10.egg-info' (and everything under it)
[1.378s] Copying ../../build/py_package_example/py_package_example.egg-info to /home/ffons/ros2_companion_ws/install/py_package_example/lib/python3.10/site-packages/py_package_example-0.0.0-py3.10.egg-info
[1.380s] running install_scripts
[1.402s] Installing py_node script to /home/ffons/ros2_companion_ws/install/py_package_example/lib/py_package_example
[1.404s] writing list of installed files to '/home/ffons/ros2_companion_ws/build/py_package_example/install.log'
[1.446s] Invoked command in '/home/ffons/ros2_companion_ws/scr/py_package_example' returned '0': PYTHONPATH=/home/ffons/ros2_companion_ws/build/py_package_example/prefix_override:/usr/lib/python3/dist-packages/colcon_core/task/python/colcon_distutils_commands:/home/ffons/ros2_companion_ws/install/py_package_example/lib/python3.10/site-packages:${PYTHONPATH} /usr/bin/python3 -W ignore:setup.py install is deprecated -W ignore:easy_install command is deprecated setup.py egg_info --egg-base ../../build/py_package_example build --build-base /home/ffons/ros2_companion_ws/build/py_package_example/build install --record /home/ffons/ros2_companion_ws/build/py_package_example/install.log --single-version-externally-managed install_data
