[0.440s] Invoking command in '/home/ffons/ros2_companion_ws/build/my_robot_bringup': CMAKE_PREFIX_PATH=${CMAKE_PREFIX_PATH}:/home/ffons/ros2_companion_ws/install/my_robot_description:/home/ffons/ros2_companion_ws/install/first_package_x:/opt/ros/humble /usr/bin/cmake --build /home/ffons/ros2_companion_ws/build/my_robot_bringup -- -j8 -l8
[1.055s] Invoked command in '/home/ffons/ros2_companion_ws/build/my_robot_bringup' returned '0': CMAKE_PREFIX_PATH=${CMAKE_PREFIX_PATH}:/home/ffons/ros2_companion_ws/install/my_robot_description:/home/ffons/ros2_companion_ws/install/first_package_x:/opt/ros/humble /usr/bin/cmake --build /home/ffons/ros2_companion_ws/build/my_robot_bringup -- -j8 -l8
[1.069s] Invoking command in '/home/ffons/ros2_companion_ws/build/my_robot_bringup': CMAKE_PREFIX_PATH=${CMAKE_PREFIX_PATH}:/home/ffons/ros2_companion_ws/install/my_robot_description:/home/ffons/ros2_companion_ws/install/first_package_x:/opt/ros/humble /usr/bin/cmake --install /home/ffons/ros2_companion_ws/build/my_robot_bringup
[1.084s] -- Install configuration: ""
[1.084s] -- Up-to-date: /home/ffons/ros2_companion_ws/install/my_robot_bringup/share/my_robot_bringup/launch
[1.085s] -- Up-to-date: /home/ffons/ros2_companion_ws/install/my_robot_bringup/share/my_robot_bringup/launch/demo.launch.py
[1.085s] -- Up-to-date: /home/ffons/ros2_companion_ws/install/my_robot_bringup/share/ament_index/resource_index/package_run_dependencies/my_robot_bringup
[1.085s] -- Up-to-date: /home/ffons/ros2_companion_ws/install/my_robot_bringup/share/ament_index/resource_index/parent_prefix_path/my_robot_bringup
[1.088s] -- Up-to-date: /home/ffons/ros2_companion_ws/install/my_robot_bringup/share/my_robot_bringup/environment/ament_prefix_path.sh
[1.088s] -- Up-to-date: /home/ffons/ros2_companion_ws/install/my_robot_bringup/share/my_robot_bringup/environment/ament_prefix_path.dsv
[1.088s] -- Up-to-date: /home/ffons/ros2_companion_ws/install/my_robot_bringup/share/my_robot_bringup/environment/path.sh
[1.089s] -- Up-to-date: /home/ffons/ros2_companion_ws/install/my_robot_bringup/share/my_robot_bringup/environment/path.dsv
[1.089s] -- Up-to-date: /home/ffons/ros2_companion_ws/install/my_robot_bringup/share/my_robot_bringup/local_setup.bash
[1.090s] -- Up-to-date: /home/ffons/ros2_companion_ws/install/my_robot_bringup/share/my_robot_bringup/local_setup.sh
[1.091s] -- Up-to-date: /home/ffons/ros2_companion_ws/install/my_robot_bringup/share/my_robot_bringup/local_setup.zsh
[1.091s] -- Up-to-date: /home/ffons/ros2_companion_ws/install/my_robot_bringup/share/my_robot_bringup/local_setup.dsv
[1.094s] -- Installing: /home/ffons/ros2_companion_ws/install/my_robot_bringup/share/my_robot_bringup/package.dsv
[1.094s] -- Up-to-date: /home/ffons/ros2_companion_ws/install/my_robot_bringup/share/ament_index/resource_index/packages/my_robot_bringup
[1.095s] -- Up-to-date: /home/ffons/ros2_companion_ws/install/my_robot_bringup/share/my_robot_bringup/cmake/my_robot_bringupConfig.cmake
[1.095s] -- Up-to-date: /home/ffons/ros2_companion_ws/install/my_robot_bringup/share/my_robot_bringup/cmake/my_robot_bringupConfig-version.cmake
[1.095s] -- Up-to-date: /home/ffons/ros2_companion_ws/install/my_robot_bringup/share/my_robot_bringup/package.xml
[1.096s] Invoked command in '/home/ffons/ros2_companion_ws/build/my_robot_bringup' returned '0': CMAKE_PREFIX_PATH=${CMAKE_PREFIX_PATH}:/home/ffons/ros2_companion_ws/install/my_robot_description:/home/ffons/ros2_companion_ws/install/first_package_x:/opt/ros/humble /usr/bin/cmake --install /home/ffons/ros2_companion_ws/build/my_robot_bringup
