[0.354s] Invoking command in '/home/ffons/ros2_companion_ws/build/my_robot_bringup': CMAKE_PREFIX_PATH=${CMAKE_PREFIX_PATH}:/home/ffons/ros2_companion_ws/install/py_package_example:/home/ffons/ros2_companion_ws/install/my_robot_description:/home/ffons/ros2_companion_ws/install/first_package_x:/opt/ros/humble /usr/bin/cmake --build /home/ffons/ros2_companion_ws/build/my_robot_bringup -- -j8 -l8
[0.970s] Invoked command in '/home/ffons/ros2_companion_ws/build/my_robot_bringup' returned '0': CMAKE_PREFIX_PATH=${CMAKE_PREFIX_PATH}:/home/ffons/ros2_companion_ws/install/py_package_example:/home/ffons/ros2_companion_ws/install/my_robot_description:/home/ffons/ros2_companion_ws/install/first_package_x:/opt/ros/humble /usr/bin/cmake --build /home/ffons/ros2_companion_ws/build/my_robot_bringup -- -j8 -l8
[0.985s] Invoking command in '/home/ffons/ros2_companion_ws/build/my_robot_bringup': CMAKE_PREFIX_PATH=${CMAKE_PREFIX_PATH}:/home/ffons/ros2_companion_ws/install/py_package_example:/home/ffons/ros2_companion_ws/install/my_robot_description:/home/ffons/ros2_companion_ws/install/first_package_x:/opt/ros/humble /usr/bin/cmake --install /home/ffons/ros2_companion_ws/build/my_robot_bringup
[1.012s] -- Install configuration: ""
[1.013s] -- Up-to-date: /home/ffons/ros2_companion_ws/install/my_robot_bringup/share/my_robot_bringup/launch
[1.013s] -- Up-to-date: /home/ffons/ros2_companion_ws/install/my_robot_bringup/share/my_robot_bringup/launch/demo.launch.py
[1.013s] -- Up-to-date: /home/ffons/ros2_companion_ws/install/my_robot_bringup/share/my_robot_bringup/config
[1.014s] -- Up-to-date: /home/ffons/ros2_companion_ws/install/my_robot_bringup/share/my_robot_bringup/config/params.yaml
[1.015s] -- Up-to-date: /home/ffons/ros2_companion_ws/install/my_robot_bringup/share/ament_index/resource_index/package_run_dependencies/my_robot_bringup
[1.015s] -- Up-to-date: /home/ffons/ros2_companion_ws/install/my_robot_bringup/share/ament_index/resource_index/parent_prefix_path/my_robot_bringup
[1.015s] -- Up-to-date: /home/ffons/ros2_companion_ws/install/my_robot_bringup/share/my_robot_bringup/environment/ament_prefix_path.sh
[1.016s] -- Up-to-date: /home/ffons/ros2_companion_ws/install/my_robot_bringup/share/my_robot_bringup/environment/ament_prefix_path.dsv
[1.016s] -- Up-to-date: /home/ffons/ros2_companion_ws/install/my_robot_bringup/share/my_robot_bringup/environment/path.sh
[1.016s] -- Up-to-date: /home/ffons/ros2_companion_ws/install/my_robot_bringup/share/my_robot_bringup/environment/path.dsv
[1.016s] -- Up-to-date: /home/ffons/ros2_companion_ws/install/my_robot_bringup/share/my_robot_bringup/local_setup.bash
[1.016s] -- Up-to-date: /home/ffons/ros2_companion_ws/install/my_robot_bringup/share/my_robot_bringup/local_setup.sh
[1.016s] -- Up-to-date: /home/ffons/ros2_companion_ws/install/my_robot_bringup/share/my_robot_bringup/local_setup.zsh
[1.017s] -- Up-to-date: /home/ffons/ros2_companion_ws/install/my_robot_bringup/share/my_robot_bringup/local_setup.dsv
[1.017s] -- Up-to-date: /home/ffons/ros2_companion_ws/install/my_robot_bringup/share/my_robot_bringup/package.dsv
[1.017s] -- Up-to-date: /home/ffons/ros2_companion_ws/install/my_robot_bringup/share/ament_index/resource_index/packages/my_robot_bringup
[1.017s] -- Up-to-date: /home/ffons/ros2_companion_ws/install/my_robot_bringup/share/my_robot_bringup/cmake/my_robot_bringupConfig.cmake
[1.017s] -- Up-to-date: /home/ffons/ros2_companion_ws/install/my_robot_bringup/share/my_robot_bringup/cmake/my_robot_bringupConfig-version.cmake
[1.017s] -- Up-to-date: /home/ffons/ros2_companion_ws/install/my_robot_bringup/share/my_robot_bringup/package.xml
[1.019s] Invoked command in '/home/ffons/ros2_companion_ws/build/my_robot_bringup' returned '0': CMAKE_PREFIX_PATH=${CMAKE_PREFIX_PATH}:/home/ffons/ros2_companion_ws/install/py_package_example:/home/ffons/ros2_companion_ws/install/my_robot_description:/home/ffons/ros2_companion_ws/install/first_package_x:/opt/ros/humble /usr/bin/cmake --install /home/ffons/ros2_companion_ws/build/my_robot_bringup
