[1.665s] Invoking command in '/home/ffons/ros2_companion_ws/scr/py_package_example': PYTHONPATH=/home/ffons/ros2_companion_ws/build/py_package_example/prefix_override:/usr/lib/python3/dist-packages/colcon_core/task/python/colcon_distutils_commands:/home/ffons/ros2_companion_ws/install/py_package_example/lib/python3.10/site-packages:${PYTHONPATH} /usr/bin/python3 -W ignore:setup.py install is deprecated -W ignore:easy_install command is deprecated setup.py egg_info --egg-base ../../build/py_package_example build --build-base /home/ffons/ros2_companion_ws/build/py_package_example/build install --record /home/ffons/ros2_companion_ws/build/py_package_example/install.log --single-version-externally-managed install_data
[2.098s] running egg_info
[2.100s] writing ../../build/py_package_example/py_package_example.egg-info/PKG-INFO
[2.100s] writing dependency_links to ../../build/py_package_example/py_package_example.egg-info/dependency_links.txt
[2.101s] writing entry points to ../../build/py_package_example/py_package_example.egg-info/entry_points.txt
[2.101s] writing requirements to ../../build/py_package_example/py_package_example.egg-info/requires.txt
[2.101s] writing top-level names to ../../build/py_package_example/py_package_example.egg-info/top_level.txt
[2.104s] reading manifest file '../../build/py_package_example/py_package_example.egg-info/SOURCES.txt'
[2.106s] writing manifest file '../../build/py_package_example/py_package_example.egg-info/SOURCES.txt'
[2.106s] running build
[2.107s] running build_py
[2.107s] copying py_package_example/my_py_node.py -> /home/ffons/ros2_companion_ws/build/py_package_example/build/lib/py_package_example
[2.108s] running install
[2.108s] running install_lib
[2.110s] copying /home/ffons/ros2_companion_ws/build/py_package_example/build/lib/py_package_example/my_py_node.py -> /home/ffons/ros2_companion_ws/install/py_package_example/lib/python3.10/site-packages/py_package_example
[2.112s] byte-compiling /home/ffons/ros2_companion_ws/install/py_package_example/lib/python3.10/site-packages/py_package_example/my_py_node.py to my_py_node.cpython-310.pyc
[2.114s] running install_data
[2.114s] running install_egg_info
[2.119s] removing '/home/ffons/ros2_companion_ws/install/py_package_example/lib/python3.10/site-packages/py_package_example-0.0.0-py3.10.egg-info' (and everything under it)
[2.120s] Copying ../../build/py_package_example/py_package_example.egg-info to /home/ffons/ros2_companion_ws/install/py_package_example/lib/python3.10/site-packages/py_package_example-0.0.0-py3.10.egg-info
[2.122s] running install_scripts
[2.159s] Installing py_node script to /home/ffons/ros2_companion_ws/install/py_package_example/lib/py_package_example
[2.159s] writing list of installed files to '/home/ffons/ros2_companion_ws/build/py_package_example/install.log'
[2.201s] Invoked command in '/home/ffons/ros2_companion_ws/scr/py_package_example' returned '0': PYTHONPATH=/home/ffons/ros2_companion_ws/build/py_package_example/prefix_override:/usr/lib/python3/dist-packages/colcon_core/task/python/colcon_distutils_commands:/home/ffons/ros2_companion_ws/install/py_package_example/lib/python3.10/site-packages:${PYTHONPATH} /usr/bin/python3 -W ignore:setup.py install is deprecated -W ignore:easy_install command is deprecated setup.py egg_info --egg-base ../../build/py_package_example build --build-base /home/ffons/ros2_companion_ws/build/py_package_example/build install --record /home/ffons/ros2_companion_ws/build/py_package_example/install.log --single-version-externally-managed install_data
